[cms] 11:58:24.252 [main] INFO  org.springframework.context.support.PostProcessorRegistrationDelegate$BeanPostProcessorChecker[330] - Bean 'org.springframework.cloud.autoconfigure.ConfigurationPropertiesRebinderAutoConfiguration' of type [org.springframework.cloud.autoconfigure.ConfigurationPropertiesRebinderAutoConfiguration$$EnhancerBySpringCGLIB$$b4b12eb5] is not eligible for getting processed by all BeanPostProcessors (for example: not eligible for auto-proxying)
[cms] 11:58:25.796 [main] INFO  org.springframework.cloud.netflix.eureka.InstanceInfoFactory[71] - Setting initial instance status as: STARTING
[cms] 11:58:26.075 [main] INFO  com.netflix.discovery.DiscoveryClient[349] - Initializing Eureka in region us-east-1
[cms] 11:58:28.191 [main] INFO  com.netflix.discovery.provider.DiscoveryJerseyProvider[70] - Using JSON encoding codec LegacyJacksonJson
[cms] 11:58:28.195 [main] INFO  com.netflix.discovery.provider.DiscoveryJerseyProvider[71] - Using JSON decoding codec LegacyJacksonJson
[cms] 11:58:28.732 [main] INFO  com.netflix.discovery.provider.DiscoveryJerseyProvider[80] - Using XML encoding codec XStreamXml
[cms] 11:58:28.740 [main] INFO  com.netflix.discovery.provider.DiscoveryJerseyProvider[81] - Using XML decoding codec XStreamXml
[cms] 11:58:29.688 [main] INFO  com.netflix.discovery.shared.resolver.aws.ConfigClusterResolver[43] - Resolving eureka endpoints via configuration
[cms] 11:58:31.008 [main] INFO  com.netflix.discovery.DiscoveryClient[958] - Disable delta property : false
[cms] 11:58:31.013 [main] INFO  com.netflix.discovery.DiscoveryClient[959] - Single vip registry refresh property : null
[cms] 11:58:31.019 [main] INFO  com.netflix.discovery.DiscoveryClient[960] - Force full registry fetch : false
[cms] 11:58:31.022 [main] INFO  com.netflix.discovery.DiscoveryClient[961] - Application is null : false
[cms] 11:58:31.025 [main] INFO  com.netflix.discovery.DiscoveryClient[962] - Registered Applications size is zero : true
[cms] 11:58:31.028 [main] INFO  com.netflix.discovery.DiscoveryClient[964] - Application version is -1: true
[cms] 11:58:31.041 [main] INFO  com.netflix.discovery.DiscoveryClient[1047] - Getting all instance registry info from the eureka server
[cms] 11:58:32.195 [main] INFO  com.netflix.discovery.DiscoveryClient[1056] - The response status is 200
[cms] 11:58:32.255 [main] INFO  com.netflix.discovery.DiscoveryClient[1317] - Not registering with Eureka server per configuration
[cms] 11:58:32.277 [main] INFO  com.netflix.discovery.DiscoveryClient[449] - Discovery Client initialized at timestamp 1556942312272 with initial instances count: 2
[cms] 11:58:34.421 [main] INFO  org.springframework.cloud.config.client.ConfigServicePropertySourceLocator[205] - Fetching config from server at : http://192.168.1.100:8082/
[cms] 11:58:38.289 [main] INFO  org.springframework.cloud.config.client.ConfigServicePropertySourceLocator[149] - Located environment: name=gateway-server, profiles=[dev], label=null, version=6a70c56a8ba47a7f1ef6d948c47194af1c9db11d, state=null
[cms] 11:58:38.292 [main] INFO  org.springframework.cloud.bootstrap.config.PropertySourceBootstrapConfiguration[98] - Located property source: CompositePropertySource {name='configService', propertySources=[MapPropertySource {name='configClient'}, MapPropertySource {name='https://github.com/white211/SpringcloudConfig//gateway-server/gateway-server-dev.yml'}, MapPropertySource {name='https://github.com/white211/SpringcloudConfig//gateway-server/application.yml'}]}
[cms] 11:58:38.458 [main] INFO  com.white.gatewayserver.GatewayServerApplication[679] - The following profiles are active: dev
[cms] 11:58:41.638 [main] INFO  org.springframework.data.repository.config.RepositoryConfigurationDelegate[126] - Bootstrapping Spring Data repositories in DEFAULT mode.
[cms] 11:58:41.781 [main] INFO  org.springframework.data.repository.config.RepositoryConfigurationDelegate[182] - Finished Spring Data repository scanning in 112ms. Found 0 repository interfaces.
[cms] 11:58:44.667 [main] INFO  org.springframework.cloud.context.scope.GenericScope[294] - BeanFactory id=f5a3fb5f-b1b8-32d4-b9d5-771536d09945
[cms] 11:58:44.775 [main] INFO  org.springframework.context.support.PostProcessorRegistrationDelegate$BeanPostProcessorChecker[330] - Bean 'shiroConfig' of type [com.white.gatewayserver.config.shiro.ShiroConfig$$EnhancerBySpringCGLIB$$3fbbb00] is not eligible for getting processed by all BeanPostProcessors (for example: not eligible for auto-proxying)
[cms] 11:58:45.022 [main] INFO  org.springframework.context.support.PostProcessorRegistrationDelegate$BeanPostProcessorChecker[330] - Bean 'redisConfig' of type [com.white.gatewayserver.config.RedisConfig$$EnhancerBySpringCGLIB$$c7f2cb27] is not eligible for getting processed by all BeanPostProcessors (for example: not eligible for auto-proxying)
[cms] 11:58:45.130 [main] INFO  org.springframework.context.support.PostProcessorRegistrationDelegate$BeanPostProcessorChecker[330] - Bean 'redisPoolFactory' of type [redis.clients.jedis.JedisPool] is not eligible for getting processed by all BeanPostProcessors (for example: not eligible for auto-proxying)
[cms] 11:58:45.135 [main] INFO  org.springframework.context.support.PostProcessorRegistrationDelegate$BeanPostProcessorChecker[330] - Bean 'jedisHelper' of type [com.white.gatewayserver.helper.JedisHelper] is not eligible for getting processed by all BeanPostProcessors (for example: not eligible for auto-proxying)
[cms] 11:58:45.144 [main] INFO  org.springframework.context.support.PostProcessorRegistrationDelegate$BeanPostProcessorChecker[330] - Bean 'myRealm' of type [com.white.gatewayserver.config.shiro.MyRealm] is not eligible for getting processed by all BeanPostProcessors (for example: not eligible for auto-proxying)
[cms] 11:58:45.462 [main] INFO  org.springframework.context.support.PostProcessorRegistrationDelegate$BeanPostProcessorChecker[330] - Bean 'securityManager' of type [org.apache.shiro.web.mgt.DefaultWebSecurityManager] is not eligible for getting processed by all BeanPostProcessors (for example: not eligible for auto-proxying)
[cms] 11:58:45.848 [main] INFO  org.springframework.context.support.PostProcessorRegistrationDelegate$BeanPostProcessorChecker[330] - Bean 'authorizationAttributeSourceAdvisor' of type [org.apache.shiro.spring.security.interceptor.AuthorizationAttributeSourceAdvisor] is not eligible for getting processed by all BeanPostProcessors (for example: not eligible for auto-proxying)
[cms] 11:58:46.759 [main] INFO  org.springframework.boot.autoconfigure.logging.ConditionEvaluationReportLoggingListener[142] - 

Error starting ApplicationContext. To display the conditions report re-run your application with 'debug' enabled.
[cms] 11:58:46.794 [main] INFO  com.netflix.discovery.DiscoveryClient[888] - Shutting down DiscoveryClient ...
[cms] 11:58:46.875 [main] INFO  com.netflix.discovery.DiscoveryClient[911] - Completed shut down of DiscoveryClient
[cms] 12:37:18.058 [main] INFO  org.springframework.context.support.PostProcessorRegistrationDelegate$BeanPostProcessorChecker[330] - Bean 'org.springframework.cloud.autoconfigure.ConfigurationPropertiesRebinderAutoConfiguration' of type [org.springframework.cloud.autoconfigure.ConfigurationPropertiesRebinderAutoConfiguration$$EnhancerBySpringCGLIB$$1ba29694] is not eligible for getting processed by all BeanPostProcessors (for example: not eligible for auto-proxying)
[cms] 12:37:19.245 [main] INFO  org.springframework.cloud.netflix.eureka.InstanceInfoFactory[71] - Setting initial instance status as: STARTING
[cms] 12:37:19.472 [main] INFO  com.netflix.discovery.DiscoveryClient[349] - Initializing Eureka in region us-east-1
[cms] 12:37:21.212 [main] INFO  com.netflix.discovery.provider.DiscoveryJerseyProvider[70] - Using JSON encoding codec LegacyJacksonJson
[cms] 12:37:21.214 [main] INFO  com.netflix.discovery.provider.DiscoveryJerseyProvider[71] - Using JSON decoding codec LegacyJacksonJson
[cms] 12:37:21.555 [main] INFO  com.netflix.discovery.provider.DiscoveryJerseyProvider[80] - Using XML encoding codec XStreamXml
[cms] 12:37:21.560 [main] INFO  com.netflix.discovery.provider.DiscoveryJerseyProvider[81] - Using XML decoding codec XStreamXml
[cms] 12:37:22.223 [main] INFO  com.netflix.discovery.shared.resolver.aws.ConfigClusterResolver[43] - Resolving eureka endpoints via configuration
[cms] 12:37:22.985 [main] INFO  com.netflix.discovery.DiscoveryClient[958] - Disable delta property : false
[cms] 12:37:22.988 [main] INFO  com.netflix.discovery.DiscoveryClient[959] - Single vip registry refresh property : null
[cms] 12:37:22.991 [main] INFO  com.netflix.discovery.DiscoveryClient[960] - Force full registry fetch : false
[cms] 12:37:22.993 [main] INFO  com.netflix.discovery.DiscoveryClient[961] - Application is null : false
[cms] 12:37:23.001 [main] INFO  com.netflix.discovery.DiscoveryClient[962] - Registered Applications size is zero : true
[cms] 12:37:23.003 [main] INFO  com.netflix.discovery.DiscoveryClient[964] - Application version is -1: true
[cms] 12:37:23.005 [main] INFO  com.netflix.discovery.DiscoveryClient[1047] - Getting all instance registry info from the eureka server
[cms] 12:37:23.446 [main] INFO  com.netflix.discovery.DiscoveryClient[1056] - The response status is 200
[cms] 12:37:23.454 [main] INFO  com.netflix.discovery.DiscoveryClient[1317] - Not registering with Eureka server per configuration
[cms] 12:37:23.467 [main] INFO  com.netflix.discovery.DiscoveryClient[449] - Discovery Client initialized at timestamp 1556944643464 with initial instances count: 2
[cms] 12:37:24.888 [main] INFO  org.springframework.cloud.config.client.ConfigServicePropertySourceLocator[205] - Fetching config from server at : http://192.168.1.100:8082/
[cms] 12:37:27.718 [main] INFO  org.springframework.cloud.config.client.ConfigServicePropertySourceLocator[149] - Located environment: name=gateway-server, profiles=[dev], label=null, version=6a70c56a8ba47a7f1ef6d948c47194af1c9db11d, state=null
[cms] 12:37:28.020 [main] INFO  org.springframework.cloud.bootstrap.config.PropertySourceBootstrapConfiguration[98] - Located property source: CompositePropertySource {name='configService', propertySources=[MapPropertySource {name='configClient'}, MapPropertySource {name='https://github.com/white211/SpringcloudConfig//gateway-server/gateway-server-dev.yml'}, MapPropertySource {name='https://github.com/white211/SpringcloudConfig//gateway-server/application.yml'}]}
[cms] 12:37:28.532 [main] INFO  com.white.gatewayserver.GatewayServerApplication[679] - The following profiles are active: dev
[cms] 12:37:31.049 [main] INFO  org.springframework.data.repository.config.RepositoryConfigurationDelegate[126] - Bootstrapping Spring Data repositories in DEFAULT mode.
[cms] 12:37:31.129 [main] INFO  org.springframework.data.repository.config.RepositoryConfigurationDelegate[182] - Finished Spring Data repository scanning in 62ms. Found 0 repository interfaces.
[cms] 12:37:32.270 [main] INFO  org.springframework.cloud.context.scope.GenericScope[294] - BeanFactory id=f5a3fb5f-b1b8-32d4-b9d5-771536d09945
[cms] 12:37:32.302 [main] INFO  org.springframework.context.support.PostProcessorRegistrationDelegate$BeanPostProcessorChecker[330] - Bean 'shiroConfig' of type [com.white.gatewayserver.config.shiro.ShiroConfig$$EnhancerBySpringCGLIB$$6aed22df] is not eligible for getting processed by all BeanPostProcessors (for example: not eligible for auto-proxying)
[cms] 12:37:32.440 [main] INFO  org.springframework.context.support.PostProcessorRegistrationDelegate$BeanPostProcessorChecker[330] - Bean 'redisConfig' of type [com.white.gatewayserver.config.RedisConfig$$EnhancerBySpringCGLIB$$2ee43306] is not eligible for getting processed by all BeanPostProcessors (for example: not eligible for auto-proxying)
[cms] 12:37:32.503 [main] INFO  org.springframework.context.support.PostProcessorRegistrationDelegate$BeanPostProcessorChecker[330] - Bean 'redisPoolFactory' of type [redis.clients.jedis.JedisPool] is not eligible for getting processed by all BeanPostProcessors (for example: not eligible for auto-proxying)
[cms] 12:37:32.506 [main] INFO  org.springframework.context.support.PostProcessorRegistrationDelegate$BeanPostProcessorChecker[330] - Bean 'jedisHelper' of type [com.white.gatewayserver.helper.JedisHelper] is not eligible for getting processed by all BeanPostProcessors (for example: not eligible for auto-proxying)
[cms] 12:37:32.510 [main] INFO  org.springframework.context.support.PostProcessorRegistrationDelegate$BeanPostProcessorChecker[330] - Bean 'myRealm' of type [com.white.gatewayserver.config.shiro.MyRealm] is not eligible for getting processed by all BeanPostProcessors (for example: not eligible for auto-proxying)
[cms] 12:37:32.678 [main] INFO  org.springframework.context.support.PostProcessorRegistrationDelegate$BeanPostProcessorChecker[330] - Bean 'securityManager' of type [org.apache.shiro.web.mgt.DefaultWebSecurityManager] is not eligible for getting processed by all BeanPostProcessors (for example: not eligible for auto-proxying)
[cms] 12:37:32.952 [main] INFO  org.springframework.context.support.PostProcessorRegistrationDelegate$BeanPostProcessorChecker[330] - Bean 'authorizationAttributeSourceAdvisor' of type [org.apache.shiro.spring.security.interceptor.AuthorizationAttributeSourceAdvisor] is not eligible for getting processed by all BeanPostProcessors (for example: not eligible for auto-proxying)
[cms] 12:37:33.286 [main] INFO  org.springframework.boot.autoconfigure.logging.ConditionEvaluationReportLoggingListener[142] - 

Error starting ApplicationContext. To display the conditions report re-run your application with 'debug' enabled.
[cms] 12:37:33.327 [main] INFO  com.netflix.discovery.DiscoveryClient[888] - Shutting down DiscoveryClient ...
[cms] 12:37:33.367 [main] INFO  com.netflix.discovery.DiscoveryClient[911] - Completed shut down of DiscoveryClient
[cms] 12:48:15.273 [main] INFO  org.springframework.context.support.PostProcessorRegistrationDelegate$BeanPostProcessorChecker[330] - Bean 'org.springframework.cloud.autoconfigure.ConfigurationPropertiesRebinderAutoConfiguration' of type [org.springframework.cloud.autoconfigure.ConfigurationPropertiesRebinderAutoConfiguration$$EnhancerBySpringCGLIB$$5714d530] is not eligible for getting processed by all BeanPostProcessors (for example: not eligible for auto-proxying)
[cms] 12:48:16.743 [main] INFO  org.springframework.cloud.netflix.eureka.InstanceInfoFactory[71] - Setting initial instance status as: STARTING
[cms] 12:48:16.942 [main] INFO  com.netflix.discovery.DiscoveryClient[349] - Initializing Eureka in region us-east-1
[cms] 12:48:18.988 [main] INFO  com.netflix.discovery.provider.DiscoveryJerseyProvider[70] - Using JSON encoding codec LegacyJacksonJson
[cms] 12:48:18.992 [main] INFO  com.netflix.discovery.provider.DiscoveryJerseyProvider[71] - Using JSON decoding codec LegacyJacksonJson
[cms] 12:48:19.525 [main] INFO  com.netflix.discovery.provider.DiscoveryJerseyProvider[80] - Using XML encoding codec XStreamXml
[cms] 12:48:19.535 [main] INFO  com.netflix.discovery.provider.DiscoveryJerseyProvider[81] - Using XML decoding codec XStreamXml
[cms] 12:48:20.458 [main] INFO  com.netflix.discovery.shared.resolver.aws.ConfigClusterResolver[43] - Resolving eureka endpoints via configuration
[cms] 12:48:21.337 [main] INFO  com.netflix.discovery.DiscoveryClient[958] - Disable delta property : false
[cms] 12:48:21.343 [main] INFO  com.netflix.discovery.DiscoveryClient[959] - Single vip registry refresh property : null
[cms] 12:48:21.348 [main] INFO  com.netflix.discovery.DiscoveryClient[960] - Force full registry fetch : false
[cms] 12:48:21.350 [main] INFO  com.netflix.discovery.DiscoveryClient[961] - Application is null : false
[cms] 12:48:21.352 [main] INFO  com.netflix.discovery.DiscoveryClient[962] - Registered Applications size is zero : true
[cms] 12:48:21.354 [main] INFO  com.netflix.discovery.DiscoveryClient[964] - Application version is -1: true
[cms] 12:48:21.356 [main] INFO  com.netflix.discovery.DiscoveryClient[1047] - Getting all instance registry info from the eureka server
[cms] 12:48:22.304 [main] INFO  com.netflix.discovery.DiscoveryClient[1056] - The response status is 200
[cms] 12:48:22.320 [main] INFO  com.netflix.discovery.DiscoveryClient[1317] - Not registering with Eureka server per configuration
[cms] 12:48:22.350 [main] INFO  com.netflix.discovery.DiscoveryClient[449] - Discovery Client initialized at timestamp 1556945302342 with initial instances count: 2
[cms] 12:48:24.190 [main] INFO  org.springframework.cloud.config.client.ConfigServicePropertySourceLocator[205] - Fetching config from server at : http://192.168.1.100:8082/
[cms] 12:48:27.479 [main] INFO  org.springframework.cloud.config.client.ConfigServicePropertySourceLocator[149] - Located environment: name=gateway-server, profiles=[dev], label=null, version=6a70c56a8ba47a7f1ef6d948c47194af1c9db11d, state=null
[cms] 12:48:27.555 [main] INFO  org.springframework.cloud.bootstrap.config.PropertySourceBootstrapConfiguration[98] - Located property source: CompositePropertySource {name='configService', propertySources=[MapPropertySource {name='configClient'}, MapPropertySource {name='https://github.com/white211/SpringcloudConfig//gateway-server/gateway-server-dev.yml'}, MapPropertySource {name='https://github.com/white211/SpringcloudConfig//gateway-server/application.yml'}]}
[cms] 12:48:28.093 [main] INFO  com.white.gatewayserver.GatewayServerApplication[679] - The following profiles are active: dev
[cms] 12:48:33.501 [main] INFO  org.springframework.data.repository.config.RepositoryConfigurationDelegate[126] - Bootstrapping Spring Data repositories in DEFAULT mode.
[cms] 12:48:33.636 [main] INFO  org.springframework.data.repository.config.RepositoryConfigurationDelegate[182] - Finished Spring Data repository scanning in 105ms. Found 0 repository interfaces.
[cms] 12:48:36.262 [main] INFO  org.springframework.cloud.context.scope.GenericScope[294] - BeanFactory id=f5a3fb5f-b1b8-32d4-b9d5-771536d09945
[cms] 12:48:36.314 [main] INFO  org.springframework.context.support.PostProcessorRegistrationDelegate$BeanPostProcessorChecker[330] - Bean 'shiroConfig' of type [com.white.gatewayserver.config.shiro.ShiroConfig$$EnhancerBySpringCGLIB$$a65f617b] is not eligible for getting processed by all BeanPostProcessors (for example: not eligible for auto-proxying)
[cms] 12:48:36.570 [main] INFO  org.springframework.context.support.PostProcessorRegistrationDelegate$BeanPostProcessorChecker[330] - Bean 'redisConfig' of type [com.white.gatewayserver.config.RedisConfig$$EnhancerBySpringCGLIB$$6a5671a2] is not eligible for getting processed by all BeanPostProcessors (for example: not eligible for auto-proxying)
[cms] 12:48:36.696 [main] INFO  org.springframework.context.support.PostProcessorRegistrationDelegate$BeanPostProcessorChecker[330] - Bean 'redisPoolFactory' of type [redis.clients.jedis.JedisPool] is not eligible for getting processed by all BeanPostProcessors (for example: not eligible for auto-proxying)
[cms] 12:48:36.699 [main] INFO  org.springframework.context.support.PostProcessorRegistrationDelegate$BeanPostProcessorChecker[330] - Bean 'jedisHelper' of type [com.white.gatewayserver.helper.JedisHelper] is not eligible for getting processed by all BeanPostProcessors (for example: not eligible for auto-proxying)
[cms] 12:48:36.703 [main] INFO  org.springframework.context.support.PostProcessorRegistrationDelegate$BeanPostProcessorChecker[330] - Bean 'myRealm' of type [com.white.gatewayserver.config.shiro.MyRealm] is not eligible for getting processed by all BeanPostProcessors (for example: not eligible for auto-proxying)
[cms] 12:48:36.878 [main] INFO  org.springframework.context.support.PostProcessorRegistrationDelegate$BeanPostProcessorChecker[330] - Bean 'securityManager' of type [org.apache.shiro.web.mgt.DefaultWebSecurityManager] is not eligible for getting processed by all BeanPostProcessors (for example: not eligible for auto-proxying)
[cms] 12:48:37.187 [main] INFO  org.springframework.context.support.PostProcessorRegistrationDelegate$BeanPostProcessorChecker[330] - Bean 'authorizationAttributeSourceAdvisor' of type [org.apache.shiro.spring.security.interceptor.AuthorizationAttributeSourceAdvisor] is not eligible for getting processed by all BeanPostProcessors (for example: not eligible for auto-proxying)
[cms] 12:48:38.472 [main] INFO  org.springframework.context.support.PostProcessorRegistrationDelegate$BeanPostProcessorChecker[330] - Bean 'org.springframework.cloud.autoconfigure.ConfigurationPropertiesRebinderAutoConfiguration' of type [org.springframework.cloud.autoconfigure.ConfigurationPropertiesRebinderAutoConfiguration$$EnhancerBySpringCGLIB$$5714d530] is not eligible for getting processed by all BeanPostProcessors (for example: not eligible for auto-proxying)
[cms] 12:48:41.383 [main] INFO  org.springframework.boot.web.embedded.tomcat.TomcatWebServer[90] - Tomcat initialized with port(s): 8084 (http)
[cms] 12:48:41.552 [main] INFO  org.apache.catalina.core.StandardService[173] - Starting service [Tomcat]
[cms] 12:48:41.598 [main] INFO  org.apache.catalina.core.StandardEngine[173] - Starting Servlet engine: [Apache Tomcat/9.0.17]
[cms] 12:48:42.372 [main] INFO  org.apache.catalina.core.ContainerBase.[Tomcat].[localhost].[/][173] - Initializing Spring embedded WebApplicationContext
[cms] 12:48:42.394 [main] INFO  org.springframework.web.context.ContextLoader[296] - Root WebApplicationContext: initialization completed in 14233 ms
[cms] 12:48:43.146 [main] INFO  com.netflix.config.sources.URLConfigurationSource[122] - To enable URLs as dynamic configuration sources, define System property archaius.configurationSource.additionalUrls or make config.properties available on classpath.
[cms] 12:48:43.232 [main] INFO  com.netflix.config.DynamicPropertyFactory[281] - DynamicPropertyFactory is initialized with configuration sources: com.netflix.config.ConcurrentCompositeConfiguration@6657394d
[cms] 12:48:53.350 [main] INFO  org.springframework.boot.actuate.endpoint.web.ServletEndpointRegistrar[78] - Registered '/actuator/jolokia' to jolokia-actuator-endpoint
[cms] 12:48:53.371 [main] INFO  org.springframework.boot.actuate.endpoint.web.ServletEndpointRegistrar[78] - Registered '/actuator/hystrix.stream' to hystrix.stream-actuator-endpoint
[cms] 12:48:53.823 [main] INFO  com.netflix.config.sources.URLConfigurationSource[122] - To enable URLs as dynamic configuration sources, define System property archaius.configurationSource.additionalUrls or make config.properties available on classpath.
[cms] 12:48:55.625 [main] INFO  org.springframework.scheduling.concurrent.ThreadPoolTaskExecutor[171] - Initializing ExecutorService 'applicationTaskExecutor'
[cms] 12:49:01.547 [main] INFO  com.netflix.discovery.DiscoveryClient[888] - Shutting down DiscoveryClient ...
[cms] 12:49:01.674 [main] INFO  com.netflix.discovery.DiscoveryClient[911] - Completed shut down of DiscoveryClient
[cms] 12:49:02.135 [main] INFO  org.springframework.cloud.netflix.zuul.ZuulFilterInitializer[65] - Starting filter initializer
[cms] 12:49:02.390 [main] INFO  org.springframework.boot.actuate.endpoint.web.EndpointLinksResolver[59] - Exposing 23 endpoint(s) beneath base path '/actuator'
[cms] 12:49:02.651 [main] INFO  org.springframework.cloud.netflix.eureka.InstanceInfoFactory[71] - Setting initial instance status as: STARTING
[cms] 12:49:02.683 [main] INFO  com.netflix.discovery.DiscoveryClient[349] - Initializing Eureka in region us-east-1
[cms] 12:49:02.739 [main] INFO  com.netflix.discovery.provider.DiscoveryJerseyProvider[70] - Using JSON encoding codec LegacyJacksonJson
[cms] 12:49:02.762 [main] INFO  com.netflix.discovery.provider.DiscoveryJerseyProvider[71] - Using JSON decoding codec LegacyJacksonJson
[cms] 12:49:02.766 [main] INFO  com.netflix.discovery.provider.DiscoveryJerseyProvider[80] - Using XML encoding codec XStreamXml
[cms] 12:49:02.771 [main] INFO  com.netflix.discovery.provider.DiscoveryJerseyProvider[81] - Using XML decoding codec XStreamXml
[cms] 12:49:03.043 [main] INFO  com.netflix.discovery.shared.resolver.aws.ConfigClusterResolver[43] - Resolving eureka endpoints via configuration
[cms] 12:49:03.054 [main] INFO  com.netflix.discovery.DiscoveryClient[958] - Disable delta property : false
[cms] 12:49:03.058 [main] INFO  com.netflix.discovery.DiscoveryClient[959] - Single vip registry refresh property : null
[cms] 12:49:03.067 [main] INFO  com.netflix.discovery.DiscoveryClient[960] - Force full registry fetch : false
[cms] 12:49:03.070 [main] INFO  com.netflix.discovery.DiscoveryClient[961] - Application is null : false
[cms] 12:49:03.073 [main] INFO  com.netflix.discovery.DiscoveryClient[962] - Registered Applications size is zero : true
[cms] 12:49:03.074 [main] INFO  com.netflix.discovery.DiscoveryClient[964] - Application version is -1: true
[cms] 12:49:03.081 [main] INFO  com.netflix.discovery.DiscoveryClient[1047] - Getting all instance registry info from the eureka server
[cms] 12:49:03.099 [main] INFO  com.netflix.discovery.DiscoveryClient[1056] - The response status is 200
[cms] 12:49:03.102 [main] INFO  com.netflix.discovery.DiscoveryClient[1270] - Starting heartbeat executor: renew interval is: 30
[cms] 12:49:03.127 [main] INFO  com.netflix.discovery.InstanceInfoReplicator[60] - InstanceInfoReplicator onDemand update allowed rate per min is 4
[cms] 12:49:03.136 [main] INFO  com.netflix.discovery.DiscoveryClient[449] - Discovery Client initialized at timestamp 1556945343136 with initial instances count: 2
[cms] 12:49:03.154 [main] INFO  org.springframework.cloud.netflix.eureka.serviceregistry.EurekaServiceRegistry[42] - Registering application GATEWAY-SERVER with eureka with status UP
[cms] 12:49:03.161 [main] INFO  com.netflix.discovery.DiscoveryClient[1305] - Saw local status change event StatusChangeEvent [timestamp=1556945343161, current=UP, previous=STARTING]
[cms] 12:49:03.196 [DiscoveryClient-InstanceInfoReplicator-0] INFO  com.netflix.discovery.DiscoveryClient[826] - DiscoveryClient_GATEWAY-SERVER/host.docker.internal:gateway-server:8084: registering service...
[cms] 12:49:03.394 [main] INFO  org.springframework.boot.web.embedded.tomcat.TomcatWebServer[204] - Tomcat started on port(s): 8084 (http) with context path ''
[cms] 12:49:03.400 [main] INFO  org.springframework.cloud.netflix.eureka.serviceregistry.EurekaAutoServiceRegistration[141] - Updating port to 8084
[cms] 12:49:03.411 [main] INFO  com.white.gatewayserver.GatewayServerApplication[59] - Started GatewayServerApplication in 53.743 seconds (JVM running for 100.054)
[cms] 12:49:03.468 [DiscoveryClient-InstanceInfoReplicator-0] INFO  com.netflix.discovery.DiscoveryClient[835] - DiscoveryClient_GATEWAY-SERVER/host.docker.internal:gateway-server:8084 - registration status: 204
[cms] 12:49:26.918 [Thread-8] INFO  org.springframework.cloud.netflix.eureka.serviceregistry.EurekaServiceRegistry[65] - Unregistering application GATEWAY-SERVER with eureka with status DOWN
[cms] 12:49:26.923 [DiscoveryClient-InstanceInfoReplicator-0] INFO  com.netflix.discovery.DiscoveryClient[826] - DiscoveryClient_GATEWAY-SERVER/host.docker.internal:gateway-server:8084: registering service...
[cms] 12:49:26.936 [DiscoveryClient-InstanceInfoReplicator-0] INFO  com.netflix.discovery.DiscoveryClient[835] - DiscoveryClient_GATEWAY-SERVER/host.docker.internal:gateway-server:8084 - registration status: 204
[cms] 12:49:26.955 [Thread-8] INFO  org.springframework.cloud.netflix.zuul.ZuulFilterInitializer[77] - Stopping filter initializer
[cms] 12:49:26.968 [Thread-8] INFO  org.springframework.scheduling.concurrent.ThreadPoolTaskExecutor[208] - Shutting down ExecutorService 'applicationTaskExecutor'
[cms] 12:49:27.021 [Thread-8] INFO  com.netflix.discovery.DiscoveryClient[888] - Shutting down DiscoveryClient ...
[cms] 12:49:30.023 [Thread-8] INFO  com.netflix.discovery.DiscoveryClient[922] - Unregistering ...
[cms] 12:49:30.040 [Thread-8] INFO  com.netflix.discovery.DiscoveryClient[924] - DiscoveryClient_GATEWAY-SERVER/host.docker.internal:gateway-server:8084 - deregister  status: 200
[cms] 12:49:30.077 [Thread-8] INFO  com.netflix.discovery.DiscoveryClient[911] - Completed shut down of DiscoveryClient
[cms] 12:52:44.527 [main] INFO  org.springframework.context.support.PostProcessorRegistrationDelegate$BeanPostProcessorChecker[330] - Bean 'org.springframework.cloud.autoconfigure.ConfigurationPropertiesRebinderAutoConfiguration' of type [org.springframework.cloud.autoconfigure.ConfigurationPropertiesRebinderAutoConfiguration$$EnhancerBySpringCGLIB$$ba8e62f0] is not eligible for getting processed by all BeanPostProcessors (for example: not eligible for auto-proxying)
[cms] 12:52:46.168 [main] INFO  org.springframework.cloud.netflix.eureka.InstanceInfoFactory[71] - Setting initial instance status as: STARTING
[cms] 12:52:46.323 [main] INFO  com.netflix.discovery.DiscoveryClient[349] - Initializing Eureka in region us-east-1
[cms] 12:52:48.297 [main] INFO  com.netflix.discovery.provider.DiscoveryJerseyProvider[70] - Using JSON encoding codec LegacyJacksonJson
[cms] 12:52:48.300 [main] INFO  com.netflix.discovery.provider.DiscoveryJerseyProvider[71] - Using JSON decoding codec LegacyJacksonJson
[cms] 12:52:48.853 [main] INFO  com.netflix.discovery.provider.DiscoveryJerseyProvider[80] - Using XML encoding codec XStreamXml
[cms] 12:52:48.856 [main] INFO  com.netflix.discovery.provider.DiscoveryJerseyProvider[81] - Using XML decoding codec XStreamXml
[cms] 12:52:50.084 [main] INFO  com.netflix.discovery.shared.resolver.aws.ConfigClusterResolver[43] - Resolving eureka endpoints via configuration
[cms] 12:52:51.680 [main] INFO  com.netflix.discovery.DiscoveryClient[958] - Disable delta property : false
[cms] 12:52:51.696 [main] INFO  com.netflix.discovery.DiscoveryClient[959] - Single vip registry refresh property : null
[cms] 12:52:51.714 [main] INFO  com.netflix.discovery.DiscoveryClient[960] - Force full registry fetch : false
[cms] 12:52:51.721 [main] INFO  com.netflix.discovery.DiscoveryClient[961] - Application is null : false
[cms] 12:52:51.738 [main] INFO  com.netflix.discovery.DiscoveryClient[962] - Registered Applications size is zero : true
[cms] 12:52:51.776 [main] INFO  com.netflix.discovery.DiscoveryClient[964] - Application version is -1: true
[cms] 12:52:51.811 [main] INFO  com.netflix.discovery.DiscoveryClient[1047] - Getting all instance registry info from the eureka server
[cms] 12:52:53.042 [main] INFO  com.netflix.discovery.DiscoveryClient[1056] - The response status is 200
[cms] 12:52:53.058 [main] INFO  com.netflix.discovery.DiscoveryClient[1317] - Not registering with Eureka server per configuration
[cms] 12:52:53.077 [main] INFO  com.netflix.discovery.DiscoveryClient[449] - Discovery Client initialized at timestamp 1556945573073 with initial instances count: 2
[cms] 12:52:55.058 [main] INFO  org.springframework.cloud.config.client.ConfigServicePropertySourceLocator[205] - Fetching config from server at : http://192.168.1.100:8082/
[cms] 12:52:58.533 [main] INFO  org.springframework.cloud.config.client.ConfigServicePropertySourceLocator[149] - Located environment: name=gateway-server, profiles=[dev], label=null, version=6a70c56a8ba47a7f1ef6d948c47194af1c9db11d, state=null
[cms] 12:52:58.647 [main] INFO  org.springframework.cloud.bootstrap.config.PropertySourceBootstrapConfiguration[98] - Located property source: CompositePropertySource {name='configService', propertySources=[MapPropertySource {name='configClient'}, MapPropertySource {name='https://github.com/white211/SpringcloudConfig//gateway-server/gateway-server-dev.yml'}, MapPropertySource {name='https://github.com/white211/SpringcloudConfig//gateway-server/application.yml'}]}
[cms] 12:52:59.049 [main] INFO  com.white.gatewayserver.GatewayServerApplication[679] - The following profiles are active: dev
[cms] 12:53:02.169 [main] INFO  org.springframework.data.repository.config.RepositoryConfigurationDelegate[126] - Bootstrapping Spring Data repositories in DEFAULT mode.
[cms] 12:53:02.266 [main] INFO  org.springframework.data.repository.config.RepositoryConfigurationDelegate[182] - Finished Spring Data repository scanning in 80ms. Found 0 repository interfaces.
[cms] 12:53:03.894 [main] INFO  org.springframework.cloud.context.scope.GenericScope[294] - BeanFactory id=f5a3fb5f-b1b8-32d4-b9d5-771536d09945
[cms] 12:53:03.980 [main] INFO  org.springframework.context.support.PostProcessorRegistrationDelegate$BeanPostProcessorChecker[330] - Bean 'shiroConfig' of type [com.white.gatewayserver.config.shiro.ShiroConfig$$EnhancerBySpringCGLIB$$9d8ef3b] is not eligible for getting processed by all BeanPostProcessors (for example: not eligible for auto-proxying)
[cms] 12:53:04.206 [main] INFO  org.springframework.context.support.PostProcessorRegistrationDelegate$BeanPostProcessorChecker[330] - Bean 'redisConfig' of type [com.white.gatewayserver.config.RedisConfig$$EnhancerBySpringCGLIB$$cdcfff62] is not eligible for getting processed by all BeanPostProcessors (for example: not eligible for auto-proxying)
[cms] 12:53:04.341 [main] INFO  org.springframework.context.support.PostProcessorRegistrationDelegate$BeanPostProcessorChecker[330] - Bean 'redisPoolFactory' of type [redis.clients.jedis.JedisPool] is not eligible for getting processed by all BeanPostProcessors (for example: not eligible for auto-proxying)
[cms] 12:53:04.357 [main] INFO  org.springframework.context.support.PostProcessorRegistrationDelegate$BeanPostProcessorChecker[330] - Bean 'jedisHelper' of type [com.white.gatewayserver.helper.JedisHelper] is not eligible for getting processed by all BeanPostProcessors (for example: not eligible for auto-proxying)
[cms] 12:53:04.395 [main] INFO  org.springframework.context.support.PostProcessorRegistrationDelegate$BeanPostProcessorChecker[330] - Bean 'myRealm' of type [com.white.gatewayserver.config.shiro.MyRealm] is not eligible for getting processed by all BeanPostProcessors (for example: not eligible for auto-proxying)
[cms] 12:53:04.713 [main] INFO  org.springframework.context.support.PostProcessorRegistrationDelegate$BeanPostProcessorChecker[330] - Bean 'securityManager' of type [org.apache.shiro.web.mgt.DefaultWebSecurityManager] is not eligible for getting processed by all BeanPostProcessors (for example: not eligible for auto-proxying)
[cms] 12:53:05.026 [main] INFO  org.springframework.context.support.PostProcessorRegistrationDelegate$BeanPostProcessorChecker[330] - Bean 'authorizationAttributeSourceAdvisor' of type [org.apache.shiro.spring.security.interceptor.AuthorizationAttributeSourceAdvisor] is not eligible for getting processed by all BeanPostProcessors (for example: not eligible for auto-proxying)
[cms] 12:53:05.424 [main] INFO  org.springframework.boot.autoconfigure.logging.ConditionEvaluationReportLoggingListener[142] - 

Error starting ApplicationContext. To display the conditions report re-run your application with 'debug' enabled.
[cms] 12:53:05.454 [main] INFO  com.netflix.discovery.DiscoveryClient[888] - Shutting down DiscoveryClient ...
[cms] 12:53:05.491 [main] INFO  com.netflix.discovery.DiscoveryClient[911] - Completed shut down of DiscoveryClient
[cms] 12:59:15.363 [main] INFO  org.springframework.context.support.PostProcessorRegistrationDelegate$BeanPostProcessorChecker[330] - Bean 'org.springframework.cloud.autoconfigure.ConfigurationPropertiesRebinderAutoConfiguration' of type [org.springframework.cloud.autoconfigure.ConfigurationPropertiesRebinderAutoConfiguration$$EnhancerBySpringCGLIB$$58390324] is not eligible for getting processed by all BeanPostProcessors (for example: not eligible for auto-proxying)
[cms] 12:59:17.013 [main] INFO  org.springframework.cloud.netflix.eureka.InstanceInfoFactory[71] - Setting initial instance status as: STARTING
[cms] 12:59:17.247 [main] INFO  com.netflix.discovery.DiscoveryClient[349] - Initializing Eureka in region us-east-1
[cms] 12:59:19.265 [main] INFO  com.netflix.discovery.provider.DiscoveryJerseyProvider[70] - Using JSON encoding codec LegacyJacksonJson
[cms] 12:59:19.267 [main] INFO  com.netflix.discovery.provider.DiscoveryJerseyProvider[71] - Using JSON decoding codec LegacyJacksonJson
[cms] 12:59:19.685 [main] INFO  com.netflix.discovery.provider.DiscoveryJerseyProvider[80] - Using XML encoding codec XStreamXml
[cms] 12:59:19.688 [main] INFO  com.netflix.discovery.provider.DiscoveryJerseyProvider[81] - Using XML decoding codec XStreamXml
[cms] 12:59:21.225 [main] INFO  com.netflix.discovery.shared.resolver.aws.ConfigClusterResolver[43] - Resolving eureka endpoints via configuration
[cms] 12:59:22.711 [main] INFO  com.netflix.discovery.DiscoveryClient[958] - Disable delta property : false
[cms] 12:59:22.719 [main] INFO  com.netflix.discovery.DiscoveryClient[959] - Single vip registry refresh property : null
[cms] 12:59:22.722 [main] INFO  com.netflix.discovery.DiscoveryClient[960] - Force full registry fetch : false
[cms] 12:59:22.752 [main] INFO  com.netflix.discovery.DiscoveryClient[961] - Application is null : false
[cms] 12:59:22.772 [main] INFO  com.netflix.discovery.DiscoveryClient[962] - Registered Applications size is zero : true
[cms] 12:59:22.782 [main] INFO  com.netflix.discovery.DiscoveryClient[964] - Application version is -1: true
[cms] 12:59:22.790 [main] INFO  com.netflix.discovery.DiscoveryClient[1047] - Getting all instance registry info from the eureka server
[cms] 12:59:23.464 [main] INFO  com.netflix.discovery.DiscoveryClient[1056] - The response status is 200
[cms] 12:59:23.471 [main] INFO  com.netflix.discovery.DiscoveryClient[1317] - Not registering with Eureka server per configuration
[cms] 12:59:23.482 [main] INFO  com.netflix.discovery.DiscoveryClient[449] - Discovery Client initialized at timestamp 1556945963479 with initial instances count: 2
[cms] 12:59:25.328 [main] INFO  org.springframework.cloud.config.client.ConfigServicePropertySourceLocator[205] - Fetching config from server at : http://192.168.1.100:8082/
[cms] 12:59:28.396 [main] INFO  org.springframework.cloud.config.client.ConfigServicePropertySourceLocator[149] - Located environment: name=gateway-server, profiles=[dev], label=null, version=6a70c56a8ba47a7f1ef6d948c47194af1c9db11d, state=null
[cms] 12:59:28.401 [main] INFO  org.springframework.cloud.bootstrap.config.PropertySourceBootstrapConfiguration[98] - Located property source: CompositePropertySource {name='configService', propertySources=[MapPropertySource {name='configClient'}, MapPropertySource {name='https://github.com/white211/SpringcloudConfig//gateway-server/gateway-server-dev.yml'}, MapPropertySource {name='https://github.com/white211/SpringcloudConfig//gateway-server/application.yml'}]}
[cms] 12:59:28.803 [main] INFO  com.white.gatewayserver.GatewayServerApplication[679] - The following profiles are active: dev
[cms] 12:59:32.597 [main] INFO  org.springframework.data.repository.config.RepositoryConfigurationDelegate[126] - Bootstrapping Spring Data repositories in DEFAULT mode.
[cms] 12:59:32.720 [main] INFO  org.springframework.data.repository.config.RepositoryConfigurationDelegate[182] - Finished Spring Data repository scanning in 105ms. Found 0 repository interfaces.
[cms] 12:59:34.357 [main] INFO  org.springframework.cloud.context.scope.GenericScope[294] - BeanFactory id=f5a3fb5f-b1b8-32d4-b9d5-771536d09945
[cms] 12:59:34.494 [main] INFO  org.springframework.context.support.PostProcessorRegistrationDelegate$BeanPostProcessorChecker[330] - Bean 'shiroConfig' of type [com.white.gatewayserver.config.shiro.ShiroConfig$$EnhancerBySpringCGLIB$$a7838f6f] is not eligible for getting processed by all BeanPostProcessors (for example: not eligible for auto-proxying)
[cms] 12:59:34.757 [main] INFO  org.springframework.context.support.PostProcessorRegistrationDelegate$BeanPostProcessorChecker[330] - Bean 'redisConfig' of type [com.white.gatewayserver.config.RedisConfig$$EnhancerBySpringCGLIB$$6b7a9f96] is not eligible for getting processed by all BeanPostProcessors (for example: not eligible for auto-proxying)
[cms] 12:59:34.839 [main] INFO  org.springframework.context.support.PostProcessorRegistrationDelegate$BeanPostProcessorChecker[330] - Bean 'redisPoolFactory' of type [redis.clients.jedis.JedisPool] is not eligible for getting processed by all BeanPostProcessors (for example: not eligible for auto-proxying)
[cms] 12:59:34.842 [main] INFO  org.springframework.context.support.PostProcessorRegistrationDelegate$BeanPostProcessorChecker[330] - Bean 'jedisHelper' of type [com.white.gatewayserver.helper.JedisHelper] is not eligible for getting processed by all BeanPostProcessors (for example: not eligible for auto-proxying)
[cms] 12:59:34.854 [main] INFO  org.springframework.context.support.PostProcessorRegistrationDelegate$BeanPostProcessorChecker[330] - Bean 'myRealm' of type [com.white.gatewayserver.config.shiro.MyRealm] is not eligible for getting processed by all BeanPostProcessors (for example: not eligible for auto-proxying)
[cms] 12:59:35.127 [main] INFO  org.springframework.context.support.PostProcessorRegistrationDelegate$BeanPostProcessorChecker[330] - Bean 'securityManager' of type [org.apache.shiro.web.mgt.DefaultWebSecurityManager] is not eligible for getting processed by all BeanPostProcessors (for example: not eligible for auto-proxying)
[cms] 12:59:35.495 [main] INFO  org.springframework.context.support.PostProcessorRegistrationDelegate$BeanPostProcessorChecker[330] - Bean 'authorizationAttributeSourceAdvisor' of type [org.apache.shiro.spring.security.interceptor.AuthorizationAttributeSourceAdvisor] is not eligible for getting processed by all BeanPostProcessors (for example: not eligible for auto-proxying)
[cms] 12:59:35.873 [main] INFO  org.springframework.boot.autoconfigure.logging.ConditionEvaluationReportLoggingListener[142] - 

Error starting ApplicationContext. To display the conditions report re-run your application with 'debug' enabled.
[cms] 12:59:35.891 [main] INFO  com.netflix.discovery.DiscoveryClient[888] - Shutting down DiscoveryClient ...
[cms] 12:59:35.954 [main] INFO  com.netflix.discovery.DiscoveryClient[911] - Completed shut down of DiscoveryClient
