[cms] 12:30:27.705 [main] INFO  org.springframework.context.support.PostProcessorRegistrationDelegate$BeanPostProcessorChecker[330] - Bean 'org.springframework.cloud.autoconfigure.ConfigurationPropertiesRebinderAutoConfiguration' of type [org.springframework.cloud.autoconfigure.ConfigurationPropertiesRebinderAutoConfiguration$$EnhancerBySpringCGLIB$$2302b1a0] is not eligible for getting processed by all BeanPostProcessors (for example: not eligible for auto-proxying)
[cms] 12:30:29.492 [main] INFO  org.springframework.cloud.netflix.eureka.InstanceInfoFactory[71] - Setting initial instance status as: STARTING
[cms] 12:30:29.659 [main] INFO  com.netflix.discovery.DiscoveryClient[349] - Initializing Eureka in region us-east-1
[cms] 12:30:31.437 [main] INFO  com.netflix.discovery.provider.DiscoveryJerseyProvider[70] - Using JSON encoding codec LegacyJacksonJson
[cms] 12:30:31.441 [main] INFO  com.netflix.discovery.provider.DiscoveryJerseyProvider[71] - Using JSON decoding codec LegacyJacksonJson
[cms] 12:30:31.802 [main] INFO  com.netflix.discovery.provider.DiscoveryJerseyProvider[80] - Using XML encoding codec XStreamXml
[cms] 12:30:31.804 [main] INFO  com.netflix.discovery.provider.DiscoveryJerseyProvider[81] - Using XML decoding codec XStreamXml
[cms] 12:30:32.571 [main] INFO  com.netflix.discovery.shared.resolver.aws.ConfigClusterResolver[43] - Resolving eureka endpoints via configuration
[cms] 12:30:33.943 [main] INFO  com.netflix.discovery.DiscoveryClient[958] - Disable delta property : false
[cms] 12:30:33.955 [main] INFO  com.netflix.discovery.DiscoveryClient[959] - Single vip registry refresh property : null
[cms] 12:30:33.971 [main] INFO  com.netflix.discovery.DiscoveryClient[960] - Force full registry fetch : false
[cms] 12:30:33.978 [main] INFO  com.netflix.discovery.DiscoveryClient[961] - Application is null : false
[cms] 12:30:34.013 [main] INFO  com.netflix.discovery.DiscoveryClient[962] - Registered Applications size is zero : true
[cms] 12:30:34.022 [main] INFO  com.netflix.discovery.DiscoveryClient[964] - Application version is -1: true
[cms] 12:30:34.035 [main] INFO  com.netflix.discovery.DiscoveryClient[1047] - Getting all instance registry info from the eureka server
[cms] 12:30:35.551 [main] INFO  com.netflix.discovery.DiscoveryClient[1056] - The response status is 200
[cms] 12:30:35.608 [main] INFO  com.netflix.discovery.DiscoveryClient[1317] - Not registering with Eureka server per configuration
[cms] 12:30:35.677 [main] INFO  com.netflix.discovery.DiscoveryClient[449] - Discovery Client initialized at timestamp 1557635435640 with initial instances count: 2
[cms] 12:30:41.283 [main] INFO  org.springframework.cloud.config.client.ConfigServicePropertySourceLocator[205] - Fetching config from server at : http://192.168.1.102:8082/
[cms] 12:30:45.282 [main] INFO  com.white.gatewayserver.GatewayServerApplication[679] - The following profiles are active: dev
[cms] 12:30:50.178 [main] INFO  org.springframework.data.repository.config.RepositoryConfigurationDelegate[126] - Bootstrapping Spring Data repositories in DEFAULT mode.
[cms] 12:30:50.289 [main] INFO  org.springframework.data.repository.config.RepositoryConfigurationDelegate[182] - Finished Spring Data repository scanning in 91ms. Found 0 repository interfaces.
[cms] 12:30:51.477 [main] INFO  org.springframework.cloud.context.scope.GenericScope[294] - BeanFactory id=37599537-b1ad-3d52-af22-8fcaeffa89c2
[cms] 12:30:51.567 [main] INFO  org.springframework.context.support.PostProcessorRegistrationDelegate$BeanPostProcessorChecker[330] - Bean 'shiroConfig' of type [com.white.gatewayserver.config.shiro.ShiroConfig$$EnhancerBySpringCGLIB$$724d3deb] is not eligible for getting processed by all BeanPostProcessors (for example: not eligible for auto-proxying)
[cms] 12:30:52.383 [main] INFO  org.springframework.boot.autoconfigure.logging.ConditionEvaluationReportLoggingListener[142] - 

Error starting ApplicationContext. To display the conditions report re-run your application with 'debug' enabled.
[cms] 12:30:52.440 [main] INFO  com.netflix.discovery.DiscoveryClient[888] - Shutting down DiscoveryClient ...
[cms] 12:30:52.852 [main] INFO  com.netflix.discovery.DiscoveryClient[911] - Completed shut down of DiscoveryClient
[cms] 12:34:37.164 [main] INFO  org.springframework.context.support.PostProcessorRegistrationDelegate$BeanPostProcessorChecker[330] - Bean 'org.springframework.cloud.autoconfigure.ConfigurationPropertiesRebinderAutoConfiguration' of type [org.springframework.cloud.autoconfigure.ConfigurationPropertiesRebinderAutoConfiguration$$EnhancerBySpringCGLIB$$b11b931f] is not eligible for getting processed by all BeanPostProcessors (for example: not eligible for auto-proxying)
[cms] 12:34:38.311 [main] INFO  org.springframework.cloud.netflix.eureka.InstanceInfoFactory[71] - Setting initial instance status as: STARTING
[cms] 12:34:38.477 [main] INFO  com.netflix.discovery.DiscoveryClient[349] - Initializing Eureka in region us-east-1
[cms] 12:34:40.073 [main] INFO  com.netflix.discovery.provider.DiscoveryJerseyProvider[70] - Using JSON encoding codec LegacyJacksonJson
[cms] 12:34:40.077 [main] INFO  com.netflix.discovery.provider.DiscoveryJerseyProvider[71] - Using JSON decoding codec LegacyJacksonJson
[cms] 12:34:40.456 [main] INFO  com.netflix.discovery.provider.DiscoveryJerseyProvider[80] - Using XML encoding codec XStreamXml
[cms] 12:34:40.458 [main] INFO  com.netflix.discovery.provider.DiscoveryJerseyProvider[81] - Using XML decoding codec XStreamXml
[cms] 12:34:40.996 [main] INFO  com.netflix.discovery.shared.resolver.aws.ConfigClusterResolver[43] - Resolving eureka endpoints via configuration
[cms] 12:34:41.726 [main] INFO  com.netflix.discovery.DiscoveryClient[958] - Disable delta property : false
[cms] 12:34:41.727 [main] INFO  com.netflix.discovery.DiscoveryClient[959] - Single vip registry refresh property : null
[cms] 12:34:41.730 [main] INFO  com.netflix.discovery.DiscoveryClient[960] - Force full registry fetch : false
[cms] 12:34:41.731 [main] INFO  com.netflix.discovery.DiscoveryClient[961] - Application is null : false
[cms] 12:34:41.733 [main] INFO  com.netflix.discovery.DiscoveryClient[962] - Registered Applications size is zero : true
[cms] 12:34:41.734 [main] INFO  com.netflix.discovery.DiscoveryClient[964] - Application version is -1: true
[cms] 12:34:41.735 [main] INFO  com.netflix.discovery.DiscoveryClient[1047] - Getting all instance registry info from the eureka server
[cms] 12:34:42.127 [main] INFO  com.netflix.discovery.DiscoveryClient[1056] - The response status is 200
[cms] 12:34:42.135 [main] INFO  com.netflix.discovery.DiscoveryClient[1317] - Not registering with Eureka server per configuration
[cms] 12:34:42.149 [main] INFO  com.netflix.discovery.DiscoveryClient[449] - Discovery Client initialized at timestamp 1557635682146 with initial instances count: 2
[cms] 12:34:44.167 [main] INFO  org.springframework.cloud.config.client.ConfigServicePropertySourceLocator[205] - Fetching config from server at : http://192.168.1.102:8082/
[cms] 12:34:47.200 [main] INFO  com.white.gatewayserver.GatewayServerApplication[679] - The following profiles are active: dev
[cms] 12:34:49.281 [main] INFO  org.springframework.data.repository.config.RepositoryConfigurationDelegate[126] - Bootstrapping Spring Data repositories in DEFAULT mode.
[cms] 12:34:49.361 [main] INFO  org.springframework.data.repository.config.RepositoryConfigurationDelegate[182] - Finished Spring Data repository scanning in 69ms. Found 0 repository interfaces.
[cms] 12:34:50.178 [main] INFO  org.springframework.cloud.context.scope.GenericScope[294] - BeanFactory id=37599537-b1ad-3d52-af22-8fcaeffa89c2
[cms] 12:34:50.221 [main] INFO  org.springframework.context.support.PostProcessorRegistrationDelegate$BeanPostProcessorChecker[330] - Bean 'shiroConfig' of type [com.white.gatewayserver.config.shiro.ShiroConfig$$EnhancerBySpringCGLIB$$661f6a] is not eligible for getting processed by all BeanPostProcessors (for example: not eligible for auto-proxying)
[cms] 12:34:50.444 [main] INFO  org.springframework.boot.autoconfigure.logging.ConditionEvaluationReportLoggingListener[142] - 

Error starting ApplicationContext. To display the conditions report re-run your application with 'debug' enabled.
[cms] 12:34:50.454 [main] INFO  com.netflix.discovery.DiscoveryClient[888] - Shutting down DiscoveryClient ...
[cms] 12:34:50.486 [main] INFO  com.netflix.discovery.DiscoveryClient[911] - Completed shut down of DiscoveryClient
[cms] 12:37:26.058 [main] INFO  org.springframework.context.support.PostProcessorRegistrationDelegate$BeanPostProcessorChecker[330] - Bean 'org.springframework.cloud.autoconfigure.ConfigurationPropertiesRebinderAutoConfiguration' of type [org.springframework.cloud.autoconfigure.ConfigurationPropertiesRebinderAutoConfiguration$$EnhancerBySpringCGLIB$$8d153aac] is not eligible for getting processed by all BeanPostProcessors (for example: not eligible for auto-proxying)
[cms] 12:37:27.270 [main] INFO  org.springframework.cloud.netflix.eureka.InstanceInfoFactory[71] - Setting initial instance status as: STARTING
[cms] 12:37:27.433 [main] INFO  com.netflix.discovery.DiscoveryClient[349] - Initializing Eureka in region us-east-1
[cms] 12:37:29.009 [main] INFO  com.netflix.discovery.provider.DiscoveryJerseyProvider[70] - Using JSON encoding codec LegacyJacksonJson
[cms] 12:37:29.011 [main] INFO  com.netflix.discovery.provider.DiscoveryJerseyProvider[71] - Using JSON decoding codec LegacyJacksonJson
[cms] 12:37:29.324 [main] INFO  com.netflix.discovery.provider.DiscoveryJerseyProvider[80] - Using XML encoding codec XStreamXml
[cms] 12:37:29.329 [main] INFO  com.netflix.discovery.provider.DiscoveryJerseyProvider[81] - Using XML decoding codec XStreamXml
[cms] 12:37:29.858 [main] INFO  com.netflix.discovery.shared.resolver.aws.ConfigClusterResolver[43] - Resolving eureka endpoints via configuration
[cms] 12:37:30.584 [main] INFO  com.netflix.discovery.DiscoveryClient[958] - Disable delta property : false
[cms] 12:37:30.585 [main] INFO  com.netflix.discovery.DiscoveryClient[959] - Single vip registry refresh property : null
[cms] 12:37:30.589 [main] INFO  com.netflix.discovery.DiscoveryClient[960] - Force full registry fetch : false
[cms] 12:37:30.591 [main] INFO  com.netflix.discovery.DiscoveryClient[961] - Application is null : false
[cms] 12:37:30.593 [main] INFO  com.netflix.discovery.DiscoveryClient[962] - Registered Applications size is zero : true
[cms] 12:37:30.595 [main] INFO  com.netflix.discovery.DiscoveryClient[964] - Application version is -1: true
[cms] 12:37:30.598 [main] INFO  com.netflix.discovery.DiscoveryClient[1047] - Getting all instance registry info from the eureka server
[cms] 12:37:31.096 [main] INFO  com.netflix.discovery.DiscoveryClient[1056] - The response status is 200
[cms] 12:37:31.104 [main] INFO  com.netflix.discovery.DiscoveryClient[1317] - Not registering with Eureka server per configuration
[cms] 12:37:31.118 [main] INFO  com.netflix.discovery.DiscoveryClient[449] - Discovery Client initialized at timestamp 1557635851114 with initial instances count: 2
[cms] 12:37:32.601 [main] INFO  org.springframework.cloud.config.client.ConfigServicePropertySourceLocator[205] - Fetching config from server at : http://192.168.1.102:8082/
[cms] 12:37:36.227 [main] INFO  com.white.gatewayserver.GatewayServerApplication[679] - The following profiles are active: dev
[cms] 12:37:38.220 [main] INFO  org.springframework.data.repository.config.RepositoryConfigurationDelegate[126] - Bootstrapping Spring Data repositories in DEFAULT mode.
[cms] 12:37:38.310 [main] INFO  org.springframework.data.repository.config.RepositoryConfigurationDelegate[182] - Finished Spring Data repository scanning in 74ms. Found 0 repository interfaces.
[cms] 12:37:39.066 [main] INFO  org.springframework.cloud.context.scope.GenericScope[294] - BeanFactory id=37599537-b1ad-3d52-af22-8fcaeffa89c2
[cms] 12:37:39.099 [main] INFO  org.springframework.context.support.PostProcessorRegistrationDelegate$BeanPostProcessorChecker[330] - Bean 'shiroConfig' of type [com.white.gatewayserver.config.shiro.ShiroConfig$$EnhancerBySpringCGLIB$$dc5fc6f7] is not eligible for getting processed by all BeanPostProcessors (for example: not eligible for auto-proxying)
[cms] 12:37:39.262 [main] INFO  org.springframework.boot.autoconfigure.logging.ConditionEvaluationReportLoggingListener[142] - 

Error starting ApplicationContext. To display the conditions report re-run your application with 'debug' enabled.
[cms] 12:37:39.270 [main] INFO  com.netflix.discovery.DiscoveryClient[888] - Shutting down DiscoveryClient ...
[cms] 12:37:39.298 [main] INFO  com.netflix.discovery.DiscoveryClient[911] - Completed shut down of DiscoveryClient
[cms] 12:49:29.252 [main] INFO  org.springframework.context.support.PostProcessorRegistrationDelegate$BeanPostProcessorChecker[330] - Bean 'org.springframework.cloud.autoconfigure.ConfigurationPropertiesRebinderAutoConfiguration' of type [org.springframework.cloud.autoconfigure.ConfigurationPropertiesRebinderAutoConfiguration$$EnhancerBySpringCGLIB$$adcec00f] is not eligible for getting processed by all BeanPostProcessors (for example: not eligible for auto-proxying)
[cms] 12:49:30.573 [main] INFO  org.springframework.cloud.netflix.eureka.InstanceInfoFactory[71] - Setting initial instance status as: STARTING
[cms] 12:49:30.809 [main] INFO  com.netflix.discovery.DiscoveryClient[349] - Initializing Eureka in region us-east-1
[cms] 12:49:32.908 [main] INFO  com.netflix.discovery.provider.DiscoveryJerseyProvider[70] - Using JSON encoding codec LegacyJacksonJson
[cms] 12:49:32.912 [main] INFO  com.netflix.discovery.provider.DiscoveryJerseyProvider[71] - Using JSON decoding codec LegacyJacksonJson
[cms] 12:49:33.419 [main] INFO  com.netflix.discovery.provider.DiscoveryJerseyProvider[80] - Using XML encoding codec XStreamXml
[cms] 12:49:33.423 [main] INFO  com.netflix.discovery.provider.DiscoveryJerseyProvider[81] - Using XML decoding codec XStreamXml
[cms] 12:49:34.146 [main] INFO  com.netflix.discovery.shared.resolver.aws.ConfigClusterResolver[43] - Resolving eureka endpoints via configuration
[cms] 12:49:34.895 [main] INFO  com.netflix.discovery.DiscoveryClient[958] - Disable delta property : false
[cms] 12:49:34.896 [main] INFO  com.netflix.discovery.DiscoveryClient[959] - Single vip registry refresh property : null
[cms] 12:49:34.898 [main] INFO  com.netflix.discovery.DiscoveryClient[960] - Force full registry fetch : false
[cms] 12:49:34.900 [main] INFO  com.netflix.discovery.DiscoveryClient[961] - Application is null : false
[cms] 12:49:34.902 [main] INFO  com.netflix.discovery.DiscoveryClient[962] - Registered Applications size is zero : true
[cms] 12:49:34.903 [main] INFO  com.netflix.discovery.DiscoveryClient[964] - Application version is -1: true
[cms] 12:49:34.905 [main] INFO  com.netflix.discovery.DiscoveryClient[1047] - Getting all instance registry info from the eureka server
[cms] 12:49:35.485 [main] INFO  com.netflix.discovery.DiscoveryClient[1056] - The response status is 200
[cms] 12:49:35.499 [main] INFO  com.netflix.discovery.DiscoveryClient[1317] - Not registering with Eureka server per configuration
[cms] 12:49:35.554 [main] INFO  com.netflix.discovery.DiscoveryClient[449] - Discovery Client initialized at timestamp 1557636575548 with initial instances count: 3
[cms] 12:49:38.334 [main] INFO  org.springframework.cloud.config.client.ConfigServicePropertySourceLocator[205] - Fetching config from server at : http://192.168.1.102:8082/
[cms] 12:49:41.352 [main] INFO  com.white.gatewayserver.GatewayServerApplication[679] - The following profiles are active: dev
[cms] 12:49:44.424 [main] INFO  org.springframework.data.repository.config.RepositoryConfigurationDelegate[126] - Bootstrapping Spring Data repositories in DEFAULT mode.
[cms] 12:49:44.501 [main] INFO  org.springframework.data.repository.config.RepositoryConfigurationDelegate[182] - Finished Spring Data repository scanning in 57ms. Found 0 repository interfaces.
[cms] 12:49:45.732 [main] INFO  org.springframework.cloud.context.scope.GenericScope[294] - BeanFactory id=d745ee4c-d4cb-3324-8b43-31814285b400
[cms] 12:49:45.783 [main] INFO  org.springframework.context.support.PostProcessorRegistrationDelegate$BeanPostProcessorChecker[330] - Bean 'shiroConfig' of type [com.white.gatewayserver.config.shiro.ShiroConfig$$EnhancerBySpringCGLIB$$fd194c5a] is not eligible for getting processed by all BeanPostProcessors (for example: not eligible for auto-proxying)
[cms] 12:49:45.960 [main] INFO  org.springframework.boot.autoconfigure.logging.ConditionEvaluationReportLoggingListener[142] - 

Error starting ApplicationContext. To display the conditions report re-run your application with 'debug' enabled.
[cms] 12:49:45.969 [main] INFO  com.netflix.discovery.DiscoveryClient[888] - Shutting down DiscoveryClient ...
[cms] 12:49:46.017 [main] INFO  com.netflix.discovery.DiscoveryClient[911] - Completed shut down of DiscoveryClient
[cms] 12:54:57.721 [main] INFO  org.springframework.context.support.PostProcessorRegistrationDelegate$BeanPostProcessorChecker[330] - Bean 'org.springframework.cloud.autoconfigure.ConfigurationPropertiesRebinderAutoConfiguration' of type [org.springframework.cloud.autoconfigure.ConfigurationPropertiesRebinderAutoConfiguration$$EnhancerBySpringCGLIB$$35644708] is not eligible for getting processed by all BeanPostProcessors (for example: not eligible for auto-proxying)
[cms] 12:54:59.782 [main] INFO  org.springframework.cloud.netflix.eureka.InstanceInfoFactory[71] - Setting initial instance status as: STARTING
[cms] 12:55:00.061 [main] INFO  com.netflix.discovery.DiscoveryClient[349] - Initializing Eureka in region us-east-1
[cms] 12:55:02.005 [main] INFO  com.netflix.discovery.provider.DiscoveryJerseyProvider[70] - Using JSON encoding codec LegacyJacksonJson
[cms] 12:55:02.007 [main] INFO  com.netflix.discovery.provider.DiscoveryJerseyProvider[71] - Using JSON decoding codec LegacyJacksonJson
[cms] 12:55:02.386 [main] INFO  com.netflix.discovery.provider.DiscoveryJerseyProvider[80] - Using XML encoding codec XStreamXml
[cms] 12:55:02.388 [main] INFO  com.netflix.discovery.provider.DiscoveryJerseyProvider[81] - Using XML decoding codec XStreamXml
[cms] 12:55:02.893 [main] INFO  com.netflix.discovery.shared.resolver.aws.ConfigClusterResolver[43] - Resolving eureka endpoints via configuration
[cms] 12:55:03.747 [main] INFO  com.netflix.discovery.DiscoveryClient[958] - Disable delta property : false
[cms] 12:55:03.750 [main] INFO  com.netflix.discovery.DiscoveryClient[959] - Single vip registry refresh property : null
[cms] 12:55:03.753 [main] INFO  com.netflix.discovery.DiscoveryClient[960] - Force full registry fetch : false
[cms] 12:55:03.754 [main] INFO  com.netflix.discovery.DiscoveryClient[961] - Application is null : false
[cms] 12:55:03.764 [main] INFO  com.netflix.discovery.DiscoveryClient[962] - Registered Applications size is zero : true
[cms] 12:55:03.766 [main] INFO  com.netflix.discovery.DiscoveryClient[964] - Application version is -1: true
[cms] 12:55:03.767 [main] INFO  com.netflix.discovery.DiscoveryClient[1047] - Getting all instance registry info from the eureka server
[cms] 12:55:04.385 [main] INFO  com.netflix.discovery.DiscoveryClient[1056] - The response status is 200
[cms] 12:55:04.392 [main] INFO  com.netflix.discovery.DiscoveryClient[1317] - Not registering with Eureka server per configuration
[cms] 12:55:04.408 [main] INFO  com.netflix.discovery.DiscoveryClient[449] - Discovery Client initialized at timestamp 1557636904404 with initial instances count: 2
[cms] 12:55:06.970 [main] INFO  org.springframework.cloud.config.client.ConfigServicePropertySourceLocator[205] - Fetching config from server at : http://localhost:8888
[cms] 12:55:08.099 [main] INFO  org.springframework.cloud.config.client.ConfigServicePropertySourceLocator[227] - Connect Timeout Exception on Url - http://localhost:8888. Will be trying the next url if available
[cms] 12:55:08.112 [main] INFO  com.white.gatewayserver.GatewayServerApplication[679] - The following profiles are active: dev
[cms] 12:55:10.884 [main] INFO  org.springframework.data.repository.config.RepositoryConfigurationDelegate[126] - Bootstrapping Spring Data repositories in DEFAULT mode.
[cms] 12:55:10.964 [main] INFO  org.springframework.data.repository.config.RepositoryConfigurationDelegate[182] - Finished Spring Data repository scanning in 62ms. Found 0 repository interfaces.
[cms] 12:55:11.995 [main] INFO  org.springframework.cloud.context.scope.GenericScope[294] - BeanFactory id=d745ee4c-d4cb-3324-8b43-31814285b400
[cms] 12:55:12.041 [main] INFO  org.springframework.context.support.PostProcessorRegistrationDelegate$BeanPostProcessorChecker[330] - Bean 'shiroConfig' of type [com.white.gatewayserver.config.shiro.ShiroConfig$$EnhancerBySpringCGLIB$$84aed353] is not eligible for getting processed by all BeanPostProcessors (for example: not eligible for auto-proxying)
[cms] 12:55:12.326 [main] INFO  org.springframework.boot.autoconfigure.logging.ConditionEvaluationReportLoggingListener[142] - 

Error starting ApplicationContext. To display the conditions report re-run your application with 'debug' enabled.
[cms] 12:55:12.383 [main] INFO  com.netflix.discovery.DiscoveryClient[888] - Shutting down DiscoveryClient ...
[cms] 12:55:12.406 [main] INFO  com.netflix.discovery.DiscoveryClient[911] - Completed shut down of DiscoveryClient
[cms] 13:49:45.277 [main] INFO  org.springframework.context.support.PostProcessorRegistrationDelegate$BeanPostProcessorChecker[330] - Bean 'org.springframework.cloud.autoconfigure.ConfigurationPropertiesRebinderAutoConfiguration' of type [org.springframework.cloud.autoconfigure.ConfigurationPropertiesRebinderAutoConfiguration$$EnhancerBySpringCGLIB$$c4ed0a05] is not eligible for getting processed by all BeanPostProcessors (for example: not eligible for auto-proxying)
[cms] 13:49:46.642 [main] INFO  org.springframework.cloud.netflix.eureka.InstanceInfoFactory[71] - Setting initial instance status as: STARTING
[cms] 13:49:46.774 [main] INFO  com.netflix.discovery.DiscoveryClient[349] - Initializing Eureka in region us-east-1
[cms] 13:49:48.467 [main] INFO  com.netflix.discovery.provider.DiscoveryJerseyProvider[70] - Using JSON encoding codec LegacyJacksonJson
[cms] 13:49:48.469 [main] INFO  com.netflix.discovery.provider.DiscoveryJerseyProvider[71] - Using JSON decoding codec LegacyJacksonJson
[cms] 13:49:48.754 [main] INFO  com.netflix.discovery.provider.DiscoveryJerseyProvider[80] - Using XML encoding codec XStreamXml
[cms] 13:49:48.756 [main] INFO  com.netflix.discovery.provider.DiscoveryJerseyProvider[81] - Using XML decoding codec XStreamXml
[cms] 13:49:49.554 [main] INFO  com.netflix.discovery.shared.resolver.aws.ConfigClusterResolver[43] - Resolving eureka endpoints via configuration
[cms] 13:49:50.317 [main] INFO  com.netflix.discovery.DiscoveryClient[958] - Disable delta property : false
[cms] 13:49:50.318 [main] INFO  com.netflix.discovery.DiscoveryClient[959] - Single vip registry refresh property : null
[cms] 13:49:50.320 [main] INFO  com.netflix.discovery.DiscoveryClient[960] - Force full registry fetch : false
[cms] 13:49:50.324 [main] INFO  com.netflix.discovery.DiscoveryClient[961] - Application is null : false
[cms] 13:49:50.327 [main] INFO  com.netflix.discovery.DiscoveryClient[962] - Registered Applications size is zero : true
[cms] 13:49:50.366 [main] INFO  com.netflix.discovery.DiscoveryClient[964] - Application version is -1: true
[cms] 13:49:50.368 [main] INFO  com.netflix.discovery.DiscoveryClient[1047] - Getting all instance registry info from the eureka server
[cms] 13:49:50.729 [main] INFO  com.netflix.discovery.DiscoveryClient[1056] - The response status is 200
[cms] 13:49:50.735 [main] INFO  com.netflix.discovery.DiscoveryClient[1317] - Not registering with Eureka server per configuration
[cms] 13:49:50.746 [main] INFO  com.netflix.discovery.DiscoveryClient[449] - Discovery Client initialized at timestamp 1557640190743 with initial instances count: 2
[cms] 13:49:52.185 [main] INFO  org.springframework.cloud.config.client.ConfigServicePropertySourceLocator[205] - Fetching config from server at : http://192.168.1.102:8082/
[cms] 13:49:56.230 [main] INFO  com.white.gatewayserver.GatewayServerApplication[679] - The following profiles are active: dev
[cms] 13:49:58.815 [main] INFO  org.springframework.data.repository.config.RepositoryConfigurationDelegate[126] - Bootstrapping Spring Data repositories in DEFAULT mode.
[cms] 13:49:58.902 [main] INFO  org.springframework.data.repository.config.RepositoryConfigurationDelegate[182] - Finished Spring Data repository scanning in 74ms. Found 0 repository interfaces.
[cms] 13:50:00.139 [main] INFO  org.springframework.cloud.context.scope.GenericScope[294] - BeanFactory id=d745ee4c-d4cb-3324-8b43-31814285b400
[cms] 13:50:00.169 [main] INFO  org.springframework.context.support.PostProcessorRegistrationDelegate$BeanPostProcessorChecker[330] - Bean 'shiroConfig' of type [com.white.gatewayserver.config.shiro.ShiroConfig$$EnhancerBySpringCGLIB$$14379650] is not eligible for getting processed by all BeanPostProcessors (for example: not eligible for auto-proxying)
[cms] 13:50:00.342 [main] INFO  org.springframework.boot.autoconfigure.logging.ConditionEvaluationReportLoggingListener[142] - 

Error starting ApplicationContext. To display the conditions report re-run your application with 'debug' enabled.
[cms] 13:50:00.348 [main] INFO  com.netflix.discovery.DiscoveryClient[888] - Shutting down DiscoveryClient ...
[cms] 13:50:00.378 [main] INFO  com.netflix.discovery.DiscoveryClient[911] - Completed shut down of DiscoveryClient
[cms] 16:04:42.697 [main] INFO  org.springframework.context.support.PostProcessorRegistrationDelegate$BeanPostProcessorChecker[330] - Bean 'org.springframework.cloud.autoconfigure.ConfigurationPropertiesRebinderAutoConfiguration' of type [org.springframework.cloud.autoconfigure.ConfigurationPropertiesRebinderAutoConfiguration$$EnhancerBySpringCGLIB$$739e5104] is not eligible for getting processed by all BeanPostProcessors (for example: not eligible for auto-proxying)
[cms] 16:04:44.563 [main] INFO  org.springframework.cloud.netflix.eureka.InstanceInfoFactory[71] - Setting initial instance status as: STARTING
[cms] 16:04:44.843 [main] INFO  com.netflix.discovery.DiscoveryClient[349] - Initializing Eureka in region us-east-1
[cms] 16:04:47.465 [main] INFO  com.netflix.discovery.provider.DiscoveryJerseyProvider[70] - Using JSON encoding codec LegacyJacksonJson
[cms] 16:04:47.469 [main] INFO  com.netflix.discovery.provider.DiscoveryJerseyProvider[71] - Using JSON decoding codec LegacyJacksonJson
[cms] 16:04:48.112 [main] INFO  com.netflix.discovery.provider.DiscoveryJerseyProvider[80] - Using XML encoding codec XStreamXml
[cms] 16:04:48.136 [main] INFO  com.netflix.discovery.provider.DiscoveryJerseyProvider[81] - Using XML decoding codec XStreamXml
[cms] 16:04:49.277 [main] INFO  com.netflix.discovery.shared.resolver.aws.ConfigClusterResolver[43] - Resolving eureka endpoints via configuration
[cms] 16:04:50.983 [main] INFO  com.netflix.discovery.DiscoveryClient[958] - Disable delta property : false
[cms] 16:04:50.991 [main] INFO  com.netflix.discovery.DiscoveryClient[959] - Single vip registry refresh property : null
[cms] 16:04:50.995 [main] INFO  com.netflix.discovery.DiscoveryClient[960] - Force full registry fetch : false
[cms] 16:04:50.998 [main] INFO  com.netflix.discovery.DiscoveryClient[961] - Application is null : false
[cms] 16:04:51.007 [main] INFO  com.netflix.discovery.DiscoveryClient[962] - Registered Applications size is zero : true
[cms] 16:04:51.013 [main] INFO  com.netflix.discovery.DiscoveryClient[964] - Application version is -1: true
[cms] 16:04:51.027 [main] INFO  com.netflix.discovery.DiscoveryClient[1047] - Getting all instance registry info from the eureka server
[cms] 16:04:51.791 [main] INFO  com.netflix.discovery.DiscoveryClient[1056] - The response status is 200
[cms] 16:04:51.799 [main] INFO  com.netflix.discovery.DiscoveryClient[1317] - Not registering with Eureka server per configuration
[cms] 16:04:51.809 [main] INFO  com.netflix.discovery.DiscoveryClient[449] - Discovery Client initialized at timestamp 1557648291807 with initial instances count: 2
[cms] 16:04:54.688 [main] INFO  org.springframework.cloud.config.client.ConfigServicePropertySourceLocator[205] - Fetching config from server at : http://192.168.1.102:8082/
[cms] 16:04:59.880 [main] INFO  com.white.gatewayserver.GatewayServerApplication[679] - The following profiles are active: dev
[cms] 16:05:04.127 [main] INFO  org.springframework.data.repository.config.RepositoryConfigurationDelegate[126] - Bootstrapping Spring Data repositories in DEFAULT mode.
[cms] 16:05:04.317 [main] INFO  org.springframework.data.repository.config.RepositoryConfigurationDelegate[182] - Finished Spring Data repository scanning in 133ms. Found 0 repository interfaces.
[cms] 16:05:06.735 [main] INFO  org.springframework.cloud.context.scope.GenericScope[294] - BeanFactory id=d745ee4c-d4cb-3324-8b43-31814285b400
[cms] 16:05:06.828 [main] INFO  org.springframework.context.support.PostProcessorRegistrationDelegate$BeanPostProcessorChecker[330] - Bean 'shiroConfig' of type [com.white.gatewayserver.config.shiro.ShiroConfig$$EnhancerBySpringCGLIB$$c2e8dd4f] is not eligible for getting processed by all BeanPostProcessors (for example: not eligible for auto-proxying)
[cms] 16:05:07.179 [main] INFO  org.springframework.boot.autoconfigure.logging.ConditionEvaluationReportLoggingListener[142] - 

Error starting ApplicationContext. To display the conditions report re-run your application with 'debug' enabled.
[cms] 16:05:07.207 [main] INFO  com.netflix.discovery.DiscoveryClient[888] - Shutting down DiscoveryClient ...
[cms] 16:05:07.287 [main] INFO  com.netflix.discovery.DiscoveryClient[911] - Completed shut down of DiscoveryClient
[cms] 16:10:02.616 [main] INFO  org.springframework.context.support.PostProcessorRegistrationDelegate$BeanPostProcessorChecker[330] - Bean 'org.springframework.cloud.autoconfigure.ConfigurationPropertiesRebinderAutoConfiguration' of type [org.springframework.cloud.autoconfigure.ConfigurationPropertiesRebinderAutoConfiguration$$EnhancerBySpringCGLIB$$c3945888] is not eligible for getting processed by all BeanPostProcessors (for example: not eligible for auto-proxying)
[cms] 16:10:04.468 [main] INFO  org.springframework.cloud.netflix.eureka.InstanceInfoFactory[71] - Setting initial instance status as: STARTING
[cms] 16:10:04.816 [main] INFO  com.netflix.discovery.DiscoveryClient[349] - Initializing Eureka in region us-east-1
[cms] 16:10:07.442 [main] INFO  com.netflix.discovery.provider.DiscoveryJerseyProvider[70] - Using JSON encoding codec LegacyJacksonJson
[cms] 16:10:07.445 [main] INFO  com.netflix.discovery.provider.DiscoveryJerseyProvider[71] - Using JSON decoding codec LegacyJacksonJson
[cms] 16:10:08.148 [main] INFO  com.netflix.discovery.provider.DiscoveryJerseyProvider[80] - Using XML encoding codec XStreamXml
[cms] 16:10:08.160 [main] INFO  com.netflix.discovery.provider.DiscoveryJerseyProvider[81] - Using XML decoding codec XStreamXml
[cms] 16:10:09.621 [main] INFO  com.netflix.discovery.shared.resolver.aws.ConfigClusterResolver[43] - Resolving eureka endpoints via configuration
[cms] 16:10:11.183 [main] INFO  com.netflix.discovery.DiscoveryClient[958] - Disable delta property : false
[cms] 16:10:11.186 [main] INFO  com.netflix.discovery.DiscoveryClient[959] - Single vip registry refresh property : null
[cms] 16:10:11.188 [main] INFO  com.netflix.discovery.DiscoveryClient[960] - Force full registry fetch : false
[cms] 16:10:11.189 [main] INFO  com.netflix.discovery.DiscoveryClient[961] - Application is null : false
[cms] 16:10:11.193 [main] INFO  com.netflix.discovery.DiscoveryClient[962] - Registered Applications size is zero : true
[cms] 16:10:11.194 [main] INFO  com.netflix.discovery.DiscoveryClient[964] - Application version is -1: true
[cms] 16:10:11.196 [main] INFO  com.netflix.discovery.DiscoveryClient[1047] - Getting all instance registry info from the eureka server
[cms] 16:10:11.758 [main] INFO  com.netflix.discovery.DiscoveryClient[1056] - The response status is 200
[cms] 16:10:11.768 [main] INFO  com.netflix.discovery.DiscoveryClient[1317] - Not registering with Eureka server per configuration
[cms] 16:10:11.779 [main] INFO  com.netflix.discovery.DiscoveryClient[449] - Discovery Client initialized at timestamp 1557648611777 with initial instances count: 2
[cms] 16:10:15.419 [main] INFO  org.springframework.cloud.config.client.ConfigServicePropertySourceLocator[205] - Fetching config from server at : http://192.168.1.102:8082/
[cms] 16:10:22.105 [main] INFO  com.white.gatewayserver.GatewayServerApplication[679] - The following profiles are active: dev
[cms] 16:10:27.545 [main] INFO  org.springframework.data.repository.config.RepositoryConfigurationDelegate[126] - Bootstrapping Spring Data repositories in DEFAULT mode.
[cms] 16:10:27.777 [main] INFO  org.springframework.data.repository.config.RepositoryConfigurationDelegate[182] - Finished Spring Data repository scanning in 141ms. Found 0 repository interfaces.
[cms] 16:10:30.368 [main] INFO  org.springframework.cloud.context.scope.GenericScope[294] - BeanFactory id=d745ee4c-d4cb-3324-8b43-31814285b400
[cms] 16:10:30.468 [main] INFO  org.springframework.context.support.PostProcessorRegistrationDelegate$BeanPostProcessorChecker[330] - Bean 'shiroConfig' of type [com.white.gatewayserver.config.shiro.ShiroConfig$$EnhancerBySpringCGLIB$$12dee4d3] is not eligible for getting processed by all BeanPostProcessors (for example: not eligible for auto-proxying)
[cms] 16:10:30.730 [main] INFO  org.springframework.context.support.PostProcessorRegistrationDelegate$BeanPostProcessorChecker[330] - Bean 'myRealm' of type [com.white.gatewayserver.config.shiro.MyRealm] is not eligible for getting processed by all BeanPostProcessors (for example: not eligible for auto-proxying)
[cms] 16:10:31.046 [main] INFO  org.springframework.context.support.PostProcessorRegistrationDelegate$BeanPostProcessorChecker[330] - Bean 'securityManager' of type [org.apache.shiro.web.mgt.DefaultWebSecurityManager] is not eligible for getting processed by all BeanPostProcessors (for example: not eligible for auto-proxying)
[cms] 16:10:31.377 [main] INFO  org.springframework.context.support.PostProcessorRegistrationDelegate$BeanPostProcessorChecker[330] - Bean 'authorizationAttributeSourceAdvisor' of type [org.apache.shiro.spring.security.interceptor.AuthorizationAttributeSourceAdvisor] is not eligible for getting processed by all BeanPostProcessors (for example: not eligible for auto-proxying)
[cms] 16:10:31.783 [main] INFO  org.springframework.context.support.PostProcessorRegistrationDelegate$BeanPostProcessorChecker[330] - Bean 'org.springframework.transaction.annotation.ProxyTransactionManagementConfiguration' of type [org.springframework.transaction.annotation.ProxyTransactionManagementConfiguration$$EnhancerBySpringCGLIB$$a77a558b] is not eligible for getting processed by all BeanPostProcessors (for example: not eligible for auto-proxying)
[cms] 16:10:32.866 [main] INFO  org.springframework.boot.autoconfigure.logging.ConditionEvaluationReportLoggingListener[142] - 

Error starting ApplicationContext. To display the conditions report re-run your application with 'debug' enabled.
[cms] 16:10:32.903 [main] INFO  com.netflix.discovery.DiscoveryClient[888] - Shutting down DiscoveryClient ...
[cms] 16:10:32.980 [main] INFO  com.netflix.discovery.DiscoveryClient[911] - Completed shut down of DiscoveryClient
[cms] 17:00:13.301 [main] INFO  org.springframework.context.support.PostProcessorRegistrationDelegate$BeanPostProcessorChecker[330] - Bean 'org.springframework.cloud.autoconfigure.ConfigurationPropertiesRebinderAutoConfiguration' of type [org.springframework.cloud.autoconfigure.ConfigurationPropertiesRebinderAutoConfiguration$$EnhancerBySpringCGLIB$$1997faa3] is not eligible for getting processed by all BeanPostProcessors (for example: not eligible for auto-proxying)
[cms] 17:00:14.599 [main] INFO  org.springframework.cloud.netflix.eureka.InstanceInfoFactory[71] - Setting initial instance status as: STARTING
[cms] 17:00:14.813 [main] INFO  com.netflix.discovery.DiscoveryClient[349] - Initializing Eureka in region us-east-1
[cms] 17:00:16.471 [main] INFO  com.netflix.discovery.provider.DiscoveryJerseyProvider[70] - Using JSON encoding codec LegacyJacksonJson
[cms] 17:00:16.475 [main] INFO  com.netflix.discovery.provider.DiscoveryJerseyProvider[71] - Using JSON decoding codec LegacyJacksonJson
[cms] 17:00:16.871 [main] INFO  com.netflix.discovery.provider.DiscoveryJerseyProvider[80] - Using XML encoding codec XStreamXml
[cms] 17:00:16.876 [main] INFO  com.netflix.discovery.provider.DiscoveryJerseyProvider[81] - Using XML decoding codec XStreamXml
[cms] 17:00:17.478 [main] INFO  com.netflix.discovery.shared.resolver.aws.ConfigClusterResolver[43] - Resolving eureka endpoints via configuration
[cms] 17:00:18.291 [main] INFO  com.netflix.discovery.DiscoveryClient[958] - Disable delta property : false
[cms] 17:00:18.292 [main] INFO  com.netflix.discovery.DiscoveryClient[959] - Single vip registry refresh property : null
[cms] 17:00:18.295 [main] INFO  com.netflix.discovery.DiscoveryClient[960] - Force full registry fetch : false
[cms] 17:00:18.296 [main] INFO  com.netflix.discovery.DiscoveryClient[961] - Application is null : false
[cms] 17:00:18.298 [main] INFO  com.netflix.discovery.DiscoveryClient[962] - Registered Applications size is zero : true
[cms] 17:00:18.299 [main] INFO  com.netflix.discovery.DiscoveryClient[964] - Application version is -1: true
[cms] 17:00:18.300 [main] INFO  com.netflix.discovery.DiscoveryClient[1047] - Getting all instance registry info from the eureka server
[cms] 17:00:18.682 [main] INFO  com.netflix.discovery.DiscoveryClient[1056] - The response status is 200
[cms] 17:00:18.693 [main] INFO  com.netflix.discovery.DiscoveryClient[1317] - Not registering with Eureka server per configuration
[cms] 17:00:18.722 [main] INFO  com.netflix.discovery.DiscoveryClient[449] - Discovery Client initialized at timestamp 1557651618716 with initial instances count: 2
[cms] 17:00:20.552 [main] INFO  org.springframework.cloud.config.client.ConfigServicePropertySourceLocator[205] - Fetching config from server at : http://192.168.1.102:8082/
[cms] 17:00:27.249 [main] INFO  com.white.gatewayserver.GatewayServerApplication[679] - The following profiles are active: dev
[cms] 17:00:29.526 [main] INFO  org.springframework.data.repository.config.RepositoryConfigurationDelegate[126] - Bootstrapping Spring Data repositories in DEFAULT mode.
[cms] 17:00:29.590 [main] INFO  org.springframework.data.repository.config.RepositoryConfigurationDelegate[182] - Finished Spring Data repository scanning in 50ms. Found 0 repository interfaces.
[cms] 17:00:30.502 [main] INFO  org.springframework.cloud.context.scope.GenericScope[294] - BeanFactory id=d745ee4c-d4cb-3324-8b43-31814285b400
[cms] 17:00:30.534 [main] INFO  org.springframework.context.support.PostProcessorRegistrationDelegate$BeanPostProcessorChecker[330] - Bean 'shiroConfig' of type [com.white.gatewayserver.config.shiro.ShiroConfig$$EnhancerBySpringCGLIB$$68e286ee] is not eligible for getting processed by all BeanPostProcessors (for example: not eligible for auto-proxying)
[cms] 17:00:30.615 [main] INFO  org.springframework.context.support.PostProcessorRegistrationDelegate$BeanPostProcessorChecker[330] - Bean 'myRealm' of type [com.white.gatewayserver.config.shiro.MyRealm] is not eligible for getting processed by all BeanPostProcessors (for example: not eligible for auto-proxying)
[cms] 17:00:30.780 [main] INFO  org.springframework.context.support.PostProcessorRegistrationDelegate$BeanPostProcessorChecker[330] - Bean 'securityManager' of type [org.apache.shiro.web.mgt.DefaultWebSecurityManager] is not eligible for getting processed by all BeanPostProcessors (for example: not eligible for auto-proxying)
[cms] 17:00:30.979 [main] INFO  org.springframework.context.support.PostProcessorRegistrationDelegate$BeanPostProcessorChecker[330] - Bean 'authorizationAttributeSourceAdvisor' of type [org.apache.shiro.spring.security.interceptor.AuthorizationAttributeSourceAdvisor] is not eligible for getting processed by all BeanPostProcessors (for example: not eligible for auto-proxying)
[cms] 17:00:31.218 [main] INFO  org.springframework.context.support.PostProcessorRegistrationDelegate$BeanPostProcessorChecker[330] - Bean 'org.springframework.transaction.annotation.ProxyTransactionManagementConfiguration' of type [org.springframework.transaction.annotation.ProxyTransactionManagementConfiguration$$EnhancerBySpringCGLIB$$fd7df7a6] is not eligible for getting processed by all BeanPostProcessors (for example: not eligible for auto-proxying)
[cms] 17:00:31.801 [main] INFO  org.springframework.context.support.PostProcessorRegistrationDelegate$BeanPostProcessorChecker[330] - Bean 'org.springframework.cloud.autoconfigure.ConfigurationPropertiesRebinderAutoConfiguration' of type [org.springframework.cloud.autoconfigure.ConfigurationPropertiesRebinderAutoConfiguration$$EnhancerBySpringCGLIB$$1997faa3] is not eligible for getting processed by all BeanPostProcessors (for example: not eligible for auto-proxying)
[cms] 17:00:33.087 [main] INFO  org.springframework.boot.web.embedded.tomcat.TomcatWebServer[90] - Tomcat initialized with port(s): 8080 (http)
[cms] 17:00:33.234 [main] INFO  org.apache.catalina.core.StandardService[173] - Starting service [Tomcat]
[cms] 17:00:33.242 [main] INFO  org.apache.catalina.core.StandardEngine[173] - Starting Servlet engine: [Apache Tomcat/9.0.17]
[cms] 17:00:33.707 [main] INFO  org.apache.catalina.core.ContainerBase.[Tomcat].[localhost].[/][173] - Initializing Spring embedded WebApplicationContext
[cms] 17:00:33.708 [main] INFO  org.springframework.web.context.ContextLoader[296] - Root WebApplicationContext: initialization completed in 6424 ms
[cms] 17:00:34.175 [main] INFO  com.netflix.config.sources.URLConfigurationSource[122] - To enable URLs as dynamic configuration sources, define System property archaius.configurationSource.additionalUrls or make config.properties available on classpath.
[cms] 17:00:34.233 [main] INFO  com.netflix.config.DynamicPropertyFactory[281] - DynamicPropertyFactory is initialized with configuration sources: com.netflix.config.ConcurrentCompositeConfiguration@6ebb18fa
[cms] 17:00:36.963 [main] INFO  org.apache.catalina.core.StandardService[173] - Stopping service [Tomcat]
[cms] 17:00:37.037 [main] INFO  org.springframework.boot.autoconfigure.logging.ConditionEvaluationReportLoggingListener[142] - 

Error starting ApplicationContext. To display the conditions report re-run your application with 'debug' enabled.
[cms] 17:00:37.041 [main] INFO  com.netflix.discovery.DiscoveryClient[888] - Shutting down DiscoveryClient ...
[cms] 17:00:37.060 [main] INFO  com.netflix.discovery.DiscoveryClient[911] - Completed shut down of DiscoveryClient
[cms] 17:06:54.420 [main] INFO  org.springframework.context.support.PostProcessorRegistrationDelegate$BeanPostProcessorChecker[330] - Bean 'org.springframework.cloud.autoconfigure.ConfigurationPropertiesRebinderAutoConfiguration' of type [org.springframework.cloud.autoconfigure.ConfigurationPropertiesRebinderAutoConfiguration$$EnhancerBySpringCGLIB$$f3f0408b] is not eligible for getting processed by all BeanPostProcessors (for example: not eligible for auto-proxying)
[cms] 17:06:55.675 [main] INFO  org.springframework.cloud.netflix.eureka.InstanceInfoFactory[71] - Setting initial instance status as: STARTING
[cms] 17:06:55.927 [main] INFO  com.netflix.discovery.DiscoveryClient[349] - Initializing Eureka in region us-east-1
[cms] 17:06:57.629 [main] INFO  com.netflix.discovery.provider.DiscoveryJerseyProvider[70] - Using JSON encoding codec LegacyJacksonJson
[cms] 17:06:57.632 [main] INFO  com.netflix.discovery.provider.DiscoveryJerseyProvider[71] - Using JSON decoding codec LegacyJacksonJson
[cms] 17:06:57.967 [main] INFO  com.netflix.discovery.provider.DiscoveryJerseyProvider[80] - Using XML encoding codec XStreamXml
[cms] 17:06:57.998 [main] INFO  com.netflix.discovery.provider.DiscoveryJerseyProvider[81] - Using XML decoding codec XStreamXml
[cms] 17:06:58.647 [main] INFO  com.netflix.discovery.shared.resolver.aws.ConfigClusterResolver[43] - Resolving eureka endpoints via configuration
[cms] 17:06:59.440 [main] INFO  com.netflix.discovery.DiscoveryClient[958] - Disable delta property : false
[cms] 17:06:59.441 [main] INFO  com.netflix.discovery.DiscoveryClient[959] - Single vip registry refresh property : null
[cms] 17:06:59.443 [main] INFO  com.netflix.discovery.DiscoveryClient[960] - Force full registry fetch : false
[cms] 17:06:59.444 [main] INFO  com.netflix.discovery.DiscoveryClient[961] - Application is null : false
[cms] 17:06:59.446 [main] INFO  com.netflix.discovery.DiscoveryClient[962] - Registered Applications size is zero : true
[cms] 17:06:59.447 [main] INFO  com.netflix.discovery.DiscoveryClient[964] - Application version is -1: true
[cms] 17:06:59.448 [main] INFO  com.netflix.discovery.DiscoveryClient[1047] - Getting all instance registry info from the eureka server
[cms] 17:06:59.892 [main] INFO  com.netflix.discovery.DiscoveryClient[1056] - The response status is 200
[cms] 17:06:59.902 [main] INFO  com.netflix.discovery.DiscoveryClient[1317] - Not registering with Eureka server per configuration
[cms] 17:06:59.924 [main] INFO  com.netflix.discovery.DiscoveryClient[449] - Discovery Client initialized at timestamp 1557652019916 with initial instances count: 2
[cms] 17:07:01.687 [main] INFO  org.springframework.cloud.config.client.ConfigServicePropertySourceLocator[205] - Fetching config from server at : http://192.168.1.102:8082/
[cms] 17:07:09.074 [main] INFO  com.white.gatewayserver.GatewayServerApplication[679] - The following profiles are active: dev
[cms] 17:07:11.492 [main] INFO  org.springframework.data.repository.config.RepositoryConfigurationDelegate[126] - Bootstrapping Spring Data repositories in DEFAULT mode.
[cms] 17:07:11.600 [main] INFO  org.springframework.data.repository.config.RepositoryConfigurationDelegate[182] - Finished Spring Data repository scanning in 95ms. Found 0 repository interfaces.
[cms] 17:07:12.603 [main] INFO  org.springframework.cloud.context.scope.GenericScope[294] - BeanFactory id=d745ee4c-d4cb-3324-8b43-31814285b400
[cms] 17:07:12.632 [main] INFO  org.springframework.context.support.PostProcessorRegistrationDelegate$BeanPostProcessorChecker[330] - Bean 'shiroConfig' of type [com.white.gatewayserver.config.shiro.ShiroConfig$$EnhancerBySpringCGLIB$$433accd6] is not eligible for getting processed by all BeanPostProcessors (for example: not eligible for auto-proxying)
[cms] 17:07:12.703 [main] INFO  org.springframework.context.support.PostProcessorRegistrationDelegate$BeanPostProcessorChecker[330] - Bean 'myRealm' of type [com.white.gatewayserver.config.shiro.MyRealm] is not eligible for getting processed by all BeanPostProcessors (for example: not eligible for auto-proxying)
[cms] 17:07:12.868 [main] INFO  org.springframework.context.support.PostProcessorRegistrationDelegate$BeanPostProcessorChecker[330] - Bean 'securityManager' of type [org.apache.shiro.web.mgt.DefaultWebSecurityManager] is not eligible for getting processed by all BeanPostProcessors (for example: not eligible for auto-proxying)
[cms] 17:07:13.039 [main] INFO  org.springframework.context.support.PostProcessorRegistrationDelegate$BeanPostProcessorChecker[330] - Bean 'authorizationAttributeSourceAdvisor' of type [org.apache.shiro.spring.security.interceptor.AuthorizationAttributeSourceAdvisor] is not eligible for getting processed by all BeanPostProcessors (for example: not eligible for auto-proxying)
[cms] 17:07:13.197 [main] INFO  org.springframework.context.support.PostProcessorRegistrationDelegate$BeanPostProcessorChecker[330] - Bean 'org.springframework.transaction.annotation.ProxyTransactionManagementConfiguration' of type [org.springframework.transaction.annotation.ProxyTransactionManagementConfiguration$$EnhancerBySpringCGLIB$$d7d63d8e] is not eligible for getting processed by all BeanPostProcessors (for example: not eligible for auto-proxying)
[cms] 17:07:13.645 [main] INFO  org.springframework.context.support.PostProcessorRegistrationDelegate$BeanPostProcessorChecker[330] - Bean 'org.springframework.cloud.autoconfigure.ConfigurationPropertiesRebinderAutoConfiguration' of type [org.springframework.cloud.autoconfigure.ConfigurationPropertiesRebinderAutoConfiguration$$EnhancerBySpringCGLIB$$f3f0408b] is not eligible for getting processed by all BeanPostProcessors (for example: not eligible for auto-proxying)
[cms] 17:07:14.638 [main] INFO  org.springframework.boot.web.embedded.tomcat.TomcatWebServer[90] - Tomcat initialized with port(s): 8080 (http)
[cms] 17:07:14.726 [main] INFO  org.apache.catalina.core.StandardService[173] - Starting service [Tomcat]
[cms] 17:07:14.729 [main] INFO  org.apache.catalina.core.StandardEngine[173] - Starting Servlet engine: [Apache Tomcat/9.0.17]
[cms] 17:07:15.044 [main] INFO  org.apache.catalina.core.ContainerBase.[Tomcat].[localhost].[/][173] - Initializing Spring embedded WebApplicationContext
[cms] 17:07:15.046 [main] INFO  org.springframework.web.context.ContextLoader[296] - Root WebApplicationContext: initialization completed in 5937 ms
[cms] 17:07:15.430 [main] INFO  com.netflix.config.sources.URLConfigurationSource[122] - To enable URLs as dynamic configuration sources, define System property archaius.configurationSource.additionalUrls or make config.properties available on classpath.
[cms] 17:07:15.470 [main] INFO  com.netflix.config.DynamicPropertyFactory[281] - DynamicPropertyFactory is initialized with configuration sources: com.netflix.config.ConcurrentCompositeConfiguration@75b75953
[cms] 17:07:18.701 [main] INFO  org.apache.catalina.core.StandardService[173] - Stopping service [Tomcat]
[cms] 17:07:18.823 [main] INFO  org.springframework.boot.autoconfigure.logging.ConditionEvaluationReportLoggingListener[142] - 

Error starting ApplicationContext. To display the conditions report re-run your application with 'debug' enabled.
[cms] 17:07:18.825 [main] INFO  com.netflix.discovery.DiscoveryClient[888] - Shutting down DiscoveryClient ...
[cms] 17:07:18.876 [main] INFO  com.netflix.discovery.DiscoveryClient[911] - Completed shut down of DiscoveryClient
[cms] 17:10:34.064 [main] INFO  org.springframework.context.support.PostProcessorRegistrationDelegate$BeanPostProcessorChecker[330] - Bean 'org.springframework.cloud.autoconfigure.ConfigurationPropertiesRebinderAutoConfiguration' of type [org.springframework.cloud.autoconfigure.ConfigurationPropertiesRebinderAutoConfiguration$$EnhancerBySpringCGLIB$$7d2293b] is not eligible for getting processed by all BeanPostProcessors (for example: not eligible for auto-proxying)
[cms] 17:10:35.306 [main] INFO  org.springframework.cloud.netflix.eureka.InstanceInfoFactory[71] - Setting initial instance status as: STARTING
[cms] 17:10:35.455 [main] INFO  com.netflix.discovery.DiscoveryClient[349] - Initializing Eureka in region us-east-1
[cms] 17:10:37.153 [main] INFO  com.netflix.discovery.provider.DiscoveryJerseyProvider[70] - Using JSON encoding codec LegacyJacksonJson
[cms] 17:10:37.156 [main] INFO  com.netflix.discovery.provider.DiscoveryJerseyProvider[71] - Using JSON decoding codec LegacyJacksonJson
[cms] 17:10:37.564 [main] INFO  com.netflix.discovery.provider.DiscoveryJerseyProvider[80] - Using XML encoding codec XStreamXml
[cms] 17:10:37.569 [main] INFO  com.netflix.discovery.provider.DiscoveryJerseyProvider[81] - Using XML decoding codec XStreamXml
[cms] 17:10:38.184 [main] INFO  com.netflix.discovery.shared.resolver.aws.ConfigClusterResolver[43] - Resolving eureka endpoints via configuration
[cms] 17:10:38.893 [main] INFO  com.netflix.discovery.DiscoveryClient[958] - Disable delta property : false
[cms] 17:10:38.894 [main] INFO  com.netflix.discovery.DiscoveryClient[959] - Single vip registry refresh property : null
[cms] 17:10:38.896 [main] INFO  com.netflix.discovery.DiscoveryClient[960] - Force full registry fetch : false
[cms] 17:10:38.897 [main] INFO  com.netflix.discovery.DiscoveryClient[961] - Application is null : false
[cms] 17:10:38.899 [main] INFO  com.netflix.discovery.DiscoveryClient[962] - Registered Applications size is zero : true
[cms] 17:10:38.900 [main] INFO  com.netflix.discovery.DiscoveryClient[964] - Application version is -1: true
[cms] 17:10:38.901 [main] INFO  com.netflix.discovery.DiscoveryClient[1047] - Getting all instance registry info from the eureka server
[cms] 17:10:39.334 [main] INFO  com.netflix.discovery.DiscoveryClient[1056] - The response status is 200
[cms] 17:10:39.340 [main] INFO  com.netflix.discovery.DiscoveryClient[1317] - Not registering with Eureka server per configuration
[cms] 17:10:39.351 [main] INFO  com.netflix.discovery.DiscoveryClient[449] - Discovery Client initialized at timestamp 1557652239348 with initial instances count: 2
[cms] 17:10:40.915 [main] INFO  org.springframework.cloud.config.client.ConfigServicePropertySourceLocator[205] - Fetching config from server at : http://192.168.1.102:8082/
[cms] 17:10:46.836 [main] INFO  com.white.gatewayserver.GatewayServerApplication[679] - The following profiles are active: dev
[cms] 17:10:49.004 [main] INFO  org.springframework.data.repository.config.RepositoryConfigurationDelegate[126] - Bootstrapping Spring Data repositories in DEFAULT mode.
[cms] 17:10:49.158 [main] INFO  org.springframework.data.repository.config.RepositoryConfigurationDelegate[182] - Finished Spring Data repository scanning in 131ms. Found 0 repository interfaces.
[cms] 17:10:50.279 [main] INFO  org.springframework.cloud.context.scope.GenericScope[294] - BeanFactory id=385286a7-0cef-3af4-bbc2-319dd7033c1b
[cms] 17:10:50.313 [main] INFO  org.springframework.context.support.PostProcessorRegistrationDelegate$BeanPostProcessorChecker[330] - Bean 'shiroConfig' of type [com.white.gatewayserver.config.shiro.ShiroConfig$$EnhancerBySpringCGLIB$$571cb586] is not eligible for getting processed by all BeanPostProcessors (for example: not eligible for auto-proxying)
[cms] 17:10:50.404 [main] INFO  org.springframework.context.support.PostProcessorRegistrationDelegate$BeanPostProcessorChecker[330] - Bean 'myRealm' of type [com.white.gatewayserver.config.shiro.MyRealm] is not eligible for getting processed by all BeanPostProcessors (for example: not eligible for auto-proxying)
[cms] 17:10:50.539 [main] INFO  org.springframework.context.support.PostProcessorRegistrationDelegate$BeanPostProcessorChecker[330] - Bean 'securityManager' of type [org.apache.shiro.web.mgt.DefaultWebSecurityManager] is not eligible for getting processed by all BeanPostProcessors (for example: not eligible for auto-proxying)
[cms] 17:10:50.695 [main] INFO  org.springframework.context.support.PostProcessorRegistrationDelegate$BeanPostProcessorChecker[330] - Bean 'authorizationAttributeSourceAdvisor' of type [org.apache.shiro.spring.security.interceptor.AuthorizationAttributeSourceAdvisor] is not eligible for getting processed by all BeanPostProcessors (for example: not eligible for auto-proxying)
[cms] 17:10:50.900 [main] INFO  org.springframework.context.support.PostProcessorRegistrationDelegate$BeanPostProcessorChecker[330] - Bean 'org.springframework.transaction.annotation.ProxyTransactionManagementConfiguration' of type [org.springframework.transaction.annotation.ProxyTransactionManagementConfiguration$$EnhancerBySpringCGLIB$$ebb8263e] is not eligible for getting processed by all BeanPostProcessors (for example: not eligible for auto-proxying)
[cms] 17:10:51.416 [main] INFO  org.springframework.context.support.PostProcessorRegistrationDelegate$BeanPostProcessorChecker[330] - Bean 'org.springframework.cloud.autoconfigure.ConfigurationPropertiesRebinderAutoConfiguration' of type [org.springframework.cloud.autoconfigure.ConfigurationPropertiesRebinderAutoConfiguration$$EnhancerBySpringCGLIB$$7d2293b] is not eligible for getting processed by all BeanPostProcessors (for example: not eligible for auto-proxying)
[cms] 17:10:52.652 [main] INFO  org.springframework.boot.web.embedded.tomcat.TomcatWebServer[90] - Tomcat initialized with port(s): 8080 (http)
[cms] 17:10:52.762 [main] INFO  org.apache.catalina.core.StandardService[173] - Starting service [Tomcat]
[cms] 17:10:52.764 [main] INFO  org.apache.catalina.core.StandardEngine[173] - Starting Servlet engine: [Apache Tomcat/9.0.17]
[cms] 17:10:53.147 [main] INFO  org.apache.catalina.core.ContainerBase.[Tomcat].[localhost].[/][173] - Initializing Spring embedded WebApplicationContext
[cms] 17:10:53.149 [main] INFO  org.springframework.web.context.ContextLoader[296] - Root WebApplicationContext: initialization completed in 6272 ms
[cms] 17:10:53.486 [main] INFO  com.netflix.config.sources.URLConfigurationSource[122] - To enable URLs as dynamic configuration sources, define System property archaius.configurationSource.additionalUrls or make config.properties available on classpath.
[cms] 17:10:53.547 [main] INFO  com.netflix.config.DynamicPropertyFactory[281] - DynamicPropertyFactory is initialized with configuration sources: com.netflix.config.ConcurrentCompositeConfiguration@3dffce5d
[cms] 17:10:56.572 [main] INFO  org.apache.catalina.core.StandardService[173] - Stopping service [Tomcat]
[cms] 17:10:56.700 [main] INFO  org.springframework.boot.autoconfigure.logging.ConditionEvaluationReportLoggingListener[142] - 

Error starting ApplicationContext. To display the conditions report re-run your application with 'debug' enabled.
[cms] 17:10:56.703 [main] INFO  com.netflix.discovery.DiscoveryClient[888] - Shutting down DiscoveryClient ...
[cms] 17:10:56.727 [main] INFO  com.netflix.discovery.DiscoveryClient[911] - Completed shut down of DiscoveryClient
[cms] 17:51:55.577 [main] INFO  org.springframework.context.support.PostProcessorRegistrationDelegate$BeanPostProcessorChecker[330] - Bean 'org.springframework.cloud.autoconfigure.ConfigurationPropertiesRebinderAutoConfiguration' of type [org.springframework.cloud.autoconfigure.ConfigurationPropertiesRebinderAutoConfiguration$$EnhancerBySpringCGLIB$$9ec37cc3] is not eligible for getting processed by all BeanPostProcessors (for example: not eligible for auto-proxying)
[cms] 17:51:56.943 [main] INFO  org.springframework.cloud.netflix.eureka.InstanceInfoFactory[71] - Setting initial instance status as: STARTING
[cms] 17:51:57.132 [main] INFO  com.netflix.discovery.DiscoveryClient[349] - Initializing Eureka in region us-east-1
[cms] 17:51:58.850 [main] INFO  com.netflix.discovery.provider.DiscoveryJerseyProvider[70] - Using JSON encoding codec LegacyJacksonJson
[cms] 17:51:58.854 [main] INFO  com.netflix.discovery.provider.DiscoveryJerseyProvider[71] - Using JSON decoding codec LegacyJacksonJson
[cms] 17:51:59.170 [main] INFO  com.netflix.discovery.provider.DiscoveryJerseyProvider[80] - Using XML encoding codec XStreamXml
[cms] 17:51:59.174 [main] INFO  com.netflix.discovery.provider.DiscoveryJerseyProvider[81] - Using XML decoding codec XStreamXml
[cms] 17:51:59.798 [main] INFO  com.netflix.discovery.shared.resolver.aws.ConfigClusterResolver[43] - Resolving eureka endpoints via configuration
[cms] 17:52:00.573 [main] INFO  com.netflix.discovery.DiscoveryClient[958] - Disable delta property : false
[cms] 17:52:00.575 [main] INFO  com.netflix.discovery.DiscoveryClient[959] - Single vip registry refresh property : null
[cms] 17:52:00.577 [main] INFO  com.netflix.discovery.DiscoveryClient[960] - Force full registry fetch : false
[cms] 17:52:00.578 [main] INFO  com.netflix.discovery.DiscoveryClient[961] - Application is null : false
[cms] 17:52:00.580 [main] INFO  com.netflix.discovery.DiscoveryClient[962] - Registered Applications size is zero : true
[cms] 17:52:00.582 [main] INFO  com.netflix.discovery.DiscoveryClient[964] - Application version is -1: true
[cms] 17:52:00.584 [main] INFO  com.netflix.discovery.DiscoveryClient[1047] - Getting all instance registry info from the eureka server
[cms] 17:52:00.945 [main] INFO  com.netflix.discovery.DiscoveryClient[1056] - The response status is 200
[cms] 17:52:00.953 [main] INFO  com.netflix.discovery.DiscoveryClient[1317] - Not registering with Eureka server per configuration
[cms] 17:52:00.965 [main] INFO  com.netflix.discovery.DiscoveryClient[449] - Discovery Client initialized at timestamp 1557654720962 with initial instances count: 2
[cms] 17:52:03.105 [main] INFO  org.springframework.cloud.config.client.ConfigServicePropertySourceLocator[205] - Fetching config from server at : http://192.168.1.102:8082/
[cms] 17:52:06.290 [main] INFO  com.white.gatewayserver.GatewayServerApplication[679] - The following profiles are active: dev
[cms] 17:52:09.089 [main] INFO  org.springframework.data.repository.config.RepositoryConfigurationDelegate[126] - Bootstrapping Spring Data repositories in DEFAULT mode.
[cms] 17:52:09.231 [main] INFO  org.springframework.data.repository.config.RepositoryConfigurationDelegate[182] - Finished Spring Data repository scanning in 127ms. Found 0 repository interfaces.
[cms] 17:52:11.512 [main] INFO  org.springframework.cloud.context.scope.GenericScope[294] - BeanFactory id=385286a7-0cef-3af4-bbc2-319dd7033c1b
[cms] 17:52:11.597 [main] INFO  org.springframework.context.support.PostProcessorRegistrationDelegate$BeanPostProcessorChecker[330] - Bean 'shiroConfig' of type [com.white.gatewayserver.config.shiro.ShiroConfig$$EnhancerBySpringCGLIB$$ee0e090e] is not eligible for getting processed by all BeanPostProcessors (for example: not eligible for auto-proxying)
[cms] 17:52:11.746 [main] INFO  org.springframework.context.support.PostProcessorRegistrationDelegate$BeanPostProcessorChecker[330] - Bean 'myRealm' of type [com.white.gatewayserver.config.shiro.MyRealm] is not eligible for getting processed by all BeanPostProcessors (for example: not eligible for auto-proxying)
[cms] 17:52:12.031 [main] INFO  org.springframework.context.support.PostProcessorRegistrationDelegate$BeanPostProcessorChecker[330] - Bean 'securityManager' of type [org.apache.shiro.web.mgt.DefaultWebSecurityManager] is not eligible for getting processed by all BeanPostProcessors (for example: not eligible for auto-proxying)
[cms] 17:52:12.336 [main] INFO  org.springframework.context.support.PostProcessorRegistrationDelegate$BeanPostProcessorChecker[330] - Bean 'authorizationAttributeSourceAdvisor' of type [org.apache.shiro.spring.security.interceptor.AuthorizationAttributeSourceAdvisor] is not eligible for getting processed by all BeanPostProcessors (for example: not eligible for auto-proxying)
[cms] 17:52:12.638 [main] INFO  org.springframework.context.support.PostProcessorRegistrationDelegate$BeanPostProcessorChecker[330] - Bean 'org.springframework.transaction.annotation.ProxyTransactionManagementConfiguration' of type [org.springframework.transaction.annotation.ProxyTransactionManagementConfiguration$$EnhancerBySpringCGLIB$$82a979c6] is not eligible for getting processed by all BeanPostProcessors (for example: not eligible for auto-proxying)
[cms] 17:52:13.128 [main] INFO  org.springframework.context.support.PostProcessorRegistrationDelegate$BeanPostProcessorChecker[330] - Bean 'org.springframework.cloud.autoconfigure.ConfigurationPropertiesRebinderAutoConfiguration' of type [org.springframework.cloud.autoconfigure.ConfigurationPropertiesRebinderAutoConfiguration$$EnhancerBySpringCGLIB$$9ec37cc3] is not eligible for getting processed by all BeanPostProcessors (for example: not eligible for auto-proxying)
[cms] 17:52:14.137 [main] INFO  org.springframework.boot.web.embedded.tomcat.TomcatWebServer[90] - Tomcat initialized with port(s): 8080 (http)
[cms] 17:52:14.246 [main] INFO  org.apache.catalina.core.StandardService[173] - Starting service [Tomcat]
[cms] 17:52:14.248 [main] INFO  org.apache.catalina.core.StandardEngine[173] - Starting Servlet engine: [Apache Tomcat/9.0.17]
[cms] 17:52:14.612 [main] INFO  org.apache.catalina.core.ContainerBase.[Tomcat].[localhost].[/][173] - Initializing Spring embedded WebApplicationContext
[cms] 17:52:14.615 [main] INFO  org.springframework.web.context.ContextLoader[296] - Root WebApplicationContext: initialization completed in 8285 ms
[cms] 17:52:14.985 [main] INFO  com.netflix.config.sources.URLConfigurationSource[122] - To enable URLs as dynamic configuration sources, define System property archaius.configurationSource.additionalUrls or make config.properties available on classpath.
[cms] 17:52:15.038 [main] INFO  com.netflix.config.DynamicPropertyFactory[281] - DynamicPropertyFactory is initialized with configuration sources: com.netflix.config.ConcurrentCompositeConfiguration@770cb051
[cms] 17:52:18.951 [main] INFO  org.apache.catalina.core.StandardService[173] - Stopping service [Tomcat]
[cms] 17:52:19.091 [main] INFO  org.springframework.boot.autoconfigure.logging.ConditionEvaluationReportLoggingListener[142] - 

Error starting ApplicationContext. To display the conditions report re-run your application with 'debug' enabled.
[cms] 17:52:19.097 [main] INFO  com.netflix.discovery.DiscoveryClient[888] - Shutting down DiscoveryClient ...
[cms] 17:52:19.142 [main] INFO  com.netflix.discovery.DiscoveryClient[911] - Completed shut down of DiscoveryClient
