[cms] 00:31:26.443 [main] INFO  org.springframework.context.support.PostProcessorRegistrationDelegate$BeanPostProcessorChecker[330] - Bean 'org.springframework.cloud.autoconfigure.ConfigurationPropertiesRebinderAutoConfiguration' of type [org.springframework.cloud.autoconfigure.ConfigurationPropertiesRebinderAutoConfiguration$$EnhancerBySpringCGLIB$$35419e13] is not eligible for getting processed by all BeanPostProcessors (for example: not eligible for auto-proxying)
[cms] 00:31:30.865 [main] INFO  org.springframework.cloud.commons.util.InetUtils[170] - Cannot determine local hostname
[cms] 00:31:30.942 [main] INFO  org.springframework.cloud.netflix.eureka.InstanceInfoFactory[71] - Setting initial instance status as: STARTING
[cms] 00:31:31.193 [main] INFO  com.netflix.discovery.DiscoveryClient[349] - Initializing Eureka in region us-east-1
[cms] 00:31:34.069 [main] INFO  com.netflix.discovery.provider.DiscoveryJerseyProvider[70] - Using JSON encoding codec LegacyJacksonJson
[cms] 00:31:34.072 [main] INFO  com.netflix.discovery.provider.DiscoveryJerseyProvider[71] - Using JSON decoding codec LegacyJacksonJson
[cms] 00:31:34.653 [main] INFO  com.netflix.discovery.provider.DiscoveryJerseyProvider[80] - Using XML encoding codec XStreamXml
[cms] 00:31:34.656 [main] INFO  com.netflix.discovery.provider.DiscoveryJerseyProvider[81] - Using XML decoding codec XStreamXml
[cms] 00:31:36.359 [main] INFO  com.netflix.discovery.shared.resolver.aws.ConfigClusterResolver[43] - Resolving eureka endpoints via configuration
[cms] 00:31:39.105 [main] INFO  com.netflix.discovery.DiscoveryClient[958] - Disable delta property : false
[cms] 00:31:39.161 [main] INFO  com.netflix.discovery.DiscoveryClient[959] - Single vip registry refresh property : null
[cms] 00:31:39.179 [main] INFO  com.netflix.discovery.DiscoveryClient[960] - Force full registry fetch : false
[cms] 00:31:39.190 [main] INFO  com.netflix.discovery.DiscoveryClient[961] - Application is null : false
[cms] 00:31:39.197 [main] INFO  com.netflix.discovery.DiscoveryClient[962] - Registered Applications size is zero : true
[cms] 00:31:39.220 [main] INFO  com.netflix.discovery.DiscoveryClient[964] - Application version is -1: true
[cms] 00:31:39.284 [main] INFO  com.netflix.discovery.DiscoveryClient[1047] - Getting all instance registry info from the eureka server
[cms] 00:31:39.900 [main] INFO  com.netflix.discovery.DiscoveryClient[1056] - The response status is 200
[cms] 00:31:40.031 [main] INFO  com.netflix.discovery.DiscoveryClient[1317] - Not registering with Eureka server per configuration
[cms] 00:31:40.114 [main] INFO  com.netflix.discovery.DiscoveryClient[449] - Discovery Client initialized at timestamp 1556469100101 with initial instances count: 2
[cms] 00:31:47.234 [main] INFO  org.springframework.cloud.config.client.ConfigServicePropertySourceLocator[205] - Fetching config from server at : http://10.0.75.1:8082/
[cms] 00:31:55.679 [main] INFO  org.springframework.cloud.config.client.ConfigServicePropertySourceLocator[149] - Located environment: name=gateway-server, profiles=[dev], label=null, version=6a70c56a8ba47a7f1ef6d948c47194af1c9db11d, state=null
[cms] 00:31:55.690 [main] INFO  org.springframework.cloud.bootstrap.config.PropertySourceBootstrapConfiguration[98] - Located property source: CompositePropertySource {name='configService', propertySources=[MapPropertySource {name='configClient'}, MapPropertySource {name='https://github.com/white211/SpringcloudConfig//gateway-server/gateway-server-dev.yml'}, MapPropertySource {name='https://github.com/white211/SpringcloudConfig//gateway-server/application.yml'}]}
[cms] 00:31:56.004 [main] INFO  com.white.gatewayserver.GatewayServerApplication[679] - The following profiles are active: dev
[cms] 00:32:00.827 [main] INFO  org.springframework.data.repository.config.RepositoryConfigurationDelegate[126] - Bootstrapping Spring Data repositories in DEFAULT mode.
[cms] 00:32:01.070 [main] INFO  org.springframework.data.repository.config.RepositoryConfigurationDelegate[182] - Finished Spring Data repository scanning in 150ms. Found 0 repository interfaces.
[cms] 00:32:03.961 [main] INFO  org.springframework.cloud.context.scope.GenericScope[294] - BeanFactory id=6494c364-1b16-3cdf-b119-1b889e042a30
[cms] 00:32:04.069 [main] INFO  org.springframework.context.support.PostProcessorRegistrationDelegate$BeanPostProcessorChecker[330] - Bean 'shiroConfig' of type [com.white.gatewayserver.config.shiro.ShiroConfig$$EnhancerBySpringCGLIB$$848c2a5e] is not eligible for getting processed by all BeanPostProcessors (for example: not eligible for auto-proxying)
[cms] 00:32:04.690 [main] INFO  org.springframework.context.support.PostProcessorRegistrationDelegate$BeanPostProcessorChecker[330] - Bean 'redisConfig' of type [com.white.gatewayserver.config.RedisConfig$$EnhancerBySpringCGLIB$$48833a85] is not eligible for getting processed by all BeanPostProcessors (for example: not eligible for auto-proxying)
[cms] 00:32:04.950 [main] INFO  org.springframework.context.support.PostProcessorRegistrationDelegate$BeanPostProcessorChecker[330] - Bean 'redisPoolFactory' of type [redis.clients.jedis.JedisPool] is not eligible for getting processed by all BeanPostProcessors (for example: not eligible for auto-proxying)
[cms] 00:32:05.328 [main] INFO  org.springframework.context.support.PostProcessorRegistrationDelegate$BeanPostProcessorChecker[330] - Bean 'jedisHelper' of type [com.white.gatewayserver.helper.JedisHelper] is not eligible for getting processed by all BeanPostProcessors (for example: not eligible for auto-proxying)
[cms] 00:32:05.547 [main] INFO  org.springframework.context.support.PostProcessorRegistrationDelegate$BeanPostProcessorChecker[330] - Bean 'myRealm' of type [com.white.gatewayserver.config.shiro.MyRealm] is not eligible for getting processed by all BeanPostProcessors (for example: not eligible for auto-proxying)
[cms] 00:32:06.771 [main] INFO  org.springframework.context.support.PostProcessorRegistrationDelegate$BeanPostProcessorChecker[330] - Bean 'securityManager' of type [org.apache.shiro.web.mgt.DefaultWebSecurityManager] is not eligible for getting processed by all BeanPostProcessors (for example: not eligible for auto-proxying)
[cms] 00:32:07.790 [main] INFO  org.springframework.context.support.PostProcessorRegistrationDelegate$BeanPostProcessorChecker[330] - Bean 'authorizationAttributeSourceAdvisor' of type [org.apache.shiro.spring.security.interceptor.AuthorizationAttributeSourceAdvisor] is not eligible for getting processed by all BeanPostProcessors (for example: not eligible for auto-proxying)
[cms] 00:32:09.113 [main] INFO  org.springframework.boot.autoconfigure.logging.ConditionEvaluationReportLoggingListener[142] - 

Error starting ApplicationContext. To display the conditions report re-run your application with 'debug' enabled.
[cms] 00:32:09.297 [main] INFO  com.netflix.discovery.DiscoveryClient[888] - Shutting down DiscoveryClient ...
[cms] 00:32:09.550 [main] INFO  com.netflix.discovery.DiscoveryClient[911] - Completed shut down of DiscoveryClient
[cms] 00:37:31.756 [main] INFO  org.springframework.context.support.PostProcessorRegistrationDelegate$BeanPostProcessorChecker[330] - Bean 'org.springframework.cloud.autoconfigure.ConfigurationPropertiesRebinderAutoConfiguration' of type [org.springframework.cloud.autoconfigure.ConfigurationPropertiesRebinderAutoConfiguration$$EnhancerBySpringCGLIB$$31b19e83] is not eligible for getting processed by all BeanPostProcessors (for example: not eligible for auto-proxying)
[cms] 00:37:33.883 [main] INFO  org.springframework.cloud.commons.util.InetUtils[170] - Cannot determine local hostname
[cms] 00:37:33.939 [main] INFO  org.springframework.cloud.netflix.eureka.InstanceInfoFactory[71] - Setting initial instance status as: STARTING
[cms] 00:37:34.070 [main] INFO  com.netflix.discovery.DiscoveryClient[349] - Initializing Eureka in region us-east-1
[cms] 00:37:35.640 [main] INFO  com.netflix.discovery.provider.DiscoveryJerseyProvider[70] - Using JSON encoding codec LegacyJacksonJson
[cms] 00:37:35.644 [main] INFO  com.netflix.discovery.provider.DiscoveryJerseyProvider[71] - Using JSON decoding codec LegacyJacksonJson
[cms] 00:37:35.902 [main] INFO  com.netflix.discovery.provider.DiscoveryJerseyProvider[80] - Using XML encoding codec XStreamXml
[cms] 00:37:35.906 [main] INFO  com.netflix.discovery.provider.DiscoveryJerseyProvider[81] - Using XML decoding codec XStreamXml
[cms] 00:37:36.473 [main] INFO  com.netflix.discovery.shared.resolver.aws.ConfigClusterResolver[43] - Resolving eureka endpoints via configuration
[cms] 00:37:37.239 [main] INFO  com.netflix.discovery.DiscoveryClient[958] - Disable delta property : false
[cms] 00:37:37.242 [main] INFO  com.netflix.discovery.DiscoveryClient[959] - Single vip registry refresh property : null
[cms] 00:37:37.243 [main] INFO  com.netflix.discovery.DiscoveryClient[960] - Force full registry fetch : false
[cms] 00:37:37.246 [main] INFO  com.netflix.discovery.DiscoveryClient[961] - Application is null : false
[cms] 00:37:37.248 [main] INFO  com.netflix.discovery.DiscoveryClient[962] - Registered Applications size is zero : true
[cms] 00:37:37.249 [main] INFO  com.netflix.discovery.DiscoveryClient[964] - Application version is -1: true
[cms] 00:37:37.255 [main] INFO  com.netflix.discovery.DiscoveryClient[1047] - Getting all instance registry info from the eureka server
[cms] 00:37:37.692 [main] INFO  com.netflix.discovery.DiscoveryClient[1056] - The response status is 200
[cms] 00:37:37.700 [main] INFO  com.netflix.discovery.DiscoveryClient[1317] - Not registering with Eureka server per configuration
[cms] 00:37:37.713 [main] INFO  com.netflix.discovery.DiscoveryClient[449] - Discovery Client initialized at timestamp 1556469457710 with initial instances count: 2
[cms] 00:37:40.326 [main] INFO  org.springframework.cloud.config.client.ConfigServicePropertySourceLocator[205] - Fetching config from server at : http://10.0.75.1:8082/
[cms] 00:37:44.607 [main] INFO  org.springframework.cloud.config.client.ConfigServicePropertySourceLocator[149] - Located environment: name=gateway-server, profiles=[dev], label=null, version=6a70c56a8ba47a7f1ef6d948c47194af1c9db11d, state=null
[cms] 00:37:44.615 [main] INFO  org.springframework.cloud.bootstrap.config.PropertySourceBootstrapConfiguration[98] - Located property source: CompositePropertySource {name='configService', propertySources=[MapPropertySource {name='configClient'}, MapPropertySource {name='https://github.com/white211/SpringcloudConfig//gateway-server/gateway-server-dev.yml'}, MapPropertySource {name='https://github.com/white211/SpringcloudConfig//gateway-server/application.yml'}]}
[cms] 00:37:44.867 [main] INFO  com.white.gatewayserver.GatewayServerApplication[679] - The following profiles are active: dev
[cms] 00:37:46.703 [main] INFO  org.springframework.data.repository.config.RepositoryConfigurationDelegate[126] - Bootstrapping Spring Data repositories in DEFAULT mode.
[cms] 00:37:46.767 [main] INFO  org.springframework.data.repository.config.RepositoryConfigurationDelegate[182] - Finished Spring Data repository scanning in 54ms. Found 0 repository interfaces.
[cms] 00:37:47.836 [main] INFO  org.springframework.cloud.context.scope.GenericScope[294] - BeanFactory id=6494c364-1b16-3cdf-b119-1b889e042a30
[cms] 00:37:47.870 [main] INFO  org.springframework.context.support.PostProcessorRegistrationDelegate$BeanPostProcessorChecker[330] - Bean 'shiroConfig' of type [com.white.gatewayserver.config.shiro.ShiroConfig$$EnhancerBySpringCGLIB$$80fc2ace] is not eligible for getting processed by all BeanPostProcessors (for example: not eligible for auto-proxying)
[cms] 00:37:48.002 [main] INFO  org.springframework.context.support.PostProcessorRegistrationDelegate$BeanPostProcessorChecker[330] - Bean 'redisConfig' of type [com.white.gatewayserver.config.RedisConfig$$EnhancerBySpringCGLIB$$44f33af5] is not eligible for getting processed by all BeanPostProcessors (for example: not eligible for auto-proxying)
[cms] 00:37:48.070 [main] INFO  org.springframework.context.support.PostProcessorRegistrationDelegate$BeanPostProcessorChecker[330] - Bean 'redisPoolFactory' of type [redis.clients.jedis.JedisPool] is not eligible for getting processed by all BeanPostProcessors (for example: not eligible for auto-proxying)
[cms] 00:37:48.075 [main] INFO  org.springframework.context.support.PostProcessorRegistrationDelegate$BeanPostProcessorChecker[330] - Bean 'jedisHelper' of type [com.white.gatewayserver.helper.JedisHelper] is not eligible for getting processed by all BeanPostProcessors (for example: not eligible for auto-proxying)
[cms] 00:37:48.081 [main] INFO  org.springframework.context.support.PostProcessorRegistrationDelegate$BeanPostProcessorChecker[330] - Bean 'myRealm' of type [com.white.gatewayserver.config.shiro.MyRealm] is not eligible for getting processed by all BeanPostProcessors (for example: not eligible for auto-proxying)
[cms] 00:37:48.210 [main] INFO  org.springframework.context.support.PostProcessorRegistrationDelegate$BeanPostProcessorChecker[330] - Bean 'securityManager' of type [org.apache.shiro.web.mgt.DefaultWebSecurityManager] is not eligible for getting processed by all BeanPostProcessors (for example: not eligible for auto-proxying)
[cms] 00:37:48.350 [main] INFO  org.springframework.context.support.PostProcessorRegistrationDelegate$BeanPostProcessorChecker[330] - Bean 'authorizationAttributeSourceAdvisor' of type [org.apache.shiro.spring.security.interceptor.AuthorizationAttributeSourceAdvisor] is not eligible for getting processed by all BeanPostProcessors (for example: not eligible for auto-proxying)
[cms] 00:37:48.527 [main] INFO  org.springframework.boot.autoconfigure.logging.ConditionEvaluationReportLoggingListener[142] - 

Error starting ApplicationContext. To display the conditions report re-run your application with 'debug' enabled.
[cms] 00:37:48.537 [main] INFO  com.netflix.discovery.DiscoveryClient[888] - Shutting down DiscoveryClient ...
[cms] 00:37:48.567 [main] INFO  com.netflix.discovery.DiscoveryClient[911] - Completed shut down of DiscoveryClient
[cms] 00:46:35.722 [main] INFO  org.springframework.context.support.PostProcessorRegistrationDelegate$BeanPostProcessorChecker[330] - Bean 'org.springframework.cloud.autoconfigure.ConfigurationPropertiesRebinderAutoConfiguration' of type [org.springframework.cloud.autoconfigure.ConfigurationPropertiesRebinderAutoConfiguration$$EnhancerBySpringCGLIB$$a945bca2] is not eligible for getting processed by all BeanPostProcessors (for example: not eligible for auto-proxying)
[cms] 00:46:37.852 [main] INFO  org.springframework.cloud.commons.util.InetUtils[170] - Cannot determine local hostname
[cms] 00:46:37.914 [main] INFO  org.springframework.cloud.netflix.eureka.InstanceInfoFactory[71] - Setting initial instance status as: STARTING
[cms] 00:46:38.043 [main] INFO  com.netflix.discovery.DiscoveryClient[349] - Initializing Eureka in region us-east-1
[cms] 00:46:39.662 [main] INFO  com.netflix.discovery.provider.DiscoveryJerseyProvider[70] - Using JSON encoding codec LegacyJacksonJson
[cms] 00:46:39.666 [main] INFO  com.netflix.discovery.provider.DiscoveryJerseyProvider[71] - Using JSON decoding codec LegacyJacksonJson
[cms] 00:46:40.021 [main] INFO  com.netflix.discovery.provider.DiscoveryJerseyProvider[80] - Using XML encoding codec XStreamXml
[cms] 00:46:40.024 [main] INFO  com.netflix.discovery.provider.DiscoveryJerseyProvider[81] - Using XML decoding codec XStreamXml
[cms] 00:46:40.513 [main] INFO  com.netflix.discovery.shared.resolver.aws.ConfigClusterResolver[43] - Resolving eureka endpoints via configuration
[cms] 00:46:41.287 [main] INFO  com.netflix.discovery.DiscoveryClient[958] - Disable delta property : false
[cms] 00:46:41.290 [main] INFO  com.netflix.discovery.DiscoveryClient[959] - Single vip registry refresh property : null
[cms] 00:46:41.292 [main] INFO  com.netflix.discovery.DiscoveryClient[960] - Force full registry fetch : false
[cms] 00:46:41.296 [main] INFO  com.netflix.discovery.DiscoveryClient[961] - Application is null : false
[cms] 00:46:41.302 [main] INFO  com.netflix.discovery.DiscoveryClient[962] - Registered Applications size is zero : true
[cms] 00:46:41.305 [main] INFO  com.netflix.discovery.DiscoveryClient[964] - Application version is -1: true
[cms] 00:46:41.308 [main] INFO  com.netflix.discovery.DiscoveryClient[1047] - Getting all instance registry info from the eureka server
[cms] 00:46:41.739 [main] INFO  com.netflix.discovery.DiscoveryClient[1056] - The response status is 200
[cms] 00:46:41.747 [main] INFO  com.netflix.discovery.DiscoveryClient[1317] - Not registering with Eureka server per configuration
[cms] 00:46:41.759 [main] INFO  com.netflix.discovery.DiscoveryClient[449] - Discovery Client initialized at timestamp 1556470001757 with initial instances count: 2
[cms] 00:46:44.014 [main] INFO  org.springframework.cloud.config.client.ConfigServicePropertySourceLocator[205] - Fetching config from server at : http://10.0.75.1:8082/
[cms] 00:46:50.684 [main] INFO  org.springframework.cloud.config.client.ConfigServicePropertySourceLocator[149] - Located environment: name=gateway-server, profiles=[dev], label=null, version=6a70c56a8ba47a7f1ef6d948c47194af1c9db11d, state=null
[cms] 00:46:50.688 [main] INFO  org.springframework.cloud.bootstrap.config.PropertySourceBootstrapConfiguration[98] - Located property source: CompositePropertySource {name='configService', propertySources=[MapPropertySource {name='configClient'}, MapPropertySource {name='https://github.com/white211/SpringcloudConfig//gateway-server/gateway-server-dev.yml'}, MapPropertySource {name='https://github.com/white211/SpringcloudConfig//gateway-server/application.yml'}]}
[cms] 00:46:50.855 [main] INFO  com.white.gatewayserver.GatewayServerApplication[679] - The following profiles are active: dev
[cms] 00:46:52.575 [main] INFO  org.springframework.data.repository.config.RepositoryConfigurationDelegate[126] - Bootstrapping Spring Data repositories in DEFAULT mode.
[cms] 00:46:52.646 [main] INFO  org.springframework.data.repository.config.RepositoryConfigurationDelegate[182] - Finished Spring Data repository scanning in 55ms. Found 0 repository interfaces.
[cms] 00:46:53.801 [main] INFO  org.springframework.cloud.context.scope.GenericScope[294] - BeanFactory id=6494c364-1b16-3cdf-b119-1b889e042a30
[cms] 00:46:53.848 [main] INFO  org.springframework.context.support.PostProcessorRegistrationDelegate$BeanPostProcessorChecker[330] - Bean 'shiroConfig' of type [com.white.gatewayserver.config.shiro.ShiroConfig$$EnhancerBySpringCGLIB$$f89048ed] is not eligible for getting processed by all BeanPostProcessors (for example: not eligible for auto-proxying)
[cms] 00:46:53.967 [main] INFO  org.springframework.context.support.PostProcessorRegistrationDelegate$BeanPostProcessorChecker[330] - Bean 'redisConfig' of type [com.white.gatewayserver.config.RedisConfig$$EnhancerBySpringCGLIB$$bc875914] is not eligible for getting processed by all BeanPostProcessors (for example: not eligible for auto-proxying)
[cms] 00:46:54.051 [main] INFO  org.springframework.context.support.PostProcessorRegistrationDelegate$BeanPostProcessorChecker[330] - Bean 'redisPoolFactory' of type [redis.clients.jedis.JedisPool] is not eligible for getting processed by all BeanPostProcessors (for example: not eligible for auto-proxying)
[cms] 00:46:54.063 [main] INFO  org.springframework.context.support.PostProcessorRegistrationDelegate$BeanPostProcessorChecker[330] - Bean 'jedisHelper' of type [com.white.gatewayserver.helper.JedisHelper] is not eligible for getting processed by all BeanPostProcessors (for example: not eligible for auto-proxying)
[cms] 00:46:54.072 [main] INFO  org.springframework.context.support.PostProcessorRegistrationDelegate$BeanPostProcessorChecker[330] - Bean 'myRealm' of type [com.white.gatewayserver.config.shiro.MyRealm] is not eligible for getting processed by all BeanPostProcessors (for example: not eligible for auto-proxying)
[cms] 00:46:54.329 [main] INFO  org.springframework.context.support.PostProcessorRegistrationDelegate$BeanPostProcessorChecker[330] - Bean 'securityManager' of type [org.apache.shiro.web.mgt.DefaultWebSecurityManager] is not eligible for getting processed by all BeanPostProcessors (for example: not eligible for auto-proxying)
[cms] 00:46:54.611 [main] INFO  org.springframework.context.support.PostProcessorRegistrationDelegate$BeanPostProcessorChecker[330] - Bean 'authorizationAttributeSourceAdvisor' of type [org.apache.shiro.spring.security.interceptor.AuthorizationAttributeSourceAdvisor] is not eligible for getting processed by all BeanPostProcessors (for example: not eligible for auto-proxying)
[cms] 00:46:55.355 [main] INFO  org.springframework.context.support.PostProcessorRegistrationDelegate$BeanPostProcessorChecker[330] - Bean 'org.springframework.cloud.autoconfigure.ConfigurationPropertiesRebinderAutoConfiguration' of type [org.springframework.cloud.autoconfigure.ConfigurationPropertiesRebinderAutoConfiguration$$EnhancerBySpringCGLIB$$a945bca2] is not eligible for getting processed by all BeanPostProcessors (for example: not eligible for auto-proxying)
[cms] 00:46:56.534 [main] INFO  org.springframework.boot.web.embedded.tomcat.TomcatWebServer[90] - Tomcat initialized with port(s): 8084 (http)
[cms] 00:46:56.608 [main] INFO  org.apache.catalina.core.StandardService[173] - Starting service [Tomcat]
[cms] 00:46:56.611 [main] INFO  org.apache.catalina.core.StandardEngine[173] - Starting Servlet engine: [Apache Tomcat/9.0.17]
[cms] 00:46:56.915 [main] INFO  org.apache.catalina.core.ContainerBase.[Tomcat].[localhost].[/][173] - Initializing Spring embedded WebApplicationContext
[cms] 00:46:56.920 [main] INFO  org.springframework.web.context.ContextLoader[296] - Root WebApplicationContext: initialization completed in 6018 ms
[cms] 00:46:57.223 [main] INFO  com.netflix.config.sources.URLConfigurationSource[122] - To enable URLs as dynamic configuration sources, define System property archaius.configurationSource.additionalUrls or make config.properties available on classpath.
[cms] 00:46:57.278 [main] INFO  com.netflix.config.DynamicPropertyFactory[281] - DynamicPropertyFactory is initialized with configuration sources: com.netflix.config.ConcurrentCompositeConfiguration@51aec7fe
[cms] 00:47:00.242 [main] INFO  org.springframework.cloud.commons.util.InetUtils[170] - Cannot determine local hostname
[cms] 00:47:03.583 [main] INFO  org.springframework.cloud.commons.util.InetUtils[170] - Cannot determine local hostname
[cms] 00:47:03.973 [main] INFO  org.springframework.boot.actuate.endpoint.web.ServletEndpointRegistrar[78] - Registered '/actuator/jolokia' to jolokia-actuator-endpoint
[cms] 00:47:03.977 [main] INFO  org.springframework.boot.actuate.endpoint.web.ServletEndpointRegistrar[78] - Registered '/actuator/hystrix.stream' to hystrix.stream-actuator-endpoint
[cms] 00:47:04.152 [main] INFO  com.netflix.config.sources.URLConfigurationSource[122] - To enable URLs as dynamic configuration sources, define System property archaius.configurationSource.additionalUrls or make config.properties available on classpath.
[cms] 00:47:04.758 [main] INFO  org.springframework.scheduling.concurrent.ThreadPoolTaskExecutor[171] - Initializing ExecutorService 'applicationTaskExecutor'
[cms] 00:47:06.537 [main] INFO  com.netflix.discovery.DiscoveryClient[888] - Shutting down DiscoveryClient ...
[cms] 00:47:06.556 [main] INFO  com.netflix.discovery.DiscoveryClient[911] - Completed shut down of DiscoveryClient
[cms] 00:47:06.748 [main] INFO  org.springframework.cloud.netflix.zuul.ZuulFilterInitializer[65] - Starting filter initializer
[cms] 00:47:06.805 [main] INFO  org.springframework.boot.actuate.endpoint.web.EndpointLinksResolver[59] - Exposing 23 endpoint(s) beneath base path '/actuator'
[cms] 00:47:06.957 [main] INFO  org.springframework.cloud.netflix.eureka.InstanceInfoFactory[71] - Setting initial instance status as: STARTING
[cms] 00:47:06.972 [main] INFO  com.netflix.discovery.DiscoveryClient[349] - Initializing Eureka in region us-east-1
[cms] 00:47:06.984 [main] INFO  com.netflix.discovery.provider.DiscoveryJerseyProvider[70] - Using JSON encoding codec LegacyJacksonJson
[cms] 00:47:06.987 [main] INFO  com.netflix.discovery.provider.DiscoveryJerseyProvider[71] - Using JSON decoding codec LegacyJacksonJson
[cms] 00:47:06.991 [main] INFO  com.netflix.discovery.provider.DiscoveryJerseyProvider[80] - Using XML encoding codec XStreamXml
[cms] 00:47:06.994 [main] INFO  com.netflix.discovery.provider.DiscoveryJerseyProvider[81] - Using XML decoding codec XStreamXml
[cms] 00:47:07.105 [main] INFO  com.netflix.discovery.shared.resolver.aws.ConfigClusterResolver[43] - Resolving eureka endpoints via configuration
[cms] 00:47:07.111 [main] INFO  com.netflix.discovery.DiscoveryClient[958] - Disable delta property : false
[cms] 00:47:07.119 [main] INFO  com.netflix.discovery.DiscoveryClient[959] - Single vip registry refresh property : null
[cms] 00:47:07.121 [main] INFO  com.netflix.discovery.DiscoveryClient[960] - Force full registry fetch : false
[cms] 00:47:07.125 [main] INFO  com.netflix.discovery.DiscoveryClient[961] - Application is null : false
[cms] 00:47:07.128 [main] INFO  com.netflix.discovery.DiscoveryClient[962] - Registered Applications size is zero : true
[cms] 00:47:07.133 [main] INFO  com.netflix.discovery.DiscoveryClient[964] - Application version is -1: true
[cms] 00:47:07.135 [main] INFO  com.netflix.discovery.DiscoveryClient[1047] - Getting all instance registry info from the eureka server
[cms] 00:47:07.150 [main] INFO  com.netflix.discovery.DiscoveryClient[1056] - The response status is 200
[cms] 00:47:07.152 [main] INFO  com.netflix.discovery.DiscoveryClient[1270] - Starting heartbeat executor: renew interval is: 30
[cms] 00:47:07.160 [main] INFO  com.netflix.discovery.InstanceInfoReplicator[60] - InstanceInfoReplicator onDemand update allowed rate per min is 4
[cms] 00:47:07.164 [main] INFO  com.netflix.discovery.DiscoveryClient[449] - Discovery Client initialized at timestamp 1556470027164 with initial instances count: 2
[cms] 00:47:07.180 [main] INFO  org.springframework.cloud.netflix.eureka.serviceregistry.EurekaServiceRegistry[42] - Registering application GATEWAY-SERVER with eureka with status UP
[cms] 00:47:07.185 [main] INFO  com.netflix.discovery.DiscoveryClient[1305] - Saw local status change event StatusChangeEvent [timestamp=1556470027185, current=UP, previous=STARTING]
[cms] 00:47:07.195 [DiscoveryClient-InstanceInfoReplicator-0] INFO  com.netflix.discovery.DiscoveryClient[826] - DiscoveryClient_GATEWAY-SERVER/localhost:gateway-server:8084: registering service...
[cms] 00:47:07.318 [main] INFO  org.springframework.boot.web.embedded.tomcat.TomcatWebServer[204] - Tomcat started on port(s): 8084 (http) with context path ''
[cms] 00:47:07.324 [DiscoveryClient-InstanceInfoReplicator-0] INFO  com.netflix.discovery.DiscoveryClient[835] - DiscoveryClient_GATEWAY-SERVER/localhost:gateway-server:8084 - registration status: 204
[cms] 00:47:07.327 [main] INFO  org.springframework.cloud.netflix.eureka.serviceregistry.EurekaAutoServiceRegistration[141] - Updating port to 8084
[cms] 00:47:07.339 [main] INFO  com.white.gatewayserver.GatewayServerApplication[59] - Started GatewayServerApplication in 36.764 seconds (JVM running for 59.952)
[cms] 00:47:56.647 [http-nio-8084-exec-10] INFO  org.apache.catalina.core.ContainerBase.[Tomcat].[localhost].[/][173] - Initializing Spring DispatcherServlet 'dispatcherServlet'
[cms] 00:47:56.650 [http-nio-8084-exec-10] INFO  org.springframework.web.servlet.DispatcherServlet[524] - Initializing Servlet 'dispatcherServlet'
[cms] 00:47:56.687 [http-nio-8084-exec-10] INFO  org.springframework.web.servlet.DispatcherServlet[546] - Completed initialization in 36 ms
[cms] 00:47:56.847 [http-nio-8084-exec-10] INFO  org.springframework.amqp.rabbit.connection.CachingConnectionFactory[460] - Attempting to connect to: [localhost:5672]
[cms] 00:47:57.054 [http-nio-8084-exec-10] INFO  org.springframework.amqp.rabbit.connection.CachingConnectionFactory[496] - Created new connection: rabbitConnectionFactory#3d4af3e1:0/SimpleConnection@2eaf409e [delegate=amqp://guest@127.0.0.1:5672/, localPort= 51810]
[cms] 00:47:58.488 [http-nio-8084-exec-10] INFO  org.springframework.cloud.config.client.ConfigServicePropertySourceLocator[205] - Fetching config from server at : http://10.0.75.1:8082/
[cms] 00:48:01.895 [http-nio-8084-exec-10] INFO  org.springframework.cloud.config.client.ConfigServicePropertySourceLocator[149] - Located environment: name=gateway-server, profiles=[dev], label=null, version=6a70c56a8ba47a7f1ef6d948c47194af1c9db11d, state=null
[cms] 00:48:03.205 [http-nio-8084-exec-1] INFO  org.apache.catalina.core.ContainerBase.[Tomcat].[localhost].[/][173] - jolokia-actuator-endpoint: No access restrictor found, access to any MBean is allowed
[cms] 00:48:05.950 [Thread-8] INFO  org.springframework.cloud.netflix.eureka.serviceregistry.EurekaServiceRegistry[65] - Unregistering application GATEWAY-SERVER with eureka with status DOWN
[cms] 00:48:05.958 [DiscoveryClient-InstanceInfoReplicator-0] INFO  com.netflix.discovery.DiscoveryClient[826] - DiscoveryClient_GATEWAY-SERVER/localhost:gateway-server:8084: registering service...
[cms] 00:48:05.984 [DiscoveryClient-InstanceInfoReplicator-0] INFO  com.netflix.discovery.DiscoveryClient[835] - DiscoveryClient_GATEWAY-SERVER/localhost:gateway-server:8084 - registration status: 204
[cms] 00:48:05.987 [Thread-8] INFO  org.springframework.cloud.netflix.zuul.ZuulFilterInitializer[77] - Stopping filter initializer
[cms] 00:48:06.013 [Thread-8] INFO  org.springframework.scheduling.concurrent.ThreadPoolTaskExecutor[208] - Shutting down ExecutorService 'applicationTaskExecutor'
[cms] 00:48:06.145 [Thread-8] INFO  com.netflix.discovery.DiscoveryClient[888] - Shutting down DiscoveryClient ...
[cms] 00:48:09.148 [Thread-8] INFO  com.netflix.discovery.DiscoveryClient[922] - Unregistering ...
[cms] 00:48:09.166 [Thread-8] INFO  com.netflix.discovery.DiscoveryClient[924] - DiscoveryClient_GATEWAY-SERVER/localhost:gateway-server:8084 - deregister  status: 200
[cms] 00:48:09.202 [Thread-8] INFO  com.netflix.discovery.DiscoveryClient[911] - Completed shut down of DiscoveryClient
[cms] 00:58:16.390 [main] INFO  org.springframework.context.support.PostProcessorRegistrationDelegate$BeanPostProcessorChecker[330] - Bean 'org.springframework.cloud.autoconfigure.ConfigurationPropertiesRebinderAutoConfiguration' of type [org.springframework.cloud.autoconfigure.ConfigurationPropertiesRebinderAutoConfiguration$$EnhancerBySpringCGLIB$$56a24cd] is not eligible for getting processed by all BeanPostProcessors (for example: not eligible for auto-proxying)
[cms] 00:58:18.604 [main] INFO  org.springframework.cloud.commons.util.InetUtils[170] - Cannot determine local hostname
[cms] 00:58:18.671 [main] INFO  org.springframework.cloud.netflix.eureka.InstanceInfoFactory[71] - Setting initial instance status as: STARTING
[cms] 00:58:18.864 [main] INFO  com.netflix.discovery.DiscoveryClient[349] - Initializing Eureka in region us-east-1
[cms] 00:58:24.115 [main] INFO  com.netflix.discovery.provider.DiscoveryJerseyProvider[70] - Using JSON encoding codec LegacyJacksonJson
[cms] 00:58:24.119 [main] INFO  com.netflix.discovery.provider.DiscoveryJerseyProvider[71] - Using JSON decoding codec LegacyJacksonJson
[cms] 00:58:24.626 [main] INFO  com.netflix.discovery.provider.DiscoveryJerseyProvider[80] - Using XML encoding codec XStreamXml
[cms] 00:58:24.635 [main] INFO  com.netflix.discovery.provider.DiscoveryJerseyProvider[81] - Using XML decoding codec XStreamXml
[cms] 00:58:25.448 [main] INFO  com.netflix.discovery.shared.resolver.aws.ConfigClusterResolver[43] - Resolving eureka endpoints via configuration
[cms] 00:58:26.524 [main] INFO  com.netflix.discovery.DiscoveryClient[958] - Disable delta property : false
[cms] 00:58:26.527 [main] INFO  com.netflix.discovery.DiscoveryClient[959] - Single vip registry refresh property : null
[cms] 00:58:26.529 [main] INFO  com.netflix.discovery.DiscoveryClient[960] - Force full registry fetch : false
[cms] 00:58:26.531 [main] INFO  com.netflix.discovery.DiscoveryClient[961] - Application is null : false
[cms] 00:58:26.533 [main] INFO  com.netflix.discovery.DiscoveryClient[962] - Registered Applications size is zero : true
[cms] 00:58:26.534 [main] INFO  com.netflix.discovery.DiscoveryClient[964] - Application version is -1: true
[cms] 00:58:26.537 [main] INFO  com.netflix.discovery.DiscoveryClient[1047] - Getting all instance registry info from the eureka server
[cms] 00:58:27.158 [main] INFO  com.netflix.discovery.DiscoveryClient[1056] - The response status is 200
[cms] 00:58:27.202 [main] INFO  com.netflix.discovery.DiscoveryClient[1317] - Not registering with Eureka server per configuration
[cms] 00:58:27.265 [main] INFO  com.netflix.discovery.DiscoveryClient[449] - Discovery Client initialized at timestamp 1556470707251 with initial instances count: 2
[cms] 00:58:30.491 [main] INFO  org.springframework.cloud.config.client.ConfigServicePropertySourceLocator[205] - Fetching config from server at : http://10.0.75.1:8082/
[cms] 00:58:35.795 [main] INFO  org.springframework.cloud.config.client.ConfigServicePropertySourceLocator[149] - Located environment: name=gateway-server, profiles=[dev], label=null, version=6a70c56a8ba47a7f1ef6d948c47194af1c9db11d, state=null
[cms] 00:58:35.799 [main] INFO  org.springframework.cloud.bootstrap.config.PropertySourceBootstrapConfiguration[98] - Located property source: CompositePropertySource {name='configService', propertySources=[MapPropertySource {name='configClient'}, MapPropertySource {name='https://github.com/white211/SpringcloudConfig//gateway-server/gateway-server-dev.yml'}, MapPropertySource {name='https://github.com/white211/SpringcloudConfig//gateway-server/application.yml'}]}
[cms] 00:58:35.983 [main] INFO  com.white.gatewayserver.GatewayServerApplication[679] - The following profiles are active: dev
[cms] 00:58:38.195 [main] INFO  org.springframework.data.repository.config.RepositoryConfigurationDelegate[126] - Bootstrapping Spring Data repositories in DEFAULT mode.
[cms] 00:58:38.280 [main] INFO  org.springframework.data.repository.config.RepositoryConfigurationDelegate[182] - Finished Spring Data repository scanning in 68ms. Found 0 repository interfaces.
[cms] 00:58:39.072 [main] INFO  org.springframework.cloud.context.scope.GenericScope[294] - BeanFactory id=f5a3fb5f-b1b8-32d4-b9d5-771536d09945
[cms] 00:58:39.099 [main] INFO  org.springframework.context.support.PostProcessorRegistrationDelegate$BeanPostProcessorChecker[330] - Bean 'shiroConfig' of type [com.white.gatewayserver.config.shiro.ShiroConfig$$EnhancerBySpringCGLIB$$54b4b118] is not eligible for getting processed by all BeanPostProcessors (for example: not eligible for auto-proxying)
[cms] 00:58:39.211 [main] INFO  org.springframework.context.support.PostProcessorRegistrationDelegate$BeanPostProcessorChecker[330] - Bean 'redisConfig' of type [com.white.gatewayserver.config.RedisConfig$$EnhancerBySpringCGLIB$$18abc13f] is not eligible for getting processed by all BeanPostProcessors (for example: not eligible for auto-proxying)
[cms] 00:58:39.291 [main] INFO  org.springframework.context.support.PostProcessorRegistrationDelegate$BeanPostProcessorChecker[330] - Bean 'redisPoolFactory' of type [redis.clients.jedis.JedisPool] is not eligible for getting processed by all BeanPostProcessors (for example: not eligible for auto-proxying)
[cms] 00:58:39.298 [main] INFO  org.springframework.context.support.PostProcessorRegistrationDelegate$BeanPostProcessorChecker[330] - Bean 'jedisHelper' of type [com.white.gatewayserver.helper.JedisHelper] is not eligible for getting processed by all BeanPostProcessors (for example: not eligible for auto-proxying)
[cms] 00:58:39.301 [main] INFO  org.springframework.context.support.PostProcessorRegistrationDelegate$BeanPostProcessorChecker[330] - Bean 'myRealm' of type [com.white.gatewayserver.config.shiro.MyRealm] is not eligible for getting processed by all BeanPostProcessors (for example: not eligible for auto-proxying)
[cms] 00:58:39.472 [main] INFO  org.springframework.context.support.PostProcessorRegistrationDelegate$BeanPostProcessorChecker[330] - Bean 'securityManager' of type [org.apache.shiro.web.mgt.DefaultWebSecurityManager] is not eligible for getting processed by all BeanPostProcessors (for example: not eligible for auto-proxying)
[cms] 00:58:39.642 [main] INFO  org.springframework.context.support.PostProcessorRegistrationDelegate$BeanPostProcessorChecker[330] - Bean 'authorizationAttributeSourceAdvisor' of type [org.apache.shiro.spring.security.interceptor.AuthorizationAttributeSourceAdvisor] is not eligible for getting processed by all BeanPostProcessors (for example: not eligible for auto-proxying)
[cms] 00:58:39.852 [main] INFO  org.springframework.boot.autoconfigure.logging.ConditionEvaluationReportLoggingListener[142] - 

Error starting ApplicationContext. To display the conditions report re-run your application with 'debug' enabled.
[cms] 00:58:39.859 [main] INFO  com.netflix.discovery.DiscoveryClient[888] - Shutting down DiscoveryClient ...
[cms] 00:58:39.888 [main] INFO  com.netflix.discovery.DiscoveryClient[911] - Completed shut down of DiscoveryClient
