[cms] 23:53:00.709 [main] INFO  org.springframework.context.support.PostProcessorRegistrationDelegate$BeanPostProcessorChecker[330] - Bean 'org.springframework.cloud.autoconfigure.ConfigurationPropertiesRebinderAutoConfiguration' of type [org.springframework.cloud.autoconfigure.ConfigurationPropertiesRebinderAutoConfiguration$$EnhancerBySpringCGLIB$$fc4a3ca2] is not eligible for getting processed by all BeanPostProcessors (for example: not eligible for auto-proxying)
[cms] 23:53:03.369 [main] INFO  org.springframework.cloud.config.client.ConfigServicePropertySourceLocator[205] - Fetching config from server at : http://localhost:8888
[cms] 23:53:04.639 [main] INFO  org.springframework.cloud.config.client.ConfigServicePropertySourceLocator[227] - Connect Timeout Exception on Url - http://localhost:8888. Will be trying the next url if available
[cms] 23:53:04.651 [main] INFO  com.white.gatewayserver.GatewayServerApplication[679] - The following profiles are active: dev
[cms] 23:53:07.134 [main] INFO  org.springframework.cloud.context.scope.GenericScope[294] - BeanFactory id=1b3ccd39-e6ee-3cb5-907d-c445ea73b7c6
[cms] 23:53:08.091 [main] INFO  org.springframework.context.support.PostProcessorRegistrationDelegate$BeanPostProcessorChecker[330] - Bean 'org.springframework.cloud.autoconfigure.ConfigurationPropertiesRebinderAutoConfiguration' of type [org.springframework.cloud.autoconfigure.ConfigurationPropertiesRebinderAutoConfiguration$$EnhancerBySpringCGLIB$$fc4a3ca2] is not eligible for getting processed by all BeanPostProcessors (for example: not eligible for auto-proxying)
[cms] 23:53:09.723 [main] INFO  org.springframework.boot.web.embedded.tomcat.TomcatWebServer[90] - Tomcat initialized with port(s): 8080 (http)
[cms] 23:53:09.806 [main] INFO  org.apache.catalina.core.StandardService[173] - Starting service [Tomcat]
[cms] 23:53:09.809 [main] INFO  org.apache.catalina.core.StandardEngine[173] - Starting Servlet engine: [Apache Tomcat/9.0.17]
[cms] 23:53:10.525 [main] INFO  org.apache.catalina.core.ContainerBase.[Tomcat].[localhost].[/][173] - Initializing Spring embedded WebApplicationContext
[cms] 23:53:10.528 [main] INFO  org.springframework.web.context.ContextLoader[296] - Root WebApplicationContext: initialization completed in 5845 ms
[cms] 23:53:10.860 [main] INFO  com.netflix.config.sources.URLConfigurationSource[122] - To enable URLs as dynamic configuration sources, define System property archaius.configurationSource.additionalUrls or make config.properties available on classpath.
[cms] 23:53:10.893 [main] INFO  com.netflix.config.DynamicPropertyFactory[281] - DynamicPropertyFactory is initialized with configuration sources: com.netflix.config.ConcurrentCompositeConfiguration@20635874
[cms] 23:53:13.270 [main] INFO  org.springframework.cloud.commons.util.InetUtils[170] - Cannot determine local hostname
[cms] 23:53:15.587 [main] INFO  org.springframework.cloud.commons.util.InetUtils[170] - Cannot determine local hostname
[cms] 23:53:16.605 [main] INFO  com.netflix.config.sources.URLConfigurationSource[122] - To enable URLs as dynamic configuration sources, define System property archaius.configurationSource.additionalUrls or make config.properties available on classpath.
[cms] 23:53:17.098 [main] INFO  org.springframework.scheduling.concurrent.ThreadPoolTaskExecutor[171] - Initializing ExecutorService 'applicationTaskExecutor'
[cms] 23:53:19.451 [main] INFO  org.springframework.cloud.netflix.zuul.ZuulFilterInitializer[65] - Starting filter initializer
[cms] 23:53:19.497 [main] INFO  org.springframework.boot.actuate.endpoint.web.EndpointLinksResolver[59] - Exposing 2 endpoint(s) beneath base path '/actuator'
[cms] 23:53:19.825 [main] INFO  org.springframework.cloud.netflix.eureka.InstanceInfoFactory[71] - Setting initial instance status as: STARTING
[cms] 23:53:19.958 [main] INFO  com.netflix.discovery.DiscoveryClient[349] - Initializing Eureka in region us-east-1
[cms] 23:53:20.129 [main] INFO  com.netflix.discovery.provider.DiscoveryJerseyProvider[70] - Using JSON encoding codec LegacyJacksonJson
[cms] 23:53:20.138 [main] INFO  com.netflix.discovery.provider.DiscoveryJerseyProvider[71] - Using JSON decoding codec LegacyJacksonJson
[cms] 23:53:20.677 [main] INFO  com.netflix.discovery.provider.DiscoveryJerseyProvider[80] - Using XML encoding codec XStreamXml
[cms] 23:53:20.694 [main] INFO  com.netflix.discovery.provider.DiscoveryJerseyProvider[81] - Using XML decoding codec XStreamXml
[cms] 23:53:21.528 [main] INFO  com.netflix.discovery.shared.resolver.aws.ConfigClusterResolver[43] - Resolving eureka endpoints via configuration
[cms] 23:53:22.831 [main] INFO  com.netflix.discovery.DiscoveryClient[958] - Disable delta property : false
[cms] 23:53:22.835 [main] INFO  com.netflix.discovery.DiscoveryClient[959] - Single vip registry refresh property : null
[cms] 23:53:22.847 [main] INFO  com.netflix.discovery.DiscoveryClient[960] - Force full registry fetch : false
[cms] 23:53:22.849 [main] INFO  com.netflix.discovery.DiscoveryClient[961] - Application is null : false
[cms] 23:53:22.853 [main] INFO  com.netflix.discovery.DiscoveryClient[962] - Registered Applications size is zero : true
[cms] 23:53:22.856 [main] INFO  com.netflix.discovery.DiscoveryClient[964] - Application version is -1: true
[cms] 23:53:22.866 [main] INFO  com.netflix.discovery.DiscoveryClient[1047] - Getting all instance registry info from the eureka server
[cms] 23:53:23.320 [main] INFO  com.netflix.discovery.DiscoveryClient[1056] - The response status is 200
[cms] 23:53:23.328 [main] INFO  com.netflix.discovery.DiscoveryClient[1270] - Starting heartbeat executor: renew interval is: 30
[cms] 23:53:23.338 [main] INFO  com.netflix.discovery.InstanceInfoReplicator[60] - InstanceInfoReplicator onDemand update allowed rate per min is 4
[cms] 23:53:23.408 [main] INFO  com.netflix.discovery.DiscoveryClient[449] - Discovery Client initialized at timestamp 1556380403381 with initial instances count: 2
[cms] 23:53:23.427 [main] INFO  org.springframework.cloud.netflix.eureka.serviceregistry.EurekaServiceRegistry[42] - Registering application GATEWAY-SERVER with eureka with status UP
[cms] 23:53:23.431 [main] INFO  com.netflix.discovery.DiscoveryClient[1305] - Saw local status change event StatusChangeEvent [timestamp=1556380403431, current=UP, previous=STARTING]
[cms] 23:53:23.443 [DiscoveryClient-InstanceInfoReplicator-0] INFO  com.netflix.discovery.DiscoveryClient[826] - DiscoveryClient_GATEWAY-SERVER/localhost:gateway-server: registering service...
[cms] 23:53:23.604 [main] INFO  org.apache.catalina.core.StandardService[173] - Stopping service [Tomcat]
[cms] 23:53:23.756 [main] INFO  org.springframework.boot.autoconfigure.logging.ConditionEvaluationReportLoggingListener[142] - 

Error starting ApplicationContext. To display the conditions report re-run your application with 'debug' enabled.
[cms] 23:53:23.778 [main] INFO  org.springframework.cloud.netflix.eureka.serviceregistry.EurekaServiceRegistry[65] - Unregistering application GATEWAY-SERVER with eureka with status DOWN
[cms] 23:53:23.786 [main] INFO  org.springframework.cloud.netflix.zuul.ZuulFilterInitializer[77] - Stopping filter initializer
[cms] 23:53:23.798 [main] INFO  org.springframework.scheduling.concurrent.ThreadPoolTaskExecutor[208] - Shutting down ExecutorService 'applicationTaskExecutor'
[cms] 23:53:23.834 [DiscoveryClient-InstanceInfoReplicator-0] INFO  com.netflix.discovery.DiscoveryClient[835] - DiscoveryClient_GATEWAY-SERVER/localhost:gateway-server - registration status: 204
[cms] 23:53:23.836 [DiscoveryClient-InstanceInfoReplicator-0] INFO  com.netflix.discovery.DiscoveryClient[826] - DiscoveryClient_GATEWAY-SERVER/localhost:gateway-server: registering service...
[cms] 23:53:23.868 [main] INFO  com.netflix.discovery.DiscoveryClient[888] - Shutting down DiscoveryClient ...
[cms] 23:53:23.875 [DiscoveryClient-InstanceInfoReplicator-0] INFO  com.netflix.discovery.DiscoveryClient[835] - DiscoveryClient_GATEWAY-SERVER/localhost:gateway-server - registration status: 204
[cms] 23:53:23.878 [main] INFO  com.netflix.discovery.DiscoveryClient[922] - Unregistering ...
[cms] 23:53:23.896 [main] INFO  com.netflix.discovery.DiscoveryClient[924] - DiscoveryClient_GATEWAY-SERVER/localhost:gateway-server - deregister  status: 200
[cms] 23:53:23.921 [main] INFO  com.netflix.discovery.DiscoveryClient[911] - Completed shut down of DiscoveryClient
