[cms] 12:30:45.265 [main] WARN  org.springframework.cloud.config.client.ConfigServicePropertySourceLocator[140] - Could not locate PropertySource: {"timestamp":"2019-05-12T04:30:45.192+0000","status":500,"error":"Internal Server Error","message":"Failed to load property source from location 'file:/C:/Users/white/AppData/Local/Temp/config-repo-4722545479747751861/gateway-server/gateway-server-dev.yml'","path":"/gateway-server/dev"}
[cms] 12:30:48.750 [main] WARN  org.mybatis.spring.mapper.ClassPathMapperScanner[166] - No MyBatis mapper was found in '[com.white.userserver.mapper.*]' package. Please check your configuration.
[cms] 12:30:50.526 [main] WARN  org.springframework.boot.actuate.endpoint.EndpointId[135] - Endpoint ID 'service-registry' contains invalid characters, please migrate to a valid format.
[cms] 12:30:50.606 [main] WARN  org.springframework.boot.actuate.endpoint.EndpointId[135] - Endpoint ID 'hystrix.stream' contains invalid characters, please migrate to a valid format.
[cms] 12:30:51.888 [main] WARN  org.springframework.boot.web.servlet.context.AnnotationConfigServletWebServerApplicationContext[557] - Exception encountered during context initialization - cancelling refresh attempt: org.springframework.beans.factory.UnsatisfiedDependencyException: Error creating bean with name 'methodValidationPostProcessor' defined in class path resource [org/springframework/boot/autoconfigure/validation/ValidationAutoConfiguration.class]: Unsatisfied dependency expressed through method 'methodValidationPostProcessor' parameter 0; nested exception is org.springframework.beans.factory.UnsatisfiedDependencyException: Error creating bean with name 'shiroFilter' defined in class path resource [com/white/gatewayserver/config/shiro/ShiroConfig.class]: Unsatisfied dependency expressed through method 'factory' parameter 0; nested exception is org.springframework.beans.factory.UnsatisfiedDependencyException: Error creating bean with name 'securityManager' defined in class path resource [com/white/gatewayserver/config/shiro/ShiroConfig.class]: Unsatisfied dependency expressed through method 'getManager' parameter 0; nested exception is org.springframework.beans.factory.UnsatisfiedDependencyException: Error creating bean with name 'myRealm': Unsatisfied dependency expressed through field 'jedisHelper'; nested exception is org.springframework.beans.factory.UnsatisfiedDependencyException: Error creating bean with name 'jedisHelper': Unsatisfied dependency expressed through field 'jedisPool'; nested exception is org.springframework.beans.factory.BeanCreationException: Error creating bean with name 'redisConfig': Injection of autowired dependencies failed; nested exception is java.lang.IllegalArgumentException: Could not resolve placeholder 'spring.redis.database' in value "${spring.redis.database}"
[cms] 12:34:47.194 [main] WARN  org.springframework.cloud.config.client.ConfigServicePropertySourceLocator[140] - Could not locate PropertySource: {"timestamp":"2019-05-12T04:34:47.179+0000","status":500,"error":"Internal Server Error","message":"Failed to load property source from location 'file:/C:/Users/white/AppData/Local/Temp/config-repo-4722545479747751861/gateway-server/gateway-server-dev.yml'","path":"/gateway-server/dev"}
[cms] 12:34:48.551 [main] WARN  org.mybatis.spring.mapper.ClassPathMapperScanner[166] - No MyBatis mapper was found in '[com.white.userserver.mapper.*]' package. Please check your configuration.
[cms] 12:34:49.539 [main] WARN  org.springframework.boot.actuate.endpoint.EndpointId[135] - Endpoint ID 'service-registry' contains invalid characters, please migrate to a valid format.
[cms] 12:34:49.563 [main] WARN  org.springframework.boot.actuate.endpoint.EndpointId[135] - Endpoint ID 'hystrix.stream' contains invalid characters, please migrate to a valid format.
[cms] 12:34:50.380 [main] WARN  org.springframework.boot.web.servlet.context.AnnotationConfigServletWebServerApplicationContext[557] - Exception encountered during context initialization - cancelling refresh attempt: org.springframework.beans.factory.UnsatisfiedDependencyException: Error creating bean with name 'methodValidationPostProcessor' defined in class path resource [org/springframework/boot/autoconfigure/validation/ValidationAutoConfiguration.class]: Unsatisfied dependency expressed through method 'methodValidationPostProcessor' parameter 0; nested exception is org.springframework.beans.factory.UnsatisfiedDependencyException: Error creating bean with name 'shiroFilter' defined in class path resource [com/white/gatewayserver/config/shiro/ShiroConfig.class]: Unsatisfied dependency expressed through method 'factory' parameter 0; nested exception is org.springframework.beans.factory.UnsatisfiedDependencyException: Error creating bean with name 'securityManager' defined in class path resource [com/white/gatewayserver/config/shiro/ShiroConfig.class]: Unsatisfied dependency expressed through method 'getManager' parameter 0; nested exception is org.springframework.beans.factory.UnsatisfiedDependencyException: Error creating bean with name 'myRealm': Unsatisfied dependency expressed through field 'jedisHelper'; nested exception is org.springframework.beans.factory.UnsatisfiedDependencyException: Error creating bean with name 'jedisHelper': Unsatisfied dependency expressed through field 'jedisPool'; nested exception is org.springframework.beans.factory.BeanCreationException: Error creating bean with name 'redisConfig': Injection of autowired dependencies failed; nested exception is java.lang.IllegalArgumentException: Could not resolve placeholder 'spring.redis.database' in value "${spring.redis.database}"
[cms] 12:37:36.221 [main] WARN  org.springframework.cloud.config.client.ConfigServicePropertySourceLocator[140] - Could not locate PropertySource: {"timestamp":"2019-05-12T04:37:36.198+0000","status":500,"error":"Internal Server Error","message":"Failed to load property source from location 'file:/C:/Users/white/AppData/Local/Temp/config-repo-8546125331743182587/gateway-server/gateway-server-dev.yml'","path":"/gateway-server/dev"}
[cms] 12:37:37.525 [main] WARN  org.mybatis.spring.mapper.ClassPathMapperScanner[166] - No MyBatis mapper was found in '[com.white.userserver.mapper.*]' package. Please check your configuration.
[cms] 12:37:38.489 [main] WARN  org.springframework.boot.actuate.endpoint.EndpointId[135] - Endpoint ID 'service-registry' contains invalid characters, please migrate to a valid format.
[cms] 12:37:38.513 [main] WARN  org.springframework.boot.actuate.endpoint.EndpointId[135] - Endpoint ID 'hystrix.stream' contains invalid characters, please migrate to a valid format.
[cms] 12:37:39.211 [main] WARN  org.springframework.boot.web.servlet.context.AnnotationConfigServletWebServerApplicationContext[557] - Exception encountered during context initialization - cancelling refresh attempt: org.springframework.beans.factory.UnsatisfiedDependencyException: Error creating bean with name 'methodValidationPostProcessor' defined in class path resource [org/springframework/boot/autoconfigure/validation/ValidationAutoConfiguration.class]: Unsatisfied dependency expressed through method 'methodValidationPostProcessor' parameter 0; nested exception is org.springframework.beans.factory.UnsatisfiedDependencyException: Error creating bean with name 'shiroFilter' defined in class path resource [com/white/gatewayserver/config/shiro/ShiroConfig.class]: Unsatisfied dependency expressed through method 'factory' parameter 0; nested exception is org.springframework.beans.factory.UnsatisfiedDependencyException: Error creating bean with name 'securityManager' defined in class path resource [com/white/gatewayserver/config/shiro/ShiroConfig.class]: Unsatisfied dependency expressed through method 'getManager' parameter 0; nested exception is org.springframework.beans.factory.UnsatisfiedDependencyException: Error creating bean with name 'myRealm': Unsatisfied dependency expressed through field 'jedisHelper'; nested exception is org.springframework.beans.factory.UnsatisfiedDependencyException: Error creating bean with name 'jedisHelper': Unsatisfied dependency expressed through field 'jedisPool'; nested exception is org.springframework.beans.factory.BeanCreationException: Error creating bean with name 'redisConfig': Injection of autowired dependencies failed; nested exception is java.lang.IllegalArgumentException: Could not resolve placeholder 'spring.redis.database' in value "${spring.redis.database}"
[cms] 12:49:41.344 [main] WARN  org.springframework.cloud.config.client.ConfigServicePropertySourceLocator[140] - Could not locate PropertySource: {"timestamp":"2019-05-12T04:49:41.323+0000","status":500,"error":"Internal Server Error","message":"Failed to load property source from location 'file:/C:/Users/white/AppData/Local/Temp/config-repo-8546125331743182587/gateway-server/gateway-server-dev.yml'","path":"/gateway-server/dev"}
[cms] 12:49:42.785 [main] WARN  org.mybatis.spring.mapper.ClassPathMapperScanner[166] - No MyBatis mapper was found in '[com.white.userserver.mapper.*]' package. Please check your configuration.
[cms] 12:49:43.718 [main] WARN  org.mybatis.spring.mapper.ClassPathMapperScanner[166] - No MyBatis mapper was found in '[com.white.gatewayserver]' package. Please check your configuration.
[cms] 12:49:43.772 [main] WARN  org.mybatis.spring.mapper.ClassPathMapperScanner[166] - No MyBatis mapper was found in '[com.white.gatewayserver]' package. Please check your configuration.
[cms] 12:49:44.808 [main] WARN  org.springframework.boot.actuate.endpoint.EndpointId[135] - Endpoint ID 'service-registry' contains invalid characters, please migrate to a valid format.
[cms] 12:49:44.845 [main] WARN  org.springframework.boot.actuate.endpoint.EndpointId[135] - Endpoint ID 'hystrix.stream' contains invalid characters, please migrate to a valid format.
[cms] 12:49:45.907 [main] WARN  org.springframework.boot.web.servlet.context.AnnotationConfigServletWebServerApplicationContext[557] - Exception encountered during context initialization - cancelling refresh attempt: org.springframework.beans.factory.UnsatisfiedDependencyException: Error creating bean with name 'methodValidationPostProcessor' defined in class path resource [org/springframework/boot/autoconfigure/validation/ValidationAutoConfiguration.class]: Unsatisfied dependency expressed through method 'methodValidationPostProcessor' parameter 0; nested exception is org.springframework.beans.factory.UnsatisfiedDependencyException: Error creating bean with name 'shiroFilter' defined in class path resource [com/white/gatewayserver/config/shiro/ShiroConfig.class]: Unsatisfied dependency expressed through method 'factory' parameter 0; nested exception is org.springframework.beans.factory.UnsatisfiedDependencyException: Error creating bean with name 'securityManager' defined in class path resource [com/white/gatewayserver/config/shiro/ShiroConfig.class]: Unsatisfied dependency expressed through method 'getManager' parameter 0; nested exception is org.springframework.beans.factory.UnsatisfiedDependencyException: Error creating bean with name 'myRealm': Unsatisfied dependency expressed through field 'jedisHelper'; nested exception is org.springframework.beans.factory.UnsatisfiedDependencyException: Error creating bean with name 'jedisHelper': Unsatisfied dependency expressed through field 'jedisPool'; nested exception is org.springframework.beans.factory.BeanCreationException: Error creating bean with name 'redisConfig': Injection of autowired dependencies failed; nested exception is java.lang.IllegalArgumentException: Could not resolve placeholder 'spring.redis.database' in value "${spring.redis.database}"
[cms] 12:55:04.584 [main] WARN  org.springframework.cloud.config.client.DiscoveryClientConfigServiceBootstrapConfiguration[135] - Could not locate configserver via discovery
java.lang.IllegalStateException: No instances found of configserver (config-server)
	at org.springframework.cloud.config.client.ConfigServerInstanceProvider.getConfigServerInstances(ConfigServerInstanceProvider.java:25)
	at org.springframework.cloud.config.client.DiscoveryClientConfigServiceBootstrapConfiguration.refresh(DiscoveryClientConfigServiceBootstrapConfiguration.java:99)
	at org.springframework.cloud.config.client.DiscoveryClientConfigServiceBootstrapConfiguration.startup(DiscoveryClientConfigServiceBootstrapConfiguration.java:85)
	at org.springframework.cloud.config.client.DiscoveryClientConfigServiceBootstrapConfiguration.onApplicationEvent(DiscoveryClientConfigServiceBootstrapConfiguration.java:78)
	at org.springframework.context.event.SimpleApplicationEventMulticaster.doInvokeListener(SimpleApplicationEventMulticaster.java:172)
	at org.springframework.context.event.SimpleApplicationEventMulticaster.invokeListener(SimpleApplicationEventMulticaster.java:165)
	at org.springframework.context.event.SimpleApplicationEventMulticaster.multicastEvent(SimpleApplicationEventMulticaster.java:139)
	at org.springframework.context.support.AbstractApplicationContext.publishEvent(AbstractApplicationContext.java:402)
	at org.springframework.context.support.AbstractApplicationContext.publishEvent(AbstractApplicationContext.java:359)
	at org.springframework.context.support.AbstractApplicationContext.finishRefresh(AbstractApplicationContext.java:896)
	at org.springframework.context.support.AbstractApplicationContext.refresh(AbstractApplicationContext.java:552)
	at org.springframework.boot.SpringApplication.refresh(SpringApplication.java:775)
	at org.springframework.boot.SpringApplication.refreshContext(SpringApplication.java:397)
	at org.springframework.boot.SpringApplication.run(SpringApplication.java:316)
	at org.springframework.boot.builder.SpringApplicationBuilder.run(SpringApplicationBuilder.java:139)
	at org.springframework.cloud.bootstrap.BootstrapApplicationListener.bootstrapServiceContext(BootstrapApplicationListener.java:191)
	at org.springframework.cloud.bootstrap.BootstrapApplicationListener.onApplicationEvent(BootstrapApplicationListener.java:105)
	at org.springframework.cloud.bootstrap.BootstrapApplicationListener.onApplicationEvent(BootstrapApplicationListener.java:71)
	at org.springframework.context.event.SimpleApplicationEventMulticaster.doInvokeListener(SimpleApplicationEventMulticaster.java:172)
	at org.springframework.context.event.SimpleApplicationEventMulticaster.invokeListener(SimpleApplicationEventMulticaster.java:165)
	at org.springframework.context.event.SimpleApplicationEventMulticaster.multicastEvent(SimpleApplicationEventMulticaster.java:139)
	at org.springframework.context.event.SimpleApplicationEventMulticaster.multicastEvent(SimpleApplicationEventMulticaster.java:127)
	at org.springframework.boot.context.event.EventPublishingRunListener.environmentPrepared(EventPublishingRunListener.java:75)
	at org.springframework.boot.SpringApplicationRunListeners.environmentPrepared(SpringApplicationRunListeners.java:54)
	at org.springframework.boot.SpringApplication.prepareEnvironment(SpringApplication.java:347)
	at org.springframework.boot.SpringApplication.run(SpringApplication.java:306)
	at org.springframework.boot.SpringApplication.run(SpringApplication.java:1260)
	at org.springframework.boot.SpringApplication.run(SpringApplication.java:1248)
	at com.white.gatewayserver.GatewayServerApplication.main(GatewayServerApplication.java:15)
	at sun.reflect.NativeMethodAccessorImpl.invoke0(Native Method)
	at sun.reflect.NativeMethodAccessorImpl.invoke(NativeMethodAccessorImpl.java:62)
	at sun.reflect.DelegatingMethodAccessorImpl.invoke(DelegatingMethodAccessorImpl.java:43)
	at java.lang.reflect.Method.invoke(Method.java:498)
	at org.springframework.boot.maven.AbstractRunMojo$LaunchRunner.run(AbstractRunMojo.java:558)
	at java.lang.Thread.run(Thread.java:748)
[cms] 12:55:08.104 [main] WARN  org.springframework.cloud.config.client.ConfigServicePropertySourceLocator[140] - Could not locate PropertySource: I/O error on GET request for "http://localhost:8888/gateway-server/dev": Connection refused: connect; nested exception is java.net.ConnectException: Connection refused: connect
[cms] 12:55:09.921 [main] WARN  org.mybatis.spring.mapper.ClassPathMapperScanner[166] - No MyBatis mapper was found in '[com.white.gatewayserver.mapper.*]' package. Please check your configuration.
[cms] 12:55:10.365 [main] WARN  org.mybatis.spring.mapper.ClassPathMapperScanner[166] - No MyBatis mapper was found in '[com.white.gatewayserver]' package. Please check your configuration.
[cms] 12:55:10.392 [main] WARN  org.mybatis.spring.mapper.ClassPathMapperScanner[166] - No MyBatis mapper was found in '[com.white.gatewayserver]' package. Please check your configuration.
[cms] 12:55:11.203 [main] WARN  org.springframework.boot.actuate.endpoint.EndpointId[135] - Endpoint ID 'service-registry' contains invalid characters, please migrate to a valid format.
[cms] 12:55:11.238 [main] WARN  org.springframework.boot.actuate.endpoint.EndpointId[135] - Endpoint ID 'hystrix.stream' contains invalid characters, please migrate to a valid format.
[cms] 12:55:12.190 [main] WARN  org.springframework.boot.web.servlet.context.AnnotationConfigServletWebServerApplicationContext[557] - Exception encountered during context initialization - cancelling refresh attempt: org.springframework.beans.factory.UnsatisfiedDependencyException: Error creating bean with name 'methodValidationPostProcessor' defined in class path resource [org/springframework/boot/autoconfigure/validation/ValidationAutoConfiguration.class]: Unsatisfied dependency expressed through method 'methodValidationPostProcessor' parameter 0; nested exception is org.springframework.beans.factory.UnsatisfiedDependencyException: Error creating bean with name 'shiroFilter' defined in class path resource [com/white/gatewayserver/config/shiro/ShiroConfig.class]: Unsatisfied dependency expressed through method 'factory' parameter 0; nested exception is org.springframework.beans.factory.UnsatisfiedDependencyException: Error creating bean with name 'securityManager' defined in class path resource [com/white/gatewayserver/config/shiro/ShiroConfig.class]: Unsatisfied dependency expressed through method 'getManager' parameter 0; nested exception is org.springframework.beans.factory.UnsatisfiedDependencyException: Error creating bean with name 'myRealm': Unsatisfied dependency expressed through field 'jedisHelper'; nested exception is org.springframework.beans.factory.UnsatisfiedDependencyException: Error creating bean with name 'jedisHelper': Unsatisfied dependency expressed through field 'jedisPool'; nested exception is org.springframework.beans.factory.BeanCreationException: Error creating bean with name 'redisConfig': Injection of autowired dependencies failed; nested exception is java.lang.IllegalArgumentException: Could not resolve placeholder 'spring.redis.database' in value "${spring.redis.database}"
[cms] 13:49:56.223 [main] WARN  org.springframework.cloud.config.client.ConfigServicePropertySourceLocator[140] - Could not locate PropertySource: {"timestamp":"2019-05-12T05:49:56.201+0000","status":500,"error":"Internal Server Error","message":"Failed to load property source from location 'file:/C:/Users/white/AppData/Local/Temp/config-repo-6045430639811658111/gateway-server/gateway-server-dev.yml'","path":"/gateway-server/dev"}
[cms] 13:49:57.757 [main] WARN  org.mybatis.spring.mapper.ClassPathMapperScanner[166] - No MyBatis mapper was found in '[com.white.gatewayserver.mapper.*]' package. Please check your configuration.
[cms] 13:49:58.169 [main] WARN  org.mybatis.spring.mapper.ClassPathMapperScanner[166] - No MyBatis mapper was found in '[com.white.gatewayserver]' package. Please check your configuration.
[cms] 13:49:58.246 [main] WARN  org.mybatis.spring.mapper.ClassPathMapperScanner[166] - No MyBatis mapper was found in '[com.white.gatewayserver]' package. Please check your configuration.
[cms] 13:49:59.234 [main] WARN  org.springframework.boot.actuate.endpoint.EndpointId[135] - Endpoint ID 'service-registry' contains invalid characters, please migrate to a valid format.
[cms] 13:49:59.270 [main] WARN  org.springframework.boot.actuate.endpoint.EndpointId[135] - Endpoint ID 'hystrix.stream' contains invalid characters, please migrate to a valid format.
[cms] 13:50:00.293 [main] WARN  org.springframework.boot.web.servlet.context.AnnotationConfigServletWebServerApplicationContext[557] - Exception encountered during context initialization - cancelling refresh attempt: org.springframework.beans.factory.UnsatisfiedDependencyException: Error creating bean with name 'methodValidationPostProcessor' defined in class path resource [org/springframework/boot/autoconfigure/validation/ValidationAutoConfiguration.class]: Unsatisfied dependency expressed through method 'methodValidationPostProcessor' parameter 0; nested exception is org.springframework.beans.factory.UnsatisfiedDependencyException: Error creating bean with name 'shiroFilter' defined in class path resource [com/white/gatewayserver/config/shiro/ShiroConfig.class]: Unsatisfied dependency expressed through method 'factory' parameter 0; nested exception is org.springframework.beans.factory.UnsatisfiedDependencyException: Error creating bean with name 'securityManager' defined in class path resource [com/white/gatewayserver/config/shiro/ShiroConfig.class]: Unsatisfied dependency expressed through method 'getManager' parameter 0; nested exception is org.springframework.beans.factory.UnsatisfiedDependencyException: Error creating bean with name 'myRealm': Unsatisfied dependency expressed through field 'jedisHelper'; nested exception is org.springframework.beans.factory.UnsatisfiedDependencyException: Error creating bean with name 'jedisHelper': Unsatisfied dependency expressed through field 'jedisPool'; nested exception is org.springframework.beans.factory.BeanCreationException: Error creating bean with name 'redisConfig': Injection of autowired dependencies failed; nested exception is java.lang.IllegalArgumentException: Could not resolve placeholder 'spring.redis.database' in value "${spring.redis.database}"
[cms] 16:04:59.875 [main] WARN  org.springframework.cloud.config.client.ConfigServicePropertySourceLocator[140] - Could not locate PropertySource: {"timestamp":"2019-05-12T08:04:59.840+0000","status":500,"error":"Internal Server Error","message":"Failed to load property source from location 'file:/C:/Users/white/AppData/Local/Temp/config-repo-6045430639811658111/gateway-server/gateway-server-dev.yml'","path":"/gateway-server/dev"}
[cms] 16:05:02.449 [main] WARN  org.mybatis.spring.mapper.ClassPathMapperScanner[166] - No MyBatis mapper was found in '[com.white.gatewayserver.mapper.*]' package. Please check your configuration.
[cms] 16:05:03.133 [main] WARN  org.mybatis.spring.mapper.ClassPathMapperScanner[166] - No MyBatis mapper was found in '[com.white.gatewayserver]' package. Please check your configuration.
[cms] 16:05:03.207 [main] WARN  org.mybatis.spring.mapper.ClassPathMapperScanner[166] - No MyBatis mapper was found in '[com.white.gatewayserver]' package. Please check your configuration.
[cms] 16:05:04.914 [main] WARN  org.springframework.boot.actuate.endpoint.EndpointId[135] - Endpoint ID 'service-registry' contains invalid characters, please migrate to a valid format.
[cms] 16:05:04.977 [main] WARN  org.springframework.boot.actuate.endpoint.EndpointId[135] - Endpoint ID 'hystrix.stream' contains invalid characters, please migrate to a valid format.
[cms] 16:05:07.031 [main] WARN  org.springframework.boot.web.servlet.context.AnnotationConfigServletWebServerApplicationContext[557] - Exception encountered during context initialization - cancelling refresh attempt: org.springframework.beans.factory.UnsatisfiedDependencyException: Error creating bean with name 'methodValidationPostProcessor' defined in class path resource [org/springframework/boot/autoconfigure/validation/ValidationAutoConfiguration.class]: Unsatisfied dependency expressed through method 'methodValidationPostProcessor' parameter 0; nested exception is org.springframework.beans.factory.UnsatisfiedDependencyException: Error creating bean with name 'shiroFilter' defined in class path resource [com/white/gatewayserver/config/shiro/ShiroConfig.class]: Unsatisfied dependency expressed through method 'factory' parameter 0; nested exception is org.springframework.beans.factory.UnsatisfiedDependencyException: Error creating bean with name 'securityManager' defined in class path resource [com/white/gatewayserver/config/shiro/ShiroConfig.class]: Unsatisfied dependency expressed through method 'getManager' parameter 0; nested exception is org.springframework.beans.factory.UnsatisfiedDependencyException: Error creating bean with name 'myRealm': Unsatisfied dependency expressed through field 'jedisHelper'; nested exception is org.springframework.beans.factory.UnsatisfiedDependencyException: Error creating bean with name 'jedisHelper': Unsatisfied dependency expressed through field 'jedisPool'; nested exception is org.springframework.beans.factory.BeanCreationException: Error creating bean with name 'redisConfig': Injection of autowired dependencies failed; nested exception is java.lang.IllegalArgumentException: Could not resolve placeholder 'spring.redis.database' in value "${spring.redis.database}"
[cms] 16:10:22.093 [main] WARN  org.springframework.cloud.config.client.ConfigServicePropertySourceLocator[140] - Could not locate PropertySource: {"timestamp":"2019-05-12T08:10:22.072+0000","status":500,"error":"Internal Server Error","message":"Failed to load property source from location 'file:/C:/Users/white/AppData/Local/Temp/config-repo-6045430639811658111/gateway-server/gateway-server-dev.yml'","path":"/gateway-server/dev"}
[cms] 16:10:25.002 [main] WARN  org.mybatis.spring.mapper.ClassPathMapperScanner[166] - No MyBatis mapper was found in '[com.white.gatewayserver.mapper.*]' package. Please check your configuration.
[cms] 16:10:26.135 [main] WARN  org.mybatis.spring.mapper.ClassPathMapperScanner[166] - No MyBatis mapper was found in '[com.white.gatewayserver]' package. Please check your configuration.
[cms] 16:10:26.287 [main] WARN  org.mybatis.spring.mapper.ClassPathMapperScanner[166] - No MyBatis mapper was found in '[com.white.gatewayserver]' package. Please check your configuration.
[cms] 16:10:28.697 [main] WARN  org.springframework.boot.actuate.endpoint.EndpointId[135] - Endpoint ID 'service-registry' contains invalid characters, please migrate to a valid format.
[cms] 16:10:28.792 [main] WARN  org.springframework.boot.actuate.endpoint.EndpointId[135] - Endpoint ID 'hystrix.stream' contains invalid characters, please migrate to a valid format.
[cms] 16:10:32.789 [main] WARN  org.springframework.boot.web.servlet.context.AnnotationConfigServletWebServerApplicationContext[557] - Exception encountered during context initialization - cancelling refresh attempt: org.springframework.beans.factory.BeanCreationException: Error creating bean with name 'shiroFilter' defined in class path resource [com/white/gatewayserver/config/shiro/ShiroConfig.class]: Bean instantiation via factory method failed; nested exception is org.springframework.beans.BeanInstantiationException: Failed to instantiate [org.apache.shiro.spring.web.ShiroFilterFactoryBean]: Factory method 'factory' threw exception; nested exception is java.lang.NullPointerException
[cms] 17:00:27.242 [main] WARN  org.springframework.cloud.config.client.ConfigServicePropertySourceLocator[140] - Could not locate PropertySource: {"timestamp":"2019-05-12T09:00:27.227+0000","status":500,"error":"Internal Server Error","message":"Failed to load property source from location 'file:/C:/Users/white/AppData/Local/Temp/config-repo-6045430639811658111/gateway-server/gateway-server-dev.yml'","path":"/gateway-server/dev"}
[cms] 17:00:28.581 [main] WARN  org.mybatis.spring.mapper.ClassPathMapperScanner[166] - No MyBatis mapper was found in '[com.white.gatewayserver.mapper.*]' package. Please check your configuration.
[cms] 17:00:28.958 [main] WARN  org.mybatis.spring.mapper.ClassPathMapperScanner[166] - No MyBatis mapper was found in '[com.white.gatewayserver]' package. Please check your configuration.
[cms] 17:00:29.007 [main] WARN  org.mybatis.spring.mapper.ClassPathMapperScanner[166] - No MyBatis mapper was found in '[com.white.gatewayserver]' package. Please check your configuration.
[cms] 17:00:29.839 [main] WARN  org.springframework.boot.actuate.endpoint.EndpointId[135] - Endpoint ID 'service-registry' contains invalid characters, please migrate to a valid format.
[cms] 17:00:29.864 [main] WARN  org.springframework.boot.actuate.endpoint.EndpointId[135] - Endpoint ID 'hystrix.stream' contains invalid characters, please migrate to a valid format.
[cms] 17:00:34.172 [main] WARN  com.netflix.config.sources.URLConfigurationSource[121] - No URLs will be polled as dynamic configuration sources.
[cms] 17:00:36.990 [main] WARN  org.springframework.boot.web.servlet.context.AnnotationConfigServletWebServerApplicationContext[557] - Exception encountered during context initialization - cancelling refresh attempt: org.springframework.context.ApplicationContextException: Unable to start web server; nested exception is org.springframework.boot.web.server.WebServerException: Unable to start embedded Tomcat
[cms] 17:07:09.066 [main] WARN  org.springframework.cloud.config.client.ConfigServicePropertySourceLocator[140] - Could not locate PropertySource: {"timestamp":"2019-05-12T09:07:09.054+0000","status":500,"error":"Internal Server Error","message":"Failed to load property source from location 'file:/C:/Users/white/AppData/Local/Temp/config-repo-6045430639811658111/gateway-server/gateway-server-dev.yml'","path":"/gateway-server/dev"}
[cms] 17:07:10.429 [main] WARN  org.mybatis.spring.mapper.ClassPathMapperScanner[166] - No MyBatis mapper was found in '[com.white.gatewayserver.mapper.*]' package. Please check your configuration.
[cms] 17:07:10.845 [main] WARN  org.mybatis.spring.mapper.ClassPathMapperScanner[166] - No MyBatis mapper was found in '[com.white.gatewayserver]' package. Please check your configuration.
[cms] 17:07:10.879 [main] WARN  org.mybatis.spring.mapper.ClassPathMapperScanner[166] - No MyBatis mapper was found in '[com.white.gatewayserver]' package. Please check your configuration.
[cms] 17:07:11.882 [main] WARN  org.springframework.boot.actuate.endpoint.EndpointId[135] - Endpoint ID 'service-registry' contains invalid characters, please migrate to a valid format.
[cms] 17:07:11.922 [main] WARN  org.springframework.boot.actuate.endpoint.EndpointId[135] - Endpoint ID 'hystrix.stream' contains invalid characters, please migrate to a valid format.
[cms] 17:07:15.428 [main] WARN  com.netflix.config.sources.URLConfigurationSource[121] - No URLs will be polled as dynamic configuration sources.
[cms] 17:07:18.789 [main] WARN  org.springframework.boot.web.servlet.context.AnnotationConfigServletWebServerApplicationContext[557] - Exception encountered during context initialization - cancelling refresh attempt: org.springframework.context.ApplicationContextException: Unable to start web server; nested exception is org.springframework.boot.web.server.WebServerException: Unable to start embedded Tomcat
[cms] 17:10:46.827 [main] WARN  org.springframework.cloud.config.client.ConfigServicePropertySourceLocator[140] - Could not locate PropertySource: {"timestamp":"2019-05-12T09:10:46.806+0000","status":500,"error":"Internal Server Error","message":"Failed to load property source from location 'file:/C:/Users/white/AppData/Local/Temp/config-repo-6045430639811658111/gateway-server/gateway-server-dev.yml'","path":"/gateway-server/dev"}
[cms] 17:10:48.231 [main] WARN  org.mybatis.spring.mapper.ClassPathMapperScanner[166] - No MyBatis mapper was found in '[com.white.gatewayserver.mapper.*]' package. Please check your configuration.
[cms] 17:10:49.483 [main] WARN  org.springframework.boot.actuate.endpoint.EndpointId[135] - Endpoint ID 'service-registry' contains invalid characters, please migrate to a valid format.
[cms] 17:10:49.531 [main] WARN  org.springframework.boot.actuate.endpoint.EndpointId[135] - Endpoint ID 'hystrix.stream' contains invalid characters, please migrate to a valid format.
[cms] 17:10:53.483 [main] WARN  com.netflix.config.sources.URLConfigurationSource[121] - No URLs will be polled as dynamic configuration sources.
[cms] 17:10:56.643 [main] WARN  org.springframework.boot.web.servlet.context.AnnotationConfigServletWebServerApplicationContext[557] - Exception encountered during context initialization - cancelling refresh attempt: org.springframework.context.ApplicationContextException: Unable to start web server; nested exception is org.springframework.boot.web.server.WebServerException: Unable to start embedded Tomcat
[cms] 17:52:06.278 [main] WARN  org.springframework.cloud.config.client.ConfigServicePropertySourceLocator[140] - Could not locate PropertySource: {"timestamp":"2019-05-12T09:52:06.243+0000","status":500,"error":"Internal Server Error","message":"Failed to load property source from location 'file:/C:/Users/white/AppData/Local/Temp/config-repo-4722733505128994063/gateway-server/gateway-server-dev.yml'","path":"/gateway-server/dev"}
[cms] 17:52:07.980 [main] WARN  org.mybatis.spring.mapper.ClassPathMapperScanner[166] - No MyBatis mapper was found in '[com.white.gatewayserver.mapper.*]' package. Please check your configuration.
[cms] 17:52:09.620 [main] WARN  org.springframework.boot.actuate.endpoint.EndpointId[135] - Endpoint ID 'service-registry' contains invalid characters, please migrate to a valid format.
[cms] 17:52:09.656 [main] WARN  org.springframework.boot.actuate.endpoint.EndpointId[135] - Endpoint ID 'hystrix.stream' contains invalid characters, please migrate to a valid format.
[cms] 17:52:14.982 [main] WARN  com.netflix.config.sources.URLConfigurationSource[121] - No URLs will be polled as dynamic configuration sources.
[cms] 17:52:19.046 [main] WARN  org.springframework.boot.web.servlet.context.AnnotationConfigServletWebServerApplicationContext[557] - Exception encountered during context initialization - cancelling refresh attempt: org.springframework.context.ApplicationContextException: Unable to start web server; nested exception is org.springframework.boot.web.server.WebServerException: Unable to start embedded Tomcat
