[cms] 16:13:31.195 [main] INFO  org.springframework.context.support.PostProcessorRegistrationDelegate$BeanPostProcessorChecker[330] - Bean 'org.springframework.cloud.autoconfigure.ConfigurationPropertiesRebinderAutoConfiguration' of type [org.springframework.cloud.autoconfigure.ConfigurationPropertiesRebinderAutoConfiguration$$EnhancerBySpringCGLIB$$b34ac011] is not eligible for getting processed by all BeanPostProcessors (for example: not eligible for auto-proxying)
[cms] 16:13:37.628 [main] INFO  com.white.configserver.ConfigServerApplication[679] - The following profiles are active: dev
[cms] 16:13:46.726 [main] INFO  org.springframework.cloud.context.scope.GenericScope[294] - BeanFactory id=3b71385d-5168-3e50-8d93-c328bbb49805
[cms] 16:13:47.766 [main] INFO  org.springframework.context.support.PostProcessorRegistrationDelegate$BeanPostProcessorChecker[330] - Bean 'org.springframework.cloud.autoconfigure.ConfigurationPropertiesRebinderAutoConfiguration' of type [org.springframework.cloud.autoconfigure.ConfigurationPropertiesRebinderAutoConfiguration$$EnhancerBySpringCGLIB$$b34ac011] is not eligible for getting processed by all BeanPostProcessors (for example: not eligible for auto-proxying)
[cms] 16:13:50.413 [main] INFO  org.springframework.boot.web.embedded.tomcat.TomcatWebServer[90] - Tomcat initialized with port(s): 8082 (http)
[cms] 16:13:50.568 [main] INFO  org.apache.catalina.core.StandardService[173] - Starting service [Tomcat]
[cms] 16:13:50.582 [main] INFO  org.apache.catalina.core.StandardEngine[173] - Starting Servlet engine: [Apache Tomcat/9.0.17]
[cms] 16:13:51.589 [main] INFO  org.apache.catalina.core.ContainerBase.[Tomcat].[localhost].[/][173] - Initializing Spring embedded WebApplicationContext
[cms] 16:13:51.696 [main] INFO  org.springframework.web.context.ContextLoader[296] - Root WebApplicationContext: initialization completed in 13958 ms
[cms] 16:13:53.399 [main] INFO  com.netflix.config.sources.URLConfigurationSource[122] - To enable URLs as dynamic configuration sources, define System property archaius.configurationSource.additionalUrls or make config.properties available on classpath.
[cms] 16:13:53.590 [main] INFO  com.netflix.config.DynamicPropertyFactory[281] - DynamicPropertyFactory is initialized with configuration sources: com.netflix.config.ConcurrentCompositeConfiguration@710e82fa
[cms] 16:14:02.972 [main] INFO  org.springframework.boot.actuate.endpoint.web.ServletEndpointRegistrar[78] - Registered '/actuator/jolokia' to jolokia-actuator-endpoint
[cms] 16:14:14.607 [main] INFO  com.netflix.config.sources.URLConfigurationSource[122] - To enable URLs as dynamic configuration sources, define System property archaius.configurationSource.additionalUrls or make config.properties available on classpath.
[cms] 16:14:28.267 [main] INFO  org.springframework.scheduling.concurrent.ThreadPoolTaskExecutor[171] - Initializing ExecutorService 'applicationTaskExecutor'
[cms] 16:14:37.506 [main] INFO  org.springframework.boot.actuate.endpoint.web.EndpointLinksResolver[59] - Exposing 20 endpoint(s) beneath base path '/actuator'
[cms] 16:14:38.745 [main] INFO  org.springframework.cloud.netflix.eureka.InstanceInfoFactory[71] - Setting initial instance status as: STARTING
[cms] 16:14:40.141 [main] INFO  com.netflix.discovery.DiscoveryClient[349] - Initializing Eureka in region us-east-1
[cms] 16:14:40.603 [main] INFO  com.netflix.discovery.provider.DiscoveryJerseyProvider[70] - Using JSON encoding codec LegacyJacksonJson
[cms] 16:14:40.667 [main] INFO  com.netflix.discovery.provider.DiscoveryJerseyProvider[71] - Using JSON decoding codec LegacyJacksonJson
[cms] 16:14:42.049 [main] INFO  com.netflix.discovery.provider.DiscoveryJerseyProvider[80] - Using XML encoding codec XStreamXml
[cms] 16:14:42.074 [main] INFO  com.netflix.discovery.provider.DiscoveryJerseyProvider[81] - Using XML decoding codec XStreamXml
[cms] 16:14:42.990 [main] INFO  com.netflix.discovery.shared.resolver.aws.ConfigClusterResolver[43] - Resolving eureka endpoints via configuration
[cms] 16:14:46.944 [main] INFO  com.netflix.discovery.DiscoveryClient[958] - Disable delta property : false
[cms] 16:14:46.953 [main] INFO  com.netflix.discovery.DiscoveryClient[959] - Single vip registry refresh property : null
[cms] 16:14:46.957 [main] INFO  com.netflix.discovery.DiscoveryClient[960] - Force full registry fetch : false
[cms] 16:14:46.975 [main] INFO  com.netflix.discovery.DiscoveryClient[961] - Application is null : false
[cms] 16:14:46.982 [main] INFO  com.netflix.discovery.DiscoveryClient[962] - Registered Applications size is zero : true
[cms] 16:14:46.999 [main] INFO  com.netflix.discovery.DiscoveryClient[964] - Application version is -1: true
[cms] 16:14:47.010 [main] INFO  com.netflix.discovery.DiscoveryClient[1047] - Getting all instance registry info from the eureka server
[cms] 16:14:49.027 [main] INFO  com.netflix.discovery.DiscoveryClient[1056] - The response status is 200
[cms] 16:14:49.098 [main] INFO  com.netflix.discovery.DiscoveryClient[1270] - Starting heartbeat executor: renew interval is: 30
[cms] 16:14:49.116 [main] INFO  com.netflix.discovery.InstanceInfoReplicator[60] - InstanceInfoReplicator onDemand update allowed rate per min is 4
[cms] 16:14:49.147 [main] INFO  com.netflix.discovery.DiscoveryClient[449] - Discovery Client initialized at timestamp 1570608889139 with initial instances count: 0
[cms] 16:14:49.155 [main] INFO  org.springframework.cloud.netflix.eureka.serviceregistry.EurekaServiceRegistry[42] - Registering application CONFIG-SERVER with eureka with status UP
[cms] 16:14:49.178 [main] INFO  com.netflix.discovery.DiscoveryClient[1305] - Saw local status change event StatusChangeEvent [timestamp=1570608889178, current=UP, previous=STARTING]
[cms] 16:14:49.664 [main] INFO  org.springframework.boot.web.embedded.tomcat.TomcatWebServer[204] - Tomcat started on port(s): 8082 (http) with context path ''
[cms] 16:14:49.671 [main] INFO  org.springframework.cloud.netflix.eureka.serviceregistry.EurekaAutoServiceRegistration[141] - Updating port to 8082
[cms] 16:14:51.991 [main] INFO  com.white.configserver.ConfigServerApplication[59] - Started ConfigServerApplication in 89.245 seconds (JVM running for 292.25)
[cms] 16:15:17.970 [DiscoveryClient-InstanceInfoReplicator-0] INFO  com.netflix.discovery.DiscoveryClient[826] - DiscoveryClient_CONFIG-SERVER/DESKTOP-DIC4SEB:config-server:8082: registering service...
[cms] 16:15:19.216 [DiscoveryClient-CacheRefreshExecutor-0] INFO  com.netflix.discovery.DiscoveryClient[958] - Disable delta property : false
[cms] 16:15:19.353 [DiscoveryClient-HeartbeatExecutor-0] INFO  com.netflix.discovery.DiscoveryClient[850] - DiscoveryClient_CONFIG-SERVER/DESKTOP-DIC4SEB:config-server:8082 - Re-registering apps/CONFIG-SERVER
[cms] 16:15:19.317 [DiscoveryClient-CacheRefreshExecutor-0] INFO  com.netflix.discovery.DiscoveryClient[959] - Single vip registry refresh property : null
[cms] 16:15:19.574 [DiscoveryClient-HeartbeatExecutor-0] INFO  com.netflix.discovery.DiscoveryClient[826] - DiscoveryClient_CONFIG-SERVER/DESKTOP-DIC4SEB:config-server:8082: registering service...
[cms] 16:15:19.574 [DiscoveryClient-CacheRefreshExecutor-0] INFO  com.netflix.discovery.DiscoveryClient[960] - Force full registry fetch : false
[cms] 16:15:19.770 [DiscoveryClient-CacheRefreshExecutor-0] INFO  com.netflix.discovery.DiscoveryClient[961] - Application is null : false
[cms] 16:15:19.787 [DiscoveryClient-CacheRefreshExecutor-0] INFO  com.netflix.discovery.DiscoveryClient[962] - Registered Applications size is zero : true
[cms] 16:15:19.830 [DiscoveryClient-CacheRefreshExecutor-0] INFO  com.netflix.discovery.DiscoveryClient[964] - Application version is -1: false
[cms] 16:15:19.841 [DiscoveryClient-CacheRefreshExecutor-0] INFO  com.netflix.discovery.DiscoveryClient[1047] - Getting all instance registry info from the eureka server
[cms] 16:15:19.872 [DiscoveryClient-CacheRefreshExecutor-0] INFO  com.netflix.discovery.DiscoveryClient[1056] - The response status is 200
[cms] 16:15:21.962 [DiscoveryClient-HeartbeatExecutor-0] INFO  com.netflix.discovery.DiscoveryClient[835] - DiscoveryClient_CONFIG-SERVER/DESKTOP-DIC4SEB:config-server:8082 - registration status: 204
[cms] 16:15:21.983 [DiscoveryClient-InstanceInfoReplicator-0] INFO  com.netflix.discovery.DiscoveryClient[835] - DiscoveryClient_CONFIG-SERVER/DESKTOP-DIC4SEB:config-server:8082 - registration status: 204
[cms] 16:15:49.993 [DiscoveryClient-CacheRefreshExecutor-0] INFO  com.netflix.discovery.DiscoveryClient[958] - Disable delta property : false
[cms] 16:15:50.920 [DiscoveryClient-CacheRefreshExecutor-0] INFO  com.netflix.discovery.DiscoveryClient[959] - Single vip registry refresh property : null
[cms] 16:15:51.091 [DiscoveryClient-CacheRefreshExecutor-0] INFO  com.netflix.discovery.DiscoveryClient[960] - Force full registry fetch : false
[cms] 16:15:51.140 [DiscoveryClient-CacheRefreshExecutor-0] INFO  com.netflix.discovery.DiscoveryClient[961] - Application is null : false
[cms] 16:15:51.157 [DiscoveryClient-CacheRefreshExecutor-0] INFO  com.netflix.discovery.DiscoveryClient[962] - Registered Applications size is zero : true
[cms] 16:15:51.181 [DiscoveryClient-CacheRefreshExecutor-0] INFO  com.netflix.discovery.DiscoveryClient[964] - Application version is -1: false
[cms] 16:15:51.185 [DiscoveryClient-CacheRefreshExecutor-0] INFO  com.netflix.discovery.DiscoveryClient[1047] - Getting all instance registry info from the eureka server
[cms] 16:15:51.508 [DiscoveryClient-CacheRefreshExecutor-0] INFO  com.netflix.discovery.DiscoveryClient[1056] - The response status is 200
[cms] 16:17:41.418 [http-nio-8082-exec-10] INFO  org.apache.catalina.core.ContainerBase.[Tomcat].[localhost].[/][173] - Initializing Spring DispatcherServlet 'dispatcherServlet'
[cms] 16:17:41.421 [http-nio-8082-exec-10] INFO  org.springframework.web.servlet.DispatcherServlet[524] - Initializing Servlet 'dispatcherServlet'
[cms] 16:17:41.456 [http-nio-8082-exec-10] INFO  org.springframework.web.servlet.DispatcherServlet[546] - Completed initialization in 32 ms
[cms] 16:17:44.873 [http-nio-8082-exec-10] INFO  org.springframework.cloud.config.server.environment.NativeEnvironmentRepository[264] - Adding property source: file:/C:/Users/white/AppData/Local/Temp/config-repo-2018173612780119992/user-server/user-server-dev.yml
[cms] 16:17:44.877 [http-nio-8082-exec-10] INFO  org.springframework.cloud.config.server.environment.NativeEnvironmentRepository[264] - Adding property source: file:/C:/Users/white/AppData/Local/Temp/config-repo-2018173612780119992/user-server/application.yml
[cms] 16:19:47.024 [AsyncResolver-bootstrap-executor-0] INFO  com.netflix.discovery.shared.resolver.aws.ConfigClusterResolver[43] - Resolving eureka endpoints via configuration
[cms] 16:24:47.029 [AsyncResolver-bootstrap-executor-0] INFO  com.netflix.discovery.shared.resolver.aws.ConfigClusterResolver[43] - Resolving eureka endpoints via configuration
[cms] 16:29:47.036 [AsyncResolver-bootstrap-executor-0] INFO  com.netflix.discovery.shared.resolver.aws.ConfigClusterResolver[43] - Resolving eureka endpoints via configuration
[cms] 16:34:47.040 [AsyncResolver-bootstrap-executor-0] INFO  com.netflix.discovery.shared.resolver.aws.ConfigClusterResolver[43] - Resolving eureka endpoints via configuration
[cms] 16:39:47.043 [AsyncResolver-bootstrap-executor-0] INFO  com.netflix.discovery.shared.resolver.aws.ConfigClusterResolver[43] - Resolving eureka endpoints via configuration
[cms] 16:39:51.279 [http-nio-8082-exec-8] INFO  org.springframework.cloud.config.server.environment.NativeEnvironmentRepository[264] - Adding property source: file:/C:/Users/white/AppData/Local/Temp/config-repo-2018173612780119992/user-server/user-server-dev.yml
[cms] 16:39:51.282 [http-nio-8082-exec-8] INFO  org.springframework.cloud.config.server.environment.NativeEnvironmentRepository[264] - Adding property source: file:/C:/Users/white/AppData/Local/Temp/config-repo-2018173612780119992/user-server/application.yml
[cms] 16:44:47.049 [AsyncResolver-bootstrap-executor-0] INFO  com.netflix.discovery.shared.resolver.aws.ConfigClusterResolver[43] - Resolving eureka endpoints via configuration
[cms] 16:46:52.906 [http-nio-8082-exec-6] INFO  org.springframework.cloud.config.server.environment.NativeEnvironmentRepository[264] - Adding property source: file:/C:/Users/white/AppData/Local/Temp/config-repo-2018173612780119992/user-server/user-server-dev.yml
[cms] 16:46:52.909 [http-nio-8082-exec-6] INFO  org.springframework.cloud.config.server.environment.NativeEnvironmentRepository[264] - Adding property source: file:/C:/Users/white/AppData/Local/Temp/config-repo-2018173612780119992/user-server/application.yml
[cms] 16:49:47.054 [AsyncResolver-bootstrap-executor-0] INFO  com.netflix.discovery.shared.resolver.aws.ConfigClusterResolver[43] - Resolving eureka endpoints via configuration
[cms] 16:54:47.060 [AsyncResolver-bootstrap-executor-0] INFO  com.netflix.discovery.shared.resolver.aws.ConfigClusterResolver[43] - Resolving eureka endpoints via configuration
[cms] 16:59:47.064 [AsyncResolver-bootstrap-executor-0] INFO  com.netflix.discovery.shared.resolver.aws.ConfigClusterResolver[43] - Resolving eureka endpoints via configuration
[cms] 17:04:47.069 [AsyncResolver-bootstrap-executor-0] INFO  com.netflix.discovery.shared.resolver.aws.ConfigClusterResolver[43] - Resolving eureka endpoints via configuration
[cms] 17:07:02.948 [http-nio-8082-exec-4] INFO  org.springframework.cloud.config.server.environment.NativeEnvironmentRepository[264] - Adding property source: file:/C:/Users/white/AppData/Local/Temp/config-repo-2018173612780119992/user-server/user-server-dev.yml
[cms] 17:07:02.953 [http-nio-8082-exec-4] INFO  org.springframework.cloud.config.server.environment.NativeEnvironmentRepository[264] - Adding property source: file:/C:/Users/white/AppData/Local/Temp/config-repo-2018173612780119992/user-server/application.yml
[cms] 17:09:47.088 [AsyncResolver-bootstrap-executor-0] INFO  com.netflix.discovery.shared.resolver.aws.ConfigClusterResolver[43] - Resolving eureka endpoints via configuration
[cms] 17:14:47.093 [AsyncResolver-bootstrap-executor-0] INFO  com.netflix.discovery.shared.resolver.aws.ConfigClusterResolver[43] - Resolving eureka endpoints via configuration
[cms] 17:18:52.166 [http-nio-8082-exec-3] INFO  org.springframework.cloud.config.server.environment.NativeEnvironmentRepository[264] - Adding property source: file:/C:/Users/white/AppData/Local/Temp/config-repo-2018173612780119992/user-server/user-server-dev.yml
[cms] 17:18:52.171 [http-nio-8082-exec-3] INFO  org.springframework.cloud.config.server.environment.NativeEnvironmentRepository[264] - Adding property source: file:/C:/Users/white/AppData/Local/Temp/config-repo-2018173612780119992/user-server/application.yml
[cms] 17:19:47.095 [AsyncResolver-bootstrap-executor-0] INFO  com.netflix.discovery.shared.resolver.aws.ConfigClusterResolver[43] - Resolving eureka endpoints via configuration
[cms] 17:24:47.101 [AsyncResolver-bootstrap-executor-0] INFO  com.netflix.discovery.shared.resolver.aws.ConfigClusterResolver[43] - Resolving eureka endpoints via configuration
[cms] 17:27:07.442 [http-nio-8082-exec-1] INFO  org.springframework.cloud.config.server.environment.NativeEnvironmentRepository[264] - Adding property source: file:/C:/Users/white/AppData/Local/Temp/config-repo-2018173612780119992/user-server/user-server-dev.yml
[cms] 17:27:07.448 [http-nio-8082-exec-1] INFO  org.springframework.cloud.config.server.environment.NativeEnvironmentRepository[264] - Adding property source: file:/C:/Users/white/AppData/Local/Temp/config-repo-2018173612780119992/user-server/application.yml
[cms] 17:29:47.105 [AsyncResolver-bootstrap-executor-0] INFO  com.netflix.discovery.shared.resolver.aws.ConfigClusterResolver[43] - Resolving eureka endpoints via configuration
[cms] 17:32:21.116 [http-nio-8082-exec-9] INFO  org.springframework.cloud.config.server.environment.NativeEnvironmentRepository[264] - Adding property source: file:/C:/Users/white/AppData/Local/Temp/config-repo-2018173612780119992/user-server/user-server-dev.yml
[cms] 17:32:21.118 [http-nio-8082-exec-9] INFO  org.springframework.cloud.config.server.environment.NativeEnvironmentRepository[264] - Adding property source: file:/C:/Users/white/AppData/Local/Temp/config-repo-2018173612780119992/user-server/application.yml
[cms] 17:34:25.504 [http-nio-8082-exec-7] INFO  org.springframework.cloud.config.server.environment.NativeEnvironmentRepository[264] - Adding property source: file:/C:/Users/white/AppData/Local/Temp/config-repo-2018173612780119992/user-server/user-server-dev.yml
[cms] 17:34:25.510 [http-nio-8082-exec-7] INFO  org.springframework.cloud.config.server.environment.NativeEnvironmentRepository[264] - Adding property source: file:/C:/Users/white/AppData/Local/Temp/config-repo-2018173612780119992/user-server/application.yml
[cms] 17:34:47.137 [AsyncResolver-bootstrap-executor-0] INFO  com.netflix.discovery.shared.resolver.aws.ConfigClusterResolver[43] - Resolving eureka endpoints via configuration
[cms] 17:35:55.853 [Thread-8] INFO  org.springframework.cloud.netflix.eureka.serviceregistry.EurekaServiceRegistry[65] - Unregistering application CONFIG-SERVER with eureka with status DOWN
[cms] 17:35:55.920 [DiscoveryClient-InstanceInfoReplicator-0] INFO  org.springframework.cloud.config.server.environment.MultipleJGitEnvironmentRepository[425] - Cannot pull from remote null, the working tree is not clean.
[cms] 17:35:55.928 [DiscoveryClient-InstanceInfoReplicator-0] INFO  com.netflix.discovery.DiscoveryClient[826] - DiscoveryClient_CONFIG-SERVER/DESKTOP-DIC4SEB:config-server:8082: registering service...
[cms] 17:35:55.948 [Thread-8] INFO  org.springframework.scheduling.concurrent.ThreadPoolTaskExecutor[208] - Shutting down ExecutorService 'applicationTaskExecutor'
[cms] 17:35:56.027 [Thread-8] INFO  com.netflix.discovery.DiscoveryClient[888] - Shutting down DiscoveryClient ...
[cms] 17:35:56.977 [Thread-8] INFO  com.netflix.discovery.DiscoveryClient[922] - Unregistering ...
[cms] 17:35:58.077 [Thread-8] INFO  com.netflix.discovery.DiscoveryClient[911] - Completed shut down of DiscoveryClient
[cms] 17:37:34.787 [main] INFO  org.springframework.context.support.PostProcessorRegistrationDelegate$BeanPostProcessorChecker[330] - Bean 'org.springframework.cloud.autoconfigure.ConfigurationPropertiesRebinderAutoConfiguration' of type [org.springframework.cloud.autoconfigure.ConfigurationPropertiesRebinderAutoConfiguration$$EnhancerBySpringCGLIB$$2e913ed7] is not eligible for getting processed by all BeanPostProcessors (for example: not eligible for auto-proxying)
[cms] 17:37:36.892 [main] INFO  com.white.configserver.ConfigServerApplication[679] - The following profiles are active: dev
[cms] 17:37:41.697 [main] INFO  org.springframework.cloud.context.scope.GenericScope[294] - BeanFactory id=3b71385d-5168-3e50-8d93-c328bbb49805
[cms] 17:37:42.644 [main] INFO  org.springframework.context.support.PostProcessorRegistrationDelegate$BeanPostProcessorChecker[330] - Bean 'org.springframework.cloud.autoconfigure.ConfigurationPropertiesRebinderAutoConfiguration' of type [org.springframework.cloud.autoconfigure.ConfigurationPropertiesRebinderAutoConfiguration$$EnhancerBySpringCGLIB$$2e913ed7] is not eligible for getting processed by all BeanPostProcessors (for example: not eligible for auto-proxying)
[cms] 17:37:45.133 [main] INFO  org.springframework.boot.web.embedded.tomcat.TomcatWebServer[90] - Tomcat initialized with port(s): 8082 (http)
[cms] 17:37:45.241 [main] INFO  org.apache.catalina.core.StandardService[173] - Starting service [Tomcat]
[cms] 17:37:45.245 [main] INFO  org.apache.catalina.core.StandardEngine[173] - Starting Servlet engine: [Apache Tomcat/9.0.17]
[cms] 17:37:45.686 [main] INFO  org.apache.catalina.core.ContainerBase.[Tomcat].[localhost].[/][173] - Initializing Spring embedded WebApplicationContext
[cms] 17:37:45.752 [main] INFO  org.springframework.web.context.ContextLoader[296] - Root WebApplicationContext: initialization completed in 8834 ms
[cms] 17:37:46.077 [main] INFO  com.netflix.config.sources.URLConfigurationSource[122] - To enable URLs as dynamic configuration sources, define System property archaius.configurationSource.additionalUrls or make config.properties available on classpath.
[cms] 17:37:46.153 [main] INFO  com.netflix.config.DynamicPropertyFactory[281] - DynamicPropertyFactory is initialized with configuration sources: com.netflix.config.ConcurrentCompositeConfiguration@3c03c1a5
[cms] 17:37:53.686 [main] INFO  org.springframework.boot.actuate.endpoint.web.ServletEndpointRegistrar[78] - Registered '/actuator/jolokia' to jolokia-actuator-endpoint
[cms] 17:37:53.883 [main] INFO  com.netflix.config.sources.URLConfigurationSource[122] - To enable URLs as dynamic configuration sources, define System property archaius.configurationSource.additionalUrls or make config.properties available on classpath.
[cms] 17:37:54.608 [main] INFO  org.springframework.scheduling.concurrent.ThreadPoolTaskExecutor[171] - Initializing ExecutorService 'applicationTaskExecutor'
[cms] 17:38:00.603 [main] INFO  org.springframework.boot.actuate.endpoint.web.EndpointLinksResolver[59] - Exposing 20 endpoint(s) beneath base path '/actuator'
[cms] 17:38:01.523 [main] INFO  org.springframework.cloud.netflix.eureka.InstanceInfoFactory[71] - Setting initial instance status as: STARTING
[cms] 17:38:02.040 [main] INFO  com.netflix.discovery.DiscoveryClient[349] - Initializing Eureka in region us-east-1
[cms] 17:38:02.528 [main] INFO  com.netflix.discovery.provider.DiscoveryJerseyProvider[70] - Using JSON encoding codec LegacyJacksonJson
[cms] 17:38:02.543 [main] INFO  com.netflix.discovery.provider.DiscoveryJerseyProvider[71] - Using JSON decoding codec LegacyJacksonJson
[cms] 17:38:03.018 [main] INFO  com.netflix.discovery.provider.DiscoveryJerseyProvider[80] - Using XML encoding codec XStreamXml
[cms] 17:38:03.024 [main] INFO  com.netflix.discovery.provider.DiscoveryJerseyProvider[81] - Using XML decoding codec XStreamXml
[cms] 17:38:03.587 [main] INFO  com.netflix.discovery.shared.resolver.aws.ConfigClusterResolver[43] - Resolving eureka endpoints via configuration
[cms] 17:38:04.453 [main] INFO  com.netflix.discovery.DiscoveryClient[958] - Disable delta property : false
[cms] 17:38:04.455 [main] INFO  com.netflix.discovery.DiscoveryClient[959] - Single vip registry refresh property : null
[cms] 17:38:04.485 [main] INFO  com.netflix.discovery.DiscoveryClient[960] - Force full registry fetch : false
[cms] 17:38:04.487 [main] INFO  com.netflix.discovery.DiscoveryClient[961] - Application is null : false
[cms] 17:38:04.489 [main] INFO  com.netflix.discovery.DiscoveryClient[962] - Registered Applications size is zero : true
[cms] 17:38:04.493 [main] INFO  com.netflix.discovery.DiscoveryClient[964] - Application version is -1: true
[cms] 17:38:04.495 [main] INFO  com.netflix.discovery.DiscoveryClient[1047] - Getting all instance registry info from the eureka server
[cms] 17:38:06.730 [main] INFO  com.netflix.discovery.DiscoveryClient[1056] - The response status is 200
[cms] 17:38:06.736 [main] INFO  com.netflix.discovery.DiscoveryClient[1270] - Starting heartbeat executor: renew interval is: 30
[cms] 17:38:06.746 [main] INFO  com.netflix.discovery.InstanceInfoReplicator[60] - InstanceInfoReplicator onDemand update allowed rate per min is 4
[cms] 17:38:06.779 [main] INFO  com.netflix.discovery.DiscoveryClient[449] - Discovery Client initialized at timestamp 1570613886775 with initial instances count: 0
[cms] 17:38:06.786 [main] INFO  org.springframework.cloud.netflix.eureka.serviceregistry.EurekaServiceRegistry[42] - Registering application CONFIG-SERVER with eureka with status UP
[cms] 17:38:06.851 [main] INFO  com.netflix.discovery.DiscoveryClient[1305] - Saw local status change event StatusChangeEvent [timestamp=1570613886850, current=UP, previous=STARTING]
[cms] 17:38:07.154 [main] INFO  org.springframework.boot.web.embedded.tomcat.TomcatWebServer[204] - Tomcat started on port(s): 8082 (http) with context path ''
[cms] 17:38:07.191 [main] INFO  org.springframework.cloud.netflix.eureka.serviceregistry.EurekaAutoServiceRegistration[141] - Updating port to 8082
[cms] 17:38:07.231 [main] INFO  com.white.configserver.ConfigServerApplication[59] - Started ConfigServerApplication in 39.783 seconds (JVM running for 63.154)
[cms] 17:38:16.384 [DiscoveryClient-InstanceInfoReplicator-0] INFO  com.netflix.discovery.DiscoveryClient[826] - DiscoveryClient_CONFIG-SERVER/DESKTOP-DIC4SEB:config-server:8082: registering service...
[cms] 17:38:16.849 [DiscoveryClient-InstanceInfoReplicator-0] INFO  com.netflix.discovery.DiscoveryClient[835] - DiscoveryClient_CONFIG-SERVER/DESKTOP-DIC4SEB:config-server:8082 - registration status: 204
[cms] 17:38:36.739 [DiscoveryClient-CacheRefreshExecutor-0] INFO  com.netflix.discovery.DiscoveryClient[958] - Disable delta property : false
[cms] 17:38:36.743 [DiscoveryClient-CacheRefreshExecutor-0] INFO  com.netflix.discovery.DiscoveryClient[959] - Single vip registry refresh property : null
[cms] 17:38:36.746 [DiscoveryClient-CacheRefreshExecutor-0] INFO  com.netflix.discovery.DiscoveryClient[960] - Force full registry fetch : false
[cms] 17:38:36.784 [DiscoveryClient-CacheRefreshExecutor-0] INFO  com.netflix.discovery.DiscoveryClient[961] - Application is null : false
[cms] 17:38:36.805 [DiscoveryClient-CacheRefreshExecutor-0] INFO  com.netflix.discovery.DiscoveryClient[962] - Registered Applications size is zero : true
[cms] 17:38:36.819 [DiscoveryClient-CacheRefreshExecutor-0] INFO  com.netflix.discovery.DiscoveryClient[964] - Application version is -1: false
[cms] 17:38:36.856 [DiscoveryClient-CacheRefreshExecutor-0] INFO  com.netflix.discovery.DiscoveryClient[1047] - Getting all instance registry info from the eureka server
[cms] 17:38:37.152 [DiscoveryClient-CacheRefreshExecutor-0] INFO  com.netflix.discovery.DiscoveryClient[1056] - The response status is 200
[cms] 17:43:04.501 [AsyncResolver-bootstrap-executor-0] INFO  com.netflix.discovery.shared.resolver.aws.ConfigClusterResolver[43] - Resolving eureka endpoints via configuration
[cms] 17:43:33.460 [http-nio-8082-exec-10] INFO  org.apache.catalina.core.ContainerBase.[Tomcat].[localhost].[/][173] - Initializing Spring DispatcherServlet 'dispatcherServlet'
[cms] 17:43:33.470 [http-nio-8082-exec-10] INFO  org.springframework.web.servlet.DispatcherServlet[524] - Initializing Servlet 'dispatcherServlet'
[cms] 17:43:33.512 [http-nio-8082-exec-10] INFO  org.springframework.web.servlet.DispatcherServlet[546] - Completed initialization in 39 ms
[cms] 17:43:36.197 [http-nio-8082-exec-10] INFO  org.springframework.cloud.config.server.environment.NativeEnvironmentRepository[264] - Adding property source: file:/C:/Users/white/AppData/Local/Temp/config-repo-4057023889824842205/user-server/user-server-dev.yml
[cms] 17:43:36.200 [http-nio-8082-exec-10] INFO  org.springframework.cloud.config.server.environment.NativeEnvironmentRepository[264] - Adding property source: file:/C:/Users/white/AppData/Local/Temp/config-repo-4057023889824842205/user-server/application.yml
[cms] 17:48:04.508 [AsyncResolver-bootstrap-executor-0] INFO  com.netflix.discovery.shared.resolver.aws.ConfigClusterResolver[43] - Resolving eureka endpoints via configuration
[cms] 17:53:04.513 [AsyncResolver-bootstrap-executor-0] INFO  com.netflix.discovery.shared.resolver.aws.ConfigClusterResolver[43] - Resolving eureka endpoints via configuration
[cms] 17:55:19.894 [http-nio-8082-exec-9] INFO  org.springframework.cloud.config.server.environment.NativeEnvironmentRepository[264] - Adding property source: file:/C:/Users/white/AppData/Local/Temp/config-repo-4057023889824842205/user-server/user-server-dev.yml
[cms] 17:55:19.897 [http-nio-8082-exec-9] INFO  org.springframework.cloud.config.server.environment.NativeEnvironmentRepository[264] - Adding property source: file:/C:/Users/white/AppData/Local/Temp/config-repo-4057023889824842205/user-server/application.yml
[cms] 17:58:04.517 [AsyncResolver-bootstrap-executor-0] INFO  com.netflix.discovery.shared.resolver.aws.ConfigClusterResolver[43] - Resolving eureka endpoints via configuration
[cms] 17:58:16.649 [http-nio-8082-exec-7] INFO  org.springframework.cloud.config.server.environment.NativeEnvironmentRepository[264] - Adding property source: file:/C:/Users/white/AppData/Local/Temp/config-repo-4057023889824842205/user-server/user-server-dev.yml
[cms] 17:58:16.652 [http-nio-8082-exec-7] INFO  org.springframework.cloud.config.server.environment.NativeEnvironmentRepository[264] - Adding property source: file:/C:/Users/white/AppData/Local/Temp/config-repo-4057023889824842205/user-server/application.yml
[cms] 18:03:04.525 [AsyncResolver-bootstrap-executor-0] INFO  com.netflix.discovery.shared.resolver.aws.ConfigClusterResolver[43] - Resolving eureka endpoints via configuration
[cms] 18:04:09.106 [Thread-8] INFO  org.springframework.cloud.netflix.eureka.serviceregistry.EurekaServiceRegistry[65] - Unregistering application CONFIG-SERVER with eureka with status DOWN
[cms] 18:04:09.128 [DiscoveryClient-InstanceInfoReplicator-0] INFO  com.netflix.discovery.DiscoveryClient[826] - DiscoveryClient_CONFIG-SERVER/DESKTOP-DIC4SEB:config-server:8082: registering service...
[cms] 18:04:09.151 [DiscoveryClient-InstanceInfoReplicator-0] INFO  com.netflix.discovery.DiscoveryClient[835] - DiscoveryClient_CONFIG-SERVER/DESKTOP-DIC4SEB:config-server:8082 - registration status: 204
[cms] 18:04:09.238 [Thread-8] INFO  org.springframework.scheduling.concurrent.ThreadPoolTaskExecutor[208] - Shutting down ExecutorService 'applicationTaskExecutor'
[cms] 18:04:09.296 [Thread-8] INFO  com.netflix.discovery.DiscoveryClient[888] - Shutting down DiscoveryClient ...
[cms] 18:04:12.301 [Thread-8] INFO  com.netflix.discovery.DiscoveryClient[922] - Unregistering ...
[cms] 18:04:14.709 [Thread-8] INFO  com.netflix.discovery.DiscoveryClient[911] - Completed shut down of DiscoveryClient
