[cms] 18:15:38.643 [main] INFO  org.springframework.context.support.PostProcessorRegistrationDelegate$BeanPostProcessorChecker[330] - Bean 'org.springframework.cloud.autoconfigure.ConfigurationPropertiesRebinderAutoConfiguration' of type [org.springframework.cloud.autoconfigure.ConfigurationPropertiesRebinderAutoConfiguration$$EnhancerBySpringCGLIB$$334d98b8] is not eligible for getting processed by all BeanPostProcessors (for example: not eligible for auto-proxying)
[cms] 18:15:45.065 [main] INFO  com.white.configserver.ConfigServerApplication[679] - The following profiles are active: dev
[cms] 18:15:53.521 [main] INFO  org.springframework.cloud.context.scope.GenericScope[294] - BeanFactory id=3b71385d-5168-3e50-8d93-c328bbb49805
[cms] 18:15:55.458 [main] INFO  org.springframework.context.support.PostProcessorRegistrationDelegate$BeanPostProcessorChecker[330] - Bean 'org.springframework.cloud.autoconfigure.ConfigurationPropertiesRebinderAutoConfiguration' of type [org.springframework.cloud.autoconfigure.ConfigurationPropertiesRebinderAutoConfiguration$$EnhancerBySpringCGLIB$$334d98b8] is not eligible for getting processed by all BeanPostProcessors (for example: not eligible for auto-proxying)
[cms] 18:16:01.883 [main] INFO  org.springframework.boot.web.embedded.tomcat.TomcatWebServer[90] - Tomcat initialized with port(s): 8082 (http)
[cms] 18:16:02.004 [main] INFO  org.apache.catalina.core.StandardService[173] - Starting service [Tomcat]
[cms] 18:16:02.019 [main] INFO  org.apache.catalina.core.StandardEngine[173] - Starting Servlet engine: [Apache Tomcat/9.0.17]
[cms] 18:16:02.608 [main] INFO  org.apache.catalina.core.ContainerBase.[Tomcat].[localhost].[/][173] - Initializing Spring embedded WebApplicationContext
[cms] 18:16:02.613 [main] INFO  org.springframework.web.context.ContextLoader[296] - Root WebApplicationContext: initialization completed in 17467 ms
[cms] 18:16:03.037 [main] INFO  com.netflix.config.sources.URLConfigurationSource[122] - To enable URLs as dynamic configuration sources, define System property archaius.configurationSource.additionalUrls or make config.properties available on classpath.
[cms] 18:16:03.112 [main] INFO  com.netflix.config.DynamicPropertyFactory[281] - DynamicPropertyFactory is initialized with configuration sources: com.netflix.config.ConcurrentCompositeConfiguration@24be6952
[cms] 18:16:15.951 [main] INFO  org.springframework.boot.actuate.endpoint.web.ServletEndpointRegistrar[78] - Registered '/actuator/jolokia' to jolokia-actuator-endpoint
[cms] 18:16:19.718 [main] INFO  com.netflix.config.sources.URLConfigurationSource[122] - To enable URLs as dynamic configuration sources, define System property archaius.configurationSource.additionalUrls or make config.properties available on classpath.
[cms] 18:16:20.747 [main] INFO  org.springframework.scheduling.concurrent.ThreadPoolTaskExecutor[171] - Initializing ExecutorService 'applicationTaskExecutor'
[cms] 18:16:27.039 [main] INFO  org.springframework.boot.actuate.endpoint.web.EndpointLinksResolver[59] - Exposing 20 endpoint(s) beneath base path '/actuator'
[cms] 18:16:28.138 [main] INFO  org.springframework.cloud.netflix.eureka.InstanceInfoFactory[71] - Setting initial instance status as: STARTING
[cms] 18:16:28.391 [main] INFO  com.netflix.discovery.DiscoveryClient[349] - Initializing Eureka in region us-east-1
[cms] 18:16:28.927 [main] INFO  com.netflix.discovery.provider.DiscoveryJerseyProvider[70] - Using JSON encoding codec LegacyJacksonJson
[cms] 18:16:28.987 [main] INFO  com.netflix.discovery.provider.DiscoveryJerseyProvider[71] - Using JSON decoding codec LegacyJacksonJson
[cms] 18:16:29.896 [main] INFO  com.netflix.discovery.provider.DiscoveryJerseyProvider[80] - Using XML encoding codec XStreamXml
[cms] 18:16:30.166 [main] INFO  com.netflix.discovery.provider.DiscoveryJerseyProvider[81] - Using XML decoding codec XStreamXml
[cms] 18:16:31.343 [main] INFO  com.netflix.discovery.shared.resolver.aws.ConfigClusterResolver[43] - Resolving eureka endpoints via configuration
[cms] 18:16:33.154 [main] INFO  com.netflix.discovery.DiscoveryClient[958] - Disable delta property : false
[cms] 18:16:33.174 [main] INFO  com.netflix.discovery.DiscoveryClient[959] - Single vip registry refresh property : null
[cms] 18:16:33.185 [main] INFO  com.netflix.discovery.DiscoveryClient[960] - Force full registry fetch : false
[cms] 18:16:33.191 [main] INFO  com.netflix.discovery.DiscoveryClient[961] - Application is null : false
[cms] 18:16:33.199 [main] INFO  com.netflix.discovery.DiscoveryClient[962] - Registered Applications size is zero : true
[cms] 18:16:33.201 [main] INFO  com.netflix.discovery.DiscoveryClient[964] - Application version is -1: true
[cms] 18:16:33.203 [main] INFO  com.netflix.discovery.DiscoveryClient[1047] - Getting all instance registry info from the eureka server
[cms] 18:16:36.102 [main] INFO  com.netflix.discovery.DiscoveryClient[1056] - The response status is 200
[cms] 18:16:36.111 [main] INFO  com.netflix.discovery.DiscoveryClient[1270] - Starting heartbeat executor: renew interval is: 30
[cms] 18:16:36.121 [main] INFO  com.netflix.discovery.InstanceInfoReplicator[60] - InstanceInfoReplicator onDemand update allowed rate per min is 4
[cms] 18:16:36.222 [main] INFO  com.netflix.discovery.DiscoveryClient[449] - Discovery Client initialized at timestamp 1568024196133 with initial instances count: 0
[cms] 18:16:36.279 [main] INFO  org.springframework.cloud.netflix.eureka.serviceregistry.EurekaServiceRegistry[42] - Registering application CONFIG-SERVER with eureka with status UP
[cms] 18:16:36.330 [main] INFO  com.netflix.discovery.DiscoveryClient[1305] - Saw local status change event StatusChangeEvent [timestamp=1568024196330, current=UP, previous=STARTING]
[cms] 18:16:37.009 [main] INFO  org.springframework.boot.web.embedded.tomcat.TomcatWebServer[204] - Tomcat started on port(s): 8082 (http) with context path ''
[cms] 18:16:37.202 [main] INFO  org.springframework.cloud.netflix.eureka.serviceregistry.EurekaAutoServiceRegistration[141] - Updating port to 8082
[cms] 18:16:37.268 [main] INFO  com.white.configserver.ConfigServerApplication[59] - Started ConfigServerApplication in 67.278 seconds (JVM running for 141.014)
[cms] 18:16:53.589 [DiscoveryClient-InstanceInfoReplicator-0] INFO  com.netflix.discovery.DiscoveryClient[826] - DiscoveryClient_CONFIG-SERVER/DESKTOP-DIC4SEB:config-server:8082: registering service...
[cms] 18:16:54.206 [DiscoveryClient-InstanceInfoReplicator-0] INFO  com.netflix.discovery.DiscoveryClient[835] - DiscoveryClient_CONFIG-SERVER/DESKTOP-DIC4SEB:config-server:8082 - registration status: 204
[cms] 18:17:06.114 [DiscoveryClient-CacheRefreshExecutor-0] INFO  com.netflix.discovery.DiscoveryClient[958] - Disable delta property : false
[cms] 18:17:06.121 [DiscoveryClient-CacheRefreshExecutor-0] INFO  com.netflix.discovery.DiscoveryClient[959] - Single vip registry refresh property : null
[cms] 18:17:06.157 [DiscoveryClient-CacheRefreshExecutor-0] INFO  com.netflix.discovery.DiscoveryClient[960] - Force full registry fetch : false
[cms] 18:17:06.163 [DiscoveryClient-CacheRefreshExecutor-0] INFO  com.netflix.discovery.DiscoveryClient[961] - Application is null : false
[cms] 18:17:06.166 [DiscoveryClient-CacheRefreshExecutor-0] INFO  com.netflix.discovery.DiscoveryClient[962] - Registered Applications size is zero : true
[cms] 18:17:06.179 [DiscoveryClient-CacheRefreshExecutor-0] INFO  com.netflix.discovery.DiscoveryClient[964] - Application version is -1: false
[cms] 18:17:06.184 [DiscoveryClient-CacheRefreshExecutor-0] INFO  com.netflix.discovery.DiscoveryClient[1047] - Getting all instance registry info from the eureka server
[cms] 18:17:06.372 [DiscoveryClient-CacheRefreshExecutor-0] INFO  com.netflix.discovery.DiscoveryClient[1056] - The response status is 200
[cms] 18:18:45.879 [http-nio-8082-exec-10] INFO  org.apache.catalina.core.ContainerBase.[Tomcat].[localhost].[/][173] - Initializing Spring DispatcherServlet 'dispatcherServlet'
[cms] 18:18:45.907 [http-nio-8082-exec-10] INFO  org.springframework.web.servlet.DispatcherServlet[524] - Initializing Servlet 'dispatcherServlet'
[cms] 18:18:46.014 [http-nio-8082-exec-10] INFO  org.springframework.web.servlet.DispatcherServlet[546] - Completed initialization in 92 ms
[cms] 18:18:49.563 [http-nio-8082-exec-10] INFO  org.springframework.cloud.config.server.environment.NativeEnvironmentRepository[264] - Adding property source: file:/C:/Users/white/AppData/Local/Temp/config-repo-8964206867896065577/user-server/user-server-dev.yml
[cms] 18:18:49.573 [http-nio-8082-exec-10] INFO  org.springframework.cloud.config.server.environment.NativeEnvironmentRepository[264] - Adding property source: file:/C:/Users/white/AppData/Local/Temp/config-repo-8964206867896065577/user-server/application.yml
[cms] 18:21:33.217 [AsyncResolver-bootstrap-executor-0] INFO  com.netflix.discovery.shared.resolver.aws.ConfigClusterResolver[43] - Resolving eureka endpoints via configuration
[cms] 18:26:33.223 [AsyncResolver-bootstrap-executor-0] INFO  com.netflix.discovery.shared.resolver.aws.ConfigClusterResolver[43] - Resolving eureka endpoints via configuration
[cms] 18:27:38.034 [http-nio-8082-exec-9] INFO  org.springframework.cloud.config.server.environment.NativeEnvironmentRepository[264] - Adding property source: file:/C:/Users/white/AppData/Local/Temp/config-repo-8964206867896065577/user-server/user-server-dev.yml
[cms] 18:27:38.039 [http-nio-8082-exec-9] INFO  org.springframework.cloud.config.server.environment.NativeEnvironmentRepository[264] - Adding property source: file:/C:/Users/white/AppData/Local/Temp/config-repo-8964206867896065577/user-server/application.yml
[cms] 18:31:33.226 [AsyncResolver-bootstrap-executor-0] INFO  com.netflix.discovery.shared.resolver.aws.ConfigClusterResolver[43] - Resolving eureka endpoints via configuration
[cms] 18:32:00.688 [http-nio-8082-exec-7] INFO  org.springframework.cloud.config.server.environment.NativeEnvironmentRepository[264] - Adding property source: file:/C:/Users/white/AppData/Local/Temp/config-repo-8964206867896065577/user-server/user-server-dev.yml
[cms] 18:32:00.691 [http-nio-8082-exec-7] INFO  org.springframework.cloud.config.server.environment.NativeEnvironmentRepository[264] - Adding property source: file:/C:/Users/white/AppData/Local/Temp/config-repo-8964206867896065577/user-server/application.yml
[cms] 18:36:33.249 [AsyncResolver-bootstrap-executor-0] INFO  com.netflix.discovery.shared.resolver.aws.ConfigClusterResolver[43] - Resolving eureka endpoints via configuration
[cms] 18:41:33.253 [AsyncResolver-bootstrap-executor-0] INFO  com.netflix.discovery.shared.resolver.aws.ConfigClusterResolver[43] - Resolving eureka endpoints via configuration
[cms] 18:46:33.257 [AsyncResolver-bootstrap-executor-0] INFO  com.netflix.discovery.shared.resolver.aws.ConfigClusterResolver[43] - Resolving eureka endpoints via configuration
[cms] 18:51:33.261 [AsyncResolver-bootstrap-executor-0] INFO  com.netflix.discovery.shared.resolver.aws.ConfigClusterResolver[43] - Resolving eureka endpoints via configuration
[cms] 18:56:33.264 [AsyncResolver-bootstrap-executor-0] INFO  com.netflix.discovery.shared.resolver.aws.ConfigClusterResolver[43] - Resolving eureka endpoints via configuration
[cms] 19:00:47.365 [Thread-8] INFO  org.springframework.cloud.netflix.eureka.serviceregistry.EurekaServiceRegistry[65] - Unregistering application CONFIG-SERVER with eureka with status DOWN
[cms] 19:00:47.390 [DiscoveryClient-InstanceInfoReplicator-0] INFO  com.netflix.discovery.DiscoveryClient[826] - DiscoveryClient_CONFIG-SERVER/DESKTOP-DIC4SEB:config-server:8082: registering service...
[cms] 19:00:47.416 [DiscoveryClient-InstanceInfoReplicator-0] INFO  com.netflix.discovery.DiscoveryClient[835] - DiscoveryClient_CONFIG-SERVER/DESKTOP-DIC4SEB:config-server:8082 - registration status: 204
[cms] 19:00:47.462 [Thread-8] INFO  org.springframework.scheduling.concurrent.ThreadPoolTaskExecutor[208] - Shutting down ExecutorService 'applicationTaskExecutor'
[cms] 19:00:47.542 [Thread-8] INFO  com.netflix.discovery.DiscoveryClient[888] - Shutting down DiscoveryClient ...
[cms] 19:00:50.546 [Thread-8] INFO  com.netflix.discovery.DiscoveryClient[922] - Unregistering ...
[cms] 19:00:52.677 [Thread-8] INFO  com.netflix.discovery.DiscoveryClient[911] - Completed shut down of DiscoveryClient
