[cms] 11:56:34.948 [main] INFO  org.springframework.context.support.PostProcessorRegistrationDelegate$BeanPostProcessorChecker[330] - Bean 'org.springframework.cloud.autoconfigure.ConfigurationPropertiesRebinderAutoConfiguration' of type [org.springframework.cloud.autoconfigure.ConfigurationPropertiesRebinderAutoConfiguration$$EnhancerBySpringCGLIB$$8b3be6fe] is not eligible for getting processed by all BeanPostProcessors (for example: not eligible for auto-proxying)
[cms] 11:56:58.012 [main] INFO  com.white.configserver.ConfigServerApplication[679] - The following profiles are active: dev
[cms] 11:57:03.100 [main] INFO  org.springframework.cloud.context.scope.GenericScope[294] - BeanFactory id=3b71385d-5168-3e50-8d93-c328bbb49805
[cms] 11:57:03.726 [main] INFO  org.springframework.context.support.PostProcessorRegistrationDelegate$BeanPostProcessorChecker[330] - Bean 'org.springframework.cloud.autoconfigure.ConfigurationPropertiesRebinderAutoConfiguration' of type [org.springframework.cloud.autoconfigure.ConfigurationPropertiesRebinderAutoConfiguration$$EnhancerBySpringCGLIB$$8b3be6fe] is not eligible for getting processed by all BeanPostProcessors (for example: not eligible for auto-proxying)
[cms] 11:57:06.281 [main] INFO  org.springframework.boot.web.embedded.tomcat.TomcatWebServer[90] - Tomcat initialized with port(s): 8082 (http)
[cms] 11:57:06.520 [main] INFO  org.apache.catalina.core.StandardService[173] - Starting service [Tomcat]
[cms] 11:57:06.834 [main] INFO  org.apache.catalina.core.StandardEngine[173] - Starting Servlet engine: [Apache Tomcat/9.0.17]
[cms] 11:57:08.305 [main] INFO  org.apache.catalina.core.ContainerBase.[Tomcat].[localhost].[/][173] - Initializing Spring embedded WebApplicationContext
[cms] 11:57:08.399 [main] INFO  org.springframework.web.context.ContextLoader[296] - Root WebApplicationContext: initialization completed in 10331 ms
[cms] 11:57:08.820 [main] INFO  com.netflix.config.sources.URLConfigurationSource[122] - To enable URLs as dynamic configuration sources, define System property archaius.configurationSource.additionalUrls or make config.properties available on classpath.
[cms] 11:57:08.916 [main] INFO  com.netflix.config.DynamicPropertyFactory[281] - DynamicPropertyFactory is initialized with configuration sources: com.netflix.config.ConcurrentCompositeConfiguration@68e5190f
[cms] 11:57:27.855 [main] INFO  org.springframework.boot.actuate.endpoint.web.ServletEndpointRegistrar[78] - Registered '/actuator/jolokia' to jolokia-actuator-endpoint
[cms] 11:57:33.920 [main] INFO  com.netflix.config.sources.URLConfigurationSource[122] - To enable URLs as dynamic configuration sources, define System property archaius.configurationSource.additionalUrls or make config.properties available on classpath.
[cms] 11:57:35.091 [main] INFO  org.springframework.scheduling.concurrent.ThreadPoolTaskExecutor[171] - Initializing ExecutorService 'applicationTaskExecutor'
[cms] 11:57:40.685 [main] INFO  org.springframework.boot.actuate.endpoint.web.EndpointLinksResolver[59] - Exposing 20 endpoint(s) beneath base path '/actuator'
[cms] 11:57:41.519 [main] INFO  org.springframework.cloud.netflix.eureka.InstanceInfoFactory[71] - Setting initial instance status as: STARTING
[cms] 11:57:41.725 [main] INFO  com.netflix.discovery.DiscoveryClient[349] - Initializing Eureka in region us-east-1
[cms] 11:57:42.022 [main] INFO  com.netflix.discovery.provider.DiscoveryJerseyProvider[70] - Using JSON encoding codec LegacyJacksonJson
[cms] 11:57:42.046 [main] INFO  com.netflix.discovery.provider.DiscoveryJerseyProvider[71] - Using JSON decoding codec LegacyJacksonJson
[cms] 11:57:43.070 [main] INFO  com.netflix.discovery.provider.DiscoveryJerseyProvider[80] - Using XML encoding codec XStreamXml
[cms] 11:57:43.084 [main] INFO  com.netflix.discovery.provider.DiscoveryJerseyProvider[81] - Using XML decoding codec XStreamXml
[cms] 11:57:44.658 [main] INFO  com.netflix.discovery.shared.resolver.aws.ConfigClusterResolver[43] - Resolving eureka endpoints via configuration
[cms] 11:57:48.681 [main] INFO  com.netflix.discovery.DiscoveryClient[958] - Disable delta property : false
[cms] 11:57:48.834 [main] INFO  com.netflix.discovery.DiscoveryClient[959] - Single vip registry refresh property : null
[cms] 11:57:49.060 [main] INFO  com.netflix.discovery.DiscoveryClient[960] - Force full registry fetch : false
[cms] 11:57:49.165 [main] INFO  com.netflix.discovery.DiscoveryClient[961] - Application is null : false
[cms] 11:57:49.240 [main] INFO  com.netflix.discovery.DiscoveryClient[962] - Registered Applications size is zero : true
[cms] 11:57:49.360 [main] INFO  com.netflix.discovery.DiscoveryClient[964] - Application version is -1: true
[cms] 11:57:49.715 [main] INFO  com.netflix.discovery.DiscoveryClient[1047] - Getting all instance registry info from the eureka server
[cms] 11:57:50.279 [main] INFO  com.netflix.discovery.DiscoveryClient[1056] - The response status is 200
[cms] 11:57:50.375 [main] INFO  com.netflix.discovery.DiscoveryClient[1270] - Starting heartbeat executor: renew interval is: 30
[cms] 11:57:50.384 [main] INFO  com.netflix.discovery.InstanceInfoReplicator[60] - InstanceInfoReplicator onDemand update allowed rate per min is 4
[cms] 11:57:50.778 [main] INFO  com.netflix.discovery.DiscoveryClient[449] - Discovery Client initialized at timestamp 1556942270774 with initial instances count: 0
[cms] 11:57:51.018 [main] INFO  org.springframework.cloud.netflix.eureka.serviceregistry.EurekaServiceRegistry[42] - Registering application CONFIG-SERVER with eureka with status UP
[cms] 11:57:51.144 [main] INFO  com.netflix.discovery.DiscoveryClient[1305] - Saw local status change event StatusChangeEvent [timestamp=1556942271144, current=UP, previous=STARTING]
[cms] 11:57:51.764 [main] INFO  org.springframework.boot.web.embedded.tomcat.TomcatWebServer[204] - Tomcat started on port(s): 8082 (http) with context path ''
[cms] 11:57:51.815 [main] INFO  org.springframework.cloud.netflix.eureka.serviceregistry.EurekaAutoServiceRegistration[141] - Updating port to 8082
[cms] 11:57:51.879 [main] INFO  com.white.configserver.ConfigServerApplication[59] - Started ConfigServerApplication in 87.81 seconds (JVM running for 172.896)
[cms] 11:58:05.291 [DiscoveryClient-InstanceInfoReplicator-0] INFO  com.netflix.discovery.DiscoveryClient[826] - DiscoveryClient_CONFIG-SERVER/host.docker.internal:config-server:8082: registering service...
[cms] 11:58:05.505 [DiscoveryClient-InstanceInfoReplicator-0] INFO  com.netflix.discovery.DiscoveryClient[835] - DiscoveryClient_CONFIG-SERVER/host.docker.internal:config-server:8082 - registration status: 204
[cms] 11:58:20.462 [DiscoveryClient-CacheRefreshExecutor-0] INFO  com.netflix.discovery.DiscoveryClient[958] - Disable delta property : false
[cms] 11:58:20.494 [DiscoveryClient-CacheRefreshExecutor-0] INFO  com.netflix.discovery.DiscoveryClient[959] - Single vip registry refresh property : null
[cms] 11:58:20.497 [DiscoveryClient-CacheRefreshExecutor-0] INFO  com.netflix.discovery.DiscoveryClient[960] - Force full registry fetch : false
[cms] 11:58:20.504 [DiscoveryClient-CacheRefreshExecutor-0] INFO  com.netflix.discovery.DiscoveryClient[961] - Application is null : false
[cms] 11:58:20.513 [DiscoveryClient-CacheRefreshExecutor-0] INFO  com.netflix.discovery.DiscoveryClient[962] - Registered Applications size is zero : true
[cms] 11:58:20.515 [DiscoveryClient-CacheRefreshExecutor-0] INFO  com.netflix.discovery.DiscoveryClient[964] - Application version is -1: false
[cms] 11:58:20.518 [DiscoveryClient-CacheRefreshExecutor-0] INFO  com.netflix.discovery.DiscoveryClient[1047] - Getting all instance registry info from the eureka server
[cms] 11:58:20.723 [DiscoveryClient-CacheRefreshExecutor-0] INFO  com.netflix.discovery.DiscoveryClient[1056] - The response status is 200
[cms] 11:58:35.939 [http-nio-8082-exec-10] INFO  org.apache.catalina.core.ContainerBase.[Tomcat].[localhost].[/][173] - Initializing Spring DispatcherServlet 'dispatcherServlet'
[cms] 11:58:35.953 [http-nio-8082-exec-10] INFO  org.springframework.web.servlet.DispatcherServlet[524] - Initializing Servlet 'dispatcherServlet'
[cms] 11:58:35.976 [http-nio-8082-exec-10] INFO  org.springframework.web.servlet.DispatcherServlet[546] - Completed initialization in 19 ms
[cms] 11:58:38.198 [http-nio-8082-exec-10] INFO  org.springframework.cloud.config.server.environment.NativeEnvironmentRepository[264] - Adding property source: file:/C:/Users/white/AppData/Local/Temp/config-repo-2817910705137743692/gateway-server/gateway-server-dev.yml
[cms] 11:58:38.201 [http-nio-8082-exec-10] INFO  org.springframework.cloud.config.server.environment.NativeEnvironmentRepository[264] - Adding property source: file:/C:/Users/white/AppData/Local/Temp/config-repo-2817910705137743692/gateway-server/application.yml
[cms] 11:58:40.928 [http-nio-8082-exec-9] INFO  org.springframework.cloud.config.server.environment.NativeEnvironmentRepository[264] - Adding property source: file:/C:/Users/white/AppData/Local/Temp/config-repo-2817910705137743692/user-server/user-server-dev.yml
[cms] 11:58:40.963 [http-nio-8082-exec-9] INFO  org.springframework.cloud.config.server.environment.NativeEnvironmentRepository[264] - Adding property source: file:/C:/Users/white/AppData/Local/Temp/config-repo-2817910705137743692/user-server/application.yml
[cms] 12:02:49.728 [AsyncResolver-bootstrap-executor-0] INFO  com.netflix.discovery.shared.resolver.aws.ConfigClusterResolver[43] - Resolving eureka endpoints via configuration
[cms] 12:07:49.733 [AsyncResolver-bootstrap-executor-0] INFO  com.netflix.discovery.shared.resolver.aws.ConfigClusterResolver[43] - Resolving eureka endpoints via configuration
[cms] 12:12:49.737 [AsyncResolver-bootstrap-executor-0] INFO  com.netflix.discovery.shared.resolver.aws.ConfigClusterResolver[43] - Resolving eureka endpoints via configuration
[cms] 12:17:49.740 [AsyncResolver-bootstrap-executor-0] INFO  com.netflix.discovery.shared.resolver.aws.ConfigClusterResolver[43] - Resolving eureka endpoints via configuration
[cms] 12:22:49.744 [AsyncResolver-bootstrap-executor-0] INFO  com.netflix.discovery.shared.resolver.aws.ConfigClusterResolver[43] - Resolving eureka endpoints via configuration
[cms] 12:27:49.747 [AsyncResolver-bootstrap-executor-0] INFO  com.netflix.discovery.shared.resolver.aws.ConfigClusterResolver[43] - Resolving eureka endpoints via configuration
[cms] 12:32:49.752 [AsyncResolver-bootstrap-executor-0] INFO  com.netflix.discovery.shared.resolver.aws.ConfigClusterResolver[43] - Resolving eureka endpoints via configuration
[cms] 12:37:27.659 [http-nio-8082-exec-9] INFO  org.springframework.cloud.config.server.environment.NativeEnvironmentRepository[264] - Adding property source: file:/C:/Users/white/AppData/Local/Temp/config-repo-2817910705137743692/gateway-server/gateway-server-dev.yml
[cms] 12:37:27.663 [http-nio-8082-exec-9] INFO  org.springframework.cloud.config.server.environment.NativeEnvironmentRepository[264] - Adding property source: file:/C:/Users/white/AppData/Local/Temp/config-repo-2817910705137743692/gateway-server/application.yml
[cms] 12:37:49.755 [AsyncResolver-bootstrap-executor-0] INFO  com.netflix.discovery.shared.resolver.aws.ConfigClusterResolver[43] - Resolving eureka endpoints via configuration
[cms] 12:42:49.758 [AsyncResolver-bootstrap-executor-0] INFO  com.netflix.discovery.shared.resolver.aws.ConfigClusterResolver[43] - Resolving eureka endpoints via configuration
[cms] 12:47:49.763 [AsyncResolver-bootstrap-executor-0] INFO  com.netflix.discovery.shared.resolver.aws.ConfigClusterResolver[43] - Resolving eureka endpoints via configuration
[cms] 12:48:27.407 [http-nio-8082-exec-4] INFO  org.springframework.cloud.config.server.environment.NativeEnvironmentRepository[264] - Adding property source: file:/C:/Users/white/AppData/Local/Temp/config-repo-2817910705137743692/gateway-server/gateway-server-dev.yml
[cms] 12:48:27.419 [http-nio-8082-exec-4] INFO  org.springframework.cloud.config.server.environment.NativeEnvironmentRepository[264] - Adding property source: file:/C:/Users/white/AppData/Local/Temp/config-repo-2817910705137743692/gateway-server/application.yml
[cms] 12:52:49.772 [AsyncResolver-bootstrap-executor-0] INFO  com.netflix.discovery.shared.resolver.aws.ConfigClusterResolver[43] - Resolving eureka endpoints via configuration
[cms] 12:52:58.502 [http-nio-8082-exec-7] INFO  org.springframework.cloud.config.server.environment.NativeEnvironmentRepository[264] - Adding property source: file:/C:/Users/white/AppData/Local/Temp/config-repo-2817910705137743692/gateway-server/gateway-server-dev.yml
[cms] 12:52:58.504 [http-nio-8082-exec-7] INFO  org.springframework.cloud.config.server.environment.NativeEnvironmentRepository[264] - Adding property source: file:/C:/Users/white/AppData/Local/Temp/config-repo-2817910705137743692/gateway-server/application.yml
[cms] 12:57:49.779 [AsyncResolver-bootstrap-executor-0] INFO  com.netflix.discovery.shared.resolver.aws.ConfigClusterResolver[43] - Resolving eureka endpoints via configuration
[cms] 12:59:28.358 [http-nio-8082-exec-10] INFO  org.springframework.cloud.config.server.environment.NativeEnvironmentRepository[264] - Adding property source: file:/C:/Users/white/AppData/Local/Temp/config-repo-2817910705137743692/gateway-server/gateway-server-dev.yml
[cms] 12:59:28.362 [http-nio-8082-exec-10] INFO  org.springframework.cloud.config.server.environment.NativeEnvironmentRepository[264] - Adding property source: file:/C:/Users/white/AppData/Local/Temp/config-repo-2817910705137743692/gateway-server/application.yml
[cms] 13:02:49.783 [AsyncResolver-bootstrap-executor-0] INFO  com.netflix.discovery.shared.resolver.aws.ConfigClusterResolver[43] - Resolving eureka endpoints via configuration
[cms] 13:07:49.787 [AsyncResolver-bootstrap-executor-0] INFO  com.netflix.discovery.shared.resolver.aws.ConfigClusterResolver[43] - Resolving eureka endpoints via configuration
[cms] 13:12:49.791 [AsyncResolver-bootstrap-executor-0] INFO  com.netflix.discovery.shared.resolver.aws.ConfigClusterResolver[43] - Resolving eureka endpoints via configuration
[cms] 13:17:49.794 [AsyncResolver-bootstrap-executor-0] INFO  com.netflix.discovery.shared.resolver.aws.ConfigClusterResolver[43] - Resolving eureka endpoints via configuration
[cms] 13:22:49.821 [AsyncResolver-bootstrap-executor-0] INFO  com.netflix.discovery.shared.resolver.aws.ConfigClusterResolver[43] - Resolving eureka endpoints via configuration
[cms] 13:27:49.839 [AsyncResolver-bootstrap-executor-0] INFO  com.netflix.discovery.shared.resolver.aws.ConfigClusterResolver[43] - Resolving eureka endpoints via configuration
