[cms] 23:34:30.088 [main] INFO  org.springframework.context.support.PostProcessorRegistrationDelegate$BeanPostProcessorChecker[330] - Bean 'org.springframework.cloud.autoconfigure.ConfigurationPropertiesRebinderAutoConfiguration' of type [org.springframework.cloud.autoconfigure.ConfigurationPropertiesRebinderAutoConfiguration$$EnhancerBySpringCGLIB$$f33f4b28] is not eligible for getting processed by all BeanPostProcessors (for example: not eligible for auto-proxying)
[cms] 23:34:32.948 [main] INFO  com.white.configserver.ConfigServerApplication[679] - The following profiles are active: dev
[cms] 23:34:35.509 [main] INFO  org.springframework.cloud.context.scope.GenericScope[294] - BeanFactory id=3b71385d-5168-3e50-8d93-c328bbb49805
[cms] 23:34:35.766 [main] INFO  org.springframework.context.support.PostProcessorRegistrationDelegate$BeanPostProcessorChecker[330] - Bean 'org.springframework.cloud.autoconfigure.ConfigurationPropertiesRebinderAutoConfiguration' of type [org.springframework.cloud.autoconfigure.ConfigurationPropertiesRebinderAutoConfiguration$$EnhancerBySpringCGLIB$$f33f4b28] is not eligible for getting processed by all BeanPostProcessors (for example: not eligible for auto-proxying)
[cms] 23:34:37.117 [main] INFO  org.springframework.boot.web.embedded.tomcat.TomcatWebServer[90] - Tomcat initialized with port(s): 8082 (http)
[cms] 23:34:37.193 [main] INFO  org.apache.catalina.core.StandardService[173] - Starting service [Tomcat]
[cms] 23:34:37.197 [main] INFO  org.apache.catalina.core.StandardEngine[173] - Starting Servlet engine: [Apache Tomcat/9.0.17]
[cms] 23:34:37.502 [main] INFO  org.apache.catalina.core.ContainerBase.[Tomcat].[localhost].[/][173] - Initializing Spring embedded WebApplicationContext
[cms] 23:34:37.503 [main] INFO  org.springframework.web.context.ContextLoader[296] - Root WebApplicationContext: initialization completed in 4528 ms
[cms] 23:34:37.763 [main] INFO  com.netflix.config.sources.URLConfigurationSource[122] - To enable URLs as dynamic configuration sources, define System property archaius.configurationSource.additionalUrls or make config.properties available on classpath.
[cms] 23:34:37.795 [main] INFO  com.netflix.config.DynamicPropertyFactory[281] - DynamicPropertyFactory is initialized with configuration sources: com.netflix.config.ConcurrentCompositeConfiguration@25c7a1ed
[cms] 23:34:40.401 [main] INFO  org.springframework.cloud.commons.util.InetUtils[170] - Cannot determine local hostname
[cms] 23:34:46.206 [main] INFO  org.springframework.boot.actuate.endpoint.web.ServletEndpointRegistrar[78] - Registered '/actuator/jolokia' to jolokia-actuator-endpoint
[cms] 23:34:46.356 [main] INFO  com.netflix.config.sources.URLConfigurationSource[122] - To enable URLs as dynamic configuration sources, define System property archaius.configurationSource.additionalUrls or make config.properties available on classpath.
[cms] 23:34:46.869 [main] INFO  org.springframework.scheduling.concurrent.ThreadPoolTaskExecutor[171] - Initializing ExecutorService 'applicationTaskExecutor'
[cms] 23:34:52.068 [main] INFO  org.springframework.cloud.commons.util.InetUtils[170] - Cannot determine local hostname
[cms] 23:34:52.611 [main] INFO  org.springframework.boot.actuate.endpoint.web.EndpointLinksResolver[59] - Exposing 20 endpoint(s) beneath base path '/actuator'
[cms] 23:34:52.999 [main] INFO  org.springframework.cloud.netflix.eureka.InstanceInfoFactory[71] - Setting initial instance status as: STARTING
[cms] 23:34:53.276 [main] INFO  com.netflix.discovery.DiscoveryClient[349] - Initializing Eureka in region us-east-1
[cms] 23:34:53.598 [main] INFO  com.netflix.discovery.provider.DiscoveryJerseyProvider[70] - Using JSON encoding codec LegacyJacksonJson
[cms] 23:34:53.629 [main] INFO  com.netflix.discovery.provider.DiscoveryJerseyProvider[71] - Using JSON decoding codec LegacyJacksonJson
[cms] 23:34:54.280 [main] INFO  com.netflix.discovery.provider.DiscoveryJerseyProvider[80] - Using XML encoding codec XStreamXml
[cms] 23:34:54.284 [main] INFO  com.netflix.discovery.provider.DiscoveryJerseyProvider[81] - Using XML decoding codec XStreamXml
[cms] 23:34:55.315 [main] INFO  com.netflix.discovery.shared.resolver.aws.ConfigClusterResolver[43] - Resolving eureka endpoints via configuration
[cms] 23:34:56.406 [main] INFO  com.netflix.discovery.DiscoveryClient[958] - Disable delta property : false
[cms] 23:34:56.408 [main] INFO  com.netflix.discovery.DiscoveryClient[959] - Single vip registry refresh property : null
[cms] 23:34:56.412 [main] INFO  com.netflix.discovery.DiscoveryClient[960] - Force full registry fetch : false
[cms] 23:34:56.413 [main] INFO  com.netflix.discovery.DiscoveryClient[961] - Application is null : false
[cms] 23:34:56.416 [main] INFO  com.netflix.discovery.DiscoveryClient[962] - Registered Applications size is zero : true
[cms] 23:34:56.424 [main] INFO  com.netflix.discovery.DiscoveryClient[964] - Application version is -1: true
[cms] 23:34:56.433 [main] INFO  com.netflix.discovery.DiscoveryClient[1047] - Getting all instance registry info from the eureka server
[cms] 23:34:56.889 [main] INFO  com.netflix.discovery.DiscoveryClient[1056] - The response status is 200
[cms] 23:34:56.893 [main] INFO  com.netflix.discovery.DiscoveryClient[1270] - Starting heartbeat executor: renew interval is: 30
[cms] 23:34:56.898 [main] INFO  com.netflix.discovery.InstanceInfoReplicator[60] - InstanceInfoReplicator onDemand update allowed rate per min is 4
[cms] 23:34:56.912 [main] INFO  com.netflix.discovery.DiscoveryClient[449] - Discovery Client initialized at timestamp 1556379296907 with initial instances count: 0
[cms] 23:34:56.921 [main] INFO  org.springframework.cloud.netflix.eureka.serviceregistry.EurekaServiceRegistry[42] - Registering application CONFIG-SERVER with eureka with status UP
[cms] 23:34:56.925 [main] INFO  com.netflix.discovery.DiscoveryClient[1305] - Saw local status change event StatusChangeEvent [timestamp=1556379296924, current=UP, previous=STARTING]
[cms] 23:34:57.179 [main] INFO  org.springframework.boot.web.embedded.tomcat.TomcatWebServer[204] - Tomcat started on port(s): 8082 (http) with context path ''
[cms] 23:34:57.184 [main] INFO  org.springframework.cloud.netflix.eureka.serviceregistry.EurekaAutoServiceRegistration[141] - Updating port to 8082
[cms] 23:34:57.192 [main] INFO  com.white.configserver.ConfigServerApplication[59] - Started ConfigServerApplication in 31.805 seconds (JVM running for 51.538)
[cms] 23:35:07.089 [DiscoveryClient-InstanceInfoReplicator-0] INFO  org.springframework.cloud.commons.util.InetUtils[170] - Cannot determine local hostname
[cms] 23:35:07.335 [DiscoveryClient-InstanceInfoReplicator-0] INFO  com.netflix.discovery.DiscoveryClient[826] - DiscoveryClient_CONFIG-SERVER/localhost:config-server:8082: registering service...
[cms] 23:35:07.820 [DiscoveryClient-InstanceInfoReplicator-0] INFO  com.netflix.discovery.DiscoveryClient[835] - DiscoveryClient_CONFIG-SERVER/localhost:config-server:8082 - registration status: 204
[cms] 23:35:12.448 [DiscoveryClient-InstanceInfoReplicator-0] INFO  org.springframework.cloud.commons.util.InetUtils[170] - Cannot determine local hostname
[cms] 23:35:26.894 [DiscoveryClient-CacheRefreshExecutor-0] INFO  com.netflix.discovery.DiscoveryClient[958] - Disable delta property : false
[cms] 23:35:26.899 [DiscoveryClient-CacheRefreshExecutor-0] INFO  com.netflix.discovery.DiscoveryClient[959] - Single vip registry refresh property : null
[cms] 23:35:26.901 [DiscoveryClient-CacheRefreshExecutor-0] INFO  com.netflix.discovery.DiscoveryClient[960] - Force full registry fetch : false
[cms] 23:35:26.905 [DiscoveryClient-CacheRefreshExecutor-0] INFO  com.netflix.discovery.DiscoveryClient[961] - Application is null : false
[cms] 23:35:26.931 [DiscoveryClient-CacheRefreshExecutor-0] INFO  com.netflix.discovery.DiscoveryClient[962] - Registered Applications size is zero : true
[cms] 23:35:26.935 [DiscoveryClient-CacheRefreshExecutor-0] INFO  com.netflix.discovery.DiscoveryClient[964] - Application version is -1: false
[cms] 23:35:26.940 [DiscoveryClient-CacheRefreshExecutor-0] INFO  com.netflix.discovery.DiscoveryClient[1047] - Getting all instance registry info from the eureka server
[cms] 23:35:26.972 [DiscoveryClient-CacheRefreshExecutor-0] INFO  com.netflix.discovery.DiscoveryClient[1056] - The response status is 200
[cms] 23:35:46.615 [DiscoveryClient-InstanceInfoReplicator-0] INFO  org.springframework.cloud.commons.util.InetUtils[170] - Cannot determine local hostname
[cms] 23:35:56.990 [DiscoveryClient-CacheRefreshExecutor-0] INFO  com.netflix.discovery.DiscoveryClient[958] - Disable delta property : false
[cms] 23:35:56.992 [DiscoveryClient-CacheRefreshExecutor-0] INFO  com.netflix.discovery.DiscoveryClient[959] - Single vip registry refresh property : null
[cms] 23:35:56.994 [DiscoveryClient-CacheRefreshExecutor-0] INFO  com.netflix.discovery.DiscoveryClient[960] - Force full registry fetch : false
[cms] 23:35:56.995 [DiscoveryClient-CacheRefreshExecutor-0] INFO  com.netflix.discovery.DiscoveryClient[961] - Application is null : false
[cms] 23:35:56.997 [DiscoveryClient-CacheRefreshExecutor-0] INFO  com.netflix.discovery.DiscoveryClient[962] - Registered Applications size is zero : true
[cms] 23:35:57.000 [DiscoveryClient-CacheRefreshExecutor-0] INFO  com.netflix.discovery.DiscoveryClient[964] - Application version is -1: false
[cms] 23:35:57.002 [DiscoveryClient-CacheRefreshExecutor-0] INFO  com.netflix.discovery.DiscoveryClient[1047] - Getting all instance registry info from the eureka server
[cms] 23:35:57.195 [DiscoveryClient-CacheRefreshExecutor-0] INFO  com.netflix.discovery.DiscoveryClient[1056] - The response status is 200
[cms] 23:36:20.269 [DiscoveryClient-InstanceInfoReplicator-0] INFO  org.springframework.cloud.commons.util.InetUtils[170] - Cannot determine local hostname
[cms] 23:36:53.927 [DiscoveryClient-InstanceInfoReplicator-0] INFO  org.springframework.cloud.commons.util.InetUtils[170] - Cannot determine local hostname
[cms] 23:37:28.537 [DiscoveryClient-InstanceInfoReplicator-0] INFO  org.springframework.cloud.commons.util.InetUtils[170] - Cannot determine local hostname
[cms] 23:38:03.795 [DiscoveryClient-InstanceInfoReplicator-0] INFO  org.springframework.cloud.commons.util.InetUtils[170] - Cannot determine local hostname
[cms] 23:38:38.969 [DiscoveryClient-InstanceInfoReplicator-0] INFO  org.springframework.cloud.commons.util.InetUtils[170] - Cannot determine local hostname
[cms] 23:38:55.287 [http-nio-8082-exec-9] INFO  org.apache.catalina.core.ContainerBase.[Tomcat].[localhost].[/][173] - Initializing Spring DispatcherServlet 'dispatcherServlet'
[cms] 23:38:55.289 [http-nio-8082-exec-9] INFO  org.springframework.web.servlet.DispatcherServlet[524] - Initializing Servlet 'dispatcherServlet'
[cms] 23:38:55.310 [http-nio-8082-exec-9] INFO  org.springframework.web.servlet.DispatcherServlet[546] - Completed initialization in 20 ms
[cms] 23:38:59.319 [http-nio-8082-exec-9] INFO  org.springframework.cloud.commons.util.InetUtils[170] - Cannot determine local hostname
[cms] 23:39:12.859 [DiscoveryClient-InstanceInfoReplicator-0] INFO  org.springframework.cloud.commons.util.InetUtils[170] - Cannot determine local hostname
[cms] 23:39:16.455 [http-nio-8082-exec-6] INFO  org.springframework.cloud.commons.util.InetUtils[170] - Cannot determine local hostname
[cms] 23:39:38.505 [http-nio-8082-exec-5] INFO  org.springframework.cloud.commons.util.InetUtils[170] - Cannot determine local hostname
[cms] 23:39:46.590 [DiscoveryClient-InstanceInfoReplicator-0] INFO  org.springframework.cloud.commons.util.InetUtils[170] - Cannot determine local hostname
[cms] 23:39:56.447 [AsyncResolver-bootstrap-executor-0] INFO  com.netflix.discovery.shared.resolver.aws.ConfigClusterResolver[43] - Resolving eureka endpoints via configuration
[cms] 23:39:56.635 [http-nio-8082-exec-4] INFO  org.springframework.cloud.commons.util.InetUtils[170] - Cannot determine local hostname
[cms] 23:40:17.387 [http-nio-8082-exec-3] INFO  org.springframework.cloud.commons.util.InetUtils[170] - Cannot determine local hostname
[cms] 23:40:20.902 [DiscoveryClient-InstanceInfoReplicator-0] INFO  org.springframework.cloud.commons.util.InetUtils[170] - Cannot determine local hostname
[cms] 23:40:36.829 [http-nio-8082-exec-2] INFO  org.springframework.cloud.commons.util.InetUtils[170] - Cannot determine local hostname
[cms] 23:40:54.035 [DiscoveryClient-InstanceInfoReplicator-0] INFO  org.springframework.cloud.commons.util.InetUtils[170] - Cannot determine local hostname
[cms] 23:40:57.580 [http-nio-8082-exec-1] INFO  org.springframework.cloud.commons.util.InetUtils[170] - Cannot determine local hostname
[cms] 23:41:16.875 [http-nio-8082-exec-10] INFO  org.springframework.cloud.commons.util.InetUtils[170] - Cannot determine local hostname
[cms] 23:41:27.715 [DiscoveryClient-InstanceInfoReplicator-0] INFO  org.springframework.cloud.commons.util.InetUtils[170] - Cannot determine local hostname
[cms] 23:41:36.641 [http-nio-8082-exec-9] INFO  org.springframework.cloud.commons.util.InetUtils[170] - Cannot determine local hostname
[cms] 23:41:57.416 [http-nio-8082-exec-7] INFO  org.springframework.cloud.commons.util.InetUtils[170] - Cannot determine local hostname
[cms] 23:42:02.892 [DiscoveryClient-InstanceInfoReplicator-0] INFO  org.springframework.cloud.commons.util.InetUtils[170] - Cannot determine local hostname
[cms] 23:42:16.812 [http-nio-8082-exec-6] INFO  org.springframework.cloud.commons.util.InetUtils[170] - Cannot determine local hostname
[cms] 23:42:36.268 [DiscoveryClient-InstanceInfoReplicator-0] INFO  org.springframework.cloud.commons.util.InetUtils[170] - Cannot determine local hostname
[cms] 23:42:39.701 [http-nio-8082-exec-5] INFO  org.springframework.cloud.commons.util.InetUtils[170] - Cannot determine local hostname
[cms] 23:42:57.236 [http-nio-8082-exec-4] INFO  org.springframework.cloud.commons.util.InetUtils[170] - Cannot determine local hostname
[cms] 23:43:09.774 [DiscoveryClient-InstanceInfoReplicator-0] INFO  org.springframework.cloud.commons.util.InetUtils[170] - Cannot determine local hostname
[cms] 23:43:16.704 [http-nio-8082-exec-2] INFO  org.springframework.cloud.commons.util.InetUtils[170] - Cannot determine local hostname
[cms] 23:43:36.398 [http-nio-8082-exec-1] INFO  org.springframework.cloud.commons.util.InetUtils[170] - Cannot determine local hostname
[cms] 23:43:42.891 [DiscoveryClient-InstanceInfoReplicator-0] INFO  org.springframework.cloud.commons.util.InetUtils[170] - Cannot determine local hostname
[cms] 23:43:57.184 [http-nio-8082-exec-10] INFO  org.springframework.cloud.commons.util.InetUtils[170] - Cannot determine local hostname
[cms] 23:44:16.459 [DiscoveryClient-InstanceInfoReplicator-0] INFO  org.springframework.cloud.commons.util.InetUtils[170] - Cannot determine local hostname
[cms] 23:44:19.876 [http-nio-8082-exec-9] INFO  org.springframework.cloud.commons.util.InetUtils[170] - Cannot determine local hostname
[cms] 23:44:36.810 [http-nio-8082-exec-8] INFO  org.springframework.cloud.commons.util.InetUtils[170] - Cannot determine local hostname
[cms] 23:44:50.354 [DiscoveryClient-InstanceInfoReplicator-0] INFO  org.springframework.cloud.commons.util.InetUtils[170] - Cannot determine local hostname
[cms] 23:44:56.326 [http-nio-8082-exec-7] INFO  org.springframework.cloud.commons.util.InetUtils[170] - Cannot determine local hostname
[cms] 23:44:56.452 [AsyncResolver-bootstrap-executor-0] INFO  com.netflix.discovery.shared.resolver.aws.ConfigClusterResolver[43] - Resolving eureka endpoints via configuration
[cms] 23:45:16.519 [http-nio-8082-exec-6] INFO  org.springframework.cloud.commons.util.InetUtils[170] - Cannot determine local hostname
[cms] 23:45:25.969 [DiscoveryClient-InstanceInfoReplicator-0] INFO  org.springframework.cloud.commons.util.InetUtils[170] - Cannot determine local hostname
[cms] 23:45:36.727 [http-nio-8082-exec-5] INFO  org.springframework.cloud.commons.util.InetUtils[170] - Cannot determine local hostname
[cms] 23:45:56.554 [http-nio-8082-exec-4] INFO  org.springframework.cloud.commons.util.InetUtils[170] - Cannot determine local hostname
[cms] 23:45:59.952 [DiscoveryClient-InstanceInfoReplicator-0] INFO  org.springframework.cloud.commons.util.InetUtils[170] - Cannot determine local hostname
[cms] 23:46:16.467 [http-nio-8082-exec-3] INFO  org.springframework.cloud.commons.util.InetUtils[170] - Cannot determine local hostname
[cms] 23:46:33.468 [DiscoveryClient-InstanceInfoReplicator-0] INFO  org.springframework.cloud.commons.util.InetUtils[170] - Cannot determine local hostname
[cms] 23:46:37.953 [http-nio-8082-exec-2] INFO  org.springframework.cloud.commons.util.InetUtils[170] - Cannot determine local hostname
[cms] 23:46:56.444 [http-nio-8082-exec-1] INFO  org.springframework.cloud.config.server.environment.MultipleJGitEnvironmentRepository[466] - Fetched for remote master and found 1 updates
[cms] 23:46:58.616 [http-nio-8082-exec-1] INFO  org.springframework.cloud.commons.util.InetUtils[170] - Cannot determine local hostname
[cms] 23:47:06.827 [DiscoveryClient-InstanceInfoReplicator-0] INFO  org.springframework.cloud.commons.util.InetUtils[170] - Cannot determine local hostname
[cms] 23:47:16.926 [http-nio-8082-exec-10] INFO  org.springframework.cloud.commons.util.InetUtils[170] - Cannot determine local hostname
[cms] 23:47:36.781 [http-nio-8082-exec-9] INFO  org.springframework.cloud.commons.util.InetUtils[170] - Cannot determine local hostname
[cms] 23:47:40.260 [DiscoveryClient-InstanceInfoReplicator-0] INFO  org.springframework.cloud.commons.util.InetUtils[170] - Cannot determine local hostname
[cms] 23:47:56.731 [http-nio-8082-exec-8] INFO  org.springframework.cloud.commons.util.InetUtils[170] - Cannot determine local hostname
[cms] 23:48:12.824 [DiscoveryClient-InstanceInfoReplicator-0] INFO  org.springframework.cloud.config.server.environment.MultipleJGitEnvironmentRepository[466] - Fetched for remote master and found 1 updates
[cms] 23:48:14.838 [DiscoveryClient-InstanceInfoReplicator-0] INFO  org.springframework.cloud.commons.util.InetUtils[170] - Cannot determine local hostname
[cms] 23:48:18.069 [http-nio-8082-exec-7] INFO  org.springframework.cloud.commons.util.InetUtils[170] - Cannot determine local hostname
[cms] 23:48:36.694 [http-nio-8082-exec-6] INFO  org.springframework.cloud.config.server.environment.MultipleJGitEnvironmentRepository[466] - Fetched for remote master and found 1 updates
[cms] 23:48:38.629 [http-nio-8082-exec-6] INFO  org.springframework.cloud.commons.util.InetUtils[170] - Cannot determine local hostname
[cms] 23:48:48.185 [DiscoveryClient-InstanceInfoReplicator-0] INFO  org.springframework.cloud.commons.util.InetUtils[170] - Cannot determine local hostname
[cms] 23:48:57.177 [http-nio-8082-exec-5] INFO  org.springframework.cloud.commons.util.InetUtils[170] - Cannot determine local hostname
[cms] 23:49:16.745 [http-nio-8082-exec-4] INFO  org.springframework.cloud.commons.util.InetUtils[170] - Cannot determine local hostname
[cms] 23:49:21.809 [DiscoveryClient-InstanceInfoReplicator-0] INFO  org.springframework.cloud.commons.util.InetUtils[170] - Cannot determine local hostname
[cms] 23:49:36.217 [http-nio-8082-exec-3] INFO  org.springframework.cloud.config.server.environment.MultipleJGitEnvironmentRepository[466] - Fetched for remote master and found 1 updates
[cms] 23:49:38.280 [http-nio-8082-exec-3] INFO  org.springframework.cloud.commons.util.InetUtils[170] - Cannot determine local hostname
[cms] 23:49:56.289 [DiscoveryClient-InstanceInfoReplicator-0] INFO  org.springframework.cloud.commons.util.InetUtils[170] - Cannot determine local hostname
[cms] 23:49:56.456 [AsyncResolver-bootstrap-executor-0] INFO  com.netflix.discovery.shared.resolver.aws.ConfigClusterResolver[43] - Resolving eureka endpoints via configuration
[cms] 23:49:59.994 [http-nio-8082-exec-2] INFO  org.springframework.cloud.commons.util.InetUtils[170] - Cannot determine local hostname
[cms] 23:50:16.950 [http-nio-8082-exec-1] INFO  org.springframework.cloud.commons.util.InetUtils[170] - Cannot determine local hostname
[cms] 23:50:29.669 [DiscoveryClient-InstanceInfoReplicator-0] INFO  org.springframework.cloud.commons.util.InetUtils[170] - Cannot determine local hostname
[cms] 23:50:36.491 [http-nio-8082-exec-10] INFO  org.springframework.cloud.commons.util.InetUtils[170] - Cannot determine local hostname
[cms] 23:50:57.267 [http-nio-8082-exec-9] INFO  org.springframework.cloud.commons.util.InetUtils[170] - Cannot determine local hostname
[cms] 23:51:03.319 [DiscoveryClient-InstanceInfoReplicator-0] INFO  org.springframework.cloud.commons.util.InetUtils[170] - Cannot determine local hostname
[cms] 23:51:17.813 [http-nio-8082-exec-8] INFO  org.springframework.cloud.commons.util.InetUtils[170] - Cannot determine local hostname
[cms] 23:51:37.700 [http-nio-8082-exec-7] INFO  org.springframework.cloud.commons.util.InetUtils[170] - Cannot determine local hostname
[cms] 23:51:42.055 [DiscoveryClient-InstanceInfoReplicator-0] INFO  org.springframework.cloud.commons.util.InetUtils[170] - Cannot determine local hostname
[cms] 23:51:57.131 [http-nio-8082-exec-6] INFO  org.springframework.cloud.commons.util.InetUtils[170] - Cannot determine local hostname
[cms] 23:52:15.948 [DiscoveryClient-InstanceInfoReplicator-0] INFO  org.springframework.cloud.commons.util.InetUtils[170] - Cannot determine local hostname
[cms] 23:52:19.117 [http-nio-8082-exec-5] INFO  org.springframework.cloud.commons.util.InetUtils[170] - Cannot determine local hostname
[cms] 23:52:37.907 [http-nio-8082-exec-4] INFO  org.springframework.cloud.commons.util.InetUtils[170] - Cannot determine local hostname
[cms] 23:52:50.411 [DiscoveryClient-InstanceInfoReplicator-0] INFO  org.springframework.cloud.commons.util.InetUtils[170] - Cannot determine local hostname
[cms] 23:52:58.447 [http-nio-8082-exec-3] INFO  org.springframework.cloud.commons.util.InetUtils[170] - Cannot determine local hostname
[cms] 23:53:16.774 [http-nio-8082-exec-2] INFO  org.springframework.cloud.commons.util.InetUtils[170] - Cannot determine local hostname
[cms] 23:53:28.337 [DiscoveryClient-InstanceInfoReplicator-0] INFO  org.springframework.cloud.commons.util.InetUtils[170] - Cannot determine local hostname
[cms] 23:53:39.128 [http-nio-8082-exec-1] INFO  org.springframework.cloud.commons.util.InetUtils[170] - Cannot determine local hostname
[cms] 23:53:56.509 [http-nio-8082-exec-10] INFO  org.springframework.cloud.commons.util.InetUtils[170] - Cannot determine local hostname
[cms] 23:54:04.055 [DiscoveryClient-InstanceInfoReplicator-0] INFO  org.springframework.cloud.commons.util.InetUtils[170] - Cannot determine local hostname
[cms] 23:54:17.596 [http-nio-8082-exec-9] INFO  org.springframework.cloud.commons.util.InetUtils[170] - Cannot determine local hostname
[cms] 23:54:36.900 [http-nio-8082-exec-8] INFO  org.springframework.cloud.commons.util.InetUtils[170] - Cannot determine local hostname
[cms] 23:54:40.134 [DiscoveryClient-InstanceInfoReplicator-0] INFO  org.springframework.cloud.commons.util.InetUtils[170] - Cannot determine local hostname
[cms] 23:54:56.458 [AsyncResolver-bootstrap-executor-0] INFO  com.netflix.discovery.shared.resolver.aws.ConfigClusterResolver[43] - Resolving eureka endpoints via configuration
[cms] 23:54:56.572 [http-nio-8082-exec-7] INFO  org.springframework.cloud.commons.util.InetUtils[170] - Cannot determine local hostname
[cms] 23:55:13.504 [DiscoveryClient-InstanceInfoReplicator-0] INFO  org.springframework.cloud.commons.util.InetUtils[170] - Cannot determine local hostname
[cms] 23:55:17.414 [http-nio-8082-exec-6] INFO  org.springframework.cloud.commons.util.InetUtils[170] - Cannot determine local hostname
[cms] 23:55:36.825 [http-nio-8082-exec-5] INFO  org.springframework.cloud.commons.util.InetUtils[170] - Cannot determine local hostname
[cms] 23:55:46.797 [DiscoveryClient-InstanceInfoReplicator-0] INFO  org.springframework.cloud.commons.util.InetUtils[170] - Cannot determine local hostname
[cms] 23:55:56.700 [http-nio-8082-exec-4] INFO  org.springframework.cloud.commons.util.InetUtils[170] - Cannot determine local hostname
[cms] 23:56:16.950 [http-nio-8082-exec-3] INFO  org.springframework.cloud.commons.util.InetUtils[170] - Cannot determine local hostname
[cms] 23:56:20.173 [DiscoveryClient-InstanceInfoReplicator-0] INFO  org.springframework.cloud.commons.util.InetUtils[170] - Cannot determine local hostname
[cms] 23:56:36.443 [http-nio-8082-exec-2] INFO  org.springframework.cloud.commons.util.InetUtils[170] - Cannot determine local hostname
[cms] 23:56:53.471 [DiscoveryClient-InstanceInfoReplicator-0] INFO  org.springframework.cloud.commons.util.InetUtils[170] - Cannot determine local hostname
[cms] 23:56:56.941 [http-nio-8082-exec-1] INFO  org.springframework.cloud.commons.util.InetUtils[170] - Cannot determine local hostname
[cms] 23:57:17.109 [http-nio-8082-exec-10] INFO  org.springframework.cloud.commons.util.InetUtils[170] - Cannot determine local hostname
[cms] 23:57:26.881 [DiscoveryClient-InstanceInfoReplicator-0] INFO  org.springframework.cloud.commons.util.InetUtils[170] - Cannot determine local hostname
[cms] 23:57:36.678 [http-nio-8082-exec-9] INFO  org.springframework.cloud.commons.util.InetUtils[170] - Cannot determine local hostname
[cms] 23:57:56.525 [http-nio-8082-exec-8] INFO  org.springframework.cloud.commons.util.InetUtils[170] - Cannot determine local hostname
[cms] 23:58:00.277 [DiscoveryClient-InstanceInfoReplicator-0] INFO  org.springframework.cloud.commons.util.InetUtils[170] - Cannot determine local hostname
[cms] 23:58:16.724 [http-nio-8082-exec-7] INFO  org.springframework.cloud.commons.util.InetUtils[170] - Cannot determine local hostname
[cms] 23:58:33.626 [DiscoveryClient-InstanceInfoReplicator-0] INFO  org.springframework.cloud.commons.util.InetUtils[170] - Cannot determine local hostname
[cms] 23:58:37.906 [http-nio-8082-exec-6] INFO  org.springframework.cloud.commons.util.InetUtils[170] - Cannot determine local hostname
[cms] 23:58:56.692 [http-nio-8082-exec-5] INFO  org.springframework.cloud.commons.util.InetUtils[170] - Cannot determine local hostname
[cms] 23:59:06.607 [DiscoveryClient-InstanceInfoReplicator-0] INFO  org.springframework.cloud.commons.util.InetUtils[170] - Cannot determine local hostname
[cms] 23:59:17.749 [http-nio-8082-exec-4] INFO  org.springframework.cloud.commons.util.InetUtils[170] - Cannot determine local hostname
[cms] 23:59:36.821 [http-nio-8082-exec-3] INFO  org.springframework.cloud.commons.util.InetUtils[170] - Cannot determine local hostname
[cms] 23:59:40.275 [DiscoveryClient-InstanceInfoReplicator-0] INFO  org.springframework.cloud.commons.util.InetUtils[170] - Cannot determine local hostname
[cms] 23:59:56.455 [http-nio-8082-exec-2] INFO  org.springframework.cloud.commons.util.InetUtils[170] - Cannot determine local hostname
[cms] 23:59:56.462 [AsyncResolver-bootstrap-executor-0] INFO  com.netflix.discovery.shared.resolver.aws.ConfigClusterResolver[43] - Resolving eureka endpoints via configuration
