[cms] 16:13:44.310 [main] WARN  org.springframework.boot.actuate.endpoint.EndpointId[135] - Endpoint ID 'service-registry' contains invalid characters, please migrate to a valid format.
[cms] 16:13:52.858 [main] WARN  com.netflix.config.sources.URLConfigurationSource[121] - No URLs will be polled as dynamic configuration sources.
[cms] 16:14:14.603 [main] WARN  com.netflix.config.sources.URLConfigurationSource[121] - No URLs will be polled as dynamic configuration sources.
[cms] 16:14:49.194 [main] WARN  com.netflix.discovery.InstanceInfoReplicator[110] - Ignoring onDemand update due to rate limiter
[cms] 16:14:58.866 [DiscoveryClient-InstanceInfoReplicator-0] WARN  org.springframework.cloud.config.server.environment.HttpClientConfigurableHttpConnectionFactory[98] - No custom http config found for URL: https://github.com/white211/SpringcloudConfig/info/refs?service=git-upload-pack
[cms] 16:15:02.961 [DiscoveryClient-InstanceInfoReplicator-0] WARN  org.springframework.cloud.config.server.environment.HttpClientConfigurableHttpConnectionFactory[98] - No custom http config found for URL: https://github.com/white211/SpringcloudConfig/git-upload-pack
[cms] 16:15:09.228 [DiscoveryClient-InstanceInfoReplicator-0] WARN  org.springframework.cloud.config.server.environment.HttpClientConfigurableHttpConnectionFactory[98] - No custom http config found for URL: https://github.com/white211/SpringcloudConfig/info/refs?service=git-upload-pack
[cms] 16:15:22.088 [DiscoveryClient-InstanceInfoReplicator-0] WARN  org.springframework.cloud.config.server.environment.HttpClientConfigurableHttpConnectionFactory[98] - No custom http config found for URL: https://github.com/white211/SpringcloudConfig/info/refs?service=git-upload-pack
[cms] 16:15:58.043 [DiscoveryClient-InstanceInfoReplicator-0] WARN  org.springframework.cloud.config.server.environment.HttpClientConfigurableHttpConnectionFactory[98] - No custom http config found for URL: https://github.com/white211/SpringcloudConfig/info/refs?service=git-upload-pack
[cms] 16:16:33.044 [DiscoveryClient-InstanceInfoReplicator-0] WARN  org.springframework.cloud.config.server.environment.HttpClientConfigurableHttpConnectionFactory[98] - No custom http config found for URL: https://github.com/white211/SpringcloudConfig/info/refs?service=git-upload-pack
[cms] 16:17:05.748 [DiscoveryClient-InstanceInfoReplicator-0] WARN  org.springframework.cloud.config.server.environment.HttpClientConfigurableHttpConnectionFactory[98] - No custom http config found for URL: https://github.com/white211/SpringcloudConfig/info/refs?service=git-upload-pack
[cms] 16:17:39.483 [DiscoveryClient-InstanceInfoReplicator-0] WARN  org.springframework.cloud.config.server.environment.HttpClientConfigurableHttpConnectionFactory[98] - No custom http config found for URL: https://github.com/white211/SpringcloudConfig/info/refs?service=git-upload-pack
[cms] 16:17:42.285 [http-nio-8082-exec-10] WARN  org.springframework.cloud.config.server.environment.HttpClientConfigurableHttpConnectionFactory[98] - No custom http config found for URL: https://github.com/white211/SpringcloudConfig/info/refs?service=git-upload-pack
[cms] 16:18:12.284 [DiscoveryClient-InstanceInfoReplicator-0] WARN  org.springframework.cloud.config.server.environment.HttpClientConfigurableHttpConnectionFactory[98] - No custom http config found for URL: https://github.com/white211/SpringcloudConfig/info/refs?service=git-upload-pack
[cms] 16:18:45.337 [DiscoveryClient-InstanceInfoReplicator-0] WARN  org.springframework.cloud.config.server.environment.HttpClientConfigurableHttpConnectionFactory[98] - No custom http config found for URL: https://github.com/white211/SpringcloudConfig/info/refs?service=git-upload-pack
[cms] 16:19:29.220 [DiscoveryClient-InstanceInfoReplicator-0] WARN  org.springframework.cloud.config.server.environment.HttpClientConfigurableHttpConnectionFactory[98] - No custom http config found for URL: https://github.com/white211/SpringcloudConfig/info/refs?service=git-upload-pack
[cms] 16:20:02.213 [DiscoveryClient-InstanceInfoReplicator-0] WARN  org.springframework.cloud.config.server.environment.HttpClientConfigurableHttpConnectionFactory[98] - No custom http config found for URL: https://github.com/white211/SpringcloudConfig/info/refs?service=git-upload-pack
[cms] 16:20:35.841 [DiscoveryClient-InstanceInfoReplicator-0] WARN  org.springframework.cloud.config.server.environment.HttpClientConfigurableHttpConnectionFactory[98] - No custom http config found for URL: https://github.com/white211/SpringcloudConfig/info/refs?service=git-upload-pack
[cms] 16:21:08.378 [DiscoveryClient-InstanceInfoReplicator-0] WARN  org.springframework.cloud.config.server.environment.HttpClientConfigurableHttpConnectionFactory[98] - No custom http config found for URL: https://github.com/white211/SpringcloudConfig/info/refs?service=git-upload-pack
[cms] 16:21:44.102 [DiscoveryClient-InstanceInfoReplicator-0] WARN  org.springframework.cloud.config.server.environment.HttpClientConfigurableHttpConnectionFactory[98] - No custom http config found for URL: https://github.com/white211/SpringcloudConfig/info/refs?service=git-upload-pack
[cms] 16:22:17.819 [DiscoveryClient-InstanceInfoReplicator-0] WARN  org.springframework.cloud.config.server.environment.HttpClientConfigurableHttpConnectionFactory[98] - No custom http config found for URL: https://github.com/white211/SpringcloudConfig/info/refs?service=git-upload-pack
[cms] 16:22:51.659 [DiscoveryClient-InstanceInfoReplicator-0] WARN  org.springframework.cloud.config.server.environment.HttpClientConfigurableHttpConnectionFactory[98] - No custom http config found for URL: https://github.com/white211/SpringcloudConfig/info/refs?service=git-upload-pack
[cms] 16:23:24.574 [DiscoveryClient-InstanceInfoReplicator-0] WARN  org.springframework.cloud.config.server.environment.HttpClientConfigurableHttpConnectionFactory[98] - No custom http config found for URL: https://github.com/white211/SpringcloudConfig/info/refs?service=git-upload-pack
[cms] 16:23:58.046 [DiscoveryClient-InstanceInfoReplicator-0] WARN  org.springframework.cloud.config.server.environment.HttpClientConfigurableHttpConnectionFactory[98] - No custom http config found for URL: https://github.com/white211/SpringcloudConfig/info/refs?service=git-upload-pack
[cms] 16:24:30.455 [DiscoveryClient-InstanceInfoReplicator-0] WARN  org.springframework.cloud.config.server.environment.HttpClientConfigurableHttpConnectionFactory[98] - No custom http config found for URL: https://github.com/white211/SpringcloudConfig/info/refs?service=git-upload-pack
[cms] 16:25:04.333 [DiscoveryClient-InstanceInfoReplicator-0] WARN  org.springframework.cloud.config.server.environment.HttpClientConfigurableHttpConnectionFactory[98] - No custom http config found for URL: https://github.com/white211/SpringcloudConfig/info/refs?service=git-upload-pack
[cms] 16:25:37.597 [DiscoveryClient-InstanceInfoReplicator-0] WARN  org.springframework.cloud.config.server.environment.HttpClientConfigurableHttpConnectionFactory[98] - No custom http config found for URL: https://github.com/white211/SpringcloudConfig/info/refs?service=git-upload-pack
[cms] 16:25:47.221 [http-nio-8082-exec-9] WARN  org.springframework.cloud.config.server.environment.HttpClientConfigurableHttpConnectionFactory[98] - No custom http config found for URL: https://github.com/white211/SpringcloudConfig/info/refs?service=git-upload-pack
[cms] 16:26:11.541 [DiscoveryClient-InstanceInfoReplicator-0] WARN  org.springframework.cloud.config.server.environment.HttpClientConfigurableHttpConnectionFactory[98] - No custom http config found for URL: https://github.com/white211/SpringcloudConfig/info/refs?service=git-upload-pack
[cms] 16:26:44.054 [DiscoveryClient-InstanceInfoReplicator-0] WARN  org.springframework.cloud.config.server.environment.HttpClientConfigurableHttpConnectionFactory[98] - No custom http config found for URL: https://github.com/white211/SpringcloudConfig/info/refs?service=git-upload-pack
[cms] 16:27:18.341 [DiscoveryClient-InstanceInfoReplicator-0] WARN  org.springframework.cloud.config.server.environment.HttpClientConfigurableHttpConnectionFactory[98] - No custom http config found for URL: https://github.com/white211/SpringcloudConfig/info/refs?service=git-upload-pack
[cms] 16:27:50.861 [DiscoveryClient-InstanceInfoReplicator-0] WARN  org.springframework.cloud.config.server.environment.HttpClientConfigurableHttpConnectionFactory[98] - No custom http config found for URL: https://github.com/white211/SpringcloudConfig/info/refs?service=git-upload-pack
[cms] 16:28:24.200 [DiscoveryClient-InstanceInfoReplicator-0] WARN  org.springframework.cloud.config.server.environment.HttpClientConfigurableHttpConnectionFactory[98] - No custom http config found for URL: https://github.com/white211/SpringcloudConfig/info/refs?service=git-upload-pack
[cms] 16:28:56.640 [DiscoveryClient-InstanceInfoReplicator-0] WARN  org.springframework.cloud.config.server.environment.HttpClientConfigurableHttpConnectionFactory[98] - No custom http config found for URL: https://github.com/white211/SpringcloudConfig/info/refs?service=git-upload-pack
[cms] 16:29:29.159 [DiscoveryClient-InstanceInfoReplicator-0] WARN  org.springframework.cloud.config.server.environment.HttpClientConfigurableHttpConnectionFactory[98] - No custom http config found for URL: https://github.com/white211/SpringcloudConfig/info/refs?service=git-upload-pack
[cms] 16:30:01.912 [DiscoveryClient-InstanceInfoReplicator-0] WARN  org.springframework.cloud.config.server.environment.HttpClientConfigurableHttpConnectionFactory[98] - No custom http config found for URL: https://github.com/white211/SpringcloudConfig/info/refs?service=git-upload-pack
[cms] 16:30:34.684 [DiscoveryClient-InstanceInfoReplicator-0] WARN  org.springframework.cloud.config.server.environment.HttpClientConfigurableHttpConnectionFactory[98] - No custom http config found for URL: https://github.com/white211/SpringcloudConfig/info/refs?service=git-upload-pack
[cms] 16:31:07.203 [DiscoveryClient-InstanceInfoReplicator-0] WARN  org.springframework.cloud.config.server.environment.HttpClientConfigurableHttpConnectionFactory[98] - No custom http config found for URL: https://github.com/white211/SpringcloudConfig/info/refs?service=git-upload-pack
[cms] 16:31:39.742 [DiscoveryClient-InstanceInfoReplicator-0] WARN  org.springframework.cloud.config.server.environment.HttpClientConfigurableHttpConnectionFactory[98] - No custom http config found for URL: https://github.com/white211/SpringcloudConfig/info/refs?service=git-upload-pack
[cms] 16:32:12.715 [DiscoveryClient-InstanceInfoReplicator-0] WARN  org.springframework.cloud.config.server.environment.HttpClientConfigurableHttpConnectionFactory[98] - No custom http config found for URL: https://github.com/white211/SpringcloudConfig/info/refs?service=git-upload-pack
[cms] 16:32:46.226 [DiscoveryClient-InstanceInfoReplicator-0] WARN  org.springframework.cloud.config.server.environment.HttpClientConfigurableHttpConnectionFactory[98] - No custom http config found for URL: https://github.com/white211/SpringcloudConfig/info/refs?service=git-upload-pack
[cms] 16:33:18.801 [DiscoveryClient-InstanceInfoReplicator-0] WARN  org.springframework.cloud.config.server.environment.HttpClientConfigurableHttpConnectionFactory[98] - No custom http config found for URL: https://github.com/white211/SpringcloudConfig/info/refs?service=git-upload-pack
[cms] 16:33:55.545 [DiscoveryClient-InstanceInfoReplicator-0] WARN  org.springframework.cloud.config.server.environment.HttpClientConfigurableHttpConnectionFactory[98] - No custom http config found for URL: https://github.com/white211/SpringcloudConfig/info/refs?service=git-upload-pack
[cms] 16:34:27.897 [DiscoveryClient-InstanceInfoReplicator-0] WARN  org.springframework.cloud.config.server.environment.HttpClientConfigurableHttpConnectionFactory[98] - No custom http config found for URL: https://github.com/white211/SpringcloudConfig/info/refs?service=git-upload-pack
[cms] 16:35:01.260 [DiscoveryClient-InstanceInfoReplicator-0] WARN  org.springframework.cloud.config.server.environment.HttpClientConfigurableHttpConnectionFactory[98] - No custom http config found for URL: https://github.com/white211/SpringcloudConfig/info/refs?service=git-upload-pack
[cms] 16:35:33.920 [DiscoveryClient-InstanceInfoReplicator-0] WARN  org.springframework.cloud.config.server.environment.HttpClientConfigurableHttpConnectionFactory[98] - No custom http config found for URL: https://github.com/white211/SpringcloudConfig/info/refs?service=git-upload-pack
[cms] 16:36:07.491 [DiscoveryClient-InstanceInfoReplicator-0] WARN  org.springframework.cloud.config.server.environment.HttpClientConfigurableHttpConnectionFactory[98] - No custom http config found for URL: https://github.com/white211/SpringcloudConfig/info/refs?service=git-upload-pack
[cms] 16:36:40.817 [DiscoveryClient-InstanceInfoReplicator-0] WARN  org.springframework.cloud.config.server.environment.HttpClientConfigurableHttpConnectionFactory[98] - No custom http config found for URL: https://github.com/white211/SpringcloudConfig/info/refs?service=git-upload-pack
[cms] 16:37:15.265 [DiscoveryClient-InstanceInfoReplicator-0] WARN  org.springframework.cloud.config.server.environment.HttpClientConfigurableHttpConnectionFactory[98] - No custom http config found for URL: https://github.com/white211/SpringcloudConfig/info/refs?service=git-upload-pack
[cms] 16:37:49.638 [DiscoveryClient-InstanceInfoReplicator-0] WARN  org.springframework.cloud.config.server.environment.HttpClientConfigurableHttpConnectionFactory[98] - No custom http config found for URL: https://github.com/white211/SpringcloudConfig/info/refs?service=git-upload-pack
[cms] 16:38:22.263 [DiscoveryClient-InstanceInfoReplicator-0] WARN  org.springframework.cloud.config.server.environment.HttpClientConfigurableHttpConnectionFactory[98] - No custom http config found for URL: https://github.com/white211/SpringcloudConfig/info/refs?service=git-upload-pack
[cms] 16:38:55.568 [DiscoveryClient-InstanceInfoReplicator-0] WARN  org.springframework.cloud.config.server.environment.HttpClientConfigurableHttpConnectionFactory[98] - No custom http config found for URL: https://github.com/white211/SpringcloudConfig/info/refs?service=git-upload-pack
[cms] 16:39:28.335 [DiscoveryClient-InstanceInfoReplicator-0] WARN  org.springframework.cloud.config.server.environment.HttpClientConfigurableHttpConnectionFactory[98] - No custom http config found for URL: https://github.com/white211/SpringcloudConfig/info/refs?service=git-upload-pack
[cms] 16:39:48.575 [http-nio-8082-exec-8] WARN  org.springframework.cloud.config.server.environment.HttpClientConfigurableHttpConnectionFactory[98] - No custom http config found for URL: https://github.com/white211/SpringcloudConfig/info/refs?service=git-upload-pack
[cms] 16:40:01.076 [DiscoveryClient-InstanceInfoReplicator-0] WARN  org.springframework.cloud.config.server.environment.HttpClientConfigurableHttpConnectionFactory[98] - No custom http config found for URL: https://github.com/white211/SpringcloudConfig/info/refs?service=git-upload-pack
[cms] 16:40:38.053 [DiscoveryClient-InstanceInfoReplicator-0] WARN  org.springframework.cloud.config.server.environment.HttpClientConfigurableHttpConnectionFactory[98] - No custom http config found for URL: https://github.com/white211/SpringcloudConfig/info/refs?service=git-upload-pack
[cms] 16:41:11.601 [DiscoveryClient-InstanceInfoReplicator-0] WARN  org.springframework.cloud.config.server.environment.HttpClientConfigurableHttpConnectionFactory[98] - No custom http config found for URL: https://github.com/white211/SpringcloudConfig/info/refs?service=git-upload-pack
[cms] 16:41:44.714 [DiscoveryClient-InstanceInfoReplicator-0] WARN  org.springframework.cloud.config.server.environment.HttpClientConfigurableHttpConnectionFactory[98] - No custom http config found for URL: https://github.com/white211/SpringcloudConfig/info/refs?service=git-upload-pack
[cms] 16:42:17.831 [DiscoveryClient-InstanceInfoReplicator-0] WARN  org.springframework.cloud.config.server.environment.HttpClientConfigurableHttpConnectionFactory[98] - No custom http config found for URL: https://github.com/white211/SpringcloudConfig/info/refs?service=git-upload-pack
[cms] 16:42:50.546 [DiscoveryClient-InstanceInfoReplicator-0] WARN  org.springframework.cloud.config.server.environment.HttpClientConfigurableHttpConnectionFactory[98] - No custom http config found for URL: https://github.com/white211/SpringcloudConfig/info/refs?service=git-upload-pack
[cms] 16:43:23.723 [DiscoveryClient-InstanceInfoReplicator-0] WARN  org.springframework.cloud.config.server.environment.HttpClientConfigurableHttpConnectionFactory[98] - No custom http config found for URL: https://github.com/white211/SpringcloudConfig/info/refs?service=git-upload-pack
[cms] 16:43:57.379 [DiscoveryClient-InstanceInfoReplicator-0] WARN  org.springframework.cloud.config.server.environment.HttpClientConfigurableHttpConnectionFactory[98] - No custom http config found for URL: https://github.com/white211/SpringcloudConfig/info/refs?service=git-upload-pack
[cms] 16:44:30.395 [DiscoveryClient-InstanceInfoReplicator-0] WARN  org.springframework.cloud.config.server.environment.HttpClientConfigurableHttpConnectionFactory[98] - No custom http config found for URL: https://github.com/white211/SpringcloudConfig/info/refs?service=git-upload-pack
[cms] 16:45:03.403 [DiscoveryClient-InstanceInfoReplicator-0] WARN  org.springframework.cloud.config.server.environment.HttpClientConfigurableHttpConnectionFactory[98] - No custom http config found for URL: https://github.com/white211/SpringcloudConfig/info/refs?service=git-upload-pack
[cms] 16:45:36.190 [DiscoveryClient-InstanceInfoReplicator-0] WARN  org.springframework.cloud.config.server.environment.HttpClientConfigurableHttpConnectionFactory[98] - No custom http config found for URL: https://github.com/white211/SpringcloudConfig/info/refs?service=git-upload-pack
[cms] 16:46:44.338 [http-nio-8082-exec-6] WARN  org.springframework.cloud.config.server.environment.HttpClientConfigurableHttpConnectionFactory[98] - No custom http config found for URL: https://github.com/white211/SpringcloudConfig/info/refs?service=git-upload-pack
[cms] 16:46:53.917 [DiscoveryClient-InstanceInfoReplicator-0] WARN  org.springframework.cloud.config.server.environment.HttpClientConfigurableHttpConnectionFactory[98] - No custom http config found for URL: https://github.com/white211/SpringcloudConfig/info/refs?service=git-upload-pack
[cms] 16:47:27.675 [DiscoveryClient-InstanceInfoReplicator-0] WARN  org.springframework.cloud.config.server.environment.HttpClientConfigurableHttpConnectionFactory[98] - No custom http config found for URL: https://github.com/white211/SpringcloudConfig/info/refs?service=git-upload-pack
[cms] 16:48:00.170 [DiscoveryClient-InstanceInfoReplicator-0] WARN  org.springframework.cloud.config.server.environment.HttpClientConfigurableHttpConnectionFactory[98] - No custom http config found for URL: https://github.com/white211/SpringcloudConfig/info/refs?service=git-upload-pack
[cms] 16:48:32.606 [DiscoveryClient-InstanceInfoReplicator-0] WARN  org.springframework.cloud.config.server.environment.HttpClientConfigurableHttpConnectionFactory[98] - No custom http config found for URL: https://github.com/white211/SpringcloudConfig/info/refs?service=git-upload-pack
[cms] 16:49:06.115 [DiscoveryClient-InstanceInfoReplicator-0] WARN  org.springframework.cloud.config.server.environment.HttpClientConfigurableHttpConnectionFactory[98] - No custom http config found for URL: https://github.com/white211/SpringcloudConfig/info/refs?service=git-upload-pack
[cms] 16:49:39.073 [DiscoveryClient-InstanceInfoReplicator-0] WARN  org.springframework.cloud.config.server.environment.HttpClientConfigurableHttpConnectionFactory[98] - No custom http config found for URL: https://github.com/white211/SpringcloudConfig/info/refs?service=git-upload-pack
[cms] 16:50:12.372 [DiscoveryClient-InstanceInfoReplicator-0] WARN  org.springframework.cloud.config.server.environment.HttpClientConfigurableHttpConnectionFactory[98] - No custom http config found for URL: https://github.com/white211/SpringcloudConfig/info/refs?service=git-upload-pack
[cms] 16:50:44.853 [DiscoveryClient-InstanceInfoReplicator-0] WARN  org.springframework.cloud.config.server.environment.HttpClientConfigurableHttpConnectionFactory[98] - No custom http config found for URL: https://github.com/white211/SpringcloudConfig/info/refs?service=git-upload-pack
[cms] 16:51:17.613 [DiscoveryClient-InstanceInfoReplicator-0] WARN  org.springframework.cloud.config.server.environment.HttpClientConfigurableHttpConnectionFactory[98] - No custom http config found for URL: https://github.com/white211/SpringcloudConfig/info/refs?service=git-upload-pack
[cms] 16:51:50.878 [DiscoveryClient-InstanceInfoReplicator-0] WARN  org.springframework.cloud.config.server.environment.HttpClientConfigurableHttpConnectionFactory[98] - No custom http config found for URL: https://github.com/white211/SpringcloudConfig/info/refs?service=git-upload-pack
[cms] 16:52:23.268 [DiscoveryClient-InstanceInfoReplicator-0] WARN  org.springframework.cloud.config.server.environment.HttpClientConfigurableHttpConnectionFactory[98] - No custom http config found for URL: https://github.com/white211/SpringcloudConfig/info/refs?service=git-upload-pack
[cms] 16:52:55.636 [DiscoveryClient-InstanceInfoReplicator-0] WARN  org.springframework.cloud.config.server.environment.HttpClientConfigurableHttpConnectionFactory[98] - No custom http config found for URL: https://github.com/white211/SpringcloudConfig/info/refs?service=git-upload-pack
[cms] 16:53:28.214 [DiscoveryClient-InstanceInfoReplicator-0] WARN  org.springframework.cloud.config.server.environment.HttpClientConfigurableHttpConnectionFactory[98] - No custom http config found for URL: https://github.com/white211/SpringcloudConfig/info/refs?service=git-upload-pack
[cms] 16:54:00.621 [DiscoveryClient-InstanceInfoReplicator-0] WARN  org.springframework.cloud.config.server.environment.HttpClientConfigurableHttpConnectionFactory[98] - No custom http config found for URL: https://github.com/white211/SpringcloudConfig/info/refs?service=git-upload-pack
[cms] 16:54:34.046 [DiscoveryClient-InstanceInfoReplicator-0] WARN  org.springframework.cloud.config.server.environment.HttpClientConfigurableHttpConnectionFactory[98] - No custom http config found for URL: https://github.com/white211/SpringcloudConfig/info/refs?service=git-upload-pack
[cms] 16:55:06.661 [DiscoveryClient-InstanceInfoReplicator-0] WARN  org.springframework.cloud.config.server.environment.HttpClientConfigurableHttpConnectionFactory[98] - No custom http config found for URL: https://github.com/white211/SpringcloudConfig/info/refs?service=git-upload-pack
[cms] 16:55:39.900 [DiscoveryClient-InstanceInfoReplicator-0] WARN  org.springframework.cloud.config.server.environment.HttpClientConfigurableHttpConnectionFactory[98] - No custom http config found for URL: https://github.com/white211/SpringcloudConfig/info/refs?service=git-upload-pack
[cms] 16:56:12.601 [DiscoveryClient-InstanceInfoReplicator-0] WARN  org.springframework.cloud.config.server.environment.HttpClientConfigurableHttpConnectionFactory[98] - No custom http config found for URL: https://github.com/white211/SpringcloudConfig/info/refs?service=git-upload-pack
[cms] 16:56:45.129 [DiscoveryClient-InstanceInfoReplicator-0] WARN  org.springframework.cloud.config.server.environment.HttpClientConfigurableHttpConnectionFactory[98] - No custom http config found for URL: https://github.com/white211/SpringcloudConfig/info/refs?service=git-upload-pack
[cms] 16:57:18.717 [DiscoveryClient-InstanceInfoReplicator-0] WARN  org.springframework.cloud.config.server.environment.HttpClientConfigurableHttpConnectionFactory[98] - No custom http config found for URL: https://github.com/white211/SpringcloudConfig/info/refs?service=git-upload-pack
[cms] 16:57:51.279 [DiscoveryClient-InstanceInfoReplicator-0] WARN  org.springframework.cloud.config.server.environment.HttpClientConfigurableHttpConnectionFactory[98] - No custom http config found for URL: https://github.com/white211/SpringcloudConfig/info/refs?service=git-upload-pack
[cms] 16:58:23.644 [DiscoveryClient-InstanceInfoReplicator-0] WARN  org.springframework.cloud.config.server.environment.HttpClientConfigurableHttpConnectionFactory[98] - No custom http config found for URL: https://github.com/white211/SpringcloudConfig/info/refs?service=git-upload-pack
[cms] 16:58:57.404 [DiscoveryClient-InstanceInfoReplicator-0] WARN  org.springframework.cloud.config.server.environment.HttpClientConfigurableHttpConnectionFactory[98] - No custom http config found for URL: https://github.com/white211/SpringcloudConfig/info/refs?service=git-upload-pack
[cms] 17:00:08.149 [DiscoveryClient-InstanceInfoReplicator-0] WARN  org.springframework.cloud.config.server.environment.HttpClientConfigurableHttpConnectionFactory[98] - No custom http config found for URL: https://github.com/white211/SpringcloudConfig/info/refs?service=git-upload-pack
[cms] 17:00:40.797 [DiscoveryClient-InstanceInfoReplicator-0] WARN  org.springframework.cloud.config.server.environment.HttpClientConfigurableHttpConnectionFactory[98] - No custom http config found for URL: https://github.com/white211/SpringcloudConfig/info/refs?service=git-upload-pack
[cms] 17:01:13.386 [DiscoveryClient-InstanceInfoReplicator-0] WARN  org.springframework.cloud.config.server.environment.HttpClientConfigurableHttpConnectionFactory[98] - No custom http config found for URL: https://github.com/white211/SpringcloudConfig/info/refs?service=git-upload-pack
[cms] 17:01:47.369 [DiscoveryClient-InstanceInfoReplicator-0] WARN  org.springframework.cloud.config.server.environment.HttpClientConfigurableHttpConnectionFactory[98] - No custom http config found for URL: https://github.com/white211/SpringcloudConfig/info/refs?service=git-upload-pack
[cms] 17:02:22.378 [DiscoveryClient-InstanceInfoReplicator-0] WARN  org.springframework.cloud.config.server.environment.HttpClientConfigurableHttpConnectionFactory[98] - No custom http config found for URL: https://github.com/white211/SpringcloudConfig/info/refs?service=git-upload-pack
[cms] 17:02:55.224 [DiscoveryClient-InstanceInfoReplicator-0] WARN  org.springframework.cloud.config.server.environment.HttpClientConfigurableHttpConnectionFactory[98] - No custom http config found for URL: https://github.com/white211/SpringcloudConfig/info/refs?service=git-upload-pack
[cms] 17:03:28.235 [DiscoveryClient-InstanceInfoReplicator-0] WARN  org.springframework.cloud.config.server.environment.HttpClientConfigurableHttpConnectionFactory[98] - No custom http config found for URL: https://github.com/white211/SpringcloudConfig/info/refs?service=git-upload-pack
[cms] 17:04:06.153 [DiscoveryClient-InstanceInfoReplicator-0] WARN  org.springframework.cloud.config.server.environment.HttpClientConfigurableHttpConnectionFactory[98] - No custom http config found for URL: https://github.com/white211/SpringcloudConfig/info/refs?service=git-upload-pack
[cms] 17:04:39.947 [DiscoveryClient-InstanceInfoReplicator-0] WARN  org.springframework.cloud.config.server.environment.HttpClientConfigurableHttpConnectionFactory[98] - No custom http config found for URL: https://github.com/white211/SpringcloudConfig/info/refs?service=git-upload-pack
[cms] 17:05:12.684 [DiscoveryClient-InstanceInfoReplicator-0] WARN  org.springframework.cloud.config.server.environment.HttpClientConfigurableHttpConnectionFactory[98] - No custom http config found for URL: https://github.com/white211/SpringcloudConfig/info/refs?service=git-upload-pack
[cms] 17:05:45.075 [DiscoveryClient-InstanceInfoReplicator-0] WARN  org.springframework.cloud.config.server.environment.HttpClientConfigurableHttpConnectionFactory[98] - No custom http config found for URL: https://github.com/white211/SpringcloudConfig/info/refs?service=git-upload-pack
[cms] 17:06:18.234 [DiscoveryClient-InstanceInfoReplicator-0] WARN  org.springframework.cloud.config.server.environment.HttpClientConfigurableHttpConnectionFactory[98] - No custom http config found for URL: https://github.com/white211/SpringcloudConfig/info/refs?service=git-upload-pack
[cms] 17:06:51.603 [DiscoveryClient-InstanceInfoReplicator-0] WARN  org.springframework.cloud.config.server.environment.HttpClientConfigurableHttpConnectionFactory[98] - No custom http config found for URL: https://github.com/white211/SpringcloudConfig/info/refs?service=git-upload-pack
[cms] 17:07:00.473 [http-nio-8082-exec-4] WARN  org.springframework.cloud.config.server.environment.HttpClientConfigurableHttpConnectionFactory[98] - No custom http config found for URL: https://github.com/white211/SpringcloudConfig/info/refs?service=git-upload-pack
[cms] 17:07:24.668 [DiscoveryClient-InstanceInfoReplicator-0] WARN  org.springframework.cloud.config.server.environment.HttpClientConfigurableHttpConnectionFactory[98] - No custom http config found for URL: https://github.com/white211/SpringcloudConfig/info/refs?service=git-upload-pack
[cms] 17:07:58.642 [DiscoveryClient-InstanceInfoReplicator-0] WARN  org.springframework.cloud.config.server.environment.HttpClientConfigurableHttpConnectionFactory[98] - No custom http config found for URL: https://github.com/white211/SpringcloudConfig/info/refs?service=git-upload-pack
[cms] 17:08:31.162 [DiscoveryClient-InstanceInfoReplicator-0] WARN  org.springframework.cloud.config.server.environment.HttpClientConfigurableHttpConnectionFactory[98] - No custom http config found for URL: https://github.com/white211/SpringcloudConfig/info/refs?service=git-upload-pack
[cms] 17:09:04.074 [DiscoveryClient-InstanceInfoReplicator-0] WARN  org.springframework.cloud.config.server.environment.HttpClientConfigurableHttpConnectionFactory[98] - No custom http config found for URL: https://github.com/white211/SpringcloudConfig/info/refs?service=git-upload-pack
[cms] 17:09:37.073 [DiscoveryClient-InstanceInfoReplicator-0] WARN  org.springframework.cloud.config.server.environment.HttpClientConfigurableHttpConnectionFactory[98] - No custom http config found for URL: https://github.com/white211/SpringcloudConfig/info/refs?service=git-upload-pack
[cms] 17:10:09.501 [DiscoveryClient-InstanceInfoReplicator-0] WARN  org.springframework.cloud.config.server.environment.HttpClientConfigurableHttpConnectionFactory[98] - No custom http config found for URL: https://github.com/white211/SpringcloudConfig/info/refs?service=git-upload-pack
[cms] 17:10:42.191 [DiscoveryClient-InstanceInfoReplicator-0] WARN  org.springframework.cloud.config.server.environment.HttpClientConfigurableHttpConnectionFactory[98] - No custom http config found for URL: https://github.com/white211/SpringcloudConfig/info/refs?service=git-upload-pack
[cms] 17:11:14.691 [DiscoveryClient-InstanceInfoReplicator-0] WARN  org.springframework.cloud.config.server.environment.HttpClientConfigurableHttpConnectionFactory[98] - No custom http config found for URL: https://github.com/white211/SpringcloudConfig/info/refs?service=git-upload-pack
[cms] 17:11:47.080 [DiscoveryClient-InstanceInfoReplicator-0] WARN  org.springframework.cloud.config.server.environment.HttpClientConfigurableHttpConnectionFactory[98] - No custom http config found for URL: https://github.com/white211/SpringcloudConfig/info/refs?service=git-upload-pack
[cms] 17:12:19.454 [DiscoveryClient-InstanceInfoReplicator-0] WARN  org.springframework.cloud.config.server.environment.HttpClientConfigurableHttpConnectionFactory[98] - No custom http config found for URL: https://github.com/white211/SpringcloudConfig/info/refs?service=git-upload-pack
[cms] 17:12:51.948 [DiscoveryClient-InstanceInfoReplicator-0] WARN  org.springframework.cloud.config.server.environment.HttpClientConfigurableHttpConnectionFactory[98] - No custom http config found for URL: https://github.com/white211/SpringcloudConfig/info/refs?service=git-upload-pack
[cms] 17:13:26.323 [DiscoveryClient-InstanceInfoReplicator-0] WARN  org.springframework.cloud.config.server.environment.HttpClientConfigurableHttpConnectionFactory[98] - No custom http config found for URL: https://github.com/white211/SpringcloudConfig/info/refs?service=git-upload-pack
[cms] 17:14:00.088 [DiscoveryClient-InstanceInfoReplicator-0] WARN  org.springframework.cloud.config.server.environment.HttpClientConfigurableHttpConnectionFactory[98] - No custom http config found for URL: https://github.com/white211/SpringcloudConfig/info/refs?service=git-upload-pack
[cms] 17:14:32.521 [DiscoveryClient-InstanceInfoReplicator-0] WARN  org.springframework.cloud.config.server.environment.HttpClientConfigurableHttpConnectionFactory[98] - No custom http config found for URL: https://github.com/white211/SpringcloudConfig/info/refs?service=git-upload-pack
[cms] 17:15:05.015 [DiscoveryClient-InstanceInfoReplicator-0] WARN  org.springframework.cloud.config.server.environment.HttpClientConfigurableHttpConnectionFactory[98] - No custom http config found for URL: https://github.com/white211/SpringcloudConfig/info/refs?service=git-upload-pack
[cms] 17:15:38.264 [DiscoveryClient-InstanceInfoReplicator-0] WARN  org.springframework.cloud.config.server.environment.HttpClientConfigurableHttpConnectionFactory[98] - No custom http config found for URL: https://github.com/white211/SpringcloudConfig/info/refs?service=git-upload-pack
[cms] 17:16:12.708 [DiscoveryClient-InstanceInfoReplicator-0] WARN  org.springframework.cloud.config.server.environment.HttpClientConfigurableHttpConnectionFactory[98] - No custom http config found for URL: https://github.com/white211/SpringcloudConfig/info/refs?service=git-upload-pack
[cms] 17:16:45.904 [DiscoveryClient-InstanceInfoReplicator-0] WARN  org.springframework.cloud.config.server.environment.HttpClientConfigurableHttpConnectionFactory[98] - No custom http config found for URL: https://github.com/white211/SpringcloudConfig/info/refs?service=git-upload-pack
[cms] 17:17:18.677 [DiscoveryClient-InstanceInfoReplicator-0] WARN  org.springframework.cloud.config.server.environment.HttpClientConfigurableHttpConnectionFactory[98] - No custom http config found for URL: https://github.com/white211/SpringcloudConfig/info/refs?service=git-upload-pack
[cms] 17:17:52.384 [DiscoveryClient-InstanceInfoReplicator-0] WARN  org.springframework.cloud.config.server.environment.HttpClientConfigurableHttpConnectionFactory[98] - No custom http config found for URL: https://github.com/white211/SpringcloudConfig/info/refs?service=git-upload-pack
[cms] 17:18:25.119 [DiscoveryClient-InstanceInfoReplicator-0] WARN  org.springframework.cloud.config.server.environment.HttpClientConfigurableHttpConnectionFactory[98] - No custom http config found for URL: https://github.com/white211/SpringcloudConfig/info/refs?service=git-upload-pack
[cms] 17:18:48.345 [http-nio-8082-exec-3] WARN  org.springframework.cloud.config.server.environment.HttpClientConfigurableHttpConnectionFactory[98] - No custom http config found for URL: https://github.com/white211/SpringcloudConfig/info/refs?service=git-upload-pack
[cms] 17:18:58.417 [DiscoveryClient-InstanceInfoReplicator-0] WARN  org.springframework.cloud.config.server.environment.HttpClientConfigurableHttpConnectionFactory[98] - No custom http config found for URL: https://github.com/white211/SpringcloudConfig/info/refs?service=git-upload-pack
[cms] 17:19:35.636 [DiscoveryClient-InstanceInfoReplicator-0] WARN  org.springframework.cloud.config.server.environment.HttpClientConfigurableHttpConnectionFactory[98] - No custom http config found for URL: https://github.com/white211/SpringcloudConfig/info/refs?service=git-upload-pack
[cms] 17:20:08.100 [DiscoveryClient-InstanceInfoReplicator-0] WARN  org.springframework.cloud.config.server.environment.HttpClientConfigurableHttpConnectionFactory[98] - No custom http config found for URL: https://github.com/white211/SpringcloudConfig/info/refs?service=git-upload-pack
[cms] 17:20:40.576 [DiscoveryClient-InstanceInfoReplicator-0] WARN  org.springframework.cloud.config.server.environment.HttpClientConfigurableHttpConnectionFactory[98] - No custom http config found for URL: https://github.com/white211/SpringcloudConfig/info/refs?service=git-upload-pack
[cms] 17:21:14.144 [DiscoveryClient-InstanceInfoReplicator-0] WARN  org.springframework.cloud.config.server.environment.HttpClientConfigurableHttpConnectionFactory[98] - No custom http config found for URL: https://github.com/white211/SpringcloudConfig/info/refs?service=git-upload-pack
[cms] 17:21:47.323 [DiscoveryClient-InstanceInfoReplicator-0] WARN  org.springframework.cloud.config.server.environment.HttpClientConfigurableHttpConnectionFactory[98] - No custom http config found for URL: https://github.com/white211/SpringcloudConfig/info/refs?service=git-upload-pack
[cms] 17:22:20.307 [DiscoveryClient-InstanceInfoReplicator-0] WARN  org.springframework.cloud.config.server.environment.HttpClientConfigurableHttpConnectionFactory[98] - No custom http config found for URL: https://github.com/white211/SpringcloudConfig/info/refs?service=git-upload-pack
[cms] 17:22:52.792 [DiscoveryClient-InstanceInfoReplicator-0] WARN  org.springframework.cloud.config.server.environment.HttpClientConfigurableHttpConnectionFactory[98] - No custom http config found for URL: https://github.com/white211/SpringcloudConfig/info/refs?service=git-upload-pack
[cms] 17:23:25.361 [DiscoveryClient-InstanceInfoReplicator-0] WARN  org.springframework.cloud.config.server.environment.HttpClientConfigurableHttpConnectionFactory[98] - No custom http config found for URL: https://github.com/white211/SpringcloudConfig/info/refs?service=git-upload-pack
[cms] 17:23:57.700 [DiscoveryClient-InstanceInfoReplicator-0] WARN  org.springframework.cloud.config.server.environment.HttpClientConfigurableHttpConnectionFactory[98] - No custom http config found for URL: https://github.com/white211/SpringcloudConfig/info/refs?service=git-upload-pack
[cms] 17:24:30.348 [DiscoveryClient-InstanceInfoReplicator-0] WARN  org.springframework.cloud.config.server.environment.HttpClientConfigurableHttpConnectionFactory[98] - No custom http config found for URL: https://github.com/white211/SpringcloudConfig/info/refs?service=git-upload-pack
[cms] 17:25:04.422 [DiscoveryClient-InstanceInfoReplicator-0] WARN  org.springframework.cloud.config.server.environment.HttpClientConfigurableHttpConnectionFactory[98] - No custom http config found for URL: https://github.com/white211/SpringcloudConfig/info/refs?service=git-upload-pack
[cms] 17:25:37.671 [DiscoveryClient-InstanceInfoReplicator-0] WARN  org.springframework.cloud.config.server.environment.HttpClientConfigurableHttpConnectionFactory[98] - No custom http config found for URL: https://github.com/white211/SpringcloudConfig/info/refs?service=git-upload-pack
[cms] 17:26:11.339 [DiscoveryClient-InstanceInfoReplicator-0] WARN  org.springframework.cloud.config.server.environment.HttpClientConfigurableHttpConnectionFactory[98] - No custom http config found for URL: https://github.com/white211/SpringcloudConfig/info/refs?service=git-upload-pack
[cms] 17:26:44.769 [DiscoveryClient-InstanceInfoReplicator-0] WARN  org.springframework.cloud.config.server.environment.HttpClientConfigurableHttpConnectionFactory[98] - No custom http config found for URL: https://github.com/white211/SpringcloudConfig/info/refs?service=git-upload-pack
[cms] 17:27:03.846 [http-nio-8082-exec-1] WARN  org.springframework.cloud.config.server.environment.HttpClientConfigurableHttpConnectionFactory[98] - No custom http config found for URL: https://github.com/white211/SpringcloudConfig/info/refs?service=git-upload-pack
[cms] 17:27:19.826 [DiscoveryClient-InstanceInfoReplicator-0] WARN  org.springframework.cloud.config.server.environment.HttpClientConfigurableHttpConnectionFactory[98] - No custom http config found for URL: https://github.com/white211/SpringcloudConfig/info/refs?service=git-upload-pack
[cms] 17:27:55.147 [DiscoveryClient-InstanceInfoReplicator-0] WARN  org.springframework.cloud.config.server.environment.HttpClientConfigurableHttpConnectionFactory[98] - No custom http config found for URL: https://github.com/white211/SpringcloudConfig/info/refs?service=git-upload-pack
[cms] 17:28:27.751 [DiscoveryClient-InstanceInfoReplicator-0] WARN  org.springframework.cloud.config.server.environment.HttpClientConfigurableHttpConnectionFactory[98] - No custom http config found for URL: https://github.com/white211/SpringcloudConfig/info/refs?service=git-upload-pack
[cms] 17:29:01.405 [DiscoveryClient-InstanceInfoReplicator-0] WARN  org.springframework.cloud.config.server.environment.HttpClientConfigurableHttpConnectionFactory[98] - No custom http config found for URL: https://github.com/white211/SpringcloudConfig/info/refs?service=git-upload-pack
[cms] 17:29:34.117 [DiscoveryClient-InstanceInfoReplicator-0] WARN  org.springframework.cloud.config.server.environment.HttpClientConfigurableHttpConnectionFactory[98] - No custom http config found for URL: https://github.com/white211/SpringcloudConfig/info/refs?service=git-upload-pack
[cms] 17:30:07.360 [DiscoveryClient-InstanceInfoReplicator-0] WARN  org.springframework.cloud.config.server.environment.HttpClientConfigurableHttpConnectionFactory[98] - No custom http config found for URL: https://github.com/white211/SpringcloudConfig/info/refs?service=git-upload-pack
[cms] 17:30:40.240 [DiscoveryClient-InstanceInfoReplicator-0] WARN  org.springframework.cloud.config.server.environment.HttpClientConfigurableHttpConnectionFactory[98] - No custom http config found for URL: https://github.com/white211/SpringcloudConfig/info/refs?service=git-upload-pack
[cms] 17:31:13.585 [DiscoveryClient-InstanceInfoReplicator-0] WARN  org.springframework.cloud.config.server.environment.HttpClientConfigurableHttpConnectionFactory[98] - No custom http config found for URL: https://github.com/white211/SpringcloudConfig/info/refs?service=git-upload-pack
[cms] 17:31:47.270 [DiscoveryClient-InstanceInfoReplicator-0] WARN  org.springframework.cloud.config.server.environment.HttpClientConfigurableHttpConnectionFactory[98] - No custom http config found for URL: https://github.com/white211/SpringcloudConfig/info/refs?service=git-upload-pack
[cms] 17:32:18.683 [http-nio-8082-exec-9] WARN  org.springframework.cloud.config.server.environment.HttpClientConfigurableHttpConnectionFactory[98] - No custom http config found for URL: https://github.com/white211/SpringcloudConfig/info/refs?service=git-upload-pack
[cms] 17:32:21.151 [DiscoveryClient-InstanceInfoReplicator-0] WARN  org.springframework.cloud.config.server.environment.HttpClientConfigurableHttpConnectionFactory[98] - No custom http config found for URL: https://github.com/white211/SpringcloudConfig/info/refs?service=git-upload-pack
[cms] 17:32:54.862 [DiscoveryClient-InstanceInfoReplicator-0] WARN  org.springframework.cloud.config.server.environment.HttpClientConfigurableHttpConnectionFactory[98] - No custom http config found for URL: https://github.com/white211/SpringcloudConfig/info/refs?service=git-upload-pack
[cms] 17:33:27.623 [DiscoveryClient-InstanceInfoReplicator-0] WARN  org.springframework.cloud.config.server.environment.HttpClientConfigurableHttpConnectionFactory[98] - No custom http config found for URL: https://github.com/white211/SpringcloudConfig/info/refs?service=git-upload-pack
[cms] 17:34:01.357 [DiscoveryClient-InstanceInfoReplicator-0] WARN  org.springframework.cloud.config.server.environment.HttpClientConfigurableHttpConnectionFactory[98] - No custom http config found for URL: https://github.com/white211/SpringcloudConfig/info/refs?service=git-upload-pack
[cms] 17:34:22.826 [http-nio-8082-exec-7] WARN  org.springframework.cloud.config.server.environment.HttpClientConfigurableHttpConnectionFactory[98] - No custom http config found for URL: https://github.com/white211/SpringcloudConfig/info/refs?service=git-upload-pack
[cms] 17:34:34.126 [DiscoveryClient-InstanceInfoReplicator-0] WARN  org.springframework.cloud.config.server.environment.HttpClientConfigurableHttpConnectionFactory[98] - No custom http config found for URL: https://github.com/white211/SpringcloudConfig/info/refs?service=git-upload-pack
[cms] 17:35:08.158 [DiscoveryClient-InstanceInfoReplicator-0] WARN  org.springframework.cloud.config.server.environment.HttpClientConfigurableHttpConnectionFactory[98] - No custom http config found for URL: https://github.com/white211/SpringcloudConfig/info/refs?service=git-upload-pack
[cms] 17:35:40.832 [DiscoveryClient-InstanceInfoReplicator-0] WARN  org.springframework.cloud.config.server.environment.HttpClientConfigurableHttpConnectionFactory[98] - No custom http config found for URL: https://github.com/white211/SpringcloudConfig/info/refs?service=git-upload-pack
[cms] 17:35:54.882 [DiscoveryClient-HeartbeatExecutor-0] WARN  com.netflix.discovery.shared.transport.decorator.RetryableEurekaHttpClient[130] - Request execution failed with message: org.apache.http.NoHttpResponseException: 127.0.0.1:8081 failed to respond
[cms] 17:35:54.966 [DiscoveryClient-HeartbeatExecutor-0] WARN  com.netflix.discovery.shared.transport.decorator.RetryableEurekaHttpClient[130] - Request execution failed with message: java.net.SocketException: Software caused connection abort: recv failed
[cms] 17:35:55.857 [Thread-8] WARN  com.netflix.discovery.DiscoveryClient[1303] - Saw local status change event StatusChangeEvent [timestamp=1570613755857, current=DOWN, previous=UP]
[cms] 17:35:55.905 [Thread-6] WARN  org.springframework.cloud.config.server.environment.MultipleJGitEnvironmentRepository[115] - Failed to delete temporary directory on exit: java.nio.file.AccessDeniedException: C:\Users\white\AppData\Local\Temp\config-repo-2018173612780119992\.git\objects\pack\pack-eaf9670ab7c535670af0a99756e285398306a319.idx
[cms] 17:35:56.955 [DiscoveryClient-InstanceInfoReplicator-0] WARN  com.netflix.discovery.shared.transport.decorator.RetryableEurekaHttpClient[130] - Request execution failed with message: java.net.ConnectException: Connection refused: connect
[cms] 17:35:56.958 [DiscoveryClient-InstanceInfoReplicator-0] WARN  com.netflix.discovery.DiscoveryClient[831] - DiscoveryClient_CONFIG-SERVER/DESKTOP-DIC4SEB:config-server:8082 - registration failed Cannot execute request on any known server
com.netflix.discovery.shared.transport.TransportException: Cannot execute request on any known server
	at com.netflix.discovery.shared.transport.decorator.RetryableEurekaHttpClient.execute(RetryableEurekaHttpClient.java:112)
	at com.netflix.discovery.shared.transport.decorator.EurekaHttpClientDecorator.register(EurekaHttpClientDecorator.java:56)
	at com.netflix.discovery.shared.transport.decorator.EurekaHttpClientDecorator$1.execute(EurekaHttpClientDecorator.java:59)
	at com.netflix.discovery.shared.transport.decorator.SessionedEurekaHttpClient.execute(SessionedEurekaHttpClient.java:77)
	at com.netflix.discovery.shared.transport.decorator.EurekaHttpClientDecorator.register(EurekaHttpClientDecorator.java:56)
	at com.netflix.discovery.DiscoveryClient.register(DiscoveryClient.java:829)
	at com.netflix.discovery.InstanceInfoReplicator.run(InstanceInfoReplicator.java:121)
	at com.netflix.discovery.InstanceInfoReplicator$1.run(InstanceInfoReplicator.java:101)
	at java.util.concurrent.Executors$RunnableAdapter.call(Executors.java:511)
	at java.util.concurrent.FutureTask.run(FutureTask.java:266)
	at java.util.concurrent.ScheduledThreadPoolExecutor$ScheduledFutureTask.access$201(ScheduledThreadPoolExecutor.java:180)
	at java.util.concurrent.ScheduledThreadPoolExecutor$ScheduledFutureTask.run(ScheduledThreadPoolExecutor.java:293)
	at java.util.concurrent.ThreadPoolExecutor.runWorker(ThreadPoolExecutor.java:1149)
	at java.util.concurrent.ThreadPoolExecutor$Worker.run(ThreadPoolExecutor.java:624)
	at java.lang.Thread.run(Thread.java:748)
[cms] 17:35:56.965 [DiscoveryClient-InstanceInfoReplicator-0] WARN  com.netflix.discovery.InstanceInfoReplicator[125] - There was a problem with the instance info replicator
com.netflix.discovery.shared.transport.TransportException: Cannot execute request on any known server
	at com.netflix.discovery.shared.transport.decorator.RetryableEurekaHttpClient.execute(RetryableEurekaHttpClient.java:112)
	at com.netflix.discovery.shared.transport.decorator.EurekaHttpClientDecorator.register(EurekaHttpClientDecorator.java:56)
	at com.netflix.discovery.shared.transport.decorator.EurekaHttpClientDecorator$1.execute(EurekaHttpClientDecorator.java:59)
	at com.netflix.discovery.shared.transport.decorator.SessionedEurekaHttpClient.execute(SessionedEurekaHttpClient.java:77)
	at com.netflix.discovery.shared.transport.decorator.EurekaHttpClientDecorator.register(EurekaHttpClientDecorator.java:56)
	at com.netflix.discovery.DiscoveryClient.register(DiscoveryClient.java:829)
	at com.netflix.discovery.InstanceInfoReplicator.run(InstanceInfoReplicator.java:121)
	at com.netflix.discovery.InstanceInfoReplicator$1.run(InstanceInfoReplicator.java:101)
	at java.util.concurrent.Executors$RunnableAdapter.call(Executors.java:511)
	at java.util.concurrent.FutureTask.run(FutureTask.java:266)
	at java.util.concurrent.ScheduledThreadPoolExecutor$ScheduledFutureTask.access$201(ScheduledThreadPoolExecutor.java:180)
	at java.util.concurrent.ScheduledThreadPoolExecutor$ScheduledFutureTask.run(ScheduledThreadPoolExecutor.java:293)
	at java.util.concurrent.ThreadPoolExecutor.runWorker(ThreadPoolExecutor.java:1149)
	at java.util.concurrent.ThreadPoolExecutor$Worker.run(ThreadPoolExecutor.java:624)
	at java.lang.Thread.run(Thread.java:748)
[cms] 17:35:58.010 [Thread-8] WARN  com.netflix.discovery.shared.transport.decorator.RetryableEurekaHttpClient[130] - Request execution failed with message: java.net.ConnectException: Connection refused: connect
[cms] 17:37:39.924 [main] WARN  org.springframework.boot.actuate.endpoint.EndpointId[135] - Endpoint ID 'service-registry' contains invalid characters, please migrate to a valid format.
[cms] 17:37:46.061 [main] WARN  com.netflix.config.sources.URLConfigurationSource[121] - No URLs will be polled as dynamic configuration sources.
[cms] 17:37:53.880 [main] WARN  com.netflix.config.sources.URLConfigurationSource[121] - No URLs will be polled as dynamic configuration sources.
[cms] 17:38:06.858 [main] WARN  com.netflix.discovery.InstanceInfoReplicator[110] - Ignoring onDemand update due to rate limiter
[cms] 17:38:08.322 [DiscoveryClient-InstanceInfoReplicator-0] WARN  org.springframework.cloud.config.server.environment.HttpClientConfigurableHttpConnectionFactory[98] - No custom http config found for URL: https://github.com/white211/SpringcloudConfig/info/refs?service=git-upload-pack
[cms] 17:38:10.570 [DiscoveryClient-InstanceInfoReplicator-0] WARN  org.springframework.cloud.config.server.environment.HttpClientConfigurableHttpConnectionFactory[98] - No custom http config found for URL: https://github.com/white211/SpringcloudConfig/git-upload-pack
[cms] 17:38:13.502 [DiscoveryClient-InstanceInfoReplicator-0] WARN  org.springframework.cloud.config.server.environment.HttpClientConfigurableHttpConnectionFactory[98] - No custom http config found for URL: https://github.com/white211/SpringcloudConfig/info/refs?service=git-upload-pack
[cms] 17:38:16.878 [DiscoveryClient-InstanceInfoReplicator-0] WARN  org.springframework.cloud.config.server.environment.HttpClientConfigurableHttpConnectionFactory[98] - No custom http config found for URL: https://github.com/white211/SpringcloudConfig/info/refs?service=git-upload-pack
[cms] 17:38:50.336 [DiscoveryClient-InstanceInfoReplicator-0] WARN  org.springframework.cloud.config.server.environment.HttpClientConfigurableHttpConnectionFactory[98] - No custom http config found for URL: https://github.com/white211/SpringcloudConfig/info/refs?service=git-upload-pack
[cms] 17:39:22.796 [DiscoveryClient-InstanceInfoReplicator-0] WARN  org.springframework.cloud.config.server.environment.HttpClientConfigurableHttpConnectionFactory[98] - No custom http config found for URL: https://github.com/white211/SpringcloudConfig/info/refs?service=git-upload-pack
[cms] 17:39:56.296 [DiscoveryClient-InstanceInfoReplicator-0] WARN  org.springframework.cloud.config.server.environment.HttpClientConfigurableHttpConnectionFactory[98] - No custom http config found for URL: https://github.com/white211/SpringcloudConfig/info/refs?service=git-upload-pack
[cms] 17:40:28.729 [DiscoveryClient-InstanceInfoReplicator-0] WARN  org.springframework.cloud.config.server.environment.HttpClientConfigurableHttpConnectionFactory[98] - No custom http config found for URL: https://github.com/white211/SpringcloudConfig/info/refs?service=git-upload-pack
[cms] 17:41:01.452 [DiscoveryClient-InstanceInfoReplicator-0] WARN  org.springframework.cloud.config.server.environment.HttpClientConfigurableHttpConnectionFactory[98] - No custom http config found for URL: https://github.com/white211/SpringcloudConfig/info/refs?service=git-upload-pack
[cms] 17:41:34.199 [DiscoveryClient-InstanceInfoReplicator-0] WARN  org.springframework.cloud.config.server.environment.HttpClientConfigurableHttpConnectionFactory[98] - No custom http config found for URL: https://github.com/white211/SpringcloudConfig/info/refs?service=git-upload-pack
[cms] 17:42:06.834 [DiscoveryClient-InstanceInfoReplicator-0] WARN  org.springframework.cloud.config.server.environment.HttpClientConfigurableHttpConnectionFactory[98] - No custom http config found for URL: https://github.com/white211/SpringcloudConfig/info/refs?service=git-upload-pack
[cms] 17:42:39.742 [DiscoveryClient-InstanceInfoReplicator-0] WARN  org.springframework.cloud.config.server.environment.HttpClientConfigurableHttpConnectionFactory[98] - No custom http config found for URL: https://github.com/white211/SpringcloudConfig/info/refs?service=git-upload-pack
[cms] 17:43:12.364 [DiscoveryClient-InstanceInfoReplicator-0] WARN  org.springframework.cloud.config.server.environment.HttpClientConfigurableHttpConnectionFactory[98] - No custom http config found for URL: https://github.com/white211/SpringcloudConfig/info/refs?service=git-upload-pack
[cms] 17:43:33.634 [http-nio-8082-exec-10] WARN  org.springframework.cloud.config.server.environment.HttpClientConfigurableHttpConnectionFactory[98] - No custom http config found for URL: https://github.com/white211/SpringcloudConfig/info/refs?service=git-upload-pack
[cms] 17:43:46.147 [DiscoveryClient-InstanceInfoReplicator-0] WARN  org.springframework.cloud.config.server.environment.HttpClientConfigurableHttpConnectionFactory[98] - No custom http config found for URL: https://github.com/white211/SpringcloudConfig/info/refs?service=git-upload-pack
[cms] 17:44:19.694 [DiscoveryClient-InstanceInfoReplicator-0] WARN  org.springframework.cloud.config.server.environment.HttpClientConfigurableHttpConnectionFactory[98] - No custom http config found for URL: https://github.com/white211/SpringcloudConfig/info/refs?service=git-upload-pack
[cms] 17:44:52.289 [DiscoveryClient-InstanceInfoReplicator-0] WARN  org.springframework.cloud.config.server.environment.HttpClientConfigurableHttpConnectionFactory[98] - No custom http config found for URL: https://github.com/white211/SpringcloudConfig/info/refs?service=git-upload-pack
[cms] 17:45:25.077 [DiscoveryClient-InstanceInfoReplicator-0] WARN  org.springframework.cloud.config.server.environment.HttpClientConfigurableHttpConnectionFactory[98] - No custom http config found for URL: https://github.com/white211/SpringcloudConfig/info/refs?service=git-upload-pack
[cms] 17:45:57.818 [DiscoveryClient-InstanceInfoReplicator-0] WARN  org.springframework.cloud.config.server.environment.HttpClientConfigurableHttpConnectionFactory[98] - No custom http config found for URL: https://github.com/white211/SpringcloudConfig/info/refs?service=git-upload-pack
[cms] 17:46:32.233 [DiscoveryClient-InstanceInfoReplicator-0] WARN  org.springframework.cloud.config.server.environment.HttpClientConfigurableHttpConnectionFactory[98] - No custom http config found for URL: https://github.com/white211/SpringcloudConfig/info/refs?service=git-upload-pack
[cms] 17:47:07.788 [DiscoveryClient-InstanceInfoReplicator-0] WARN  org.springframework.cloud.config.server.environment.HttpClientConfigurableHttpConnectionFactory[98] - No custom http config found for URL: https://github.com/white211/SpringcloudConfig/info/refs?service=git-upload-pack
[cms] 17:47:40.655 [DiscoveryClient-InstanceInfoReplicator-0] WARN  org.springframework.cloud.config.server.environment.HttpClientConfigurableHttpConnectionFactory[98] - No custom http config found for URL: https://github.com/white211/SpringcloudConfig/info/refs?service=git-upload-pack
[cms] 17:48:14.005 [DiscoveryClient-InstanceInfoReplicator-0] WARN  org.springframework.cloud.config.server.environment.HttpClientConfigurableHttpConnectionFactory[98] - No custom http config found for URL: https://github.com/white211/SpringcloudConfig/info/refs?service=git-upload-pack
[cms] 17:48:46.800 [DiscoveryClient-InstanceInfoReplicator-0] WARN  org.springframework.cloud.config.server.environment.HttpClientConfigurableHttpConnectionFactory[98] - No custom http config found for URL: https://github.com/white211/SpringcloudConfig/info/refs?service=git-upload-pack
[cms] 17:49:19.583 [DiscoveryClient-InstanceInfoReplicator-0] WARN  org.springframework.cloud.config.server.environment.HttpClientConfigurableHttpConnectionFactory[98] - No custom http config found for URL: https://github.com/white211/SpringcloudConfig/info/refs?service=git-upload-pack
[cms] 17:49:52.263 [DiscoveryClient-InstanceInfoReplicator-0] WARN  org.springframework.cloud.config.server.environment.HttpClientConfigurableHttpConnectionFactory[98] - No custom http config found for URL: https://github.com/white211/SpringcloudConfig/info/refs?service=git-upload-pack
[cms] 17:50:24.787 [DiscoveryClient-InstanceInfoReplicator-0] WARN  org.springframework.cloud.config.server.environment.HttpClientConfigurableHttpConnectionFactory[98] - No custom http config found for URL: https://github.com/white211/SpringcloudConfig/info/refs?service=git-upload-pack
[cms] 17:50:57.834 [DiscoveryClient-InstanceInfoReplicator-0] WARN  org.springframework.cloud.config.server.environment.HttpClientConfigurableHttpConnectionFactory[98] - No custom http config found for URL: https://github.com/white211/SpringcloudConfig/info/refs?service=git-upload-pack
[cms] 17:51:30.390 [DiscoveryClient-InstanceInfoReplicator-0] WARN  org.springframework.cloud.config.server.environment.HttpClientConfigurableHttpConnectionFactory[98] - No custom http config found for URL: https://github.com/white211/SpringcloudConfig/info/refs?service=git-upload-pack
[cms] 17:52:03.931 [DiscoveryClient-InstanceInfoReplicator-0] WARN  org.springframework.cloud.config.server.environment.HttpClientConfigurableHttpConnectionFactory[98] - No custom http config found for URL: https://github.com/white211/SpringcloudConfig/info/refs?service=git-upload-pack
[cms] 17:52:36.605 [DiscoveryClient-InstanceInfoReplicator-0] WARN  org.springframework.cloud.config.server.environment.HttpClientConfigurableHttpConnectionFactory[98] - No custom http config found for URL: https://github.com/white211/SpringcloudConfig/info/refs?service=git-upload-pack
[cms] 17:53:08.957 [DiscoveryClient-InstanceInfoReplicator-0] WARN  org.springframework.cloud.config.server.environment.HttpClientConfigurableHttpConnectionFactory[98] - No custom http config found for URL: https://github.com/white211/SpringcloudConfig/info/refs?service=git-upload-pack
[cms] 17:53:41.607 [DiscoveryClient-InstanceInfoReplicator-0] WARN  org.springframework.cloud.config.server.environment.HttpClientConfigurableHttpConnectionFactory[98] - No custom http config found for URL: https://github.com/white211/SpringcloudConfig/info/refs?service=git-upload-pack
[cms] 17:54:15.092 [DiscoveryClient-InstanceInfoReplicator-0] WARN  org.springframework.cloud.config.server.environment.HttpClientConfigurableHttpConnectionFactory[98] - No custom http config found for URL: https://github.com/white211/SpringcloudConfig/info/refs?service=git-upload-pack
[cms] 17:54:48.238 [DiscoveryClient-InstanceInfoReplicator-0] WARN  org.springframework.cloud.config.server.environment.HttpClientConfigurableHttpConnectionFactory[98] - No custom http config found for URL: https://github.com/white211/SpringcloudConfig/info/refs?service=git-upload-pack
[cms] 17:55:17.075 [http-nio-8082-exec-9] WARN  org.springframework.cloud.config.server.environment.HttpClientConfigurableHttpConnectionFactory[98] - No custom http config found for URL: https://github.com/white211/SpringcloudConfig/info/refs?service=git-upload-pack
[cms] 17:55:21.182 [DiscoveryClient-InstanceInfoReplicator-0] WARN  org.springframework.cloud.config.server.environment.HttpClientConfigurableHttpConnectionFactory[98] - No custom http config found for URL: https://github.com/white211/SpringcloudConfig/info/refs?service=git-upload-pack
[cms] 17:55:54.854 [DiscoveryClient-InstanceInfoReplicator-0] WARN  org.springframework.cloud.config.server.environment.HttpClientConfigurableHttpConnectionFactory[98] - No custom http config found for URL: https://github.com/white211/SpringcloudConfig/info/refs?service=git-upload-pack
[cms] 17:56:27.378 [DiscoveryClient-InstanceInfoReplicator-0] WARN  org.springframework.cloud.config.server.environment.HttpClientConfigurableHttpConnectionFactory[98] - No custom http config found for URL: https://github.com/white211/SpringcloudConfig/info/refs?service=git-upload-pack
[cms] 17:56:59.899 [DiscoveryClient-InstanceInfoReplicator-0] WARN  org.springframework.cloud.config.server.environment.HttpClientConfigurableHttpConnectionFactory[98] - No custom http config found for URL: https://github.com/white211/SpringcloudConfig/info/refs?service=git-upload-pack
[cms] 17:57:33.020 [DiscoveryClient-InstanceInfoReplicator-0] WARN  org.springframework.cloud.config.server.environment.HttpClientConfigurableHttpConnectionFactory[98] - No custom http config found for URL: https://github.com/white211/SpringcloudConfig/info/refs?service=git-upload-pack
[cms] 17:58:06.280 [DiscoveryClient-InstanceInfoReplicator-0] WARN  org.springframework.cloud.config.server.environment.HttpClientConfigurableHttpConnectionFactory[98] - No custom http config found for URL: https://github.com/white211/SpringcloudConfig/info/refs?service=git-upload-pack
[cms] 17:58:13.674 [http-nio-8082-exec-7] WARN  org.springframework.cloud.config.server.environment.HttpClientConfigurableHttpConnectionFactory[98] - No custom http config found for URL: https://github.com/white211/SpringcloudConfig/info/refs?service=git-upload-pack
[cms] 17:58:40.322 [DiscoveryClient-InstanceInfoReplicator-0] WARN  org.springframework.cloud.config.server.environment.HttpClientConfigurableHttpConnectionFactory[98] - No custom http config found for URL: https://github.com/white211/SpringcloudConfig/info/refs?service=git-upload-pack
[cms] 17:59:12.918 [DiscoveryClient-InstanceInfoReplicator-0] WARN  org.springframework.cloud.config.server.environment.HttpClientConfigurableHttpConnectionFactory[98] - No custom http config found for URL: https://github.com/white211/SpringcloudConfig/info/refs?service=git-upload-pack
[cms] 17:59:45.541 [DiscoveryClient-InstanceInfoReplicator-0] WARN  org.springframework.cloud.config.server.environment.HttpClientConfigurableHttpConnectionFactory[98] - No custom http config found for URL: https://github.com/white211/SpringcloudConfig/info/refs?service=git-upload-pack
[cms] 18:00:17.978 [DiscoveryClient-InstanceInfoReplicator-0] WARN  org.springframework.cloud.config.server.environment.HttpClientConfigurableHttpConnectionFactory[98] - No custom http config found for URL: https://github.com/white211/SpringcloudConfig/info/refs?service=git-upload-pack
[cms] 18:00:50.309 [DiscoveryClient-InstanceInfoReplicator-0] WARN  org.springframework.cloud.config.server.environment.HttpClientConfigurableHttpConnectionFactory[98] - No custom http config found for URL: https://github.com/white211/SpringcloudConfig/info/refs?service=git-upload-pack
[cms] 18:01:23.945 [DiscoveryClient-InstanceInfoReplicator-0] WARN  org.springframework.cloud.config.server.environment.HttpClientConfigurableHttpConnectionFactory[98] - No custom http config found for URL: https://github.com/white211/SpringcloudConfig/info/refs?service=git-upload-pack
[cms] 18:01:56.796 [DiscoveryClient-InstanceInfoReplicator-0] WARN  org.springframework.cloud.config.server.environment.HttpClientConfigurableHttpConnectionFactory[98] - No custom http config found for URL: https://github.com/white211/SpringcloudConfig/info/refs?service=git-upload-pack
[cms] 18:02:29.940 [DiscoveryClient-InstanceInfoReplicator-0] WARN  org.springframework.cloud.config.server.environment.HttpClientConfigurableHttpConnectionFactory[98] - No custom http config found for URL: https://github.com/white211/SpringcloudConfig/info/refs?service=git-upload-pack
[cms] 18:03:03.525 [DiscoveryClient-InstanceInfoReplicator-0] WARN  org.springframework.cloud.config.server.environment.HttpClientConfigurableHttpConnectionFactory[98] - No custom http config found for URL: https://github.com/white211/SpringcloudConfig/info/refs?service=git-upload-pack
[cms] 18:03:38.878 [DiscoveryClient-InstanceInfoReplicator-0] WARN  org.springframework.cloud.config.server.environment.HttpClientConfigurableHttpConnectionFactory[98] - No custom http config found for URL: https://github.com/white211/SpringcloudConfig/info/refs?service=git-upload-pack
[cms] 18:04:09.109 [Thread-6] WARN  org.springframework.cloud.config.server.environment.MultipleJGitEnvironmentRepository[115] - Failed to delete temporary directory on exit: java.nio.file.AccessDeniedException: C:\Users\white\AppData\Local\Temp\config-repo-4057023889824842205\.git\objects\pack\pack-eaf9670ab7c535670af0a99756e285398306a319.idx
[cms] 18:04:09.111 [Thread-8] WARN  com.netflix.discovery.DiscoveryClient[1303] - Saw local status change event StatusChangeEvent [timestamp=1570615449111, current=DOWN, previous=UP]
[cms] 18:04:13.550 [Thread-8] WARN  com.netflix.discovery.shared.transport.decorator.RetryableEurekaHttpClient[130] - Request execution failed with message: java.net.ConnectException: Connection refused: connect
[cms] 18:04:14.626 [Thread-8] WARN  com.netflix.discovery.shared.transport.decorator.RetryableEurekaHttpClient[130] - Request execution failed with message: java.net.ConnectException: Connection refused: connect
