[cms] 00:00:17.475 [DiscoveryClient-InstanceInfoReplicator-0] WARN  org.springframework.cloud.config.server.environment.HttpClientConfigurableHttpConnectionFactory[98] - No custom http config found for URL: https://github.com/white211/SpringcloudConfig/info/refs?service=git-upload-pack
[cms] 00:00:51.494 [DiscoveryClient-InstanceInfoReplicator-0] WARN  org.springframework.cloud.config.server.environment.HttpClientConfigurableHttpConnectionFactory[98] - No custom http config found for URL: https://github.com/white211/SpringcloudConfig/info/refs?service=git-upload-pack
[cms] 00:01:25.679 [DiscoveryClient-InstanceInfoReplicator-0] WARN  org.springframework.cloud.config.server.environment.HttpClientConfigurableHttpConnectionFactory[98] - No custom http config found for URL: https://github.com/white211/SpringcloudConfig/info/refs?service=git-upload-pack
[cms] 00:01:59.347 [DiscoveryClient-InstanceInfoReplicator-0] WARN  org.springframework.cloud.config.server.environment.HttpClientConfigurableHttpConnectionFactory[98] - No custom http config found for URL: https://github.com/white211/SpringcloudConfig/info/refs?service=git-upload-pack
[cms] 00:02:31.943 [DiscoveryClient-InstanceInfoReplicator-0] WARN  org.springframework.cloud.config.server.environment.HttpClientConfigurableHttpConnectionFactory[98] - No custom http config found for URL: https://github.com/white211/SpringcloudConfig/info/refs?service=git-upload-pack
[cms] 00:03:04.523 [DiscoveryClient-InstanceInfoReplicator-0] WARN  org.springframework.cloud.config.server.environment.HttpClientConfigurableHttpConnectionFactory[98] - No custom http config found for URL: https://github.com/white211/SpringcloudConfig/info/refs?service=git-upload-pack
[cms] 00:03:38.326 [DiscoveryClient-InstanceInfoReplicator-0] WARN  org.springframework.cloud.config.server.environment.HttpClientConfigurableHttpConnectionFactory[98] - No custom http config found for URL: https://github.com/white211/SpringcloudConfig/info/refs?service=git-upload-pack
[cms] 00:04:11.535 [DiscoveryClient-InstanceInfoReplicator-0] WARN  org.springframework.cloud.config.server.environment.HttpClientConfigurableHttpConnectionFactory[98] - No custom http config found for URL: https://github.com/white211/SpringcloudConfig/info/refs?service=git-upload-pack
[cms] 00:04:46.161 [DiscoveryClient-InstanceInfoReplicator-0] WARN  org.springframework.cloud.config.server.environment.HttpClientConfigurableHttpConnectionFactory[98] - No custom http config found for URL: https://github.com/white211/SpringcloudConfig/info/refs?service=git-upload-pack
[cms] 00:05:20.444 [DiscoveryClient-InstanceInfoReplicator-0] WARN  org.springframework.cloud.config.server.environment.HttpClientConfigurableHttpConnectionFactory[98] - No custom http config found for URL: https://github.com/white211/SpringcloudConfig/info/refs?service=git-upload-pack
[cms] 00:05:55.197 [DiscoveryClient-InstanceInfoReplicator-0] WARN  org.springframework.cloud.config.server.environment.HttpClientConfigurableHttpConnectionFactory[98] - No custom http config found for URL: https://github.com/white211/SpringcloudConfig/info/refs?service=git-upload-pack
[cms] 00:06:40.549 [DiscoveryClient-InstanceInfoReplicator-0] WARN  org.springframework.cloud.config.server.environment.HttpClientConfigurableHttpConnectionFactory[98] - No custom http config found for URL: https://github.com/white211/SpringcloudConfig/info/refs?service=git-upload-pack
[cms] 00:07:16.484 [DiscoveryClient-InstanceInfoReplicator-0] WARN  org.springframework.cloud.config.server.environment.HttpClientConfigurableHttpConnectionFactory[98] - No custom http config found for URL: https://github.com/white211/SpringcloudConfig/info/refs?service=git-upload-pack
[cms] 00:07:49.234 [DiscoveryClient-InstanceInfoReplicator-0] WARN  org.springframework.cloud.config.server.environment.HttpClientConfigurableHttpConnectionFactory[98] - No custom http config found for URL: https://github.com/white211/SpringcloudConfig/info/refs?service=git-upload-pack
[cms] 00:08:22.916 [DiscoveryClient-InstanceInfoReplicator-0] WARN  org.springframework.cloud.config.server.environment.HttpClientConfigurableHttpConnectionFactory[98] - No custom http config found for URL: https://github.com/white211/SpringcloudConfig/info/refs?service=git-upload-pack
[cms] 00:08:57.994 [DiscoveryClient-InstanceInfoReplicator-0] WARN  org.springframework.cloud.config.server.environment.HttpClientConfigurableHttpConnectionFactory[98] - No custom http config found for URL: https://github.com/white211/SpringcloudConfig/info/refs?service=git-upload-pack
[cms] 00:09:31.745 [DiscoveryClient-InstanceInfoReplicator-0] WARN  org.springframework.cloud.config.server.environment.HttpClientConfigurableHttpConnectionFactory[98] - No custom http config found for URL: https://github.com/white211/SpringcloudConfig/info/refs?service=git-upload-pack
[cms] 00:09:36.468 [http-nio-8082-exec-9] WARN  org.springframework.cloud.config.server.environment.HttpClientConfigurableHttpConnectionFactory[98] - No custom http config found for URL: https://github.com/white211/SpringcloudConfig/info/refs?service=git-upload-pack
[cms] 00:10:05.107 [DiscoveryClient-InstanceInfoReplicator-0] WARN  org.springframework.cloud.config.server.environment.HttpClientConfigurableHttpConnectionFactory[98] - No custom http config found for URL: https://github.com/white211/SpringcloudConfig/info/refs?service=git-upload-pack
[cms] 00:10:40.670 [DiscoveryClient-InstanceInfoReplicator-0] WARN  org.springframework.cloud.config.server.environment.HttpClientConfigurableHttpConnectionFactory[98] - No custom http config found for URL: https://github.com/white211/SpringcloudConfig/info/refs?service=git-upload-pack
[cms] 00:10:54.292 [Thread-8] WARN  com.netflix.discovery.DiscoveryClient[1303] - Saw local status change event StatusChangeEvent [timestamp=1570810254292, current=DOWN, previous=UP]
[cms] 00:10:54.333 [Thread-6] WARN  org.springframework.cloud.config.server.environment.MultipleJGitEnvironmentRepository[115] - Failed to delete temporary directory on exit: java.nio.file.AccessDeniedException: C:\Users\white\AppData\Local\Temp\config-repo-3793912606289589052\.git\objects\pack\pack-92b48078fc74f4ff38549914537c25deec9b8813.idx
[cms] 00:10:57.475 [DiscoveryClient-0] WARN  com.netflix.discovery.TimedSupervisorTask[88] - task supervisor shutting down, can't accept the task
[cms] 00:10:57.481 [DiscoveryClient-1] WARN  com.netflix.discovery.TimedSupervisorTask[88] - task supervisor shutting down, can't accept the task
[cms] 00:10:58.163 [DiscoveryClient-CacheRefreshExecutor-0] WARN  com.netflix.discovery.shared.transport.decorator.RetryableEurekaHttpClient[130] - Request execution failed with message: java.net.ConnectException: Connection refused: connect
[cms] 00:10:58.155 [DiscoveryClient-HeartbeatExecutor-0] WARN  com.netflix.discovery.shared.transport.decorator.RetryableEurekaHttpClient[130] - Request execution failed with message: java.net.ConnectException: Connection refused: connect
[cms] 00:10:58.534 [Thread-8] WARN  com.netflix.discovery.shared.transport.decorator.RetryableEurekaHttpClient[130] - Request execution failed with message: java.net.ConnectException: Connection refused: connect
