[cms] 13:32:27.403 [main] WARN  org.springframework.boot.actuate.endpoint.EndpointId[135] - Endpoint ID 'service-registry' contains invalid characters, please migrate to a valid format.
[cms] 13:32:32.441 [main] WARN  com.netflix.config.sources.URLConfigurationSource[121] - No URLs will be polled as dynamic configuration sources.
[cms] 13:32:40.170 [main] WARN  com.netflix.config.sources.URLConfigurationSource[121] - No URLs will be polled as dynamic configuration sources.
[cms] 13:32:54.181 [main] WARN  com.netflix.discovery.InstanceInfoReplicator[110] - Ignoring onDemand update due to rate limiter
[cms] 13:32:55.448 [DiscoveryClient-InstanceInfoReplicator-0] WARN  org.springframework.cloud.config.server.environment.HttpClientConfigurableHttpConnectionFactory[98] - No custom http config found for URL: https://github.com/white211/SpringcloudConfig/info/refs?service=git-upload-pack
[cms] 13:32:57.789 [DiscoveryClient-InstanceInfoReplicator-0] WARN  org.springframework.cloud.config.server.environment.HttpClientConfigurableHttpConnectionFactory[98] - No custom http config found for URL: https://github.com/white211/SpringcloudConfig/git-upload-pack
[cms] 13:33:08.822 [DiscoveryClient-InstanceInfoReplicator-0] WARN  org.springframework.cloud.config.server.environment.HttpClientConfigurableHttpConnectionFactory[98] - No custom http config found for URL: https://github.com/white211/SpringcloudConfig/info/refs?service=git-upload-pack
[cms] 13:33:12.983 [DiscoveryClient-InstanceInfoReplicator-0] WARN  org.springframework.cloud.config.server.environment.HttpClientConfigurableHttpConnectionFactory[98] - No custom http config found for URL: https://github.com/white211/SpringcloudConfig/info/refs?service=git-upload-pack
[cms] 13:33:46.352 [DiscoveryClient-InstanceInfoReplicator-0] WARN  org.springframework.cloud.config.server.environment.HttpClientConfigurableHttpConnectionFactory[98] - No custom http config found for URL: https://github.com/white211/SpringcloudConfig/info/refs?service=git-upload-pack
[cms] 13:34:19.849 [DiscoveryClient-InstanceInfoReplicator-0] WARN  org.springframework.cloud.config.server.environment.HttpClientConfigurableHttpConnectionFactory[98] - No custom http config found for URL: https://github.com/white211/SpringcloudConfig/info/refs?service=git-upload-pack
[cms] 13:34:53.808 [DiscoveryClient-InstanceInfoReplicator-0] WARN  org.springframework.cloud.config.server.environment.HttpClientConfigurableHttpConnectionFactory[98] - No custom http config found for URL: https://github.com/white211/SpringcloudConfig/info/refs?service=git-upload-pack
[cms] 13:35:27.576 [DiscoveryClient-InstanceInfoReplicator-0] WARN  org.springframework.cloud.config.server.environment.HttpClientConfigurableHttpConnectionFactory[98] - No custom http config found for URL: https://github.com/white211/SpringcloudConfig/info/refs?service=git-upload-pack
[cms] 13:36:02.315 [http-nio-8082-exec-10] WARN  org.springframework.cloud.config.server.environment.HttpClientConfigurableHttpConnectionFactory[98] - No custom http config found for URL: https://github.com/white211/SpringcloudConfig/info/refs?service=git-upload-pack
[cms] 13:36:10.245 [DiscoveryClient-InstanceInfoReplicator-0] WARN  org.springframework.cloud.config.server.environment.HttpClientConfigurableHttpConnectionFactory[98] - No custom http config found for URL: https://github.com/white211/SpringcloudConfig/info/refs?service=git-upload-pack
[cms] 13:36:45.944 [DiscoveryClient-InstanceInfoReplicator-0] WARN  org.springframework.cloud.config.server.environment.HttpClientConfigurableHttpConnectionFactory[98] - No custom http config found for URL: https://github.com/white211/SpringcloudConfig/info/refs?service=git-upload-pack
[cms] 13:37:19.583 [DiscoveryClient-InstanceInfoReplicator-0] WARN  org.springframework.cloud.config.server.environment.HttpClientConfigurableHttpConnectionFactory[98] - No custom http config found for URL: https://github.com/white211/SpringcloudConfig/info/refs?service=git-upload-pack
[cms] 13:37:55.898 [DiscoveryClient-InstanceInfoReplicator-0] WARN  org.springframework.cloud.config.server.environment.HttpClientConfigurableHttpConnectionFactory[98] - No custom http config found for URL: https://github.com/white211/SpringcloudConfig/info/refs?service=git-upload-pack
[cms] 13:38:31.945 [DiscoveryClient-InstanceInfoReplicator-0] WARN  org.springframework.cloud.config.server.environment.HttpClientConfigurableHttpConnectionFactory[98] - No custom http config found for URL: https://github.com/white211/SpringcloudConfig/info/refs?service=git-upload-pack
[cms] 13:39:09.485 [DiscoveryClient-InstanceInfoReplicator-0] WARN  org.springframework.cloud.config.server.environment.HttpClientConfigurableHttpConnectionFactory[98] - No custom http config found for URL: https://github.com/white211/SpringcloudConfig/info/refs?service=git-upload-pack
[cms] 13:39:46.883 [DiscoveryClient-InstanceInfoReplicator-0] WARN  org.springframework.cloud.config.server.environment.HttpClientConfigurableHttpConnectionFactory[98] - No custom http config found for URL: https://github.com/white211/SpringcloudConfig/info/refs?service=git-upload-pack
[cms] 13:40:20.355 [DiscoveryClient-InstanceInfoReplicator-0] WARN  org.springframework.cloud.config.server.environment.HttpClientConfigurableHttpConnectionFactory[98] - No custom http config found for URL: https://github.com/white211/SpringcloudConfig/info/refs?service=git-upload-pack
[cms] 13:40:53.798 [DiscoveryClient-InstanceInfoReplicator-0] WARN  org.springframework.cloud.config.server.environment.HttpClientConfigurableHttpConnectionFactory[98] - No custom http config found for URL: https://github.com/white211/SpringcloudConfig/info/refs?service=git-upload-pack
[cms] 13:41:29.141 [DiscoveryClient-InstanceInfoReplicator-0] WARN  org.springframework.cloud.config.server.environment.HttpClientConfigurableHttpConnectionFactory[98] - No custom http config found for URL: https://github.com/white211/SpringcloudConfig/info/refs?service=git-upload-pack
[cms] 13:42:03.720 [DiscoveryClient-InstanceInfoReplicator-0] WARN  org.springframework.cloud.config.server.environment.HttpClientConfigurableHttpConnectionFactory[98] - No custom http config found for URL: https://github.com/white211/SpringcloudConfig/info/refs?service=git-upload-pack
[cms] 13:42:41.058 [DiscoveryClient-InstanceInfoReplicator-0] WARN  org.springframework.cloud.config.server.environment.HttpClientConfigurableHttpConnectionFactory[98] - No custom http config found for URL: https://github.com/white211/SpringcloudConfig/info/refs?service=git-upload-pack
[cms] 13:43:14.771 [DiscoveryClient-InstanceInfoReplicator-0] WARN  org.springframework.cloud.config.server.environment.HttpClientConfigurableHttpConnectionFactory[98] - No custom http config found for URL: https://github.com/white211/SpringcloudConfig/info/refs?service=git-upload-pack
[cms] 13:43:48.512 [DiscoveryClient-InstanceInfoReplicator-0] WARN  org.springframework.cloud.config.server.environment.HttpClientConfigurableHttpConnectionFactory[98] - No custom http config found for URL: https://github.com/white211/SpringcloudConfig/info/refs?service=git-upload-pack
[cms] 13:44:23.462 [DiscoveryClient-InstanceInfoReplicator-0] WARN  org.springframework.cloud.config.server.environment.HttpClientConfigurableHttpConnectionFactory[98] - No custom http config found for URL: https://github.com/white211/SpringcloudConfig/info/refs?service=git-upload-pack
[cms] 13:44:57.237 [DiscoveryClient-InstanceInfoReplicator-0] WARN  org.springframework.cloud.config.server.environment.HttpClientConfigurableHttpConnectionFactory[98] - No custom http config found for URL: https://github.com/white211/SpringcloudConfig/info/refs?service=git-upload-pack
[cms] 13:45:31.154 [DiscoveryClient-InstanceInfoReplicator-0] WARN  org.springframework.cloud.config.server.environment.HttpClientConfigurableHttpConnectionFactory[98] - No custom http config found for URL: https://github.com/white211/SpringcloudConfig/info/refs?service=git-upload-pack
[cms] 13:46:06.333 [DiscoveryClient-InstanceInfoReplicator-0] WARN  org.springframework.cloud.config.server.environment.HttpClientConfigurableHttpConnectionFactory[98] - No custom http config found for URL: https://github.com/white211/SpringcloudConfig/info/refs?service=git-upload-pack
[cms] 13:46:41.893 [DiscoveryClient-InstanceInfoReplicator-0] WARN  org.springframework.cloud.config.server.environment.HttpClientConfigurableHttpConnectionFactory[98] - No custom http config found for URL: https://github.com/white211/SpringcloudConfig/info/refs?service=git-upload-pack
[cms] 13:47:20.049 [DiscoveryClient-InstanceInfoReplicator-0] WARN  org.springframework.cloud.config.server.environment.HttpClientConfigurableHttpConnectionFactory[98] - No custom http config found for URL: https://github.com/white211/SpringcloudConfig/info/refs?service=git-upload-pack
[cms] 13:47:53.674 [DiscoveryClient-InstanceInfoReplicator-0] WARN  org.springframework.cloud.config.server.environment.HttpClientConfigurableHttpConnectionFactory[98] - No custom http config found for URL: https://github.com/white211/SpringcloudConfig/info/refs?service=git-upload-pack
[cms] 13:48:27.051 [DiscoveryClient-InstanceInfoReplicator-0] WARN  org.springframework.cloud.config.server.environment.HttpClientConfigurableHttpConnectionFactory[98] - No custom http config found for URL: https://github.com/white211/SpringcloudConfig/info/refs?service=git-upload-pack
[cms] 13:49:00.636 [DiscoveryClient-InstanceInfoReplicator-0] WARN  org.springframework.cloud.config.server.environment.HttpClientConfigurableHttpConnectionFactory[98] - No custom http config found for URL: https://github.com/white211/SpringcloudConfig/info/refs?service=git-upload-pack
[cms] 13:49:34.089 [DiscoveryClient-InstanceInfoReplicator-0] WARN  org.springframework.cloud.config.server.environment.HttpClientConfigurableHttpConnectionFactory[98] - No custom http config found for URL: https://github.com/white211/SpringcloudConfig/info/refs?service=git-upload-pack
[cms] 13:50:08.327 [DiscoveryClient-InstanceInfoReplicator-0] WARN  org.springframework.cloud.config.server.environment.HttpClientConfigurableHttpConnectionFactory[98] - No custom http config found for URL: https://github.com/white211/SpringcloudConfig/info/refs?service=git-upload-pack
[cms] 13:50:41.929 [DiscoveryClient-InstanceInfoReplicator-0] WARN  org.springframework.cloud.config.server.environment.HttpClientConfigurableHttpConnectionFactory[98] - No custom http config found for URL: https://github.com/white211/SpringcloudConfig/info/refs?service=git-upload-pack
[cms] 13:51:16.007 [DiscoveryClient-InstanceInfoReplicator-0] WARN  org.springframework.cloud.config.server.environment.HttpClientConfigurableHttpConnectionFactory[98] - No custom http config found for URL: https://github.com/white211/SpringcloudConfig/info/refs?service=git-upload-pack
[cms] 13:51:49.444 [DiscoveryClient-InstanceInfoReplicator-0] WARN  org.springframework.cloud.config.server.environment.HttpClientConfigurableHttpConnectionFactory[98] - No custom http config found for URL: https://github.com/white211/SpringcloudConfig/info/refs?service=git-upload-pack
[cms] 13:52:22.804 [DiscoveryClient-InstanceInfoReplicator-0] WARN  org.springframework.cloud.config.server.environment.HttpClientConfigurableHttpConnectionFactory[98] - No custom http config found for URL: https://github.com/white211/SpringcloudConfig/info/refs?service=git-upload-pack
[cms] 13:52:56.263 [DiscoveryClient-InstanceInfoReplicator-0] WARN  org.springframework.cloud.config.server.environment.HttpClientConfigurableHttpConnectionFactory[98] - No custom http config found for URL: https://github.com/white211/SpringcloudConfig/info/refs?service=git-upload-pack
[cms] 13:53:29.675 [DiscoveryClient-InstanceInfoReplicator-0] WARN  org.springframework.cloud.config.server.environment.HttpClientConfigurableHttpConnectionFactory[98] - No custom http config found for URL: https://github.com/white211/SpringcloudConfig/info/refs?service=git-upload-pack
[cms] 13:54:04.416 [DiscoveryClient-InstanceInfoReplicator-0] WARN  org.springframework.cloud.config.server.environment.HttpClientConfigurableHttpConnectionFactory[98] - No custom http config found for URL: https://github.com/white211/SpringcloudConfig/info/refs?service=git-upload-pack
[cms] 13:54:42.789 [DiscoveryClient-InstanceInfoReplicator-0] WARN  org.springframework.cloud.config.server.environment.HttpClientConfigurableHttpConnectionFactory[98] - No custom http config found for URL: https://github.com/white211/SpringcloudConfig/info/refs?service=git-upload-pack
[cms] 13:55:17.472 [DiscoveryClient-InstanceInfoReplicator-0] WARN  org.springframework.cloud.config.server.environment.HttpClientConfigurableHttpConnectionFactory[98] - No custom http config found for URL: https://github.com/white211/SpringcloudConfig/info/refs?service=git-upload-pack
[cms] 13:55:50.848 [DiscoveryClient-InstanceInfoReplicator-0] WARN  org.springframework.cloud.config.server.environment.HttpClientConfigurableHttpConnectionFactory[98] - No custom http config found for URL: https://github.com/white211/SpringcloudConfig/info/refs?service=git-upload-pack
[cms] 13:56:26.731 [DiscoveryClient-InstanceInfoReplicator-0] WARN  org.springframework.cloud.config.server.environment.HttpClientConfigurableHttpConnectionFactory[98] - No custom http config found for URL: https://github.com/white211/SpringcloudConfig/info/refs?service=git-upload-pack
[cms] 13:57:00.547 [DiscoveryClient-InstanceInfoReplicator-0] WARN  org.springframework.cloud.config.server.environment.HttpClientConfigurableHttpConnectionFactory[98] - No custom http config found for URL: https://github.com/white211/SpringcloudConfig/info/refs?service=git-upload-pack
[cms] 13:57:35.784 [DiscoveryClient-InstanceInfoReplicator-0] WARN  org.springframework.cloud.config.server.environment.HttpClientConfigurableHttpConnectionFactory[98] - No custom http config found for URL: https://github.com/white211/SpringcloudConfig/info/refs?service=git-upload-pack
[cms] 13:58:10.984 [DiscoveryClient-InstanceInfoReplicator-0] WARN  org.springframework.cloud.config.server.environment.HttpClientConfigurableHttpConnectionFactory[98] - No custom http config found for URL: https://github.com/white211/SpringcloudConfig/info/refs?service=git-upload-pack
[cms] 13:58:44.431 [DiscoveryClient-InstanceInfoReplicator-0] WARN  org.springframework.cloud.config.server.environment.HttpClientConfigurableHttpConnectionFactory[98] - No custom http config found for URL: https://github.com/white211/SpringcloudConfig/info/refs?service=git-upload-pack
[cms] 13:59:17.961 [DiscoveryClient-InstanceInfoReplicator-0] WARN  org.springframework.cloud.config.server.environment.HttpClientConfigurableHttpConnectionFactory[98] - No custom http config found for URL: https://github.com/white211/SpringcloudConfig/info/refs?service=git-upload-pack
[cms] 13:59:54.138 [DiscoveryClient-InstanceInfoReplicator-0] WARN  org.springframework.cloud.config.server.environment.HttpClientConfigurableHttpConnectionFactory[98] - No custom http config found for URL: https://github.com/white211/SpringcloudConfig/info/refs?service=git-upload-pack
[cms] 14:00:29.940 [DiscoveryClient-InstanceInfoReplicator-0] WARN  org.springframework.cloud.config.server.environment.HttpClientConfigurableHttpConnectionFactory[98] - No custom http config found for URL: https://github.com/white211/SpringcloudConfig/info/refs?service=git-upload-pack
[cms] 14:01:03.257 [DiscoveryClient-InstanceInfoReplicator-0] WARN  org.springframework.cloud.config.server.environment.HttpClientConfigurableHttpConnectionFactory[98] - No custom http config found for URL: https://github.com/white211/SpringcloudConfig/info/refs?service=git-upload-pack
[cms] 14:01:38.450 [DiscoveryClient-InstanceInfoReplicator-0] WARN  org.springframework.cloud.config.server.environment.HttpClientConfigurableHttpConnectionFactory[98] - No custom http config found for URL: https://github.com/white211/SpringcloudConfig/info/refs?service=git-upload-pack
[cms] 14:02:11.822 [DiscoveryClient-InstanceInfoReplicator-0] WARN  org.springframework.cloud.config.server.environment.HttpClientConfigurableHttpConnectionFactory[98] - No custom http config found for URL: https://github.com/white211/SpringcloudConfig/info/refs?service=git-upload-pack
[cms] 14:02:46.154 [DiscoveryClient-InstanceInfoReplicator-0] WARN  org.springframework.cloud.config.server.environment.HttpClientConfigurableHttpConnectionFactory[98] - No custom http config found for URL: https://github.com/white211/SpringcloudConfig/info/refs?service=git-upload-pack
[cms] 14:03:19.620 [DiscoveryClient-InstanceInfoReplicator-0] WARN  org.springframework.cloud.config.server.environment.HttpClientConfigurableHttpConnectionFactory[98] - No custom http config found for URL: https://github.com/white211/SpringcloudConfig/info/refs?service=git-upload-pack
[cms] 14:03:55.749 [DiscoveryClient-InstanceInfoReplicator-0] WARN  org.springframework.cloud.config.server.environment.HttpClientConfigurableHttpConnectionFactory[98] - No custom http config found for URL: https://github.com/white211/SpringcloudConfig/info/refs?service=git-upload-pack
[cms] 14:04:30.123 [DiscoveryClient-InstanceInfoReplicator-0] WARN  org.springframework.cloud.config.server.environment.HttpClientConfigurableHttpConnectionFactory[98] - No custom http config found for URL: https://github.com/white211/SpringcloudConfig/info/refs?service=git-upload-pack
[cms] 14:05:03.620 [DiscoveryClient-InstanceInfoReplicator-0] WARN  org.springframework.cloud.config.server.environment.HttpClientConfigurableHttpConnectionFactory[98] - No custom http config found for URL: https://github.com/white211/SpringcloudConfig/info/refs?service=git-upload-pack
[cms] 14:05:37.690 [DiscoveryClient-InstanceInfoReplicator-0] WARN  org.springframework.cloud.config.server.environment.HttpClientConfigurableHttpConnectionFactory[98] - No custom http config found for URL: https://github.com/white211/SpringcloudConfig/info/refs?service=git-upload-pack
[cms] 14:06:12.107 [DiscoveryClient-InstanceInfoReplicator-0] WARN  org.springframework.cloud.config.server.environment.HttpClientConfigurableHttpConnectionFactory[98] - No custom http config found for URL: https://github.com/white211/SpringcloudConfig/info/refs?service=git-upload-pack
[cms] 14:06:48.496 [DiscoveryClient-InstanceInfoReplicator-0] WARN  org.springframework.cloud.config.server.environment.HttpClientConfigurableHttpConnectionFactory[98] - No custom http config found for URL: https://github.com/white211/SpringcloudConfig/info/refs?service=git-upload-pack
[cms] 14:07:22.161 [DiscoveryClient-InstanceInfoReplicator-0] WARN  org.springframework.cloud.config.server.environment.HttpClientConfigurableHttpConnectionFactory[98] - No custom http config found for URL: https://github.com/white211/SpringcloudConfig/info/refs?service=git-upload-pack
[cms] 14:07:59.556 [DiscoveryClient-InstanceInfoReplicator-0] WARN  org.springframework.cloud.config.server.environment.HttpClientConfigurableHttpConnectionFactory[98] - No custom http config found for URL: https://github.com/white211/SpringcloudConfig/info/refs?service=git-upload-pack
[cms] 14:08:35.264 [DiscoveryClient-InstanceInfoReplicator-0] WARN  org.springframework.cloud.config.server.environment.HttpClientConfigurableHttpConnectionFactory[98] - No custom http config found for URL: https://github.com/white211/SpringcloudConfig/info/refs?service=git-upload-pack
[cms] 14:09:09.082 [DiscoveryClient-InstanceInfoReplicator-0] WARN  org.springframework.cloud.config.server.environment.HttpClientConfigurableHttpConnectionFactory[98] - No custom http config found for URL: https://github.com/white211/SpringcloudConfig/info/refs?service=git-upload-pack
[cms] 14:09:43.194 [DiscoveryClient-InstanceInfoReplicator-0] WARN  org.springframework.cloud.config.server.environment.HttpClientConfigurableHttpConnectionFactory[98] - No custom http config found for URL: https://github.com/white211/SpringcloudConfig/info/refs?service=git-upload-pack
[cms] 14:10:18.408 [DiscoveryClient-InstanceInfoReplicator-0] WARN  org.springframework.cloud.config.server.environment.HttpClientConfigurableHttpConnectionFactory[98] - No custom http config found for URL: https://github.com/white211/SpringcloudConfig/info/refs?service=git-upload-pack
[cms] 14:10:39.731 [http-nio-8082-exec-9] WARN  org.springframework.cloud.config.server.environment.HttpClientConfigurableHttpConnectionFactory[98] - No custom http config found for URL: https://github.com/white211/SpringcloudConfig/info/refs?service=git-upload-pack
[cms] 14:10:56.741 [DiscoveryClient-InstanceInfoReplicator-0] WARN  org.springframework.cloud.config.server.environment.HttpClientConfigurableHttpConnectionFactory[98] - No custom http config found for URL: https://github.com/white211/SpringcloudConfig/info/refs?service=git-upload-pack
[cms] 14:11:34.628 [DiscoveryClient-InstanceInfoReplicator-0] WARN  org.springframework.cloud.config.server.environment.HttpClientConfigurableHttpConnectionFactory[98] - No custom http config found for URL: https://github.com/white211/SpringcloudConfig/info/refs?service=git-upload-pack
[cms] 14:12:12.852 [DiscoveryClient-InstanceInfoReplicator-0] WARN  org.springframework.cloud.config.server.environment.HttpClientConfigurableHttpConnectionFactory[98] - No custom http config found for URL: https://github.com/white211/SpringcloudConfig/info/refs?service=git-upload-pack
[cms] 14:12:46.744 [DiscoveryClient-InstanceInfoReplicator-0] WARN  org.springframework.cloud.config.server.environment.HttpClientConfigurableHttpConnectionFactory[98] - No custom http config found for URL: https://github.com/white211/SpringcloudConfig/info/refs?service=git-upload-pack
[cms] 14:13:21.182 [DiscoveryClient-InstanceInfoReplicator-0] WARN  org.springframework.cloud.config.server.environment.HttpClientConfigurableHttpConnectionFactory[98] - No custom http config found for URL: https://github.com/white211/SpringcloudConfig/info/refs?service=git-upload-pack
[cms] 14:13:59.559 [DiscoveryClient-InstanceInfoReplicator-0] WARN  org.springframework.cloud.config.server.environment.HttpClientConfigurableHttpConnectionFactory[98] - No custom http config found for URL: https://github.com/white211/SpringcloudConfig/info/refs?service=git-upload-pack
[cms] 14:14:33.736 [DiscoveryClient-InstanceInfoReplicator-0] WARN  org.springframework.cloud.config.server.environment.HttpClientConfigurableHttpConnectionFactory[98] - No custom http config found for URL: https://github.com/white211/SpringcloudConfig/info/refs?service=git-upload-pack
[cms] 14:15:12.296 [DiscoveryClient-InstanceInfoReplicator-0] WARN  org.springframework.cloud.config.server.environment.HttpClientConfigurableHttpConnectionFactory[98] - No custom http config found for URL: https://github.com/white211/SpringcloudConfig/info/refs?service=git-upload-pack
[cms] 14:15:46.336 [DiscoveryClient-InstanceInfoReplicator-0] WARN  org.springframework.cloud.config.server.environment.HttpClientConfigurableHttpConnectionFactory[98] - No custom http config found for URL: https://github.com/white211/SpringcloudConfig/info/refs?service=git-upload-pack
[cms] 14:16:22.101 [DiscoveryClient-InstanceInfoReplicator-0] WARN  org.springframework.cloud.config.server.environment.HttpClientConfigurableHttpConnectionFactory[98] - No custom http config found for URL: https://github.com/white211/SpringcloudConfig/info/refs?service=git-upload-pack
[cms] 14:16:58.691 [DiscoveryClient-InstanceInfoReplicator-0] WARN  org.springframework.cloud.config.server.environment.HttpClientConfigurableHttpConnectionFactory[98] - No custom http config found for URL: https://github.com/white211/SpringcloudConfig/info/refs?service=git-upload-pack
[cms] 14:17:36.092 [DiscoveryClient-InstanceInfoReplicator-0] WARN  org.springframework.cloud.config.server.environment.HttpClientConfigurableHttpConnectionFactory[98] - No custom http config found for URL: https://github.com/white211/SpringcloudConfig/info/refs?service=git-upload-pack
[cms] 14:18:11.103 [DiscoveryClient-InstanceInfoReplicator-0] WARN  org.springframework.cloud.config.server.environment.HttpClientConfigurableHttpConnectionFactory[98] - No custom http config found for URL: https://github.com/white211/SpringcloudConfig/info/refs?service=git-upload-pack
[cms] 14:18:44.919 [DiscoveryClient-InstanceInfoReplicator-0] WARN  org.springframework.cloud.config.server.environment.HttpClientConfigurableHttpConnectionFactory[98] - No custom http config found for URL: https://github.com/white211/SpringcloudConfig/info/refs?service=git-upload-pack
[cms] 14:19:21.118 [DiscoveryClient-InstanceInfoReplicator-0] WARN  org.springframework.cloud.config.server.environment.HttpClientConfigurableHttpConnectionFactory[98] - No custom http config found for URL: https://github.com/white211/SpringcloudConfig/info/refs?service=git-upload-pack
[cms] 14:20:02.950 [DiscoveryClient-InstanceInfoReplicator-0] WARN  org.springframework.cloud.config.server.environment.HttpClientConfigurableHttpConnectionFactory[98] - No custom http config found for URL: https://github.com/white211/SpringcloudConfig/info/refs?service=git-upload-pack
[cms] 14:20:46.204 [http-nio-8082-exec-8] WARN  org.springframework.cloud.config.server.environment.HttpClientConfigurableHttpConnectionFactory[98] - No custom http config found for URL: https://github.com/white211/SpringcloudConfig/info/refs?service=git-upload-pack
[cms] 14:20:52.652 [DiscoveryClient-InstanceInfoReplicator-0] WARN  org.springframework.cloud.config.server.environment.HttpClientConfigurableHttpConnectionFactory[98] - No custom http config found for URL: https://github.com/white211/SpringcloudConfig/info/refs?service=git-upload-pack
[cms] 14:21:30.667 [DiscoveryClient-InstanceInfoReplicator-0] WARN  org.springframework.cloud.config.server.environment.HttpClientConfigurableHttpConnectionFactory[98] - No custom http config found for URL: https://github.com/white211/SpringcloudConfig/info/refs?service=git-upload-pack
[cms] 14:22:05.455 [DiscoveryClient-InstanceInfoReplicator-0] WARN  org.springframework.cloud.config.server.environment.HttpClientConfigurableHttpConnectionFactory[98] - No custom http config found for URL: https://github.com/white211/SpringcloudConfig/info/refs?service=git-upload-pack
[cms] 14:22:38.905 [DiscoveryClient-InstanceInfoReplicator-0] WARN  org.springframework.cloud.config.server.environment.HttpClientConfigurableHttpConnectionFactory[98] - No custom http config found for URL: https://github.com/white211/SpringcloudConfig/info/refs?service=git-upload-pack
[cms] 14:23:12.595 [DiscoveryClient-InstanceInfoReplicator-0] WARN  org.springframework.cloud.config.server.environment.HttpClientConfigurableHttpConnectionFactory[98] - No custom http config found for URL: https://github.com/white211/SpringcloudConfig/info/refs?service=git-upload-pack
[cms] 14:23:48.606 [DiscoveryClient-InstanceInfoReplicator-0] WARN  org.springframework.cloud.config.server.environment.HttpClientConfigurableHttpConnectionFactory[98] - No custom http config found for URL: https://github.com/white211/SpringcloudConfig/info/refs?service=git-upload-pack
[cms] 14:24:22.882 [DiscoveryClient-InstanceInfoReplicator-0] WARN  org.springframework.cloud.config.server.environment.HttpClientConfigurableHttpConnectionFactory[98] - No custom http config found for URL: https://github.com/white211/SpringcloudConfig/info/refs?service=git-upload-pack
[cms] 14:24:56.694 [DiscoveryClient-InstanceInfoReplicator-0] WARN  org.springframework.cloud.config.server.environment.HttpClientConfigurableHttpConnectionFactory[98] - No custom http config found for URL: https://github.com/white211/SpringcloudConfig/info/refs?service=git-upload-pack
[cms] 14:25:30.529 [DiscoveryClient-InstanceInfoReplicator-0] WARN  org.springframework.cloud.config.server.environment.HttpClientConfigurableHttpConnectionFactory[98] - No custom http config found for URL: https://github.com/white211/SpringcloudConfig/info/refs?service=git-upload-pack
[cms] 14:26:09.876 [DiscoveryClient-InstanceInfoReplicator-0] WARN  org.springframework.cloud.config.server.environment.HttpClientConfigurableHttpConnectionFactory[98] - No custom http config found for URL: https://github.com/white211/SpringcloudConfig/info/refs?service=git-upload-pack
[cms] 14:26:43.431 [DiscoveryClient-InstanceInfoReplicator-0] WARN  org.springframework.cloud.config.server.environment.HttpClientConfigurableHttpConnectionFactory[98] - No custom http config found for URL: https://github.com/white211/SpringcloudConfig/info/refs?service=git-upload-pack
[cms] 14:27:17.897 [DiscoveryClient-InstanceInfoReplicator-0] WARN  org.springframework.cloud.config.server.environment.HttpClientConfigurableHttpConnectionFactory[98] - No custom http config found for URL: https://github.com/white211/SpringcloudConfig/info/refs?service=git-upload-pack
[cms] 14:27:54.482 [DiscoveryClient-InstanceInfoReplicator-0] WARN  org.springframework.cloud.config.server.environment.HttpClientConfigurableHttpConnectionFactory[98] - No custom http config found for URL: https://github.com/white211/SpringcloudConfig/info/refs?service=git-upload-pack
[cms] 14:28:21.065 [http-nio-8082-exec-6] WARN  org.springframework.cloud.config.server.environment.HttpClientConfigurableHttpConnectionFactory[98] - No custom http config found for URL: https://github.com/white211/SpringcloudConfig/info/refs?service=git-upload-pack
[cms] 14:28:31.925 [DiscoveryClient-InstanceInfoReplicator-0] WARN  org.springframework.cloud.config.server.environment.HttpClientConfigurableHttpConnectionFactory[98] - No custom http config found for URL: https://github.com/white211/SpringcloudConfig/info/refs?service=git-upload-pack
[cms] 14:29:12.184 [DiscoveryClient-InstanceInfoReplicator-0] WARN  org.springframework.cloud.config.server.environment.HttpClientConfigurableHttpConnectionFactory[98] - No custom http config found for URL: https://github.com/white211/SpringcloudConfig/info/refs?service=git-upload-pack
[cms] 14:29:46.283 [DiscoveryClient-InstanceInfoReplicator-0] WARN  org.springframework.cloud.config.server.environment.HttpClientConfigurableHttpConnectionFactory[98] - No custom http config found for URL: https://github.com/white211/SpringcloudConfig/info/refs?service=git-upload-pack
[cms] 14:30:23.301 [DiscoveryClient-InstanceInfoReplicator-0] WARN  org.springframework.cloud.config.server.environment.HttpClientConfigurableHttpConnectionFactory[98] - No custom http config found for URL: https://github.com/white211/SpringcloudConfig/info/refs?service=git-upload-pack
[cms] 14:31:01.774 [DiscoveryClient-InstanceInfoReplicator-0] WARN  org.springframework.cloud.config.server.environment.HttpClientConfigurableHttpConnectionFactory[98] - No custom http config found for URL: https://github.com/white211/SpringcloudConfig/info/refs?service=git-upload-pack
[cms] 14:31:04.356 [DiscoveryClient-InstanceInfoReplicator-0] WARN  org.springframework.cloud.config.server.environment.HttpClientConfigurableHttpConnectionFactory[98] - No custom http config found for URL: https://github.com/white211/SpringcloudConfig/git-upload-pack
[cms] 14:31:41.290 [DiscoveryClient-InstanceInfoReplicator-0] WARN  org.springframework.cloud.config.server.environment.HttpClientConfigurableHttpConnectionFactory[98] - No custom http config found for URL: https://github.com/white211/SpringcloudConfig/info/refs?service=git-upload-pack
[cms] 14:32:20.228 [DiscoveryClient-InstanceInfoReplicator-0] WARN  org.springframework.cloud.config.server.environment.HttpClientConfigurableHttpConnectionFactory[98] - No custom http config found for URL: https://github.com/white211/SpringcloudConfig/info/refs?service=git-upload-pack
[cms] 14:32:27.580 [http-nio-8082-exec-4] WARN  org.springframework.cloud.config.server.environment.HttpClientConfigurableHttpConnectionFactory[98] - No custom http config found for URL: https://github.com/white211/SpringcloudConfig/info/refs?service=git-upload-pack
[cms] 14:32:57.974 [DiscoveryClient-InstanceInfoReplicator-0] WARN  org.springframework.cloud.config.server.environment.HttpClientConfigurableHttpConnectionFactory[98] - No custom http config found for URL: https://github.com/white211/SpringcloudConfig/info/refs?service=git-upload-pack
[cms] 14:33:49.985 [DiscoveryClient-InstanceInfoReplicator-0] WARN  org.springframework.cloud.config.server.environment.HttpClientConfigurableHttpConnectionFactory[98] - No custom http config found for URL: https://github.com/white211/SpringcloudConfig/info/refs?service=git-upload-pack
[cms] 14:34:24.630 [DiscoveryClient-InstanceInfoReplicator-0] WARN  org.springframework.cloud.config.server.environment.HttpClientConfigurableHttpConnectionFactory[98] - No custom http config found for URL: https://github.com/white211/SpringcloudConfig/info/refs?service=git-upload-pack
[cms] 14:34:59.541 [DiscoveryClient-InstanceInfoReplicator-0] WARN  org.springframework.cloud.config.server.environment.HttpClientConfigurableHttpConnectionFactory[98] - No custom http config found for URL: https://github.com/white211/SpringcloudConfig/info/refs?service=git-upload-pack
[cms] 14:35:37.307 [DiscoveryClient-InstanceInfoReplicator-0] WARN  org.springframework.cloud.config.server.environment.HttpClientConfigurableHttpConnectionFactory[98] - No custom http config found for URL: https://github.com/white211/SpringcloudConfig/info/refs?service=git-upload-pack
[cms] 14:36:01.922 [Thread-6] WARN  org.springframework.cloud.config.server.environment.MultipleJGitEnvironmentRepository[115] - Failed to delete temporary directory on exit: java.nio.file.AccessDeniedException: C:\Users\white\AppData\Local\Temp\config-repo-7298163462385640903\.git\objects\pack\pack-ba678a8b6cad2eef7928555ad95ed554e0ac534f.idx
[cms] 14:36:02.037 [Thread-8] WARN  com.netflix.discovery.DiscoveryClient[1303] - Saw local status change event StatusChangeEvent [timestamp=1570689362037, current=DOWN, previous=UP]
[cms] 14:38:00.871 [main] WARN  org.springframework.boot.actuate.endpoint.EndpointId[135] - Endpoint ID 'service-registry' contains invalid characters, please migrate to a valid format.
[cms] 14:38:04.849 [main] WARN  com.netflix.config.sources.URLConfigurationSource[121] - No URLs will be polled as dynamic configuration sources.
[cms] 14:38:12.958 [main] WARN  com.netflix.config.sources.URLConfigurationSource[121] - No URLs will be polled as dynamic configuration sources.
[cms] 14:38:29.022 [main] WARN  com.netflix.discovery.InstanceInfoReplicator[110] - Ignoring onDemand update due to rate limiter
[cms] 14:38:31.226 [DiscoveryClient-InstanceInfoReplicator-0] WARN  org.springframework.cloud.config.server.environment.HttpClientConfigurableHttpConnectionFactory[98] - No custom http config found for URL: https://github.com/white211/SpringcloudConfig/info/refs?service=git-upload-pack
[cms] 14:38:35.349 [DiscoveryClient-InstanceInfoReplicator-0] WARN  org.springframework.cloud.config.server.environment.HttpClientConfigurableHttpConnectionFactory[98] - No custom http config found for URL: https://github.com/white211/SpringcloudConfig/git-upload-pack
[cms] 14:38:38.478 [DiscoveryClient-InstanceInfoReplicator-0] WARN  org.springframework.cloud.config.server.environment.HttpClientConfigurableHttpConnectionFactory[98] - No custom http config found for URL: https://github.com/white211/SpringcloudConfig/info/refs?service=git-upload-pack
[cms] 14:38:43.406 [DiscoveryClient-InstanceInfoReplicator-0] WARN  org.springframework.cloud.config.server.environment.HttpClientConfigurableHttpConnectionFactory[98] - No custom http config found for URL: https://github.com/white211/SpringcloudConfig/info/refs?service=git-upload-pack
[cms] 14:39:17.873 [DiscoveryClient-InstanceInfoReplicator-0] WARN  org.springframework.cloud.config.server.environment.HttpClientConfigurableHttpConnectionFactory[98] - No custom http config found for URL: https://github.com/white211/SpringcloudConfig/info/refs?service=git-upload-pack
[cms] 14:39:53.272 [DiscoveryClient-InstanceInfoReplicator-0] WARN  org.springframework.cloud.config.server.environment.HttpClientConfigurableHttpConnectionFactory[98] - No custom http config found for URL: https://github.com/white211/SpringcloudConfig/info/refs?service=git-upload-pack
[cms] 14:40:31.456 [DiscoveryClient-InstanceInfoReplicator-0] WARN  org.springframework.cloud.config.server.environment.HttpClientConfigurableHttpConnectionFactory[98] - No custom http config found for URL: https://github.com/white211/SpringcloudConfig/info/refs?service=git-upload-pack
[cms] 14:41:05.286 [DiscoveryClient-InstanceInfoReplicator-0] WARN  org.springframework.cloud.config.server.environment.HttpClientConfigurableHttpConnectionFactory[98] - No custom http config found for URL: https://github.com/white211/SpringcloudConfig/info/refs?service=git-upload-pack
[cms] 14:41:44.485 [DiscoveryClient-InstanceInfoReplicator-0] WARN  org.springframework.cloud.config.server.environment.HttpClientConfigurableHttpConnectionFactory[98] - No custom http config found for URL: https://github.com/white211/SpringcloudConfig/info/refs?service=git-upload-pack
[cms] 14:42:09.059 [http-nio-8082-exec-1] WARN  org.springframework.cloud.config.server.environment.HttpClientConfigurableHttpConnectionFactory[98] - No custom http config found for URL: https://github.com/white211/SpringcloudConfig/info/refs?service=git-upload-pack
[cms] 14:42:20.388 [DiscoveryClient-InstanceInfoReplicator-0] WARN  org.springframework.cloud.config.server.environment.HttpClientConfigurableHttpConnectionFactory[98] - No custom http config found for URL: https://github.com/white211/SpringcloudConfig/info/refs?service=git-upload-pack
[cms] 14:42:42.547 [Thread-8] WARN  com.netflix.discovery.DiscoveryClient[1303] - Saw local status change event StatusChangeEvent [timestamp=1570689762546, current=DOWN, previous=UP]
[cms] 14:42:42.614 [Thread-6] WARN  org.springframework.cloud.config.server.environment.MultipleJGitEnvironmentRepository[115] - Failed to delete temporary directory on exit: java.nio.file.AccessDeniedException: C:\Users\white\AppData\Local\Temp\config-repo-5629866975428163604\.git\objects\pack\pack-93ae1f0f279759909609e18f35f6c8701e3323e7.idx
