[cms] 18:15:51.507 [main] WARN  org.springframework.boot.actuate.endpoint.EndpointId[135] - Endpoint ID 'service-registry' contains invalid characters, please migrate to a valid format.
[cms] 18:16:03.026 [main] WARN  com.netflix.config.sources.URLConfigurationSource[121] - No URLs will be polled as dynamic configuration sources.
[cms] 18:16:19.713 [main] WARN  com.netflix.config.sources.URLConfigurationSource[121] - No URLs will be polled as dynamic configuration sources.
[cms] 18:16:36.361 [main] WARN  com.netflix.discovery.InstanceInfoReplicator[110] - Ignoring onDemand update due to rate limiter
[cms] 18:16:43.195 [DiscoveryClient-InstanceInfoReplicator-0] WARN  org.springframework.cloud.config.server.environment.HttpClientConfigurableHttpConnectionFactory[98] - No custom http config found for URL: https://github.com/white211/SpringcloudConfig/info/refs?service=git-upload-pack
[cms] 18:16:46.191 [DiscoveryClient-InstanceInfoReplicator-0] WARN  org.springframework.cloud.config.server.environment.HttpClientConfigurableHttpConnectionFactory[98] - No custom http config found for URL: https://github.com/white211/SpringcloudConfig/git-upload-pack
[cms] 18:16:50.367 [DiscoveryClient-InstanceInfoReplicator-0] WARN  org.springframework.cloud.config.server.environment.HttpClientConfigurableHttpConnectionFactory[98] - No custom http config found for URL: https://github.com/white211/SpringcloudConfig/info/refs?service=git-upload-pack
[cms] 18:16:54.238 [DiscoveryClient-InstanceInfoReplicator-0] WARN  org.springframework.cloud.config.server.environment.HttpClientConfigurableHttpConnectionFactory[98] - No custom http config found for URL: https://github.com/white211/SpringcloudConfig/info/refs?service=git-upload-pack
[cms] 18:17:27.826 [DiscoveryClient-InstanceInfoReplicator-0] WARN  org.springframework.cloud.config.server.environment.HttpClientConfigurableHttpConnectionFactory[98] - No custom http config found for URL: https://github.com/white211/SpringcloudConfig/info/refs?service=git-upload-pack
[cms] 18:18:00.262 [DiscoveryClient-InstanceInfoReplicator-0] WARN  org.springframework.cloud.config.server.environment.HttpClientConfigurableHttpConnectionFactory[98] - No custom http config found for URL: https://github.com/white211/SpringcloudConfig/info/refs?service=git-upload-pack
[cms] 18:18:35.925 [DiscoveryClient-InstanceInfoReplicator-0] WARN  org.springframework.cloud.config.server.environment.HttpClientConfigurableHttpConnectionFactory[98] - No custom http config found for URL: https://github.com/white211/SpringcloudConfig/info/refs?service=git-upload-pack
[cms] 18:18:46.593 [http-nio-8082-exec-10] WARN  org.springframework.cloud.config.server.environment.HttpClientConfigurableHttpConnectionFactory[98] - No custom http config found for URL: https://github.com/white211/SpringcloudConfig/info/refs?service=git-upload-pack
[cms] 18:19:09.260 [DiscoveryClient-InstanceInfoReplicator-0] WARN  org.springframework.cloud.config.server.environment.HttpClientConfigurableHttpConnectionFactory[98] - No custom http config found for URL: https://github.com/white211/SpringcloudConfig/info/refs?service=git-upload-pack
[cms] 18:19:42.227 [DiscoveryClient-InstanceInfoReplicator-0] WARN  org.springframework.cloud.config.server.environment.HttpClientConfigurableHttpConnectionFactory[98] - No custom http config found for URL: https://github.com/white211/SpringcloudConfig/info/refs?service=git-upload-pack
[cms] 18:20:14.565 [DiscoveryClient-InstanceInfoReplicator-0] WARN  org.springframework.cloud.config.server.environment.HttpClientConfigurableHttpConnectionFactory[98] - No custom http config found for URL: https://github.com/white211/SpringcloudConfig/info/refs?service=git-upload-pack
[cms] 18:20:47.095 [DiscoveryClient-InstanceInfoReplicator-0] WARN  org.springframework.cloud.config.server.environment.HttpClientConfigurableHttpConnectionFactory[98] - No custom http config found for URL: https://github.com/white211/SpringcloudConfig/info/refs?service=git-upload-pack
[cms] 18:21:19.641 [DiscoveryClient-InstanceInfoReplicator-0] WARN  org.springframework.cloud.config.server.environment.HttpClientConfigurableHttpConnectionFactory[98] - No custom http config found for URL: https://github.com/white211/SpringcloudConfig/info/refs?service=git-upload-pack
[cms] 18:21:52.265 [DiscoveryClient-InstanceInfoReplicator-0] WARN  org.springframework.cloud.config.server.environment.HttpClientConfigurableHttpConnectionFactory[98] - No custom http config found for URL: https://github.com/white211/SpringcloudConfig/info/refs?service=git-upload-pack
[cms] 18:22:24.901 [DiscoveryClient-InstanceInfoReplicator-0] WARN  org.springframework.cloud.config.server.environment.HttpClientConfigurableHttpConnectionFactory[98] - No custom http config found for URL: https://github.com/white211/SpringcloudConfig/info/refs?service=git-upload-pack
[cms] 18:22:57.504 [DiscoveryClient-InstanceInfoReplicator-0] WARN  org.springframework.cloud.config.server.environment.HttpClientConfigurableHttpConnectionFactory[98] - No custom http config found for URL: https://github.com/white211/SpringcloudConfig/info/refs?service=git-upload-pack
[cms] 18:23:29.973 [DiscoveryClient-InstanceInfoReplicator-0] WARN  org.springframework.cloud.config.server.environment.HttpClientConfigurableHttpConnectionFactory[98] - No custom http config found for URL: https://github.com/white211/SpringcloudConfig/info/refs?service=git-upload-pack
[cms] 18:24:02.375 [DiscoveryClient-InstanceInfoReplicator-0] WARN  org.springframework.cloud.config.server.environment.HttpClientConfigurableHttpConnectionFactory[98] - No custom http config found for URL: https://github.com/white211/SpringcloudConfig/info/refs?service=git-upload-pack
[cms] 18:24:34.881 [DiscoveryClient-InstanceInfoReplicator-0] WARN  org.springframework.cloud.config.server.environment.HttpClientConfigurableHttpConnectionFactory[98] - No custom http config found for URL: https://github.com/white211/SpringcloudConfig/info/refs?service=git-upload-pack
[cms] 18:25:07.547 [DiscoveryClient-InstanceInfoReplicator-0] WARN  org.springframework.cloud.config.server.environment.HttpClientConfigurableHttpConnectionFactory[98] - No custom http config found for URL: https://github.com/white211/SpringcloudConfig/info/refs?service=git-upload-pack
[cms] 18:25:40.103 [DiscoveryClient-InstanceInfoReplicator-0] WARN  org.springframework.cloud.config.server.environment.HttpClientConfigurableHttpConnectionFactory[98] - No custom http config found for URL: https://github.com/white211/SpringcloudConfig/info/refs?service=git-upload-pack
[cms] 18:26:12.696 [DiscoveryClient-InstanceInfoReplicator-0] WARN  org.springframework.cloud.config.server.environment.HttpClientConfigurableHttpConnectionFactory[98] - No custom http config found for URL: https://github.com/white211/SpringcloudConfig/info/refs?service=git-upload-pack
[cms] 18:26:45.122 [DiscoveryClient-InstanceInfoReplicator-0] WARN  org.springframework.cloud.config.server.environment.HttpClientConfigurableHttpConnectionFactory[98] - No custom http config found for URL: https://github.com/white211/SpringcloudConfig/info/refs?service=git-upload-pack
[cms] 18:27:23.570 [DiscoveryClient-InstanceInfoReplicator-0] WARN  org.springframework.cloud.config.server.environment.HttpClientConfigurableHttpConnectionFactory[98] - No custom http config found for URL: https://github.com/white211/SpringcloudConfig/info/refs?service=git-upload-pack
[cms] 18:27:34.477 [http-nio-8082-exec-9] WARN  org.springframework.cloud.config.server.environment.HttpClientConfigurableHttpConnectionFactory[98] - No custom http config found for URL: https://github.com/white211/SpringcloudConfig/info/refs?service=git-upload-pack
[cms] 18:27:57.776 [DiscoveryClient-InstanceInfoReplicator-0] WARN  org.springframework.cloud.config.server.environment.HttpClientConfigurableHttpConnectionFactory[98] - No custom http config found for URL: https://github.com/white211/SpringcloudConfig/info/refs?service=git-upload-pack
[cms] 18:28:30.816 [DiscoveryClient-InstanceInfoReplicator-0] WARN  org.springframework.cloud.config.server.environment.HttpClientConfigurableHttpConnectionFactory[98] - No custom http config found for URL: https://github.com/white211/SpringcloudConfig/info/refs?service=git-upload-pack
[cms] 18:29:04.578 [DiscoveryClient-InstanceInfoReplicator-0] WARN  org.springframework.cloud.config.server.environment.HttpClientConfigurableHttpConnectionFactory[98] - No custom http config found for URL: https://github.com/white211/SpringcloudConfig/info/refs?service=git-upload-pack
[cms] 18:29:37.236 [DiscoveryClient-InstanceInfoReplicator-0] WARN  org.springframework.cloud.config.server.environment.HttpClientConfigurableHttpConnectionFactory[98] - No custom http config found for URL: https://github.com/white211/SpringcloudConfig/info/refs?service=git-upload-pack
[cms] 18:30:12.752 [DiscoveryClient-InstanceInfoReplicator-0] WARN  org.springframework.cloud.config.server.environment.HttpClientConfigurableHttpConnectionFactory[98] - No custom http config found for URL: https://github.com/white211/SpringcloudConfig/info/refs?service=git-upload-pack
[cms] 18:30:46.315 [DiscoveryClient-InstanceInfoReplicator-0] WARN  org.springframework.cloud.config.server.environment.HttpClientConfigurableHttpConnectionFactory[98] - No custom http config found for URL: https://github.com/white211/SpringcloudConfig/info/refs?service=git-upload-pack
[cms] 18:31:19.229 [DiscoveryClient-InstanceInfoReplicator-0] WARN  org.springframework.cloud.config.server.environment.HttpClientConfigurableHttpConnectionFactory[98] - No custom http config found for URL: https://github.com/white211/SpringcloudConfig/info/refs?service=git-upload-pack
[cms] 18:31:58.256 [http-nio-8082-exec-7] WARN  org.springframework.cloud.config.server.environment.HttpClientConfigurableHttpConnectionFactory[98] - No custom http config found for URL: https://github.com/white211/SpringcloudConfig/info/refs?service=git-upload-pack
[cms] 18:32:03.459 [DiscoveryClient-InstanceInfoReplicator-0] WARN  org.springframework.cloud.config.server.environment.HttpClientConfigurableHttpConnectionFactory[98] - No custom http config found for URL: https://github.com/white211/SpringcloudConfig/info/refs?service=git-upload-pack
[cms] 18:32:36.833 [DiscoveryClient-InstanceInfoReplicator-0] WARN  org.springframework.cloud.config.server.environment.HttpClientConfigurableHttpConnectionFactory[98] - No custom http config found for URL: https://github.com/white211/SpringcloudConfig/info/refs?service=git-upload-pack
[cms] 18:33:09.193 [DiscoveryClient-InstanceInfoReplicator-0] WARN  org.springframework.cloud.config.server.environment.HttpClientConfigurableHttpConnectionFactory[98] - No custom http config found for URL: https://github.com/white211/SpringcloudConfig/info/refs?service=git-upload-pack
[cms] 18:33:51.912 [DiscoveryClient-InstanceInfoReplicator-0] WARN  org.springframework.cloud.config.server.environment.HttpClientConfigurableHttpConnectionFactory[98] - No custom http config found for URL: https://github.com/white211/SpringcloudConfig/info/refs?service=git-upload-pack
[cms] 18:34:24.540 [DiscoveryClient-InstanceInfoReplicator-0] WARN  org.springframework.cloud.config.server.environment.HttpClientConfigurableHttpConnectionFactory[98] - No custom http config found for URL: https://github.com/white211/SpringcloudConfig/info/refs?service=git-upload-pack
[cms] 18:34:57.141 [DiscoveryClient-InstanceInfoReplicator-0] WARN  org.springframework.cloud.config.server.environment.HttpClientConfigurableHttpConnectionFactory[98] - No custom http config found for URL: https://github.com/white211/SpringcloudConfig/info/refs?service=git-upload-pack
[cms] 18:35:30.151 [DiscoveryClient-InstanceInfoReplicator-0] WARN  org.springframework.cloud.config.server.environment.HttpClientConfigurableHttpConnectionFactory[98] - No custom http config found for URL: https://github.com/white211/SpringcloudConfig/info/refs?service=git-upload-pack
[cms] 18:36:02.652 [DiscoveryClient-InstanceInfoReplicator-0] WARN  org.springframework.cloud.config.server.environment.HttpClientConfigurableHttpConnectionFactory[98] - No custom http config found for URL: https://github.com/white211/SpringcloudConfig/info/refs?service=git-upload-pack
[cms] 18:36:35.182 [DiscoveryClient-InstanceInfoReplicator-0] WARN  org.springframework.cloud.config.server.environment.HttpClientConfigurableHttpConnectionFactory[98] - No custom http config found for URL: https://github.com/white211/SpringcloudConfig/info/refs?service=git-upload-pack
[cms] 18:37:09.277 [DiscoveryClient-InstanceInfoReplicator-0] WARN  org.springframework.cloud.config.server.environment.HttpClientConfigurableHttpConnectionFactory[98] - No custom http config found for URL: https://github.com/white211/SpringcloudConfig/info/refs?service=git-upload-pack
[cms] 18:37:41.596 [DiscoveryClient-InstanceInfoReplicator-0] WARN  org.springframework.cloud.config.server.environment.HttpClientConfigurableHttpConnectionFactory[98] - No custom http config found for URL: https://github.com/white211/SpringcloudConfig/info/refs?service=git-upload-pack
[cms] 18:38:14.166 [DiscoveryClient-InstanceInfoReplicator-0] WARN  org.springframework.cloud.config.server.environment.HttpClientConfigurableHttpConnectionFactory[98] - No custom http config found for URL: https://github.com/white211/SpringcloudConfig/info/refs?service=git-upload-pack
[cms] 18:38:46.612 [DiscoveryClient-InstanceInfoReplicator-0] WARN  org.springframework.cloud.config.server.environment.HttpClientConfigurableHttpConnectionFactory[98] - No custom http config found for URL: https://github.com/white211/SpringcloudConfig/info/refs?service=git-upload-pack
[cms] 18:39:19.123 [DiscoveryClient-InstanceInfoReplicator-0] WARN  org.springframework.cloud.config.server.environment.HttpClientConfigurableHttpConnectionFactory[98] - No custom http config found for URL: https://github.com/white211/SpringcloudConfig/info/refs?service=git-upload-pack
[cms] 18:39:51.480 [DiscoveryClient-InstanceInfoReplicator-0] WARN  org.springframework.cloud.config.server.environment.HttpClientConfigurableHttpConnectionFactory[98] - No custom http config found for URL: https://github.com/white211/SpringcloudConfig/info/refs?service=git-upload-pack
[cms] 18:40:23.787 [DiscoveryClient-InstanceInfoReplicator-0] WARN  org.springframework.cloud.config.server.environment.HttpClientConfigurableHttpConnectionFactory[98] - No custom http config found for URL: https://github.com/white211/SpringcloudConfig/info/refs?service=git-upload-pack
[cms] 18:40:56.152 [DiscoveryClient-InstanceInfoReplicator-0] WARN  org.springframework.cloud.config.server.environment.HttpClientConfigurableHttpConnectionFactory[98] - No custom http config found for URL: https://github.com/white211/SpringcloudConfig/info/refs?service=git-upload-pack
[cms] 18:41:28.663 [DiscoveryClient-InstanceInfoReplicator-0] WARN  org.springframework.cloud.config.server.environment.HttpClientConfigurableHttpConnectionFactory[98] - No custom http config found for URL: https://github.com/white211/SpringcloudConfig/info/refs?service=git-upload-pack
[cms] 18:42:01.040 [DiscoveryClient-InstanceInfoReplicator-0] WARN  org.springframework.cloud.config.server.environment.HttpClientConfigurableHttpConnectionFactory[98] - No custom http config found for URL: https://github.com/white211/SpringcloudConfig/info/refs?service=git-upload-pack
[cms] 18:42:33.368 [DiscoveryClient-InstanceInfoReplicator-0] WARN  org.springframework.cloud.config.server.environment.HttpClientConfigurableHttpConnectionFactory[98] - No custom http config found for URL: https://github.com/white211/SpringcloudConfig/info/refs?service=git-upload-pack
[cms] 18:43:05.726 [DiscoveryClient-InstanceInfoReplicator-0] WARN  org.springframework.cloud.config.server.environment.HttpClientConfigurableHttpConnectionFactory[98] - No custom http config found for URL: https://github.com/white211/SpringcloudConfig/info/refs?service=git-upload-pack
[cms] 18:43:38.169 [DiscoveryClient-InstanceInfoReplicator-0] WARN  org.springframework.cloud.config.server.environment.HttpClientConfigurableHttpConnectionFactory[98] - No custom http config found for URL: https://github.com/white211/SpringcloudConfig/info/refs?service=git-upload-pack
[cms] 18:44:10.598 [DiscoveryClient-InstanceInfoReplicator-0] WARN  org.springframework.cloud.config.server.environment.HttpClientConfigurableHttpConnectionFactory[98] - No custom http config found for URL: https://github.com/white211/SpringcloudConfig/info/refs?service=git-upload-pack
[cms] 18:44:43.094 [DiscoveryClient-InstanceInfoReplicator-0] WARN  org.springframework.cloud.config.server.environment.HttpClientConfigurableHttpConnectionFactory[98] - No custom http config found for URL: https://github.com/white211/SpringcloudConfig/info/refs?service=git-upload-pack
[cms] 18:45:15.489 [DiscoveryClient-InstanceInfoReplicator-0] WARN  org.springframework.cloud.config.server.environment.HttpClientConfigurableHttpConnectionFactory[98] - No custom http config found for URL: https://github.com/white211/SpringcloudConfig/info/refs?service=git-upload-pack
[cms] 18:45:47.910 [DiscoveryClient-InstanceInfoReplicator-0] WARN  org.springframework.cloud.config.server.environment.HttpClientConfigurableHttpConnectionFactory[98] - No custom http config found for URL: https://github.com/white211/SpringcloudConfig/info/refs?service=git-upload-pack
[cms] 18:46:20.235 [DiscoveryClient-InstanceInfoReplicator-0] WARN  org.springframework.cloud.config.server.environment.HttpClientConfigurableHttpConnectionFactory[98] - No custom http config found for URL: https://github.com/white211/SpringcloudConfig/info/refs?service=git-upload-pack
[cms] 18:46:52.664 [DiscoveryClient-InstanceInfoReplicator-0] WARN  org.springframework.cloud.config.server.environment.HttpClientConfigurableHttpConnectionFactory[98] - No custom http config found for URL: https://github.com/white211/SpringcloudConfig/info/refs?service=git-upload-pack
[cms] 18:47:25.030 [DiscoveryClient-InstanceInfoReplicator-0] WARN  org.springframework.cloud.config.server.environment.HttpClientConfigurableHttpConnectionFactory[98] - No custom http config found for URL: https://github.com/white211/SpringcloudConfig/info/refs?service=git-upload-pack
[cms] 18:47:57.450 [DiscoveryClient-InstanceInfoReplicator-0] WARN  org.springframework.cloud.config.server.environment.HttpClientConfigurableHttpConnectionFactory[98] - No custom http config found for URL: https://github.com/white211/SpringcloudConfig/info/refs?service=git-upload-pack
[cms] 18:48:29.833 [DiscoveryClient-InstanceInfoReplicator-0] WARN  org.springframework.cloud.config.server.environment.HttpClientConfigurableHttpConnectionFactory[98] - No custom http config found for URL: https://github.com/white211/SpringcloudConfig/info/refs?service=git-upload-pack
[cms] 18:49:02.306 [DiscoveryClient-InstanceInfoReplicator-0] WARN  org.springframework.cloud.config.server.environment.HttpClientConfigurableHttpConnectionFactory[98] - No custom http config found for URL: https://github.com/white211/SpringcloudConfig/info/refs?service=git-upload-pack
[cms] 18:49:34.745 [DiscoveryClient-InstanceInfoReplicator-0] WARN  org.springframework.cloud.config.server.environment.HttpClientConfigurableHttpConnectionFactory[98] - No custom http config found for URL: https://github.com/white211/SpringcloudConfig/info/refs?service=git-upload-pack
[cms] 18:50:07.127 [DiscoveryClient-InstanceInfoReplicator-0] WARN  org.springframework.cloud.config.server.environment.HttpClientConfigurableHttpConnectionFactory[98] - No custom http config found for URL: https://github.com/white211/SpringcloudConfig/info/refs?service=git-upload-pack
[cms] 18:50:39.531 [DiscoveryClient-InstanceInfoReplicator-0] WARN  org.springframework.cloud.config.server.environment.HttpClientConfigurableHttpConnectionFactory[98] - No custom http config found for URL: https://github.com/white211/SpringcloudConfig/info/refs?service=git-upload-pack
[cms] 18:51:11.910 [DiscoveryClient-InstanceInfoReplicator-0] WARN  org.springframework.cloud.config.server.environment.HttpClientConfigurableHttpConnectionFactory[98] - No custom http config found for URL: https://github.com/white211/SpringcloudConfig/info/refs?service=git-upload-pack
[cms] 18:51:44.290 [DiscoveryClient-InstanceInfoReplicator-0] WARN  org.springframework.cloud.config.server.environment.HttpClientConfigurableHttpConnectionFactory[98] - No custom http config found for URL: https://github.com/white211/SpringcloudConfig/info/refs?service=git-upload-pack
[cms] 18:52:16.703 [DiscoveryClient-InstanceInfoReplicator-0] WARN  org.springframework.cloud.config.server.environment.HttpClientConfigurableHttpConnectionFactory[98] - No custom http config found for URL: https://github.com/white211/SpringcloudConfig/info/refs?service=git-upload-pack
[cms] 18:52:49.037 [DiscoveryClient-InstanceInfoReplicator-0] WARN  org.springframework.cloud.config.server.environment.HttpClientConfigurableHttpConnectionFactory[98] - No custom http config found for URL: https://github.com/white211/SpringcloudConfig/info/refs?service=git-upload-pack
[cms] 18:53:21.370 [DiscoveryClient-InstanceInfoReplicator-0] WARN  org.springframework.cloud.config.server.environment.HttpClientConfigurableHttpConnectionFactory[98] - No custom http config found for URL: https://github.com/white211/SpringcloudConfig/info/refs?service=git-upload-pack
[cms] 18:53:53.731 [DiscoveryClient-InstanceInfoReplicator-0] WARN  org.springframework.cloud.config.server.environment.HttpClientConfigurableHttpConnectionFactory[98] - No custom http config found for URL: https://github.com/white211/SpringcloudConfig/info/refs?service=git-upload-pack
[cms] 18:54:26.078 [DiscoveryClient-InstanceInfoReplicator-0] WARN  org.springframework.cloud.config.server.environment.HttpClientConfigurableHttpConnectionFactory[98] - No custom http config found for URL: https://github.com/white211/SpringcloudConfig/info/refs?service=git-upload-pack
[cms] 18:54:58.392 [DiscoveryClient-InstanceInfoReplicator-0] WARN  org.springframework.cloud.config.server.environment.HttpClientConfigurableHttpConnectionFactory[98] - No custom http config found for URL: https://github.com/white211/SpringcloudConfig/info/refs?service=git-upload-pack
[cms] 18:55:30.826 [DiscoveryClient-InstanceInfoReplicator-0] WARN  org.springframework.cloud.config.server.environment.HttpClientConfigurableHttpConnectionFactory[98] - No custom http config found for URL: https://github.com/white211/SpringcloudConfig/info/refs?service=git-upload-pack
[cms] 18:56:03.210 [DiscoveryClient-InstanceInfoReplicator-0] WARN  org.springframework.cloud.config.server.environment.HttpClientConfigurableHttpConnectionFactory[98] - No custom http config found for URL: https://github.com/white211/SpringcloudConfig/info/refs?service=git-upload-pack
[cms] 18:56:35.538 [DiscoveryClient-InstanceInfoReplicator-0] WARN  org.springframework.cloud.config.server.environment.HttpClientConfigurableHttpConnectionFactory[98] - No custom http config found for URL: https://github.com/white211/SpringcloudConfig/info/refs?service=git-upload-pack
[cms] 18:57:07.845 [DiscoveryClient-InstanceInfoReplicator-0] WARN  org.springframework.cloud.config.server.environment.HttpClientConfigurableHttpConnectionFactory[98] - No custom http config found for URL: https://github.com/white211/SpringcloudConfig/info/refs?service=git-upload-pack
[cms] 18:57:40.144 [DiscoveryClient-InstanceInfoReplicator-0] WARN  org.springframework.cloud.config.server.environment.HttpClientConfigurableHttpConnectionFactory[98] - No custom http config found for URL: https://github.com/white211/SpringcloudConfig/info/refs?service=git-upload-pack
[cms] 18:58:12.463 [DiscoveryClient-InstanceInfoReplicator-0] WARN  org.springframework.cloud.config.server.environment.HttpClientConfigurableHttpConnectionFactory[98] - No custom http config found for URL: https://github.com/white211/SpringcloudConfig/info/refs?service=git-upload-pack
[cms] 18:58:45.500 [DiscoveryClient-InstanceInfoReplicator-0] WARN  org.springframework.cloud.config.server.environment.HttpClientConfigurableHttpConnectionFactory[98] - No custom http config found for URL: https://github.com/white211/SpringcloudConfig/info/refs?service=git-upload-pack
[cms] 18:59:18.088 [DiscoveryClient-InstanceInfoReplicator-0] WARN  org.springframework.cloud.config.server.environment.HttpClientConfigurableHttpConnectionFactory[98] - No custom http config found for URL: https://github.com/white211/SpringcloudConfig/info/refs?service=git-upload-pack
[cms] 18:59:50.411 [DiscoveryClient-InstanceInfoReplicator-0] WARN  org.springframework.cloud.config.server.environment.HttpClientConfigurableHttpConnectionFactory[98] - No custom http config found for URL: https://github.com/white211/SpringcloudConfig/info/refs?service=git-upload-pack
[cms] 19:00:22.788 [DiscoveryClient-InstanceInfoReplicator-0] WARN  org.springframework.cloud.config.server.environment.HttpClientConfigurableHttpConnectionFactory[98] - No custom http config found for URL: https://github.com/white211/SpringcloudConfig/info/refs?service=git-upload-pack
[cms] 19:00:47.371 [Thread-8] WARN  com.netflix.discovery.DiscoveryClient[1303] - Saw local status change event StatusChangeEvent [timestamp=1568026847371, current=DOWN, previous=UP]
[cms] 19:00:47.387 [Thread-6] WARN  org.springframework.cloud.config.server.environment.MultipleJGitEnvironmentRepository[115] - Failed to delete temporary directory on exit: java.nio.file.AccessDeniedException: C:\Users\white\AppData\Local\Temp\config-repo-8964206867896065577\.git\objects\pack\pack-098adbf9868ac07fafc30f402e2999ace4dc4693.idx
[cms] 19:00:51.609 [Thread-8] WARN  com.netflix.discovery.shared.transport.decorator.RetryableEurekaHttpClient[130] - Request execution failed with message: java.net.ConnectException: Connection refused: connect
[cms] 19:00:52.636 [Thread-8] WARN  com.netflix.discovery.shared.transport.decorator.RetryableEurekaHttpClient[130] - Request execution failed with message: java.net.ConnectException: Connection refused: connect
