[cms] 00:10:58.530 [simpleMessageListenerContainer_one-1] ERROR org.springframework.amqp.rabbit.listener.SimpleMessageListenerContainer[1069] - Consumer received fatal exception during processing
org.springframework.amqp.rabbit.listener.exception.FatalListenerExecutionException: No message listener specified - see property 'messageListener'
	at org.springframework.amqp.rabbit.listener.AbstractMessageListenerContainer.actualInvokeListener(AbstractMessageListenerContainer.java:1503)
	at org.springframework.amqp.rabbit.listener.AbstractMessageListenerContainer.invokeListener(AbstractMessageListenerContainer.java:1466)
	at org.springframework.amqp.rabbit.listener.AbstractMessageListenerContainer.doExecuteListener(AbstractMessageListenerContainer.java:1461)
	at org.springframework.amqp.rabbit.listener.AbstractMessageListenerContainer.executeListener(AbstractMessageListenerContainer.java:1410)
	at org.springframework.amqp.rabbit.listener.SimpleMessageListenerContainer.doReceiveAndExecute(SimpleMessageListenerContainer.java:870)
	at org.springframework.amqp.rabbit.listener.SimpleMessageListenerContainer.receiveAndExecute(SimpleMessageListenerContainer.java:854)
	at org.springframework.amqp.rabbit.listener.SimpleMessageListenerContainer.access$1600(SimpleMessageListenerContainer.java:78)
	at org.springframework.amqp.rabbit.listener.SimpleMessageListenerContainer$AsyncMessageProcessingConsumer.mainLoop(SimpleMessageListenerContainer.java:1137)
	at org.springframework.amqp.rabbit.listener.SimpleMessageListenerContainer$AsyncMessageProcessingConsumer.run(SimpleMessageListenerContainer.java:1043)
	at java.lang.Thread.run(Thread.java:748)
[cms] 00:10:58.595 [simpleMessageListenerContainer_one-1] ERROR org.springframework.amqp.rabbit.listener.SimpleMessageListenerContainer[1256] - Stopping container from aborted consumer
[cms] 22:00:05.436 [simpleMessageListenerContainer_one-1] ERROR org.springframework.amqp.rabbit.listener.SimpleMessageListenerContainer[1069] - Consumer received fatal exception during processing
org.springframework.amqp.rabbit.listener.exception.FatalListenerExecutionException: No message listener specified - see property 'messageListener'
	at org.springframework.amqp.rabbit.listener.AbstractMessageListenerContainer.actualInvokeListener(AbstractMessageListenerContainer.java:1503)
	at org.springframework.amqp.rabbit.listener.AbstractMessageListenerContainer.invokeListener(AbstractMessageListenerContainer.java:1466)
	at org.springframework.amqp.rabbit.listener.AbstractMessageListenerContainer.doExecuteListener(AbstractMessageListenerContainer.java:1461)
	at org.springframework.amqp.rabbit.listener.AbstractMessageListenerContainer.executeListener(AbstractMessageListenerContainer.java:1410)
	at org.springframework.amqp.rabbit.listener.SimpleMessageListenerContainer.doReceiveAndExecute(SimpleMessageListenerContainer.java:870)
	at org.springframework.amqp.rabbit.listener.SimpleMessageListenerContainer.receiveAndExecute(SimpleMessageListenerContainer.java:854)
	at org.springframework.amqp.rabbit.listener.SimpleMessageListenerContainer.access$1600(SimpleMessageListenerContainer.java:78)
	at org.springframework.amqp.rabbit.listener.SimpleMessageListenerContainer$AsyncMessageProcessingConsumer.mainLoop(SimpleMessageListenerContainer.java:1137)
	at org.springframework.amqp.rabbit.listener.SimpleMessageListenerContainer$AsyncMessageProcessingConsumer.run(SimpleMessageListenerContainer.java:1043)
	at java.lang.Thread.run(Thread.java:748)
[cms] 22:00:05.484 [simpleMessageListenerContainer_one-1] ERROR org.springframework.amqp.rabbit.listener.SimpleMessageListenerContainer[1256] - Stopping container from aborted consumer
