[cms] 18:21:51.170 [main] INFO  org.springframework.context.support.PostProcessorRegistrationDelegate$BeanPostProcessorChecker[330] - Bean 'org.springframework.cloud.autoconfigure.ConfigurationPropertiesRebinderAutoConfiguration' of type [org.springframework.cloud.autoconfigure.ConfigurationPropertiesRebinderAutoConfiguration$$EnhancerBySpringCGLIB$$d8e3959d] is not eligible for getting processed by all BeanPostProcessors (for example: not eligible for auto-proxying)
[cms] 18:21:52.847 [main] INFO  org.springframework.cloud.netflix.eureka.InstanceInfoFactory[71] - Setting initial instance status as: STARTING
[cms] 18:21:53.053 [main] INFO  com.netflix.discovery.DiscoveryClient[349] - Initializing Eureka in region us-east-1
[cms] 18:21:54.727 [main] INFO  com.netflix.discovery.provider.DiscoveryJerseyProvider[70] - Using JSON encoding codec LegacyJacksonJson
[cms] 18:21:54.730 [main] INFO  com.netflix.discovery.provider.DiscoveryJerseyProvider[71] - Using JSON decoding codec LegacyJacksonJson
[cms] 18:21:55.052 [main] INFO  com.netflix.discovery.provider.DiscoveryJerseyProvider[80] - Using XML encoding codec XStreamXml
[cms] 18:21:55.055 [main] INFO  com.netflix.discovery.provider.DiscoveryJerseyProvider[81] - Using XML decoding codec XStreamXml
[cms] 18:21:55.855 [main] INFO  com.netflix.discovery.shared.resolver.aws.ConfigClusterResolver[43] - Resolving eureka endpoints via configuration
[cms] 18:21:56.775 [main] INFO  com.netflix.discovery.DiscoveryClient[958] - Disable delta property : false
[cms] 18:21:56.778 [main] INFO  com.netflix.discovery.DiscoveryClient[959] - Single vip registry refresh property : null
[cms] 18:21:56.782 [main] INFO  com.netflix.discovery.DiscoveryClient[960] - Force full registry fetch : false
[cms] 18:21:56.783 [main] INFO  com.netflix.discovery.DiscoveryClient[961] - Application is null : false
[cms] 18:21:56.787 [main] INFO  com.netflix.discovery.DiscoveryClient[962] - Registered Applications size is zero : true
[cms] 18:21:56.789 [main] INFO  com.netflix.discovery.DiscoveryClient[964] - Application version is -1: true
[cms] 18:21:56.790 [main] INFO  com.netflix.discovery.DiscoveryClient[1047] - Getting all instance registry info from the eureka server
[cms] 18:21:57.368 [main] INFO  com.netflix.discovery.DiscoveryClient[1056] - The response status is 200
[cms] 18:21:57.379 [main] INFO  com.netflix.discovery.DiscoveryClient[1317] - Not registering with Eureka server per configuration
[cms] 18:21:57.397 [main] INFO  com.netflix.discovery.DiscoveryClient[449] - Discovery Client initialized at timestamp 1573554117393 with initial instances count: 2
[cms] 18:22:00.163 [main] INFO  org.springframework.cloud.config.client.ConfigServicePropertySourceLocator[205] - Fetching config from server at : http://192.168.0.167:8082/
[cms] 18:22:08.994 [main] INFO  org.springframework.cloud.config.client.ConfigServicePropertySourceLocator[149] - Located environment: name=order-server, profiles=[dev], label=null, version=2adafaa788402eb2fbd42ea259106fd49582a35c, state=null
[cms] 18:22:09.004 [main] INFO  org.springframework.cloud.bootstrap.config.PropertySourceBootstrapConfiguration[98] - Located property source: CompositePropertySource {name='configService', propertySources=[MapPropertySource {name='configClient'}, MapPropertySource {name='https://github.com/white211/SpringcloudConfig//order-server/order-server-dev.yml'}, MapPropertySource {name='https://github.com/white211/SpringcloudConfig//order-server/application.yml'}]}
[cms] 18:22:09.626 [main] INFO  com.white.orderserver.OrderServerApplication[679] - The following profiles are active: dev
[cms] 18:22:17.513 [main] INFO  org.springframework.data.repository.config.RepositoryConfigurationDelegate[126] - Bootstrapping Spring Data repositories in DEFAULT mode.
[cms] 18:22:17.652 [main] INFO  org.springframework.data.repository.config.RepositoryConfigurationDelegate[182] - Finished Spring Data repository scanning in 99ms. Found 0 repository interfaces.
[cms] 18:22:19.167 [main] INFO  org.springframework.cloud.context.scope.GenericScope[294] - BeanFactory id=f77b1cad-4551-36b9-9a1f-875c20be4fd8
[cms] 18:22:19.680 [main] INFO  org.springframework.context.support.PostProcessorRegistrationDelegate$BeanPostProcessorChecker[330] - Bean 'org.springframework.transaction.annotation.ProxyTransactionManagementConfiguration' of type [org.springframework.transaction.annotation.ProxyTransactionManagementConfiguration$$EnhancerBySpringCGLIB$$bcc992a0] is not eligible for getting processed by all BeanPostProcessors (for example: not eligible for auto-proxying)
[cms] 18:22:20.048 [main] INFO  org.springframework.context.support.PostProcessorRegistrationDelegate$BeanPostProcessorChecker[330] - Bean 'org.springframework.cloud.autoconfigure.ConfigurationPropertiesRebinderAutoConfiguration' of type [org.springframework.cloud.autoconfigure.ConfigurationPropertiesRebinderAutoConfiguration$$EnhancerBySpringCGLIB$$d8e3959d] is not eligible for getting processed by all BeanPostProcessors (for example: not eligible for auto-proxying)
[cms] 18:22:22.774 [main] INFO  org.springframework.boot.web.embedded.tomcat.TomcatWebServer[90] - Tomcat initialized with port(s): 8086 (http)
[cms] 18:22:22.927 [main] INFO  org.apache.catalina.core.StandardService[173] - Starting service [Tomcat]
[cms] 18:22:22.932 [main] INFO  org.apache.catalina.core.StandardEngine[173] - Starting Servlet engine: [Apache Tomcat/9.0.17]
[cms] 18:22:24.138 [main] INFO  org.apache.catalina.core.ContainerBase.[Tomcat].[localhost].[/][173] - Initializing Spring embedded WebApplicationContext
[cms] 18:22:24.272 [main] INFO  org.springframework.web.context.ContextLoader[296] - Root WebApplicationContext: initialization completed in 14516 ms
[cms] 18:22:24.775 [main] INFO  com.netflix.config.sources.URLConfigurationSource[122] - To enable URLs as dynamic configuration sources, define System property archaius.configurationSource.additionalUrls or make config.properties available on classpath.
[cms] 18:22:24.866 [main] INFO  com.netflix.config.DynamicPropertyFactory[281] - DynamicPropertyFactory is initialized with configuration sources: com.netflix.config.ConcurrentCompositeConfiguration@51b3c157
[cms] 18:22:28.397 [main] INFO  org.springframework.boot.actuate.endpoint.web.ServletEndpointRegistrar[78] - Registered '/actuator/jolokia' to jolokia-actuator-endpoint
[cms] 18:22:30.821 [main] INFO  com.netflix.config.sources.URLConfigurationSource[122] - To enable URLs as dynamic configuration sources, define System property archaius.configurationSource.additionalUrls or make config.properties available on classpath.
[cms] 18:22:32.315 [main] INFO  org.springframework.scheduling.concurrent.ThreadPoolTaskExecutor[171] - Initializing ExecutorService 'applicationTaskExecutor'
[cms] 18:22:37.846 [main] INFO  com.netflix.discovery.DiscoveryClient[888] - Shutting down DiscoveryClient ...
[cms] 18:22:37.924 [main] INFO  com.netflix.discovery.DiscoveryClient[911] - Completed shut down of DiscoveryClient
[cms] 18:22:38.013 [main] INFO  org.springframework.boot.actuate.endpoint.web.EndpointLinksResolver[59] - Exposing 21 endpoint(s) beneath base path '/actuator'
[cms] 18:22:38.720 [main] INFO  org.springframework.cloud.netflix.eureka.InstanceInfoFactory[71] - Setting initial instance status as: STARTING
[cms] 18:22:38.735 [main] INFO  com.netflix.discovery.DiscoveryClient[349] - Initializing Eureka in region us-east-1
[cms] 18:22:38.749 [main] INFO  com.netflix.discovery.provider.DiscoveryJerseyProvider[70] - Using JSON encoding codec LegacyJacksonJson
[cms] 18:22:38.755 [main] INFO  com.netflix.discovery.provider.DiscoveryJerseyProvider[71] - Using JSON decoding codec LegacyJacksonJson
[cms] 18:22:38.759 [main] INFO  com.netflix.discovery.provider.DiscoveryJerseyProvider[80] - Using XML encoding codec XStreamXml
[cms] 18:22:38.764 [main] INFO  com.netflix.discovery.provider.DiscoveryJerseyProvider[81] - Using XML decoding codec XStreamXml
[cms] 18:22:39.014 [main] INFO  com.netflix.discovery.shared.resolver.aws.ConfigClusterResolver[43] - Resolving eureka endpoints via configuration
[cms] 18:22:39.030 [main] INFO  com.netflix.discovery.DiscoveryClient[958] - Disable delta property : false
[cms] 18:22:39.035 [main] INFO  com.netflix.discovery.DiscoveryClient[959] - Single vip registry refresh property : null
[cms] 18:22:39.039 [main] INFO  com.netflix.discovery.DiscoveryClient[960] - Force full registry fetch : false
[cms] 18:22:39.044 [main] INFO  com.netflix.discovery.DiscoveryClient[961] - Application is null : false
[cms] 18:22:39.077 [main] INFO  com.netflix.discovery.DiscoveryClient[962] - Registered Applications size is zero : true
[cms] 18:22:39.081 [main] INFO  com.netflix.discovery.DiscoveryClient[964] - Application version is -1: true
[cms] 18:22:39.086 [main] INFO  com.netflix.discovery.DiscoveryClient[1047] - Getting all instance registry info from the eureka server
[cms] 18:22:39.119 [main] INFO  com.netflix.discovery.DiscoveryClient[1056] - The response status is 200
[cms] 18:22:39.124 [main] INFO  com.netflix.discovery.DiscoveryClient[1270] - Starting heartbeat executor: renew interval is: 30
[cms] 18:22:39.132 [main] INFO  com.netflix.discovery.InstanceInfoReplicator[60] - InstanceInfoReplicator onDemand update allowed rate per min is 4
[cms] 18:22:39.140 [main] INFO  com.netflix.discovery.DiscoveryClient[449] - Discovery Client initialized at timestamp 1573554159140 with initial instances count: 2
[cms] 18:22:39.146 [main] INFO  org.springframework.cloud.netflix.eureka.serviceregistry.EurekaServiceRegistry[42] - Registering application ORDER-SERVER with eureka with status UP
[cms] 18:22:39.160 [main] INFO  com.netflix.discovery.DiscoveryClient[1305] - Saw local status change event StatusChangeEvent [timestamp=1573554159160, current=UP, previous=STARTING]
[cms] 18:22:39.173 [DiscoveryClient-InstanceInfoReplicator-0] INFO  com.netflix.discovery.DiscoveryClient[826] - DiscoveryClient_ORDER-SERVER/DESKTOP-DIC4SEB:order-server:8086: registering service...
[cms] 18:22:39.180 [main] INFO  org.springframework.amqp.rabbit.connection.CachingConnectionFactory[460] - Attempting to connect to: [localhost:5672]
[cms] 18:22:39.505 [DiscoveryClient-InstanceInfoReplicator-0] INFO  com.netflix.discovery.DiscoveryClient[835] - DiscoveryClient_ORDER-SERVER/DESKTOP-DIC4SEB:order-server:8086 - registration status: 204
[cms] 18:22:39.759 [main] INFO  org.springframework.amqp.rabbit.connection.CachingConnectionFactory[496] - Created new connection: rabbitConnectionFactory#3696870b:0/SimpleConnection@7f2d8ccd [delegate=amqp://guest@127.0.0.1:5672/, localPort= 55276]
[cms] 18:22:40.200 [main] INFO  org.springframework.boot.web.embedded.tomcat.TomcatWebServer[204] - Tomcat started on port(s): 8086 (http) with context path ''
[cms] 18:22:40.216 [main] INFO  org.springframework.cloud.netflix.eureka.serviceregistry.EurekaAutoServiceRegistration[141] - Updating port to 8086
[cms] 18:22:40.243 [main] INFO  com.white.orderserver.OrderServerApplication[59] - Started OrderServerApplication in 54.601 seconds (JVM running for 94.331)
[cms] 18:22:57.388 [Thread-7] INFO  org.springframework.cloud.netflix.eureka.serviceregistry.EurekaServiceRegistry[65] - Unregistering application ORDER-SERVER with eureka with status DOWN
[cms] 18:22:57.411 [DiscoveryClient-InstanceInfoReplicator-0] INFO  com.netflix.discovery.DiscoveryClient[826] - DiscoveryClient_ORDER-SERVER/DESKTOP-DIC4SEB:order-server:8086: registering service...
[cms] 18:22:57.449 [DiscoveryClient-InstanceInfoReplicator-0] INFO  com.netflix.discovery.DiscoveryClient[835] - DiscoveryClient_ORDER-SERVER/DESKTOP-DIC4SEB:order-server:8086 - registration status: 204
[cms] 18:22:57.540 [Thread-7] INFO  org.springframework.amqp.rabbit.listener.SimpleMessageListenerContainer[586] - Waiting for workers to finish.
[cms] 18:22:57.971 [Thread-7] INFO  org.springframework.amqp.rabbit.listener.SimpleMessageListenerContainer[589] - Successfully waited for workers to finish.
[cms] 18:22:57.979 [Thread-7] INFO  org.springframework.amqp.rabbit.listener.SimpleMessageListenerContainer[586] - Waiting for workers to finish.
[cms] 18:22:58.091 [Thread-7] INFO  org.springframework.amqp.rabbit.listener.SimpleMessageListenerContainer[589] - Successfully waited for workers to finish.
[cms] 18:22:58.107 [Thread-7] INFO  org.springframework.amqp.rabbit.listener.SimpleMessageListenerContainer[1226] - Shutdown ignored - container is not active already
[cms] 18:22:58.112 [Thread-7] INFO  org.springframework.scheduling.concurrent.ThreadPoolTaskExecutor[208] - Shutting down ExecutorService 'applicationTaskExecutor'
[cms] 18:22:58.192 [Thread-7] INFO  org.springframework.amqp.rabbit.listener.SimpleMessageListenerContainer[1226] - Shutdown ignored - container is not active already
[cms] 18:22:58.257 [Thread-7] INFO  com.netflix.discovery.DiscoveryClient[888] - Shutting down DiscoveryClient ...
[cms] 18:23:01.266 [Thread-7] INFO  com.netflix.discovery.DiscoveryClient[922] - Unregistering ...
[cms] 18:23:01.337 [Thread-7] INFO  com.netflix.discovery.DiscoveryClient[924] - DiscoveryClient_ORDER-SERVER/DESKTOP-DIC4SEB:order-server:8086 - deregister  status: 200
[cms] 18:23:01.377 [Thread-7] INFO  com.netflix.discovery.DiscoveryClient[911] - Completed shut down of DiscoveryClient
