[cms] 00:08:06.499 [main] INFO  org.springframework.context.support.PostProcessorRegistrationDelegate$BeanPostProcessorChecker[330] - Bean 'org.springframework.cloud.autoconfigure.ConfigurationPropertiesRebinderAutoConfiguration' of type [org.springframework.cloud.autoconfigure.ConfigurationPropertiesRebinderAutoConfiguration$$EnhancerBySpringCGLIB$$5a7abffa] is not eligible for getting processed by all BeanPostProcessors (for example: not eligible for auto-proxying)
[cms] 00:08:07.727 [main] INFO  org.springframework.cloud.netflix.eureka.InstanceInfoFactory[71] - Setting initial instance status as: STARTING
[cms] 00:08:08.024 [main] INFO  com.netflix.discovery.DiscoveryClient[349] - Initializing Eureka in region us-east-1
[cms] 00:08:09.441 [main] INFO  com.netflix.discovery.provider.DiscoveryJerseyProvider[70] - Using JSON encoding codec LegacyJacksonJson
[cms] 00:08:09.444 [main] INFO  com.netflix.discovery.provider.DiscoveryJerseyProvider[71] - Using JSON decoding codec LegacyJacksonJson
[cms] 00:08:09.889 [main] INFO  com.netflix.discovery.provider.DiscoveryJerseyProvider[80] - Using XML encoding codec XStreamXml
[cms] 00:08:09.898 [main] INFO  com.netflix.discovery.provider.DiscoveryJerseyProvider[81] - Using XML decoding codec XStreamXml
[cms] 00:08:10.555 [main] INFO  com.netflix.discovery.shared.resolver.aws.ConfigClusterResolver[43] - Resolving eureka endpoints via configuration
[cms] 00:08:11.045 [main] INFO  com.netflix.discovery.DiscoveryClient[958] - Disable delta property : false
[cms] 00:08:11.047 [main] INFO  com.netflix.discovery.DiscoveryClient[959] - Single vip registry refresh property : null
[cms] 00:08:11.051 [main] INFO  com.netflix.discovery.DiscoveryClient[960] - Force full registry fetch : false
[cms] 00:08:11.054 [main] INFO  com.netflix.discovery.DiscoveryClient[961] - Application is null : false
[cms] 00:08:11.070 [main] INFO  com.netflix.discovery.DiscoveryClient[962] - Registered Applications size is zero : true
[cms] 00:08:11.072 [main] INFO  com.netflix.discovery.DiscoveryClient[964] - Application version is -1: true
[cms] 00:08:11.087 [main] INFO  com.netflix.discovery.DiscoveryClient[1047] - Getting all instance registry info from the eureka server
[cms] 00:08:11.679 [main] INFO  com.netflix.discovery.DiscoveryClient[1056] - The response status is 200
[cms] 00:08:11.687 [main] INFO  com.netflix.discovery.DiscoveryClient[1317] - Not registering with Eureka server per configuration
[cms] 00:08:11.696 [main] INFO  com.netflix.discovery.DiscoveryClient[449] - Discovery Client initialized at timestamp 1559578091694 with initial instances count: 1
[cms] 00:08:13.379 [main] INFO  org.springframework.cloud.config.client.ConfigServicePropertySourceLocator[205] - Fetching config from server at : http://192.168.1.102:8082/
[cms] 00:08:17.106 [main] INFO  org.springframework.cloud.config.client.ConfigServicePropertySourceLocator[149] - Located environment: name=order-server, profiles=[dev], label=null, version=948b19de53803557e96fde7854ed2df7181ebcc3, state=null
[cms] 00:08:17.120 [main] INFO  org.springframework.cloud.bootstrap.config.PropertySourceBootstrapConfiguration[98] - Located property source: CompositePropertySource {name='configService', propertySources=[MapPropertySource {name='configClient'}, MapPropertySource {name='https://github.com/white211/SpringcloudConfig//order-server/order-server-dev.yml'}, MapPropertySource {name='https://github.com/white211/SpringcloudConfig//order-server/application.yml'}]}
[cms] 00:08:17.494 [main] INFO  com.white.orderserver.OrderServerApplication[679] - The following profiles are active: dev
[cms] 00:08:19.794 [main] INFO  org.springframework.data.repository.config.RepositoryConfigurationDelegate[126] - Bootstrapping Spring Data repositories in DEFAULT mode.
[cms] 00:08:19.924 [main] INFO  org.springframework.data.repository.config.RepositoryConfigurationDelegate[182] - Finished Spring Data repository scanning in 115ms. Found 0 repository interfaces.
[cms] 00:08:22.877 [main] INFO  org.springframework.cloud.context.scope.GenericScope[294] - BeanFactory id=e0089606-2fa0-356c-91a7-987fe1340fb0
[cms] 00:08:23.348 [main] INFO  org.springframework.context.support.PostProcessorRegistrationDelegate$BeanPostProcessorChecker[330] - Bean 'org.springframework.transaction.annotation.ProxyTransactionManagementConfiguration' of type [org.springframework.transaction.annotation.ProxyTransactionManagementConfiguration$$EnhancerBySpringCGLIB$$3e60bcfd] is not eligible for getting processed by all BeanPostProcessors (for example: not eligible for auto-proxying)
[cms] 00:08:23.423 [main] INFO  org.springframework.context.support.PostProcessorRegistrationDelegate$BeanPostProcessorChecker[330] - Bean 'org.springframework.cloud.autoconfigure.ConfigurationPropertiesRebinderAutoConfiguration' of type [org.springframework.cloud.autoconfigure.ConfigurationPropertiesRebinderAutoConfiguration$$EnhancerBySpringCGLIB$$5a7abffa] is not eligible for getting processed by all BeanPostProcessors (for example: not eligible for auto-proxying)
[cms] 00:08:24.687 [main] INFO  org.springframework.boot.web.embedded.tomcat.TomcatWebServer[90] - Tomcat initialized with port(s): 8086 (http)
[cms] 00:08:24.886 [main] INFO  org.apache.catalina.core.StandardService[173] - Starting service [Tomcat]
[cms] 00:08:24.889 [main] INFO  org.apache.catalina.core.StandardEngine[173] - Starting Servlet engine: [Apache Tomcat/9.0.17]
[cms] 00:08:25.232 [main] INFO  org.apache.catalina.core.ContainerBase.[Tomcat].[localhost].[/][173] - Initializing Spring embedded WebApplicationContext
[cms] 00:08:25.237 [main] INFO  org.springframework.web.context.ContextLoader[296] - Root WebApplicationContext: initialization completed in 7719 ms
[cms] 00:08:25.613 [main] INFO  com.netflix.config.sources.URLConfigurationSource[122] - To enable URLs as dynamic configuration sources, define System property archaius.configurationSource.additionalUrls or make config.properties available on classpath.
[cms] 00:08:25.653 [main] INFO  com.netflix.config.DynamicPropertyFactory[281] - DynamicPropertyFactory is initialized with configuration sources: com.netflix.config.ConcurrentCompositeConfiguration@a50f7a0
[cms] 00:08:30.262 [main] INFO  org.springframework.boot.actuate.endpoint.web.ServletEndpointRegistrar[78] - Registered '/actuator/jolokia' to jolokia-actuator-endpoint
[cms] 00:08:32.685 [main] INFO  com.zaxxer.hikari.HikariDataSource[110] - order - Starting...
[cms] 00:08:33.386 [main] INFO  com.zaxxer.hikari.HikariDataSource[123] - order - Start completed.
[cms] 00:08:36.305 [main] INFO  com.netflix.config.sources.URLConfigurationSource[122] - To enable URLs as dynamic configuration sources, define System property archaius.configurationSource.additionalUrls or make config.properties available on classpath.
[cms] 00:08:39.061 [main] INFO  org.springframework.scheduling.concurrent.ThreadPoolTaskExecutor[171] - Initializing ExecutorService 'applicationTaskExecutor'
[cms] 00:08:45.927 [main] INFO  com.netflix.discovery.DiscoveryClient[888] - Shutting down DiscoveryClient ...
[cms] 00:08:45.988 [main] INFO  com.netflix.discovery.DiscoveryClient[911] - Completed shut down of DiscoveryClient
[cms] 00:08:46.016 [main] INFO  org.springframework.boot.actuate.endpoint.web.EndpointLinksResolver[59] - Exposing 21 endpoint(s) beneath base path '/actuator'
[cms] 00:08:46.731 [main] INFO  org.springframework.cloud.netflix.eureka.InstanceInfoFactory[71] - Setting initial instance status as: STARTING
[cms] 00:08:46.743 [main] INFO  com.netflix.discovery.DiscoveryClient[349] - Initializing Eureka in region us-east-1
[cms] 00:08:46.767 [main] INFO  com.netflix.discovery.provider.DiscoveryJerseyProvider[70] - Using JSON encoding codec LegacyJacksonJson
[cms] 00:08:46.778 [main] INFO  com.netflix.discovery.provider.DiscoveryJerseyProvider[71] - Using JSON decoding codec LegacyJacksonJson
[cms] 00:08:46.784 [main] INFO  com.netflix.discovery.provider.DiscoveryJerseyProvider[80] - Using XML encoding codec XStreamXml
[cms] 00:08:46.785 [main] INFO  com.netflix.discovery.provider.DiscoveryJerseyProvider[81] - Using XML decoding codec XStreamXml
[cms] 00:08:46.981 [main] INFO  com.netflix.discovery.shared.resolver.aws.ConfigClusterResolver[43] - Resolving eureka endpoints via configuration
[cms] 00:08:46.989 [main] INFO  com.netflix.discovery.DiscoveryClient[958] - Disable delta property : false
[cms] 00:08:46.992 [main] INFO  com.netflix.discovery.DiscoveryClient[959] - Single vip registry refresh property : null
[cms] 00:08:46.993 [main] INFO  com.netflix.discovery.DiscoveryClient[960] - Force full registry fetch : false
[cms] 00:08:46.995 [main] INFO  com.netflix.discovery.DiscoveryClient[961] - Application is null : false
[cms] 00:08:46.997 [main] INFO  com.netflix.discovery.DiscoveryClient[962] - Registered Applications size is zero : true
[cms] 00:08:46.999 [main] INFO  com.netflix.discovery.DiscoveryClient[964] - Application version is -1: true
[cms] 00:08:47.000 [main] INFO  com.netflix.discovery.DiscoveryClient[1047] - Getting all instance registry info from the eureka server
[cms] 00:08:47.027 [main] INFO  com.netflix.discovery.DiscoveryClient[1056] - The response status is 200
[cms] 00:08:47.034 [main] INFO  com.netflix.discovery.DiscoveryClient[1270] - Starting heartbeat executor: renew interval is: 30
[cms] 00:08:47.042 [main] INFO  com.netflix.discovery.InstanceInfoReplicator[60] - InstanceInfoReplicator onDemand update allowed rate per min is 4
[cms] 00:08:47.046 [main] INFO  com.netflix.discovery.DiscoveryClient[449] - Discovery Client initialized at timestamp 1559578127046 with initial instances count: 1
[cms] 00:08:47.052 [main] INFO  org.springframework.cloud.netflix.eureka.serviceregistry.EurekaServiceRegistry[42] - Registering application ORDER-SERVER with eureka with status UP
[cms] 00:08:47.055 [main] INFO  com.netflix.discovery.DiscoveryClient[1305] - Saw local status change event StatusChangeEvent [timestamp=1559578127055, current=UP, previous=STARTING]
[cms] 00:08:47.068 [main] INFO  org.springframework.amqp.rabbit.connection.CachingConnectionFactory[460] - Attempting to connect to: [localhost:5672]
[cms] 00:08:47.072 [DiscoveryClient-InstanceInfoReplicator-0] INFO  com.netflix.discovery.DiscoveryClient[826] - DiscoveryClient_ORDER-SERVER/DESKTOP-DIC4SEB:order-server:8086: registering service...
[cms] 00:08:47.263 [DiscoveryClient-InstanceInfoReplicator-0] INFO  com.netflix.discovery.DiscoveryClient[835] - DiscoveryClient_ORDER-SERVER/DESKTOP-DIC4SEB:order-server:8086 - registration status: 204
[cms] 00:08:47.456 [main] INFO  org.springframework.amqp.rabbit.connection.CachingConnectionFactory[496] - Created new connection: rabbitConnectionFactory#45baf81b:0/SimpleConnection@4bf0492a [delegate=amqp://guest@127.0.0.1:5672/, localPort= 60167]
[cms] 00:08:47.860 [main] INFO  org.springframework.boot.web.embedded.tomcat.TomcatWebServer[204] - Tomcat started on port(s): 8086 (http) with context path ''
[cms] 00:08:47.867 [main] INFO  org.springframework.cloud.netflix.eureka.serviceregistry.EurekaAutoServiceRegistration[141] - Updating port to 8086
[cms] 00:08:47.877 [main] INFO  com.white.orderserver.OrderServerApplication[59] - Started OrderServerApplication in 48.32 seconds (JVM running for 152.788)
[cms] 00:10:52.970 [http-nio-8086-exec-1] INFO  org.apache.catalina.core.ContainerBase.[Tomcat].[localhost].[/][173] - Initializing Spring DispatcherServlet 'dispatcherServlet'
[cms] 00:10:52.972 [http-nio-8086-exec-1] INFO  org.springframework.web.servlet.DispatcherServlet[524] - Initializing Servlet 'dispatcherServlet'
[cms] 00:10:52.994 [http-nio-8086-exec-1] INFO  org.springframework.web.servlet.DispatcherServlet[546] - Completed initialization in 21 ms
[cms] 00:10:58.472 [http-nio-8086-exec-2] INFO  com.white.orderserver.controller.OrdOrderController[55] - 打印新建订单信息OrdOrder(id=5, orderNo=1559578258012213994, productAmount=10, productPrice=null, orderPrice=null, discountPrice=null, payTime=null, deliverTime=null, receive=null, refundTime=null, logisticId=null, logisticNo=null, payChannelType=null, outTradeNo=null, sort=null, enableFlag=null, enableBegin=null, enableEnd=null, createTime=null, createBy=null, lastUpdateTime=null, lastUpdateBy=null, comments=null, version=null, status=null)
[cms] 00:10:58.605 [simpleMessageListenerContainer_one-1] INFO  org.springframework.amqp.rabbit.listener.SimpleMessageListenerContainer[586] - Waiting for workers to finish.
[cms] 00:10:58.606 [simpleMessageListenerContainer_one-1] INFO  org.springframework.amqp.rabbit.listener.SimpleMessageListenerContainer[589] - Successfully waited for workers to finish.
[cms] 00:13:47.005 [AsyncResolver-bootstrap-executor-0] INFO  com.netflix.discovery.shared.resolver.aws.ConfigClusterResolver[43] - Resolving eureka endpoints via configuration
[cms] 21:45:33.683 [main] INFO  org.springframework.context.support.PostProcessorRegistrationDelegate$BeanPostProcessorChecker[330] - Bean 'org.springframework.cloud.autoconfigure.ConfigurationPropertiesRebinderAutoConfiguration' of type [org.springframework.cloud.autoconfigure.ConfigurationPropertiesRebinderAutoConfiguration$$EnhancerBySpringCGLIB$$b06c8c7a] is not eligible for getting processed by all BeanPostProcessors (for example: not eligible for auto-proxying)
[cms] 21:45:35.236 [main] INFO  org.springframework.cloud.netflix.eureka.InstanceInfoFactory[71] - Setting initial instance status as: STARTING
[cms] 21:45:35.424 [main] INFO  com.netflix.discovery.DiscoveryClient[349] - Initializing Eureka in region us-east-1
[cms] 21:45:37.131 [main] INFO  com.netflix.discovery.provider.DiscoveryJerseyProvider[70] - Using JSON encoding codec LegacyJacksonJson
[cms] 21:45:37.134 [main] INFO  com.netflix.discovery.provider.DiscoveryJerseyProvider[71] - Using JSON decoding codec LegacyJacksonJson
[cms] 21:45:37.670 [main] INFO  com.netflix.discovery.provider.DiscoveryJerseyProvider[80] - Using XML encoding codec XStreamXml
[cms] 21:45:37.673 [main] INFO  com.netflix.discovery.provider.DiscoveryJerseyProvider[81] - Using XML decoding codec XStreamXml
[cms] 21:45:38.825 [main] INFO  com.netflix.discovery.shared.resolver.aws.ConfigClusterResolver[43] - Resolving eureka endpoints via configuration
[cms] 21:45:39.399 [main] INFO  com.netflix.discovery.DiscoveryClient[958] - Disable delta property : false
[cms] 21:45:39.413 [main] INFO  com.netflix.discovery.DiscoveryClient[959] - Single vip registry refresh property : null
[cms] 21:45:39.417 [main] INFO  com.netflix.discovery.DiscoveryClient[960] - Force full registry fetch : false
[cms] 21:45:39.419 [main] INFO  com.netflix.discovery.DiscoveryClient[961] - Application is null : false
[cms] 21:45:39.422 [main] INFO  com.netflix.discovery.DiscoveryClient[962] - Registered Applications size is zero : true
[cms] 21:45:39.423 [main] INFO  com.netflix.discovery.DiscoveryClient[964] - Application version is -1: true
[cms] 21:45:39.425 [main] INFO  com.netflix.discovery.DiscoveryClient[1047] - Getting all instance registry info from the eureka server
[cms] 21:45:40.034 [main] INFO  com.netflix.discovery.DiscoveryClient[1056] - The response status is 200
[cms] 21:45:40.236 [main] INFO  com.netflix.discovery.DiscoveryClient[1317] - Not registering with Eureka server per configuration
[cms] 21:45:40.253 [main] INFO  com.netflix.discovery.DiscoveryClient[449] - Discovery Client initialized at timestamp 1559655940250 with initial instances count: 1
[cms] 21:45:41.848 [main] INFO  org.springframework.cloud.config.client.ConfigServicePropertySourceLocator[205] - Fetching config from server at : http://192.168.1.102:8082/
[cms] 21:45:45.340 [main] INFO  org.springframework.cloud.config.client.ConfigServicePropertySourceLocator[149] - Located environment: name=order-server, profiles=[dev], label=null, version=948b19de53803557e96fde7854ed2df7181ebcc3, state=null
[cms] 21:45:45.362 [main] INFO  org.springframework.cloud.bootstrap.config.PropertySourceBootstrapConfiguration[98] - Located property source: CompositePropertySource {name='configService', propertySources=[MapPropertySource {name='configClient'}, MapPropertySource {name='https://github.com/white211/SpringcloudConfig//order-server/order-server-dev.yml'}, MapPropertySource {name='https://github.com/white211/SpringcloudConfig//order-server/application.yml'}]}
[cms] 21:45:45.742 [main] INFO  com.white.orderserver.OrderServerApplication[679] - The following profiles are active: dev
[cms] 21:45:48.051 [main] INFO  org.springframework.data.repository.config.RepositoryConfigurationDelegate[126] - Bootstrapping Spring Data repositories in DEFAULT mode.
[cms] 21:45:48.118 [main] INFO  org.springframework.data.repository.config.RepositoryConfigurationDelegate[182] - Finished Spring Data repository scanning in 54ms. Found 0 repository interfaces.
[cms] 21:45:49.098 [main] INFO  org.springframework.cloud.context.scope.GenericScope[294] - BeanFactory id=e0089606-2fa0-356c-91a7-987fe1340fb0
[cms] 21:45:49.404 [main] INFO  org.springframework.context.support.PostProcessorRegistrationDelegate$BeanPostProcessorChecker[330] - Bean 'org.springframework.transaction.annotation.ProxyTransactionManagementConfiguration' of type [org.springframework.transaction.annotation.ProxyTransactionManagementConfiguration$$EnhancerBySpringCGLIB$$9452897d] is not eligible for getting processed by all BeanPostProcessors (for example: not eligible for auto-proxying)
[cms] 21:45:49.504 [main] INFO  org.springframework.context.support.PostProcessorRegistrationDelegate$BeanPostProcessorChecker[330] - Bean 'org.springframework.cloud.autoconfigure.ConfigurationPropertiesRebinderAutoConfiguration' of type [org.springframework.cloud.autoconfigure.ConfigurationPropertiesRebinderAutoConfiguration$$EnhancerBySpringCGLIB$$b06c8c7a] is not eligible for getting processed by all BeanPostProcessors (for example: not eligible for auto-proxying)
[cms] 21:45:50.495 [main] INFO  org.springframework.boot.web.embedded.tomcat.TomcatWebServer[90] - Tomcat initialized with port(s): 8086 (http)
[cms] 21:45:50.594 [main] INFO  org.apache.catalina.core.StandardService[173] - Starting service [Tomcat]
[cms] 21:45:50.596 [main] INFO  org.apache.catalina.core.StandardEngine[173] - Starting Servlet engine: [Apache Tomcat/9.0.17]
[cms] 21:45:50.875 [main] INFO  org.apache.catalina.core.ContainerBase.[Tomcat].[localhost].[/][173] - Initializing Spring embedded WebApplicationContext
[cms] 21:45:50.879 [main] INFO  org.springframework.web.context.ContextLoader[296] - Root WebApplicationContext: initialization completed in 5114 ms
[cms] 21:45:51.116 [main] INFO  com.netflix.config.sources.URLConfigurationSource[122] - To enable URLs as dynamic configuration sources, define System property archaius.configurationSource.additionalUrls or make config.properties available on classpath.
[cms] 21:45:51.151 [main] INFO  com.netflix.config.DynamicPropertyFactory[281] - DynamicPropertyFactory is initialized with configuration sources: com.netflix.config.ConcurrentCompositeConfiguration@25d07ec4
[cms] 21:45:53.066 [main] INFO  org.springframework.boot.actuate.endpoint.web.ServletEndpointRegistrar[78] - Registered '/actuator/jolokia' to jolokia-actuator-endpoint
[cms] 21:45:53.569 [main] INFO  com.zaxxer.hikari.HikariDataSource[110] - order - Starting...
[cms] 21:45:54.112 [main] INFO  com.zaxxer.hikari.HikariDataSource[123] - order - Start completed.
[cms] 21:45:55.224 [main] INFO  com.netflix.config.sources.URLConfigurationSource[122] - To enable URLs as dynamic configuration sources, define System property archaius.configurationSource.additionalUrls or make config.properties available on classpath.
[cms] 21:45:55.701 [main] INFO  org.springframework.scheduling.concurrent.ThreadPoolTaskExecutor[171] - Initializing ExecutorService 'applicationTaskExecutor'
[cms] 21:45:59.042 [main] INFO  com.netflix.discovery.DiscoveryClient[888] - Shutting down DiscoveryClient ...
[cms] 21:45:59.068 [main] INFO  com.netflix.discovery.DiscoveryClient[911] - Completed shut down of DiscoveryClient
[cms] 21:45:59.119 [main] INFO  org.springframework.boot.actuate.endpoint.web.EndpointLinksResolver[59] - Exposing 21 endpoint(s) beneath base path '/actuator'
[cms] 21:45:59.558 [main] INFO  org.springframework.cloud.netflix.eureka.InstanceInfoFactory[71] - Setting initial instance status as: STARTING
[cms] 21:45:59.577 [main] INFO  com.netflix.discovery.DiscoveryClient[349] - Initializing Eureka in region us-east-1
[cms] 21:45:59.589 [main] INFO  com.netflix.discovery.provider.DiscoveryJerseyProvider[70] - Using JSON encoding codec LegacyJacksonJson
[cms] 21:45:59.591 [main] INFO  com.netflix.discovery.provider.DiscoveryJerseyProvider[71] - Using JSON decoding codec LegacyJacksonJson
[cms] 21:45:59.594 [main] INFO  com.netflix.discovery.provider.DiscoveryJerseyProvider[80] - Using XML encoding codec XStreamXml
[cms] 21:45:59.596 [main] INFO  com.netflix.discovery.provider.DiscoveryJerseyProvider[81] - Using XML decoding codec XStreamXml
[cms] 21:45:59.708 [main] INFO  com.netflix.discovery.shared.resolver.aws.ConfigClusterResolver[43] - Resolving eureka endpoints via configuration
[cms] 21:45:59.714 [main] INFO  com.netflix.discovery.DiscoveryClient[958] - Disable delta property : false
[cms] 21:45:59.717 [main] INFO  com.netflix.discovery.DiscoveryClient[959] - Single vip registry refresh property : null
[cms] 21:45:59.718 [main] INFO  com.netflix.discovery.DiscoveryClient[960] - Force full registry fetch : false
[cms] 21:45:59.720 [main] INFO  com.netflix.discovery.DiscoveryClient[961] - Application is null : false
[cms] 21:45:59.723 [main] INFO  com.netflix.discovery.DiscoveryClient[962] - Registered Applications size is zero : true
[cms] 21:45:59.725 [main] INFO  com.netflix.discovery.DiscoveryClient[964] - Application version is -1: true
[cms] 21:45:59.726 [main] INFO  com.netflix.discovery.DiscoveryClient[1047] - Getting all instance registry info from the eureka server
[cms] 21:45:59.844 [main] INFO  com.netflix.discovery.DiscoveryClient[1056] - The response status is 200
[cms] 21:45:59.848 [main] INFO  com.netflix.discovery.DiscoveryClient[1270] - Starting heartbeat executor: renew interval is: 30
[cms] 21:45:59.855 [main] INFO  com.netflix.discovery.InstanceInfoReplicator[60] - InstanceInfoReplicator onDemand update allowed rate per min is 4
[cms] 21:45:59.858 [main] INFO  com.netflix.discovery.DiscoveryClient[449] - Discovery Client initialized at timestamp 1559655959858 with initial instances count: 1
[cms] 21:45:59.862 [main] INFO  org.springframework.cloud.netflix.eureka.serviceregistry.EurekaServiceRegistry[42] - Registering application ORDER-SERVER with eureka with status UP
[cms] 21:45:59.864 [main] INFO  com.netflix.discovery.DiscoveryClient[1305] - Saw local status change event StatusChangeEvent [timestamp=1559655959864, current=UP, previous=STARTING]
[cms] 21:45:59.873 [main] INFO  org.springframework.amqp.rabbit.connection.CachingConnectionFactory[460] - Attempting to connect to: [localhost:5672]
[cms] 21:45:59.871 [DiscoveryClient-InstanceInfoReplicator-0] INFO  com.netflix.discovery.DiscoveryClient[826] - DiscoveryClient_ORDER-SERVER/DESKTOP-DIC4SEB:order-server:8086: registering service...
[cms] 21:45:59.996 [DiscoveryClient-InstanceInfoReplicator-0] INFO  com.netflix.discovery.DiscoveryClient[835] - DiscoveryClient_ORDER-SERVER/DESKTOP-DIC4SEB:order-server:8086 - registration status: 204
[cms] 21:46:00.145 [main] INFO  org.springframework.amqp.rabbit.connection.CachingConnectionFactory[496] - Created new connection: rabbitConnectionFactory#7a7dde58:0/SimpleConnection@14e1108d [delegate=amqp://guest@127.0.0.1:5672/, localPort= 54082]
[cms] 21:46:00.351 [main] INFO  org.springframework.boot.web.embedded.tomcat.TomcatWebServer[204] - Tomcat started on port(s): 8086 (http) with context path ''
[cms] 21:46:00.353 [main] INFO  org.springframework.cloud.netflix.eureka.serviceregistry.EurekaAutoServiceRegistration[141] - Updating port to 8086
[cms] 21:46:00.357 [main] INFO  com.white.orderserver.OrderServerApplication[59] - Started OrderServerApplication in 31.18 seconds (JVM running for 154.018)
[cms] 21:50:59.833 [AsyncResolver-bootstrap-executor-0] INFO  com.netflix.discovery.shared.resolver.aws.ConfigClusterResolver[43] - Resolving eureka endpoints via configuration
[cms] 21:55:59.838 [AsyncResolver-bootstrap-executor-0] INFO  com.netflix.discovery.shared.resolver.aws.ConfigClusterResolver[43] - Resolving eureka endpoints via configuration
[cms] 22:00:04.333 [http-nio-8086-exec-1] INFO  org.apache.catalina.core.ContainerBase.[Tomcat].[localhost].[/][173] - Initializing Spring DispatcherServlet 'dispatcherServlet'
[cms] 22:00:04.337 [http-nio-8086-exec-1] INFO  org.springframework.web.servlet.DispatcherServlet[524] - Initializing Servlet 'dispatcherServlet'
[cms] 22:00:04.415 [http-nio-8086-exec-1] INFO  org.springframework.web.servlet.DispatcherServlet[546] - Completed initialization in 77 ms
[cms] 22:00:05.135 [http-nio-8086-exec-1] INFO  com.white.orderserver.controller.OrdOrderController[55] - 打印新建订单信息OrdOrder(id=1, orderNo=1559656804746422392, productAmount=10, productPrice=null, orderPrice=null, discountPrice=null, payTime=null, deliverTime=null, receive=null, refundTime=null, logisticId=null, logisticNo=null, payChannelType=null, outTradeNo=null, sort=null, enableFlag=null, enableBegin=null, enableEnd=null, createTime=null, createBy=null, lastUpdateTime=null, lastUpdateBy=null, comments=null, version=null, status=null)
[cms] 22:00:05.496 [simpleMessageListenerContainer_one-1] INFO  org.springframework.amqp.rabbit.listener.SimpleMessageListenerContainer[586] - Waiting for workers to finish.
[cms] 22:00:05.500 [simpleMessageListenerContainer_one-1] INFO  org.springframework.amqp.rabbit.listener.SimpleMessageListenerContainer[589] - Successfully waited for workers to finish.
[cms] 22:00:59.846 [AsyncResolver-bootstrap-executor-0] INFO  com.netflix.discovery.shared.resolver.aws.ConfigClusterResolver[43] - Resolving eureka endpoints via configuration
[cms] 22:05:59.852 [AsyncResolver-bootstrap-executor-0] INFO  com.netflix.discovery.shared.resolver.aws.ConfigClusterResolver[43] - Resolving eureka endpoints via configuration
[cms] 22:10:59.858 [AsyncResolver-bootstrap-executor-0] INFO  com.netflix.discovery.shared.resolver.aws.ConfigClusterResolver[43] - Resolving eureka endpoints via configuration
[cms] 22:15:59.864 [AsyncResolver-bootstrap-executor-0] INFO  com.netflix.discovery.shared.resolver.aws.ConfigClusterResolver[43] - Resolving eureka endpoints via configuration
[cms] 22:20:59.872 [AsyncResolver-bootstrap-executor-0] INFO  com.netflix.discovery.shared.resolver.aws.ConfigClusterResolver[43] - Resolving eureka endpoints via configuration
[cms] 22:25:59.876 [AsyncResolver-bootstrap-executor-0] INFO  com.netflix.discovery.shared.resolver.aws.ConfigClusterResolver[43] - Resolving eureka endpoints via configuration
[cms] 22:30:59.879 [AsyncResolver-bootstrap-executor-0] INFO  com.netflix.discovery.shared.resolver.aws.ConfigClusterResolver[43] - Resolving eureka endpoints via configuration
[cms] 22:35:59.884 [AsyncResolver-bootstrap-executor-0] INFO  com.netflix.discovery.shared.resolver.aws.ConfigClusterResolver[43] - Resolving eureka endpoints via configuration
[cms] 22:40:59.889 [AsyncResolver-bootstrap-executor-0] INFO  com.netflix.discovery.shared.resolver.aws.ConfigClusterResolver[43] - Resolving eureka endpoints via configuration
[cms] 22:45:59.893 [AsyncResolver-bootstrap-executor-0] INFO  com.netflix.discovery.shared.resolver.aws.ConfigClusterResolver[43] - Resolving eureka endpoints via configuration
[cms] 22:50:59.898 [AsyncResolver-bootstrap-executor-0] INFO  com.netflix.discovery.shared.resolver.aws.ConfigClusterResolver[43] - Resolving eureka endpoints via configuration
[cms] 22:55:59.905 [AsyncResolver-bootstrap-executor-0] INFO  com.netflix.discovery.shared.resolver.aws.ConfigClusterResolver[43] - Resolving eureka endpoints via configuration
[cms] 23:00:59.910 [AsyncResolver-bootstrap-executor-0] INFO  com.netflix.discovery.shared.resolver.aws.ConfigClusterResolver[43] - Resolving eureka endpoints via configuration
[cms] 23:05:59.914 [AsyncResolver-bootstrap-executor-0] INFO  com.netflix.discovery.shared.resolver.aws.ConfigClusterResolver[43] - Resolving eureka endpoints via configuration
[cms] 23:10:59.918 [AsyncResolver-bootstrap-executor-0] INFO  com.netflix.discovery.shared.resolver.aws.ConfigClusterResolver[43] - Resolving eureka endpoints via configuration
[cms] 23:15:59.920 [AsyncResolver-bootstrap-executor-0] INFO  com.netflix.discovery.shared.resolver.aws.ConfigClusterResolver[43] - Resolving eureka endpoints via configuration
[cms] 23:20:59.925 [AsyncResolver-bootstrap-executor-0] INFO  com.netflix.discovery.shared.resolver.aws.ConfigClusterResolver[43] - Resolving eureka endpoints via configuration
[cms] 23:25:59.928 [AsyncResolver-bootstrap-executor-0] INFO  com.netflix.discovery.shared.resolver.aws.ConfigClusterResolver[43] - Resolving eureka endpoints via configuration
[cms] 23:30:59.933 [AsyncResolver-bootstrap-executor-0] INFO  com.netflix.discovery.shared.resolver.aws.ConfigClusterResolver[43] - Resolving eureka endpoints via configuration
[cms] 23:35:59.937 [AsyncResolver-bootstrap-executor-0] INFO  com.netflix.discovery.shared.resolver.aws.ConfigClusterResolver[43] - Resolving eureka endpoints via configuration
[cms] 23:40:59.943 [AsyncResolver-bootstrap-executor-0] INFO  com.netflix.discovery.shared.resolver.aws.ConfigClusterResolver[43] - Resolving eureka endpoints via configuration
[cms] 23:45:59.948 [AsyncResolver-bootstrap-executor-0] INFO  com.netflix.discovery.shared.resolver.aws.ConfigClusterResolver[43] - Resolving eureka endpoints via configuration
[cms] 23:50:59.954 [AsyncResolver-bootstrap-executor-0] INFO  com.netflix.discovery.shared.resolver.aws.ConfigClusterResolver[43] - Resolving eureka endpoints via configuration
[cms] 23:55:59.957 [AsyncResolver-bootstrap-executor-0] INFO  com.netflix.discovery.shared.resolver.aws.ConfigClusterResolver[43] - Resolving eureka endpoints via configuration
