[cms] 13:32:20.512 [main] INFO  org.springframework.context.support.PostProcessorRegistrationDelegate$BeanPostProcessorChecker[330] - Bean 'org.springframework.cloud.autoconfigure.ConfigurationPropertiesRebinderAutoConfiguration' of type [org.springframework.cloud.autoconfigure.ConfigurationPropertiesRebinderAutoConfiguration$$EnhancerBySpringCGLIB$$96283ea9] is not eligible for getting processed by all BeanPostProcessors (for example: not eligible for auto-proxying)
[cms] 13:32:23.878 [main] INFO  com.white.eurekaserver.EurekaServerApplication[679] - The following profiles are active: dev
[cms] 13:32:28.571 [main] INFO  org.springframework.cloud.context.scope.GenericScope[294] - BeanFactory id=8f74c3b2-6ec2-3fa6-9522-e7d289815d83
[cms] 13:32:28.978 [main] INFO  org.springframework.context.support.PostProcessorRegistrationDelegate$BeanPostProcessorChecker[330] - Bean 'org.springframework.cloud.autoconfigure.ConfigurationPropertiesRebinderAutoConfiguration' of type [org.springframework.cloud.autoconfigure.ConfigurationPropertiesRebinderAutoConfiguration$$EnhancerBySpringCGLIB$$96283ea9] is not eligible for getting processed by all BeanPostProcessors (for example: not eligible for auto-proxying)
[cms] 13:32:31.317 [main] INFO  org.springframework.boot.web.embedded.tomcat.TomcatWebServer[90] - Tomcat initialized with port(s): 8081 (http)
[cms] 13:32:31.424 [main] INFO  org.apache.catalina.core.StandardService[173] - Starting service [Tomcat]
[cms] 13:32:31.437 [main] INFO  org.apache.catalina.core.StandardEngine[173] - Starting Servlet engine: [Apache Tomcat/9.0.17]
[cms] 13:32:32.058 [main] INFO  org.apache.catalina.core.ContainerBase.[Tomcat].[localhost].[/][173] - Initializing Spring embedded WebApplicationContext
[cms] 13:32:32.069 [main] INFO  org.springframework.web.context.ContextLoader[296] - Root WebApplicationContext: initialization completed in 8154 ms
[cms] 13:32:32.500 [main] INFO  com.netflix.config.sources.URLConfigurationSource[122] - To enable URLs as dynamic configuration sources, define System property archaius.configurationSource.additionalUrls or make config.properties available on classpath.
[cms] 13:32:32.564 [main] INFO  com.netflix.config.DynamicPropertyFactory[281] - DynamicPropertyFactory is initialized with configuration sources: com.netflix.config.ConcurrentCompositeConfiguration@6e3aaeb0
[cms] 13:32:36.427 [main] INFO  org.springframework.cloud.commons.util.InetUtils[170] - Cannot determine local hostname
[cms] 13:32:37.515 [main] INFO  com.sun.jersey.server.impl.application.WebApplicationImpl[815] - Initiating Jersey application, version 'Jersey: 1.19.1 03/11/2016 02:08 PM'
[cms] 13:32:37.730 [main] INFO  com.netflix.discovery.provider.DiscoveryJerseyProvider[70] - Using JSON encoding codec LegacyJacksonJson
[cms] 13:32:37.737 [main] INFO  com.netflix.discovery.provider.DiscoveryJerseyProvider[71] - Using JSON decoding codec LegacyJacksonJson
[cms] 13:32:38.331 [main] INFO  com.netflix.discovery.provider.DiscoveryJerseyProvider[80] - Using XML encoding codec XStreamXml
[cms] 13:32:38.332 [main] INFO  com.netflix.discovery.provider.DiscoveryJerseyProvider[81] - Using XML decoding codec XStreamXml
[cms] 13:32:40.016 [main] INFO  com.netflix.config.sources.URLConfigurationSource[122] - To enable URLs as dynamic configuration sources, define System property archaius.configurationSource.additionalUrls or make config.properties available on classpath.
[cms] 13:32:41.555 [main] INFO  org.springframework.scheduling.concurrent.ThreadPoolTaskExecutor[171] - Initializing ExecutorService 'applicationTaskExecutor'
[cms] 13:32:49.852 [main] INFO  org.springframework.cloud.commons.util.InetUtils[170] - Cannot determine local hostname
[cms] 13:32:50.345 [main] INFO  org.springframework.cloud.netflix.eureka.InstanceInfoFactory[71] - Setting initial instance status as: STARTING
[cms] 13:32:50.560 [main] INFO  com.netflix.discovery.DiscoveryClient[349] - Initializing Eureka in region us-east-1
[cms] 13:32:50.566 [main] INFO  com.netflix.discovery.DiscoveryClient[352] - Client configured to neither register nor query for data.
[cms] 13:32:50.619 [main] INFO  com.netflix.discovery.DiscoveryClient[365] - Discovery Client initialized at timestamp 1570685570615 with initial instances count: 0
[cms] 13:32:50.782 [main] INFO  com.netflix.eureka.DefaultEurekaServerContext[63] - Initializing ...
[cms] 13:32:50.792 [main] INFO  com.netflix.eureka.cluster.PeerEurekaNodes[188] - Adding new peer nodes [http://127.0.0.1:8081/eureka/]
[cms] 13:32:52.209 [main] INFO  com.netflix.discovery.provider.DiscoveryJerseyProvider[70] - Using JSON encoding codec LegacyJacksonJson
[cms] 13:32:52.214 [main] INFO  com.netflix.discovery.provider.DiscoveryJerseyProvider[71] - Using JSON decoding codec LegacyJacksonJson
[cms] 13:32:52.218 [main] INFO  com.netflix.discovery.provider.DiscoveryJerseyProvider[80] - Using XML encoding codec XStreamXml
[cms] 13:32:52.220 [main] INFO  com.netflix.discovery.provider.DiscoveryJerseyProvider[81] - Using XML decoding codec XStreamXml
[cms] 13:32:52.531 [main] INFO  com.netflix.eureka.cluster.PeerEurekaNodes[110] - Replica node URL:  http://127.0.0.1:8081/eureka/
[cms] 13:32:52.580 [main] INFO  com.netflix.eureka.registry.AbstractInstanceRegistry[151] - Finished initializing remote region registries. All known remote regions: []
[cms] 13:32:52.592 [main] INFO  com.netflix.eureka.DefaultEurekaServerContext[70] - Initialized
[cms] 13:32:52.640 [main] INFO  org.springframework.boot.actuate.endpoint.web.EndpointLinksResolver[59] - Exposing 2 endpoint(s) beneath base path '/actuator'
[cms] 13:32:53.066 [main] INFO  org.springframework.cloud.netflix.eureka.serviceregistry.EurekaServiceRegistry[42] - Registering application EUREKA-SERVER with eureka with status UP
[cms] 13:32:53.081 [Thread-12] INFO  org.springframework.cloud.netflix.eureka.server.EurekaServerBootstrap[109] - Setting the eureka configuration..
[cms] 13:32:53.095 [Thread-12] INFO  org.springframework.cloud.netflix.eureka.server.EurekaServerBootstrap[114] - Eureka data center value eureka.datacenter is not set, defaulting to default
[cms] 13:32:53.119 [Thread-12] INFO  org.springframework.cloud.netflix.eureka.server.EurekaServerBootstrap[128] - Eureka environment value eureka.environment is not set, defaulting to test
[cms] 13:32:53.170 [Thread-12] INFO  org.springframework.cloud.netflix.eureka.server.EurekaServerBootstrap[184] - isAws returned false
[cms] 13:32:53.180 [Thread-12] INFO  org.springframework.cloud.netflix.eureka.server.EurekaServerBootstrap[152] - Initialized server context
[cms] 13:32:53.184 [Thread-12] INFO  com.netflix.eureka.registry.PeerAwareInstanceRegistryImpl[241] - Got 1 instances from neighboring DS node
[cms] 13:32:53.191 [Thread-12] INFO  com.netflix.eureka.registry.PeerAwareInstanceRegistryImpl[242] - Renew threshold is: 1
[cms] 13:32:53.193 [Thread-12] INFO  com.netflix.eureka.registry.PeerAwareInstanceRegistryImpl[253] - Changing status to UP
[cms] 13:32:53.219 [Thread-12] INFO  org.springframework.cloud.netflix.eureka.server.EurekaServerInitializerConfiguration[72] - Started Eureka Server
[cms] 13:32:53.237 [main] INFO  org.springframework.boot.web.embedded.tomcat.TomcatWebServer[204] - Tomcat started on port(s): 8081 (http) with context path ''
[cms] 13:32:53.240 [main] INFO  org.springframework.cloud.netflix.eureka.serviceregistry.EurekaAutoServiceRegistration[141] - Updating port to 8081
[cms] 13:32:53.246 [main] INFO  com.white.eurekaserver.EurekaServerApplication[59] - Started EurekaServerApplication in 38.566 seconds (JVM running for 125.97)
[cms] 13:32:53.822 [http-nio-8081-exec-2] INFO  org.apache.catalina.core.ContainerBase.[Tomcat].[localhost].[/][173] - Initializing Spring DispatcherServlet 'dispatcherServlet'
[cms] 13:32:53.824 [http-nio-8081-exec-2] INFO  org.springframework.web.servlet.DispatcherServlet[524] - Initializing Servlet 'dispatcherServlet'
[cms] 13:32:53.844 [http-nio-8081-exec-2] INFO  org.springframework.web.servlet.DispatcherServlet[546] - Completed initialization in 18 ms
[cms] 13:33:12.946 [http-nio-8081-exec-1] INFO  com.netflix.eureka.registry.AbstractInstanceRegistry[266] - Registered instance CONFIG-SERVER/localhost:config-server:8082 with status UP (replication=false)
[cms] 13:33:13.634 [http-nio-8081-exec-4] INFO  com.netflix.eureka.registry.AbstractInstanceRegistry[266] - Registered instance CONFIG-SERVER/localhost:config-server:8082 with status UP (replication=true)
[cms] 13:33:53.199 [Eureka-EvictionTimer] INFO  com.netflix.eureka.registry.AbstractInstanceRegistry[1250] - Running the evict task with compensationTime 0ms
[cms] 13:34:53.200 [Eureka-EvictionTimer] INFO  com.netflix.eureka.registry.AbstractInstanceRegistry[1250] - Running the evict task with compensationTime 0ms
[cms] 13:35:53.200 [Eureka-EvictionTimer] INFO  com.netflix.eureka.registry.AbstractInstanceRegistry[1250] - Running the evict task with compensationTime 1ms
[cms] 13:36:36.171 [http-nio-8081-exec-2] INFO  com.netflix.eureka.registry.AbstractInstanceRegistry[266] - Registered instance USER-SERVER/localhost:user-server:8085 with status UP (replication=false)
[cms] 13:36:36.712 [http-nio-8081-exec-1] INFO  com.netflix.eureka.registry.AbstractInstanceRegistry[266] - Registered instance USER-SERVER/localhost:user-server:8085 with status UP (replication=true)
[cms] 13:36:53.201 [Eureka-EvictionTimer] INFO  com.netflix.eureka.registry.AbstractInstanceRegistry[1250] - Running the evict task with compensationTime 0ms
[cms] 13:37:40.589 [http-nio-8081-exec-9] INFO  com.netflix.eureka.registry.AbstractInstanceRegistry[266] - Registered instance USER-SERVER/localhost:user-server:8085 with status DOWN (replication=false)
[cms] 13:37:41.115 [http-nio-8081-exec-10] INFO  com.netflix.eureka.registry.AbstractInstanceRegistry[266] - Registered instance USER-SERVER/localhost:user-server:8085 with status DOWN (replication=true)
[cms] 13:37:43.709 [http-nio-8081-exec-8] INFO  com.netflix.eureka.registry.AbstractInstanceRegistry[330] - Cancelled instance USER-SERVER/localhost:user-server:8085 (replication=false)
[cms] 13:37:44.250 [http-nio-8081-exec-6] INFO  com.netflix.eureka.resources.InstanceResource[288] - Not Found (Cancel): USER-SERVER - localhost:user-server:8085
[cms] 13:37:53.201 [Eureka-EvictionTimer] INFO  com.netflix.eureka.registry.AbstractInstanceRegistry[1250] - Running the evict task with compensationTime 0ms
[cms] 13:38:53.202 [Eureka-EvictionTimer] INFO  com.netflix.eureka.registry.AbstractInstanceRegistry[1250] - Running the evict task with compensationTime 0ms
[cms] 13:39:53.203 [Eureka-EvictionTimer] INFO  com.netflix.eureka.registry.AbstractInstanceRegistry[1250] - Running the evict task with compensationTime 1ms
[cms] 13:40:53.204 [Eureka-EvictionTimer] INFO  com.netflix.eureka.registry.AbstractInstanceRegistry[1250] - Running the evict task with compensationTime 0ms
[cms] 13:41:53.205 [Eureka-EvictionTimer] INFO  com.netflix.eureka.registry.AbstractInstanceRegistry[1250] - Running the evict task with compensationTime 0ms
[cms] 13:42:53.205 [Eureka-EvictionTimer] INFO  com.netflix.eureka.registry.AbstractInstanceRegistry[1250] - Running the evict task with compensationTime 0ms
[cms] 13:43:53.205 [Eureka-EvictionTimer] INFO  com.netflix.eureka.registry.AbstractInstanceRegistry[1250] - Running the evict task with compensationTime 0ms
[cms] 13:44:53.205 [Eureka-EvictionTimer] INFO  com.netflix.eureka.registry.AbstractInstanceRegistry[1250] - Running the evict task with compensationTime 0ms
[cms] 13:45:53.206 [Eureka-EvictionTimer] INFO  com.netflix.eureka.registry.AbstractInstanceRegistry[1250] - Running the evict task with compensationTime 0ms
[cms] 13:46:53.207 [Eureka-EvictionTimer] INFO  com.netflix.eureka.registry.AbstractInstanceRegistry[1250] - Running the evict task with compensationTime 0ms
[cms] 13:47:52.587 [ReplicaAwareInstanceRegistry - RenewalThresholdUpdater] INFO  com.netflix.eureka.registry.PeerAwareInstanceRegistryImpl[539] - Current renewal threshold is : 3
[cms] 13:47:53.208 [Eureka-EvictionTimer] INFO  com.netflix.eureka.registry.AbstractInstanceRegistry[1250] - Running the evict task with compensationTime 1ms
[cms] 13:48:53.208 [Eureka-EvictionTimer] INFO  com.netflix.eureka.registry.AbstractInstanceRegistry[1250] - Running the evict task with compensationTime 0ms
[cms] 13:49:53.209 [Eureka-EvictionTimer] INFO  com.netflix.eureka.registry.AbstractInstanceRegistry[1250] - Running the evict task with compensationTime 0ms
[cms] 13:50:53.210 [Eureka-EvictionTimer] INFO  com.netflix.eureka.registry.AbstractInstanceRegistry[1250] - Running the evict task with compensationTime 1ms
[cms] 13:51:53.211 [Eureka-EvictionTimer] INFO  com.netflix.eureka.registry.AbstractInstanceRegistry[1250] - Running the evict task with compensationTime 0ms
[cms] 13:52:53.211 [Eureka-EvictionTimer] INFO  com.netflix.eureka.registry.AbstractInstanceRegistry[1250] - Running the evict task with compensationTime 0ms
[cms] 13:53:53.212 [Eureka-EvictionTimer] INFO  com.netflix.eureka.registry.AbstractInstanceRegistry[1250] - Running the evict task with compensationTime 0ms
[cms] 13:54:53.212 [Eureka-EvictionTimer] INFO  com.netflix.eureka.registry.AbstractInstanceRegistry[1250] - Running the evict task with compensationTime 0ms
[cms] 13:55:53.213 [Eureka-EvictionTimer] INFO  com.netflix.eureka.registry.AbstractInstanceRegistry[1250] - Running the evict task with compensationTime 0ms
[cms] 13:56:53.213 [Eureka-EvictionTimer] INFO  com.netflix.eureka.registry.AbstractInstanceRegistry[1250] - Running the evict task with compensationTime 0ms
[cms] 13:57:53.214 [Eureka-EvictionTimer] INFO  com.netflix.eureka.registry.AbstractInstanceRegistry[1250] - Running the evict task with compensationTime 0ms
[cms] 13:58:53.215 [Eureka-EvictionTimer] INFO  com.netflix.eureka.registry.AbstractInstanceRegistry[1250] - Running the evict task with compensationTime 0ms
[cms] 13:59:53.215 [Eureka-EvictionTimer] INFO  com.netflix.eureka.registry.AbstractInstanceRegistry[1250] - Running the evict task with compensationTime 0ms
[cms] 14:00:53.215 [Eureka-EvictionTimer] INFO  com.netflix.eureka.registry.AbstractInstanceRegistry[1250] - Running the evict task with compensationTime 0ms
[cms] 14:01:53.216 [Eureka-EvictionTimer] INFO  com.netflix.eureka.registry.AbstractInstanceRegistry[1250] - Running the evict task with compensationTime 1ms
[cms] 14:02:52.581 [ReplicaAwareInstanceRegistry - RenewalThresholdUpdater] INFO  com.netflix.eureka.registry.PeerAwareInstanceRegistryImpl[539] - Current renewal threshold is : 3
[cms] 14:02:53.216 [Eureka-EvictionTimer] INFO  com.netflix.eureka.registry.AbstractInstanceRegistry[1250] - Running the evict task with compensationTime 0ms
[cms] 14:03:53.217 [Eureka-EvictionTimer] INFO  com.netflix.eureka.registry.AbstractInstanceRegistry[1250] - Running the evict task with compensationTime 0ms
[cms] 14:04:53.217 [Eureka-EvictionTimer] INFO  com.netflix.eureka.registry.AbstractInstanceRegistry[1250] - Running the evict task with compensationTime 0ms
[cms] 14:05:53.222 [Eureka-EvictionTimer] INFO  com.netflix.eureka.registry.AbstractInstanceRegistry[1250] - Running the evict task with compensationTime 2ms
[cms] 14:06:53.220 [Eureka-EvictionTimer] INFO  com.netflix.eureka.registry.AbstractInstanceRegistry[1250] - Running the evict task with compensationTime 0ms
[cms] 14:07:53.220 [Eureka-EvictionTimer] INFO  com.netflix.eureka.registry.AbstractInstanceRegistry[1250] - Running the evict task with compensationTime 0ms
[cms] 14:08:53.220 [Eureka-EvictionTimer] INFO  com.netflix.eureka.registry.AbstractInstanceRegistry[1250] - Running the evict task with compensationTime 0ms
[cms] 14:09:53.265 [Eureka-EvictionTimer] INFO  com.netflix.eureka.registry.AbstractInstanceRegistry[1250] - Running the evict task with compensationTime 31ms
[cms] 14:10:53.261 [Eureka-EvictionTimer] INFO  com.netflix.eureka.registry.AbstractInstanceRegistry[1250] - Running the evict task with compensationTime 9ms
[cms] 14:11:53.261 [Eureka-EvictionTimer] INFO  com.netflix.eureka.registry.AbstractInstanceRegistry[1250] - Running the evict task with compensationTime 0ms
[cms] 14:12:53.262 [Eureka-EvictionTimer] INFO  com.netflix.eureka.registry.AbstractInstanceRegistry[1250] - Running the evict task with compensationTime 1ms
[cms] 14:13:53.263 [Eureka-EvictionTimer] INFO  com.netflix.eureka.registry.AbstractInstanceRegistry[1250] - Running the evict task with compensationTime 0ms
[cms] 14:14:53.263 [Eureka-EvictionTimer] INFO  com.netflix.eureka.registry.AbstractInstanceRegistry[1250] - Running the evict task with compensationTime 0ms
[cms] 14:15:53.269 [Eureka-EvictionTimer] INFO  com.netflix.eureka.registry.AbstractInstanceRegistry[1250] - Running the evict task with compensationTime 5ms
[cms] 14:16:53.306 [Eureka-EvictionTimer] INFO  com.netflix.eureka.registry.AbstractInstanceRegistry[1250] - Running the evict task with compensationTime 37ms
[cms] 14:17:52.638 [ReplicaAwareInstanceRegistry - RenewalThresholdUpdater] INFO  com.netflix.eureka.registry.PeerAwareInstanceRegistryImpl[539] - Current renewal threshold is : 3
[cms] 14:17:53.468 [Eureka-EvictionTimer] INFO  com.netflix.eureka.registry.AbstractInstanceRegistry[1250] - Running the evict task with compensationTime 162ms
[cms] 14:18:53.490 [Eureka-EvictionTimer] INFO  com.netflix.eureka.registry.AbstractInstanceRegistry[1250] - Running the evict task with compensationTime 21ms
[cms] 14:19:53.499 [Eureka-EvictionTimer] INFO  com.netflix.eureka.registry.AbstractInstanceRegistry[1250] - Running the evict task with compensationTime 9ms
[cms] 14:20:53.499 [Eureka-EvictionTimer] INFO  com.netflix.eureka.registry.AbstractInstanceRegistry[1250] - Running the evict task with compensationTime 0ms
[cms] 14:21:53.500 [Eureka-EvictionTimer] INFO  com.netflix.eureka.registry.AbstractInstanceRegistry[1250] - Running the evict task with compensationTime 0ms
[cms] 14:22:53.500 [Eureka-EvictionTimer] INFO  com.netflix.eureka.registry.AbstractInstanceRegistry[1250] - Running the evict task with compensationTime 0ms
[cms] 14:23:53.501 [Eureka-EvictionTimer] INFO  com.netflix.eureka.registry.AbstractInstanceRegistry[1250] - Running the evict task with compensationTime 0ms
[cms] 14:24:53.501 [Eureka-EvictionTimer] INFO  com.netflix.eureka.registry.AbstractInstanceRegistry[1250] - Running the evict task with compensationTime 0ms
[cms] 14:25:53.502 [Eureka-EvictionTimer] INFO  com.netflix.eureka.registry.AbstractInstanceRegistry[1250] - Running the evict task with compensationTime 0ms
[cms] 14:26:53.502 [Eureka-EvictionTimer] INFO  com.netflix.eureka.registry.AbstractInstanceRegistry[1250] - Running the evict task with compensationTime 0ms
[cms] 14:27:53.901 [Eureka-EvictionTimer] INFO  com.netflix.eureka.registry.AbstractInstanceRegistry[1250] - Running the evict task with compensationTime 399ms
[cms] 14:28:53.973 [Eureka-EvictionTimer] INFO  com.netflix.eureka.registry.AbstractInstanceRegistry[1250] - Running the evict task with compensationTime 71ms
[cms] 14:29:53.974 [Eureka-EvictionTimer] INFO  com.netflix.eureka.registry.AbstractInstanceRegistry[1250] - Running the evict task with compensationTime 0ms
[cms] 14:30:53.975 [Eureka-EvictionTimer] INFO  com.netflix.eureka.registry.AbstractInstanceRegistry[1250] - Running the evict task with compensationTime 0ms
[cms] 14:31:53.992 [Eureka-EvictionTimer] INFO  com.netflix.eureka.registry.AbstractInstanceRegistry[1250] - Running the evict task with compensationTime 17ms
[cms] 14:32:54.695 [Eureka-EvictionTimer] INFO  com.netflix.eureka.registry.AbstractInstanceRegistry[1250] - Running the evict task with compensationTime 703ms
[cms] 14:32:55.199 [ReplicaAwareInstanceRegistry - RenewalThresholdUpdater] INFO  com.netflix.eureka.registry.PeerAwareInstanceRegistryImpl[539] - Current renewal threshold is : 3
[cms] 14:33:54.704 [Eureka-EvictionTimer] INFO  com.netflix.eureka.registry.AbstractInstanceRegistry[1250] - Running the evict task with compensationTime 9ms
[cms] 14:34:54.746 [Eureka-EvictionTimer] INFO  com.netflix.eureka.registry.AbstractInstanceRegistry[1250] - Running the evict task with compensationTime 40ms
[cms] 14:35:54.754 [Eureka-EvictionTimer] INFO  com.netflix.eureka.registry.AbstractInstanceRegistry[1250] - Running the evict task with compensationTime 8ms
[cms] 14:36:02.196 [http-nio-8081-exec-2] INFO  com.netflix.eureka.registry.AbstractInstanceRegistry[266] - Registered instance CONFIG-SERVER/localhost:config-server:8082 with status DOWN (replication=false)
[cms] 14:36:02.752 [http-nio-8081-exec-4] INFO  com.netflix.eureka.registry.AbstractInstanceRegistry[266] - Registered instance CONFIG-SERVER/localhost:config-server:8082 with status DOWN (replication=true)
[cms] 14:36:05.686 [http-nio-8081-exec-1] INFO  com.netflix.eureka.registry.AbstractInstanceRegistry[330] - Cancelled instance CONFIG-SERVER/localhost:config-server:8082 (replication=false)
[cms] 14:36:06.784 [http-nio-8081-exec-3] INFO  com.netflix.eureka.resources.InstanceResource[288] - Not Found (Cancel): CONFIG-SERVER - localhost:config-server:8082
[cms] 14:36:08.502 [http-nio-8081-exec-8] INFO  com.netflix.eureka.resources.InstanceResource[288] - Not Found (Cancel): CONFIG-SERVER - localhost:config-server:8082
[cms] 14:36:54.755 [Eureka-EvictionTimer] INFO  com.netflix.eureka.registry.AbstractInstanceRegistry[1250] - Running the evict task with compensationTime 0ms
[cms] 14:37:54.756 [Eureka-EvictionTimer] INFO  com.netflix.eureka.registry.AbstractInstanceRegistry[1250] - Running the evict task with compensationTime 1ms
[cms] 14:38:43.338 [http-nio-8081-exec-7] INFO  com.netflix.eureka.registry.AbstractInstanceRegistry[266] - Registered instance CONFIG-SERVER/localhost:config-server:8082 with status UP (replication=false)
[cms] 14:38:43.898 [http-nio-8081-exec-2] INFO  com.netflix.eureka.registry.AbstractInstanceRegistry[266] - Registered instance CONFIG-SERVER/localhost:config-server:8082 with status UP (replication=true)
[cms] 14:38:54.756 [Eureka-EvictionTimer] INFO  com.netflix.eureka.registry.AbstractInstanceRegistry[1250] - Running the evict task with compensationTime 0ms
[cms] 14:39:54.794 [Eureka-EvictionTimer] INFO  com.netflix.eureka.registry.AbstractInstanceRegistry[1250] - Running the evict task with compensationTime 38ms
[cms] 14:40:54.795 [Eureka-EvictionTimer] INFO  com.netflix.eureka.registry.AbstractInstanceRegistry[1250] - Running the evict task with compensationTime 0ms
[cms] 14:41:54.806 [Eureka-EvictionTimer] INFO  com.netflix.eureka.registry.AbstractInstanceRegistry[1250] - Running the evict task with compensationTime 10ms
[cms] 14:42:42.631 [http-nio-8081-exec-5] INFO  com.netflix.eureka.registry.AbstractInstanceRegistry[266] - Registered instance CONFIG-SERVER/localhost:config-server:8082 with status DOWN (replication=false)
[cms] 14:42:42.661 [http-nio-8081-exec-6] INFO  com.netflix.eureka.registry.AbstractInstanceRegistry[330] - Cancelled instance CONFIG-SERVER/localhost:config-server:8082 (replication=false)
[cms] 14:42:43.149 [http-nio-8081-exec-4] INFO  com.netflix.eureka.registry.AbstractInstanceRegistry[266] - Registered instance CONFIG-SERVER/localhost:config-server:8082 with status DOWN (replication=true)
[cms] 14:42:43.154 [http-nio-8081-exec-4] INFO  com.netflix.eureka.registry.AbstractInstanceRegistry[330] - Cancelled instance CONFIG-SERVER/localhost:config-server:8082 (replication=true)
[cms] 14:42:43.733 [Thread-14] INFO  org.springframework.cloud.netflix.eureka.serviceregistry.EurekaServiceRegistry[65] - Unregistering application EUREKA-SERVER with eureka with status DOWN
[cms] 14:42:43.923 [Thread-14] INFO  com.netflix.eureka.DefaultEurekaServerContext[76] - Shutting down ...
[cms] 14:42:44.002 [Thread-14] INFO  com.netflix.eureka.DefaultEurekaServerContext[79] - Shut down
[cms] 14:42:44.070 [Thread-14] INFO  org.springframework.scheduling.concurrent.ThreadPoolTaskExecutor[208] - Shutting down ExecutorService 'applicationTaskExecutor'
[cms] 14:42:44.280 [Thread-14] INFO  com.netflix.discovery.DiscoveryClient[888] - Shutting down DiscoveryClient ...
[cms] 14:42:44.283 [Thread-14] INFO  com.netflix.discovery.DiscoveryClient[911] - Completed shut down of DiscoveryClient
