[cms] 00:00:20.967 [ReplicaAwareInstanceRegistry - RenewalThresholdUpdater] INFO  com.netflix.eureka.registry.PeerAwareInstanceRegistryImpl[539] - Current renewal threshold is : 5
[cms] 00:00:26.862 [Eureka-EvictionTimer] INFO  com.netflix.eureka.registry.AbstractInstanceRegistry[1250] - Running the evict task with compensationTime 0ms
[cms] 00:01:26.863 [Eureka-EvictionTimer] INFO  com.netflix.eureka.registry.AbstractInstanceRegistry[1250] - Running the evict task with compensationTime 0ms
[cms] 00:02:26.863 [Eureka-EvictionTimer] INFO  com.netflix.eureka.registry.AbstractInstanceRegistry[1250] - Running the evict task with compensationTime 0ms
[cms] 00:03:26.863 [Eureka-EvictionTimer] INFO  com.netflix.eureka.registry.AbstractInstanceRegistry[1250] - Running the evict task with compensationTime 0ms
[cms] 00:04:26.863 [Eureka-EvictionTimer] INFO  com.netflix.eureka.registry.AbstractInstanceRegistry[1250] - Running the evict task with compensationTime 0ms
[cms] 00:05:26.864 [Eureka-EvictionTimer] INFO  com.netflix.eureka.registry.AbstractInstanceRegistry[1250] - Running the evict task with compensationTime 0ms
[cms] 00:06:26.865 [Eureka-EvictionTimer] INFO  com.netflix.eureka.registry.AbstractInstanceRegistry[1250] - Running the evict task with compensationTime 0ms
[cms] 00:07:26.866 [Eureka-EvictionTimer] INFO  com.netflix.eureka.registry.AbstractInstanceRegistry[1250] - Running the evict task with compensationTime 0ms
[cms] 00:08:26.866 [Eureka-EvictionTimer] INFO  com.netflix.eureka.registry.AbstractInstanceRegistry[1250] - Running the evict task with compensationTime 0ms
[cms] 00:09:26.867 [Eureka-EvictionTimer] INFO  com.netflix.eureka.registry.AbstractInstanceRegistry[1250] - Running the evict task with compensationTime 0ms
[cms] 00:10:26.867 [Eureka-EvictionTimer] INFO  com.netflix.eureka.registry.AbstractInstanceRegistry[1250] - Running the evict task with compensationTime 0ms
[cms] 00:11:26.867 [Eureka-EvictionTimer] INFO  com.netflix.eureka.registry.AbstractInstanceRegistry[1250] - Running the evict task with compensationTime 0ms
[cms] 00:12:26.868 [Eureka-EvictionTimer] INFO  com.netflix.eureka.registry.AbstractInstanceRegistry[1250] - Running the evict task with compensationTime 1ms
[cms] 00:13:26.898 [Eureka-EvictionTimer] INFO  com.netflix.eureka.registry.AbstractInstanceRegistry[1250] - Running the evict task with compensationTime 30ms
[cms] 00:14:26.898 [Eureka-EvictionTimer] INFO  com.netflix.eureka.registry.AbstractInstanceRegistry[1250] - Running the evict task with compensationTime 0ms
[cms] 00:15:20.968 [ReplicaAwareInstanceRegistry - RenewalThresholdUpdater] INFO  com.netflix.eureka.registry.PeerAwareInstanceRegistryImpl[539] - Current renewal threshold is : 5
[cms] 00:15:26.899 [Eureka-EvictionTimer] INFO  com.netflix.eureka.registry.AbstractInstanceRegistry[1250] - Running the evict task with compensationTime 0ms
[cms] 00:16:26.899 [Eureka-EvictionTimer] INFO  com.netflix.eureka.registry.AbstractInstanceRegistry[1250] - Running the evict task with compensationTime 0ms
[cms] 00:17:26.900 [Eureka-EvictionTimer] INFO  com.netflix.eureka.registry.AbstractInstanceRegistry[1250] - Running the evict task with compensationTime 0ms
[cms] 00:18:26.901 [Eureka-EvictionTimer] INFO  com.netflix.eureka.registry.AbstractInstanceRegistry[1250] - Running the evict task with compensationTime 0ms
[cms] 00:19:26.901 [Eureka-EvictionTimer] INFO  com.netflix.eureka.registry.AbstractInstanceRegistry[1250] - Running the evict task with compensationTime 0ms
[cms] 00:20:26.901 [Eureka-EvictionTimer] INFO  com.netflix.eureka.registry.AbstractInstanceRegistry[1250] - Running the evict task with compensationTime 0ms
[cms] 00:21:26.902 [Eureka-EvictionTimer] INFO  com.netflix.eureka.registry.AbstractInstanceRegistry[1250] - Running the evict task with compensationTime 0ms
[cms] 00:22:26.903 [Eureka-EvictionTimer] INFO  com.netflix.eureka.registry.AbstractInstanceRegistry[1250] - Running the evict task with compensationTime 0ms
[cms] 00:23:26.903 [Eureka-EvictionTimer] INFO  com.netflix.eureka.registry.AbstractInstanceRegistry[1250] - Running the evict task with compensationTime 0ms
[cms] 00:24:26.904 [Eureka-EvictionTimer] INFO  com.netflix.eureka.registry.AbstractInstanceRegistry[1250] - Running the evict task with compensationTime 0ms
[cms] 00:25:26.904 [Eureka-EvictionTimer] INFO  com.netflix.eureka.registry.AbstractInstanceRegistry[1250] - Running the evict task with compensationTime 0ms
[cms] 00:26:26.904 [Eureka-EvictionTimer] INFO  com.netflix.eureka.registry.AbstractInstanceRegistry[1250] - Running the evict task with compensationTime 0ms
[cms] 00:27:26.905 [Eureka-EvictionTimer] INFO  com.netflix.eureka.registry.AbstractInstanceRegistry[1250] - Running the evict task with compensationTime 1ms
[cms] 00:28:26.905 [Eureka-EvictionTimer] INFO  com.netflix.eureka.registry.AbstractInstanceRegistry[1250] - Running the evict task with compensationTime 0ms
[cms] 00:29:26.906 [Eureka-EvictionTimer] INFO  com.netflix.eureka.registry.AbstractInstanceRegistry[1250] - Running the evict task with compensationTime 0ms
[cms] 00:30:20.969 [ReplicaAwareInstanceRegistry - RenewalThresholdUpdater] INFO  com.netflix.eureka.registry.PeerAwareInstanceRegistryImpl[539] - Current renewal threshold is : 5
[cms] 00:30:26.907 [Eureka-EvictionTimer] INFO  com.netflix.eureka.registry.AbstractInstanceRegistry[1250] - Running the evict task with compensationTime 0ms
[cms] 00:31:26.907 [Eureka-EvictionTimer] INFO  com.netflix.eureka.registry.AbstractInstanceRegistry[1250] - Running the evict task with compensationTime 0ms
[cms] 00:32:26.908 [Eureka-EvictionTimer] INFO  com.netflix.eureka.registry.AbstractInstanceRegistry[1250] - Running the evict task with compensationTime 0ms
[cms] 00:33:26.908 [Eureka-EvictionTimer] INFO  com.netflix.eureka.registry.AbstractInstanceRegistry[1250] - Running the evict task with compensationTime 0ms
[cms] 00:34:26.908 [Eureka-EvictionTimer] INFO  com.netflix.eureka.registry.AbstractInstanceRegistry[1250] - Running the evict task with compensationTime 0ms
[cms] 00:35:26.909 [Eureka-EvictionTimer] INFO  com.netflix.eureka.registry.AbstractInstanceRegistry[1250] - Running the evict task with compensationTime 0ms
[cms] 00:36:26.909 [Eureka-EvictionTimer] INFO  com.netflix.eureka.registry.AbstractInstanceRegistry[1250] - Running the evict task with compensationTime 0ms
[cms] 00:37:26.910 [Eureka-EvictionTimer] INFO  com.netflix.eureka.registry.AbstractInstanceRegistry[1250] - Running the evict task with compensationTime 0ms
[cms] 00:38:26.911 [Eureka-EvictionTimer] INFO  com.netflix.eureka.registry.AbstractInstanceRegistry[1250] - Running the evict task with compensationTime 0ms
[cms] 00:39:26.912 [Eureka-EvictionTimer] INFO  com.netflix.eureka.registry.AbstractInstanceRegistry[1250] - Running the evict task with compensationTime 0ms
[cms] 00:40:26.912 [Eureka-EvictionTimer] INFO  com.netflix.eureka.registry.AbstractInstanceRegistry[1250] - Running the evict task with compensationTime 0ms
[cms] 00:41:26.913 [Eureka-EvictionTimer] INFO  com.netflix.eureka.registry.AbstractInstanceRegistry[1250] - Running the evict task with compensationTime 0ms
[cms] 00:42:26.913 [Eureka-EvictionTimer] INFO  com.netflix.eureka.registry.AbstractInstanceRegistry[1250] - Running the evict task with compensationTime 0ms
[cms] 00:43:26.914 [Eureka-EvictionTimer] INFO  com.netflix.eureka.registry.AbstractInstanceRegistry[1250] - Running the evict task with compensationTime 0ms
[cms] 00:44:26.914 [Eureka-EvictionTimer] INFO  com.netflix.eureka.registry.AbstractInstanceRegistry[1250] - Running the evict task with compensationTime 0ms
[cms] 00:45:20.969 [ReplicaAwareInstanceRegistry - RenewalThresholdUpdater] INFO  com.netflix.eureka.registry.PeerAwareInstanceRegistryImpl[539] - Current renewal threshold is : 5
[cms] 00:45:26.915 [Eureka-EvictionTimer] INFO  com.netflix.eureka.registry.AbstractInstanceRegistry[1250] - Running the evict task with compensationTime 0ms
[cms] 00:46:26.916 [Eureka-EvictionTimer] INFO  com.netflix.eureka.registry.AbstractInstanceRegistry[1250] - Running the evict task with compensationTime 1ms
[cms] 00:47:26.916 [Eureka-EvictionTimer] INFO  com.netflix.eureka.registry.AbstractInstanceRegistry[1250] - Running the evict task with compensationTime 0ms
[cms] 00:48:26.917 [Eureka-EvictionTimer] INFO  com.netflix.eureka.registry.AbstractInstanceRegistry[1250] - Running the evict task with compensationTime 0ms
[cms] 00:49:26.918 [Eureka-EvictionTimer] INFO  com.netflix.eureka.registry.AbstractInstanceRegistry[1250] - Running the evict task with compensationTime 0ms
[cms] 00:50:26.919 [Eureka-EvictionTimer] INFO  com.netflix.eureka.registry.AbstractInstanceRegistry[1250] - Running the evict task with compensationTime 0ms
[cms] 00:51:26.919 [Eureka-EvictionTimer] INFO  com.netflix.eureka.registry.AbstractInstanceRegistry[1250] - Running the evict task with compensationTime 0ms
[cms] 00:52:26.919 [Eureka-EvictionTimer] INFO  com.netflix.eureka.registry.AbstractInstanceRegistry[1250] - Running the evict task with compensationTime 0ms
[cms] 00:53:26.919 [Eureka-EvictionTimer] INFO  com.netflix.eureka.registry.AbstractInstanceRegistry[1250] - Running the evict task with compensationTime 0ms
[cms] 00:54:26.919 [Eureka-EvictionTimer] INFO  com.netflix.eureka.registry.AbstractInstanceRegistry[1250] - Running the evict task with compensationTime 0ms
[cms] 00:55:26.921 [Eureka-EvictionTimer] INFO  com.netflix.eureka.registry.AbstractInstanceRegistry[1250] - Running the evict task with compensationTime 1ms
[cms] 00:56:26.920 [Eureka-EvictionTimer] INFO  com.netflix.eureka.registry.AbstractInstanceRegistry[1250] - Running the evict task with compensationTime 0ms
[cms] 00:57:26.921 [Eureka-EvictionTimer] INFO  com.netflix.eureka.registry.AbstractInstanceRegistry[1250] - Running the evict task with compensationTime 0ms
[cms] 00:58:26.922 [Eureka-EvictionTimer] INFO  com.netflix.eureka.registry.AbstractInstanceRegistry[1250] - Running the evict task with compensationTime 0ms
[cms] 00:59:26.922 [Eureka-EvictionTimer] INFO  com.netflix.eureka.registry.AbstractInstanceRegistry[1250] - Running the evict task with compensationTime 0ms
[cms] 01:00:20.970 [ReplicaAwareInstanceRegistry - RenewalThresholdUpdater] INFO  com.netflix.eureka.registry.PeerAwareInstanceRegistryImpl[539] - Current renewal threshold is : 5
[cms] 01:00:26.923 [Eureka-EvictionTimer] INFO  com.netflix.eureka.registry.AbstractInstanceRegistry[1250] - Running the evict task with compensationTime 0ms
[cms] 01:01:26.924 [Eureka-EvictionTimer] INFO  com.netflix.eureka.registry.AbstractInstanceRegistry[1250] - Running the evict task with compensationTime 0ms
[cms] 01:02:26.924 [Eureka-EvictionTimer] INFO  com.netflix.eureka.registry.AbstractInstanceRegistry[1250] - Running the evict task with compensationTime 0ms
[cms] 01:03:26.925 [Eureka-EvictionTimer] INFO  com.netflix.eureka.registry.AbstractInstanceRegistry[1250] - Running the evict task with compensationTime 0ms
[cms] 01:04:26.925 [Eureka-EvictionTimer] INFO  com.netflix.eureka.registry.AbstractInstanceRegistry[1250] - Running the evict task with compensationTime 0ms
[cms] 01:05:26.926 [Eureka-EvictionTimer] INFO  com.netflix.eureka.registry.AbstractInstanceRegistry[1250] - Running the evict task with compensationTime 0ms
[cms] 01:06:26.926 [Eureka-EvictionTimer] INFO  com.netflix.eureka.registry.AbstractInstanceRegistry[1250] - Running the evict task with compensationTime 0ms
[cms] 01:06:40.711 [http-nio-8081-exec-10] INFO  com.netflix.eureka.registry.AbstractInstanceRegistry[266] - Registered instance ORDER-SERVER/DESKTOP-DIC4SEB:order-server:8086 with status DOWN (replication=false)
[cms] 01:06:41.284 [http-nio-8081-exec-5] INFO  com.netflix.eureka.registry.AbstractInstanceRegistry[266] - Registered instance ORDER-SERVER/DESKTOP-DIC4SEB:order-server:8086 with status DOWN (replication=true)
[cms] 01:06:42.789 [Thread-14] INFO  org.springframework.cloud.netflix.eureka.serviceregistry.EurekaServiceRegistry[65] - Unregistering application EUREKA-SERVER with eureka with status DOWN
[cms] 01:06:42.909 [http-nio-8081-exec-3] INFO  com.netflix.eureka.registry.AbstractInstanceRegistry[266] - Registered instance CONFIG-SERVER/DESKTOP-DIC4SEB:config-server:8082 with status DOWN (replication=false)
[cms] 01:06:43.003 [Thread-14] INFO  com.netflix.eureka.DefaultEurekaServerContext[76] - Shutting down ...
[cms] 01:06:43.065 [Thread-14] INFO  com.netflix.eureka.DefaultEurekaServerContext[79] - Shut down
[cms] 01:06:43.124 [Thread-14] INFO  org.springframework.scheduling.concurrent.ThreadPoolTaskExecutor[208] - Shutting down ExecutorService 'applicationTaskExecutor'
[cms] 01:06:43.232 [Thread-14] INFO  com.netflix.discovery.DiscoveryClient[888] - Shutting down DiscoveryClient ...
[cms] 01:06:43.251 [Thread-14] INFO  com.netflix.discovery.DiscoveryClient[911] - Completed shut down of DiscoveryClient
