[cms] 16:13:30.821 [main] INFO  org.springframework.context.support.PostProcessorRegistrationDelegate$BeanPostProcessorChecker[330] - Bean 'org.springframework.cloud.autoconfigure.ConfigurationPropertiesRebinderAutoConfiguration' of type [org.springframework.cloud.autoconfigure.ConfigurationPropertiesRebinderAutoConfiguration$$EnhancerBySpringCGLIB$$58ee722b] is not eligible for getting processed by all BeanPostProcessors (for example: not eligible for auto-proxying)
[cms] 16:13:35.448 [main] INFO  com.white.eurekaserver.EurekaServerApplication[679] - The following profiles are active: dev
[cms] 16:13:42.774 [main] INFO  org.springframework.cloud.context.scope.GenericScope[294] - BeanFactory id=8f74c3b2-6ec2-3fa6-9522-e7d289815d83
[cms] 16:13:44.141 [main] INFO  org.springframework.context.support.PostProcessorRegistrationDelegate$BeanPostProcessorChecker[330] - Bean 'org.springframework.cloud.autoconfigure.ConfigurationPropertiesRebinderAutoConfiguration' of type [org.springframework.cloud.autoconfigure.ConfigurationPropertiesRebinderAutoConfiguration$$EnhancerBySpringCGLIB$$58ee722b] is not eligible for getting processed by all BeanPostProcessors (for example: not eligible for auto-proxying)
[cms] 16:13:48.592 [main] INFO  org.springframework.boot.web.embedded.tomcat.TomcatWebServer[90] - Tomcat initialized with port(s): 8081 (http)
[cms] 16:13:48.732 [main] INFO  org.apache.catalina.core.StandardService[173] - Starting service [Tomcat]
[cms] 16:13:48.818 [main] INFO  org.apache.catalina.core.StandardEngine[173] - Starting Servlet engine: [Apache Tomcat/9.0.17]
[cms] 16:13:49.342 [main] INFO  org.apache.catalina.core.ContainerBase.[Tomcat].[localhost].[/][173] - Initializing Spring embedded WebApplicationContext
[cms] 16:13:49.345 [main] INFO  org.springframework.web.context.ContextLoader[296] - Root WebApplicationContext: initialization completed in 13809 ms
[cms] 16:13:50.285 [main] INFO  com.netflix.config.sources.URLConfigurationSource[122] - To enable URLs as dynamic configuration sources, define System property archaius.configurationSource.additionalUrls or make config.properties available on classpath.
[cms] 16:13:50.498 [main] INFO  com.netflix.config.DynamicPropertyFactory[281] - DynamicPropertyFactory is initialized with configuration sources: com.netflix.config.ConcurrentCompositeConfiguration@57998275
[cms] 16:13:59.118 [main] INFO  com.sun.jersey.server.impl.application.WebApplicationImpl[815] - Initiating Jersey application, version 'Jersey: 1.19.1 03/11/2016 02:08 PM'
[cms] 16:14:00.244 [main] INFO  com.netflix.discovery.provider.DiscoveryJerseyProvider[70] - Using JSON encoding codec LegacyJacksonJson
[cms] 16:14:00.370 [main] INFO  com.netflix.discovery.provider.DiscoveryJerseyProvider[71] - Using JSON decoding codec LegacyJacksonJson
[cms] 16:14:01.492 [main] INFO  com.netflix.discovery.provider.DiscoveryJerseyProvider[80] - Using XML encoding codec XStreamXml
[cms] 16:14:01.691 [main] INFO  com.netflix.discovery.provider.DiscoveryJerseyProvider[81] - Using XML decoding codec XStreamXml
[cms] 16:14:13.198 [main] INFO  com.netflix.config.sources.URLConfigurationSource[122] - To enable URLs as dynamic configuration sources, define System property archaius.configurationSource.additionalUrls or make config.properties available on classpath.
[cms] 16:14:16.229 [main] INFO  org.springframework.scheduling.concurrent.ThreadPoolTaskExecutor[171] - Initializing ExecutorService 'applicationTaskExecutor'
[cms] 16:14:23.729 [main] INFO  org.springframework.cloud.netflix.eureka.InstanceInfoFactory[71] - Setting initial instance status as: STARTING
[cms] 16:14:23.911 [main] INFO  com.netflix.discovery.DiscoveryClient[349] - Initializing Eureka in region us-east-1
[cms] 16:14:23.921 [main] INFO  com.netflix.discovery.DiscoveryClient[352] - Client configured to neither register nor query for data.
[cms] 16:14:23.997 [main] INFO  com.netflix.discovery.DiscoveryClient[365] - Discovery Client initialized at timestamp 1570608863992 with initial instances count: 0
[cms] 16:14:24.248 [main] INFO  com.netflix.eureka.DefaultEurekaServerContext[63] - Initializing ...
[cms] 16:14:24.258 [main] INFO  com.netflix.eureka.cluster.PeerEurekaNodes[188] - Adding new peer nodes [http://127.0.0.1:8081/eureka/]
[cms] 16:14:24.482 [main] INFO  com.netflix.discovery.provider.DiscoveryJerseyProvider[70] - Using JSON encoding codec LegacyJacksonJson
[cms] 16:14:24.496 [main] INFO  com.netflix.discovery.provider.DiscoveryJerseyProvider[71] - Using JSON decoding codec LegacyJacksonJson
[cms] 16:14:24.503 [main] INFO  com.netflix.discovery.provider.DiscoveryJerseyProvider[80] - Using XML encoding codec XStreamXml
[cms] 16:14:24.520 [main] INFO  com.netflix.discovery.provider.DiscoveryJerseyProvider[81] - Using XML decoding codec XStreamXml
[cms] 16:14:24.957 [main] INFO  com.netflix.eureka.cluster.PeerEurekaNodes[110] - Replica node URL:  http://127.0.0.1:8081/eureka/
[cms] 16:14:24.992 [main] INFO  com.netflix.eureka.registry.AbstractInstanceRegistry[151] - Finished initializing remote region registries. All known remote regions: []
[cms] 16:14:24.996 [main] INFO  com.netflix.eureka.DefaultEurekaServerContext[70] - Initialized
[cms] 16:14:25.033 [main] INFO  org.springframework.boot.actuate.endpoint.web.EndpointLinksResolver[59] - Exposing 2 endpoint(s) beneath base path '/actuator'
[cms] 16:14:27.053 [main] INFO  org.springframework.cloud.netflix.eureka.serviceregistry.EurekaServiceRegistry[42] - Registering application EUREKA-SERVER with eureka with status UP
[cms] 16:14:28.636 [Thread-12] INFO  org.springframework.cloud.netflix.eureka.server.EurekaServerBootstrap[109] - Setting the eureka configuration..
[cms] 16:14:29.060 [main] INFO  org.springframework.boot.web.embedded.tomcat.TomcatWebServer[204] - Tomcat started on port(s): 8081 (http) with context path ''
[cms] 16:14:29.296 [Thread-12] INFO  org.springframework.cloud.netflix.eureka.server.EurekaServerBootstrap[114] - Eureka data center value eureka.datacenter is not set, defaulting to default
[cms] 16:14:29.554 [main] INFO  org.springframework.cloud.netflix.eureka.serviceregistry.EurekaAutoServiceRegistration[141] - Updating port to 8081
[cms] 16:14:29.992 [Thread-12] INFO  org.springframework.cloud.netflix.eureka.server.EurekaServerBootstrap[128] - Eureka environment value eureka.environment is not set, defaulting to test
[cms] 16:14:30.539 [main] INFO  com.white.eurekaserver.EurekaServerApplication[59] - Started EurekaServerApplication in 67.806 seconds (JVM running for 284.455)
[cms] 16:14:31.731 [Thread-12] INFO  org.springframework.cloud.netflix.eureka.server.EurekaServerBootstrap[184] - isAws returned false
[cms] 16:14:32.091 [Thread-12] INFO  org.springframework.cloud.netflix.eureka.server.EurekaServerBootstrap[152] - Initialized server context
[cms] 16:14:32.441 [Thread-12] INFO  com.netflix.eureka.registry.PeerAwareInstanceRegistryImpl[241] - Got 1 instances from neighboring DS node
[cms] 16:14:33.010 [Thread-12] INFO  com.netflix.eureka.registry.PeerAwareInstanceRegistryImpl[242] - Renew threshold is: 1
[cms] 16:14:33.053 [Thread-12] INFO  com.netflix.eureka.registry.PeerAwareInstanceRegistryImpl[253] - Changing status to UP
[cms] 16:14:33.138 [Thread-12] INFO  org.springframework.cloud.netflix.eureka.server.EurekaServerInitializerConfiguration[72] - Started Eureka Server
[cms] 16:14:48.067 [http-nio-8081-exec-10] INFO  org.apache.catalina.core.ContainerBase.[Tomcat].[localhost].[/][173] - Initializing Spring DispatcherServlet 'dispatcherServlet'
[cms] 16:14:48.073 [http-nio-8081-exec-10] INFO  org.springframework.web.servlet.DispatcherServlet[524] - Initializing Servlet 'dispatcherServlet'
[cms] 16:14:48.130 [http-nio-8081-exec-10] INFO  org.springframework.web.servlet.DispatcherServlet[546] - Completed initialization in 54 ms
[cms] 16:15:21.915 [http-nio-8081-exec-6] INFO  com.netflix.eureka.registry.AbstractInstanceRegistry[266] - Registered instance CONFIG-SERVER/DESKTOP-DIC4SEB:config-server:8082 with status UP (replication=false)
[cms] 16:15:21.916 [http-nio-8081-exec-8] INFO  com.netflix.eureka.registry.AbstractInstanceRegistry[266] - Registered instance CONFIG-SERVER/DESKTOP-DIC4SEB:config-server:8082 with status UP (replication=false)
[cms] 16:15:23.103 [http-nio-8081-exec-1] INFO  com.netflix.eureka.registry.AbstractInstanceRegistry[266] - Registered instance CONFIG-SERVER/DESKTOP-DIC4SEB:config-server:8082 with status UP (replication=true)
[cms] 16:15:33.115 [Eureka-EvictionTimer] INFO  com.netflix.eureka.registry.AbstractInstanceRegistry[1250] - Running the evict task with compensationTime 0ms
[cms] 16:16:33.120 [Eureka-EvictionTimer] INFO  com.netflix.eureka.registry.AbstractInstanceRegistry[1250] - Running the evict task with compensationTime 0ms
[cms] 16:17:33.116 [Eureka-EvictionTimer] INFO  com.netflix.eureka.registry.AbstractInstanceRegistry[1250] - Running the evict task with compensationTime 0ms
[cms] 16:18:00.871 [http-nio-8081-exec-3] INFO  com.netflix.eureka.registry.AbstractInstanceRegistry[266] - Registered instance USER-SERVER/DESKTOP-DIC4SEB:user-server:8085 with status UP (replication=false)
[cms] 16:18:01.409 [http-nio-8081-exec-1] INFO  com.netflix.eureka.registry.AbstractInstanceRegistry[266] - Registered instance USER-SERVER/DESKTOP-DIC4SEB:user-server:8085 with status UP (replication=true)
[cms] 16:18:33.116 [Eureka-EvictionTimer] INFO  com.netflix.eureka.registry.AbstractInstanceRegistry[1250] - Running the evict task with compensationTime 0ms
[cms] 16:19:33.116 [Eureka-EvictionTimer] INFO  com.netflix.eureka.registry.AbstractInstanceRegistry[1250] - Running the evict task with compensationTime 0ms
[cms] 16:20:33.116 [Eureka-EvictionTimer] INFO  com.netflix.eureka.registry.AbstractInstanceRegistry[1250] - Running the evict task with compensationTime 0ms
[cms] 16:21:33.117 [Eureka-EvictionTimer] INFO  com.netflix.eureka.registry.AbstractInstanceRegistry[1250] - Running the evict task with compensationTime 0ms
[cms] 16:22:33.117 [Eureka-EvictionTimer] INFO  com.netflix.eureka.registry.AbstractInstanceRegistry[1250] - Running the evict task with compensationTime 0ms
[cms] 16:23:33.119 [Eureka-EvictionTimer] INFO  com.netflix.eureka.registry.AbstractInstanceRegistry[1250] - Running the evict task with compensationTime 0ms
[cms] 16:24:33.118 [Eureka-EvictionTimer] INFO  com.netflix.eureka.registry.AbstractInstanceRegistry[1250] - Running the evict task with compensationTime 0ms
[cms] 16:24:47.460 [http-nio-8081-exec-5] INFO  com.netflix.eureka.registry.AbstractInstanceRegistry[266] - Registered instance USER-SERVER/DESKTOP-DIC4SEB:user-server:8085 with status DOWN (replication=false)
[cms] 16:24:47.975 [http-nio-8081-exec-8] INFO  com.netflix.eureka.registry.AbstractInstanceRegistry[266] - Registered instance USER-SERVER/DESKTOP-DIC4SEB:user-server:8085 with status DOWN (replication=true)
[cms] 16:24:50.614 [http-nio-8081-exec-6] INFO  com.netflix.eureka.registry.AbstractInstanceRegistry[330] - Cancelled instance USER-SERVER/DESKTOP-DIC4SEB:user-server:8085 (replication=false)
[cms] 16:24:51.146 [http-nio-8081-exec-9] INFO  com.netflix.eureka.resources.InstanceResource[288] - Not Found (Cancel): USER-SERVER - DESKTOP-DIC4SEB:user-server:8085
[cms] 16:25:33.131 [Eureka-EvictionTimer] INFO  com.netflix.eureka.registry.AbstractInstanceRegistry[1250] - Running the evict task with compensationTime 13ms
[cms] 16:26:33.132 [Eureka-EvictionTimer] INFO  com.netflix.eureka.registry.AbstractInstanceRegistry[1250] - Running the evict task with compensationTime 0ms
[cms] 16:27:33.132 [Eureka-EvictionTimer] INFO  com.netflix.eureka.registry.AbstractInstanceRegistry[1250] - Running the evict task with compensationTime 0ms
[cms] 16:28:33.132 [Eureka-EvictionTimer] INFO  com.netflix.eureka.registry.AbstractInstanceRegistry[1250] - Running the evict task with compensationTime 0ms
[cms] 16:29:24.997 [ReplicaAwareInstanceRegistry - RenewalThresholdUpdater] INFO  com.netflix.eureka.registry.PeerAwareInstanceRegistryImpl[539] - Current renewal threshold is : 3
[cms] 16:29:33.132 [Eureka-EvictionTimer] INFO  com.netflix.eureka.registry.AbstractInstanceRegistry[1250] - Running the evict task with compensationTime 0ms
[cms] 16:30:33.132 [Eureka-EvictionTimer] INFO  com.netflix.eureka.registry.AbstractInstanceRegistry[1250] - Running the evict task with compensationTime 0ms
[cms] 16:31:33.132 [Eureka-EvictionTimer] INFO  com.netflix.eureka.registry.AbstractInstanceRegistry[1250] - Running the evict task with compensationTime 0ms
[cms] 16:32:33.133 [Eureka-EvictionTimer] INFO  com.netflix.eureka.registry.AbstractInstanceRegistry[1250] - Running the evict task with compensationTime 0ms
[cms] 16:33:33.133 [Eureka-EvictionTimer] INFO  com.netflix.eureka.registry.AbstractInstanceRegistry[1250] - Running the evict task with compensationTime 0ms
[cms] 16:34:33.133 [Eureka-EvictionTimer] INFO  com.netflix.eureka.registry.AbstractInstanceRegistry[1250] - Running the evict task with compensationTime 0ms
[cms] 16:35:33.133 [Eureka-EvictionTimer] INFO  com.netflix.eureka.registry.AbstractInstanceRegistry[1250] - Running the evict task with compensationTime 0ms
[cms] 16:36:33.133 [Eureka-EvictionTimer] INFO  com.netflix.eureka.registry.AbstractInstanceRegistry[1250] - Running the evict task with compensationTime 0ms
[cms] 16:37:33.134 [Eureka-EvictionTimer] INFO  com.netflix.eureka.registry.AbstractInstanceRegistry[1250] - Running the evict task with compensationTime 0ms
[cms] 16:38:33.136 [Eureka-EvictionTimer] INFO  com.netflix.eureka.registry.AbstractInstanceRegistry[1250] - Running the evict task with compensationTime 1ms
[cms] 16:39:33.136 [Eureka-EvictionTimer] INFO  com.netflix.eureka.registry.AbstractInstanceRegistry[1250] - Running the evict task with compensationTime 0ms
[cms] 16:40:14.457 [http-nio-8081-exec-1] INFO  com.netflix.eureka.registry.AbstractInstanceRegistry[266] - Registered instance USER-SERVER/DESKTOP-DIC4SEB:user-server:8085 with status UP (replication=false)
[cms] 16:40:15.038 [http-nio-8081-exec-9] INFO  com.netflix.eureka.registry.AbstractInstanceRegistry[266] - Registered instance USER-SERVER/DESKTOP-DIC4SEB:user-server:8085 with status UP (replication=true)
[cms] 16:40:33.137 [Eureka-EvictionTimer] INFO  com.netflix.eureka.registry.AbstractInstanceRegistry[1250] - Running the evict task with compensationTime 0ms
[cms] 16:40:40.850 [http-nio-8081-exec-4] INFO  com.netflix.eureka.registry.AbstractInstanceRegistry[266] - Registered instance USER-SERVER/DESKTOP-DIC4SEB:user-server:8085 with status DOWN (replication=false)
[cms] 16:40:41.368 [http-nio-8081-exec-5] INFO  com.netflix.eureka.registry.AbstractInstanceRegistry[266] - Registered instance USER-SERVER/DESKTOP-DIC4SEB:user-server:8085 with status DOWN (replication=true)
[cms] 16:40:43.909 [http-nio-8081-exec-8] INFO  com.netflix.eureka.registry.AbstractInstanceRegistry[330] - Cancelled instance USER-SERVER/DESKTOP-DIC4SEB:user-server:8085 (replication=false)
[cms] 16:40:44.436 [http-nio-8081-exec-3] INFO  com.netflix.eureka.resources.InstanceResource[288] - Not Found (Cancel): USER-SERVER - DESKTOP-DIC4SEB:user-server:8085
[cms] 16:41:33.138 [Eureka-EvictionTimer] INFO  com.netflix.eureka.registry.AbstractInstanceRegistry[1250] - Running the evict task with compensationTime 0ms
[cms] 16:42:33.138 [Eureka-EvictionTimer] INFO  com.netflix.eureka.registry.AbstractInstanceRegistry[1250] - Running the evict task with compensationTime 0ms
[cms] 16:43:33.139 [Eureka-EvictionTimer] INFO  com.netflix.eureka.registry.AbstractInstanceRegistry[1250] - Running the evict task with compensationTime 0ms
[cms] 16:44:24.996 [ReplicaAwareInstanceRegistry - RenewalThresholdUpdater] INFO  com.netflix.eureka.registry.PeerAwareInstanceRegistryImpl[539] - Current renewal threshold is : 3
[cms] 16:44:33.140 [Eureka-EvictionTimer] INFO  com.netflix.eureka.registry.AbstractInstanceRegistry[1250] - Running the evict task with compensationTime 1ms
[cms] 16:45:33.140 [Eureka-EvictionTimer] INFO  com.netflix.eureka.registry.AbstractInstanceRegistry[1250] - Running the evict task with compensationTime 0ms
[cms] 16:46:33.142 [Eureka-EvictionTimer] INFO  com.netflix.eureka.registry.AbstractInstanceRegistry[1250] - Running the evict task with compensationTime 0ms
[cms] 16:47:07.567 [http-nio-8081-exec-2] INFO  com.netflix.eureka.registry.AbstractInstanceRegistry[266] - Registered instance USER-SERVER/DESKTOP-DIC4SEB:user-server:8085 with status UP (replication=false)
[cms] 16:47:08.108 [http-nio-8081-exec-7] INFO  com.netflix.eureka.registry.AbstractInstanceRegistry[266] - Registered instance USER-SERVER/DESKTOP-DIC4SEB:user-server:8085 with status UP (replication=true)
[cms] 16:47:33.142 [Eureka-EvictionTimer] INFO  com.netflix.eureka.registry.AbstractInstanceRegistry[1250] - Running the evict task with compensationTime 0ms
[cms] 16:48:23.435 [http-nio-8081-exec-8] INFO  com.netflix.eureka.registry.AbstractInstanceRegistry[266] - Registered instance USER-SERVER/DESKTOP-DIC4SEB:user-server:8085 with status DOWN (replication=false)
[cms] 16:48:23.950 [http-nio-8081-exec-3] INFO  com.netflix.eureka.registry.AbstractInstanceRegistry[266] - Registered instance USER-SERVER/DESKTOP-DIC4SEB:user-server:8085 with status DOWN (replication=true)
[cms] 16:48:26.511 [http-nio-8081-exec-1] INFO  com.netflix.eureka.registry.AbstractInstanceRegistry[330] - Cancelled instance USER-SERVER/DESKTOP-DIC4SEB:user-server:8085 (replication=false)
[cms] 16:48:27.032 [http-nio-8081-exec-7] INFO  com.netflix.eureka.resources.InstanceResource[288] - Not Found (Cancel): USER-SERVER - DESKTOP-DIC4SEB:user-server:8085
[cms] 16:48:33.142 [Eureka-EvictionTimer] INFO  com.netflix.eureka.registry.AbstractInstanceRegistry[1250] - Running the evict task with compensationTime 0ms
[cms] 16:49:33.143 [Eureka-EvictionTimer] INFO  com.netflix.eureka.registry.AbstractInstanceRegistry[1250] - Running the evict task with compensationTime 0ms
[cms] 16:50:33.144 [Eureka-EvictionTimer] INFO  com.netflix.eureka.registry.AbstractInstanceRegistry[1250] - Running the evict task with compensationTime 1ms
[cms] 16:51:33.144 [Eureka-EvictionTimer] INFO  com.netflix.eureka.registry.AbstractInstanceRegistry[1250] - Running the evict task with compensationTime 0ms
[cms] 16:52:33.144 [Eureka-EvictionTimer] INFO  com.netflix.eureka.registry.AbstractInstanceRegistry[1250] - Running the evict task with compensationTime 0ms
[cms] 16:53:33.145 [Eureka-EvictionTimer] INFO  com.netflix.eureka.registry.AbstractInstanceRegistry[1250] - Running the evict task with compensationTime 0ms
[cms] 16:54:33.146 [Eureka-EvictionTimer] INFO  com.netflix.eureka.registry.AbstractInstanceRegistry[1250] - Running the evict task with compensationTime 1ms
[cms] 16:55:33.146 [Eureka-EvictionTimer] INFO  com.netflix.eureka.registry.AbstractInstanceRegistry[1250] - Running the evict task with compensationTime 0ms
[cms] 16:56:33.147 [Eureka-EvictionTimer] INFO  com.netflix.eureka.registry.AbstractInstanceRegistry[1250] - Running the evict task with compensationTime 0ms
[cms] 16:57:33.148 [Eureka-EvictionTimer] INFO  com.netflix.eureka.registry.AbstractInstanceRegistry[1250] - Running the evict task with compensationTime 0ms
[cms] 16:58:33.149 [Eureka-EvictionTimer] INFO  com.netflix.eureka.registry.AbstractInstanceRegistry[1250] - Running the evict task with compensationTime 0ms
[cms] 16:59:24.996 [ReplicaAwareInstanceRegistry - RenewalThresholdUpdater] INFO  com.netflix.eureka.registry.PeerAwareInstanceRegistryImpl[539] - Current renewal threshold is : 3
[cms] 16:59:33.149 [Eureka-EvictionTimer] INFO  com.netflix.eureka.registry.AbstractInstanceRegistry[1250] - Running the evict task with compensationTime 0ms
[cms] 17:00:33.149 [Eureka-EvictionTimer] INFO  com.netflix.eureka.registry.AbstractInstanceRegistry[1250] - Running the evict task with compensationTime 0ms
[cms] 17:01:33.149 [Eureka-EvictionTimer] INFO  com.netflix.eureka.registry.AbstractInstanceRegistry[1250] - Running the evict task with compensationTime 0ms
[cms] 17:02:33.150 [Eureka-EvictionTimer] INFO  com.netflix.eureka.registry.AbstractInstanceRegistry[1250] - Running the evict task with compensationTime 1ms
[cms] 17:03:33.164 [Eureka-EvictionTimer] INFO  com.netflix.eureka.registry.AbstractInstanceRegistry[1250] - Running the evict task with compensationTime 13ms
[cms] 17:04:33.164 [Eureka-EvictionTimer] INFO  com.netflix.eureka.registry.AbstractInstanceRegistry[1250] - Running the evict task with compensationTime 0ms
[cms] 17:05:33.164 [Eureka-EvictionTimer] INFO  com.netflix.eureka.registry.AbstractInstanceRegistry[1250] - Running the evict task with compensationTime 0ms
[cms] 17:06:33.228 [Eureka-EvictionTimer] INFO  com.netflix.eureka.registry.AbstractInstanceRegistry[1250] - Running the evict task with compensationTime 64ms
[cms] 17:07:33.099 [http-nio-8081-exec-2] INFO  com.netflix.eureka.registry.AbstractInstanceRegistry[266] - Registered instance USER-SERVER/DESKTOP-DIC4SEB:user-server:8085 with status UP (replication=false)
[cms] 17:07:33.228 [Eureka-EvictionTimer] INFO  com.netflix.eureka.registry.AbstractInstanceRegistry[1250] - Running the evict task with compensationTime 0ms
[cms] 17:07:33.674 [http-nio-8081-exec-7] INFO  com.netflix.eureka.registry.AbstractInstanceRegistry[266] - Registered instance USER-SERVER/DESKTOP-DIC4SEB:user-server:8085 with status UP (replication=true)
[cms] 17:08:02.601 [http-nio-8081-exec-8] INFO  com.netflix.eureka.registry.AbstractInstanceRegistry[266] - Registered instance USER-SERVER/DESKTOP-DIC4SEB:user-server:8085 with status DOWN (replication=false)
[cms] 17:08:03.118 [http-nio-8081-exec-1] INFO  com.netflix.eureka.registry.AbstractInstanceRegistry[266] - Registered instance USER-SERVER/DESKTOP-DIC4SEB:user-server:8085 with status DOWN (replication=true)
[cms] 17:08:05.692 [http-nio-8081-exec-9] INFO  com.netflix.eureka.registry.AbstractInstanceRegistry[330] - Cancelled instance USER-SERVER/DESKTOP-DIC4SEB:user-server:8085 (replication=false)
[cms] 17:08:06.211 [http-nio-8081-exec-10] INFO  com.netflix.eureka.resources.InstanceResource[288] - Not Found (Cancel): USER-SERVER - DESKTOP-DIC4SEB:user-server:8085
[cms] 17:08:33.228 [Eureka-EvictionTimer] INFO  com.netflix.eureka.registry.AbstractInstanceRegistry[1250] - Running the evict task with compensationTime 0ms
[cms] 17:09:33.229 [Eureka-EvictionTimer] INFO  com.netflix.eureka.registry.AbstractInstanceRegistry[1250] - Running the evict task with compensationTime 0ms
[cms] 17:10:33.230 [Eureka-EvictionTimer] INFO  com.netflix.eureka.registry.AbstractInstanceRegistry[1250] - Running the evict task with compensationTime 0ms
[cms] 17:11:33.230 [Eureka-EvictionTimer] INFO  com.netflix.eureka.registry.AbstractInstanceRegistry[1250] - Running the evict task with compensationTime 0ms
[cms] 17:12:33.231 [Eureka-EvictionTimer] INFO  com.netflix.eureka.registry.AbstractInstanceRegistry[1250] - Running the evict task with compensationTime 1ms
[cms] 17:13:33.231 [Eureka-EvictionTimer] INFO  com.netflix.eureka.registry.AbstractInstanceRegistry[1250] - Running the evict task with compensationTime 0ms
[cms] 17:14:24.998 [ReplicaAwareInstanceRegistry - RenewalThresholdUpdater] INFO  com.netflix.eureka.registry.PeerAwareInstanceRegistryImpl[539] - Current renewal threshold is : 3
[cms] 17:14:33.232 [Eureka-EvictionTimer] INFO  com.netflix.eureka.registry.AbstractInstanceRegistry[1250] - Running the evict task with compensationTime 0ms
[cms] 17:15:33.232 [Eureka-EvictionTimer] INFO  com.netflix.eureka.registry.AbstractInstanceRegistry[1250] - Running the evict task with compensationTime 0ms
[cms] 17:16:33.232 [Eureka-EvictionTimer] INFO  com.netflix.eureka.registry.AbstractInstanceRegistry[1250] - Running the evict task with compensationTime 0ms
[cms] 17:17:33.232 [Eureka-EvictionTimer] INFO  com.netflix.eureka.registry.AbstractInstanceRegistry[1250] - Running the evict task with compensationTime 0ms
[cms] 17:18:33.244 [Eureka-EvictionTimer] INFO  com.netflix.eureka.registry.AbstractInstanceRegistry[1250] - Running the evict task with compensationTime 11ms
[cms] 17:19:20.431 [http-nio-8081-exec-4] INFO  com.netflix.eureka.registry.AbstractInstanceRegistry[266] - Registered instance USER-SERVER/DESKTOP-DIC4SEB:user-server:8085 with status UP (replication=false)
[cms] 17:19:20.954 [http-nio-8081-exec-5] INFO  com.netflix.eureka.registry.AbstractInstanceRegistry[266] - Registered instance USER-SERVER/DESKTOP-DIC4SEB:user-server:8085 with status UP (replication=true)
[cms] 17:19:33.243 [Eureka-EvictionTimer] INFO  com.netflix.eureka.registry.AbstractInstanceRegistry[1250] - Running the evict task with compensationTime 0ms
[cms] 17:20:33.244 [Eureka-EvictionTimer] INFO  com.netflix.eureka.registry.AbstractInstanceRegistry[1250] - Running the evict task with compensationTime 0ms
[cms] 17:21:06.238 [http-nio-8081-exec-6] INFO  com.netflix.eureka.registry.AbstractInstanceRegistry[266] - Registered instance USER-SERVER/DESKTOP-DIC4SEB:user-server:8085 with status DOWN (replication=false)
[cms] 17:21:06.772 [http-nio-8081-exec-3] INFO  com.netflix.eureka.registry.AbstractInstanceRegistry[266] - Registered instance USER-SERVER/DESKTOP-DIC4SEB:user-server:8085 with status DOWN (replication=true)
[cms] 17:21:09.311 [http-nio-8081-exec-1] INFO  com.netflix.eureka.registry.AbstractInstanceRegistry[330] - Cancelled instance USER-SERVER/DESKTOP-DIC4SEB:user-server:8085 (replication=false)
[cms] 17:21:09.843 [http-nio-8081-exec-7] INFO  com.netflix.eureka.resources.InstanceResource[288] - Not Found (Cancel): USER-SERVER - DESKTOP-DIC4SEB:user-server:8085
[cms] 17:21:33.245 [Eureka-EvictionTimer] INFO  com.netflix.eureka.registry.AbstractInstanceRegistry[1250] - Running the evict task with compensationTime 1ms
[cms] 17:22:33.246 [Eureka-EvictionTimer] INFO  com.netflix.eureka.registry.AbstractInstanceRegistry[1250] - Running the evict task with compensationTime 1ms
[cms] 17:23:33.246 [Eureka-EvictionTimer] INFO  com.netflix.eureka.registry.AbstractInstanceRegistry[1250] - Running the evict task with compensationTime 0ms
[cms] 17:24:33.246 [Eureka-EvictionTimer] INFO  com.netflix.eureka.registry.AbstractInstanceRegistry[1250] - Running the evict task with compensationTime 0ms
[cms] 17:25:33.247 [Eureka-EvictionTimer] INFO  com.netflix.eureka.registry.AbstractInstanceRegistry[1250] - Running the evict task with compensationTime 0ms
[cms] 17:26:33.263 [Eureka-EvictionTimer] INFO  com.netflix.eureka.registry.AbstractInstanceRegistry[1250] - Running the evict task with compensationTime 16ms
[cms] 17:27:28.443 [http-nio-8081-exec-5] INFO  com.netflix.eureka.registry.AbstractInstanceRegistry[266] - Registered instance USER-SERVER/DESKTOP-DIC4SEB:user-server:8085 with status UP (replication=false)
[cms] 17:27:28.984 [http-nio-8081-exec-8] INFO  com.netflix.eureka.registry.AbstractInstanceRegistry[266] - Registered instance USER-SERVER/DESKTOP-DIC4SEB:user-server:8085 with status UP (replication=true)
[cms] 17:27:33.263 [Eureka-EvictionTimer] INFO  com.netflix.eureka.registry.AbstractInstanceRegistry[1250] - Running the evict task with compensationTime 0ms
[cms] 17:28:33.263 [Eureka-EvictionTimer] INFO  com.netflix.eureka.registry.AbstractInstanceRegistry[1250] - Running the evict task with compensationTime 0ms
[cms] 17:29:25.008 [ReplicaAwareInstanceRegistry - RenewalThresholdUpdater] INFO  com.netflix.eureka.registry.PeerAwareInstanceRegistryImpl[539] - Current renewal threshold is : 5
[cms] 17:29:33.263 [Eureka-EvictionTimer] INFO  com.netflix.eureka.registry.AbstractInstanceRegistry[1250] - Running the evict task with compensationTime 0ms
[cms] 17:30:33.263 [Eureka-EvictionTimer] INFO  com.netflix.eureka.registry.AbstractInstanceRegistry[1250] - Running the evict task with compensationTime 0ms
[cms] 17:31:12.300 [http-nio-8081-exec-9] INFO  com.netflix.eureka.registry.AbstractInstanceRegistry[266] - Registered instance USER-SERVER/DESKTOP-DIC4SEB:user-server:8085 with status DOWN (replication=false)
[cms] 17:31:12.824 [http-nio-8081-exec-2] INFO  com.netflix.eureka.registry.AbstractInstanceRegistry[266] - Registered instance USER-SERVER/DESKTOP-DIC4SEB:user-server:8085 with status DOWN (replication=true)
[cms] 17:31:15.385 [http-nio-8081-exec-7] INFO  com.netflix.eureka.registry.AbstractInstanceRegistry[330] - Cancelled instance USER-SERVER/DESKTOP-DIC4SEB:user-server:8085 (replication=false)
[cms] 17:31:15.897 [http-nio-8081-exec-5] INFO  com.netflix.eureka.resources.InstanceResource[288] - Not Found (Cancel): USER-SERVER - DESKTOP-DIC4SEB:user-server:8085
[cms] 17:31:33.264 [Eureka-EvictionTimer] INFO  com.netflix.eureka.registry.AbstractInstanceRegistry[1250] - Running the evict task with compensationTime 0ms
[cms] 17:32:33.264 [Eureka-EvictionTimer] INFO  com.netflix.eureka.registry.AbstractInstanceRegistry[1250] - Running the evict task with compensationTime 0ms
[cms] 17:32:36.243 [http-nio-8081-exec-3] INFO  com.netflix.eureka.registry.AbstractInstanceRegistry[266] - Registered instance USER-SERVER/DESKTOP-DIC4SEB:user-server:8085 with status UP (replication=false)
[cms] 17:32:36.845 [http-nio-8081-exec-1] INFO  com.netflix.eureka.registry.AbstractInstanceRegistry[266] - Registered instance USER-SERVER/DESKTOP-DIC4SEB:user-server:8085 with status UP (replication=true)
[cms] 17:32:52.190 [http-nio-8081-exec-9] INFO  com.netflix.eureka.registry.AbstractInstanceRegistry[266] - Registered instance USER-SERVER/DESKTOP-DIC4SEB:user-server:8085 with status DOWN (replication=false)
[cms] 17:32:52.717 [http-nio-8081-exec-2] INFO  com.netflix.eureka.registry.AbstractInstanceRegistry[266] - Registered instance USER-SERVER/DESKTOP-DIC4SEB:user-server:8085 with status DOWN (replication=true)
[cms] 17:32:55.270 [http-nio-8081-exec-5] INFO  com.netflix.eureka.registry.AbstractInstanceRegistry[330] - Cancelled instance USER-SERVER/DESKTOP-DIC4SEB:user-server:8085 (replication=false)
[cms] 17:32:55.914 [http-nio-8081-exec-8] INFO  com.netflix.eureka.resources.InstanceResource[288] - Not Found (Cancel): USER-SERVER - DESKTOP-DIC4SEB:user-server:8085
[cms] 17:33:33.266 [Eureka-EvictionTimer] INFO  com.netflix.eureka.registry.AbstractInstanceRegistry[1250] - Running the evict task with compensationTime 1ms
[cms] 17:34:33.266 [Eureka-EvictionTimer] INFO  com.netflix.eureka.registry.AbstractInstanceRegistry[1250] - Running the evict task with compensationTime 1ms
[cms] 17:34:41.417 [http-nio-8081-exec-9] INFO  com.netflix.eureka.registry.AbstractInstanceRegistry[266] - Registered instance USER-SERVER/DESKTOP-DIC4SEB:user-server:8085 with status UP (replication=false)
[cms] 17:34:41.957 [http-nio-8081-exec-2] INFO  com.netflix.eureka.registry.AbstractInstanceRegistry[266] - Registered instance USER-SERVER/DESKTOP-DIC4SEB:user-server:8085 with status UP (replication=true)
[cms] 17:34:57.666 [http-nio-8081-exec-5] INFO  com.netflix.eureka.registry.AbstractInstanceRegistry[266] - Registered instance USER-SERVER/DESKTOP-DIC4SEB:user-server:8085 with status DOWN (replication=false)
[cms] 17:34:58.198 [http-nio-8081-exec-6] INFO  com.netflix.eureka.registry.AbstractInstanceRegistry[266] - Registered instance USER-SERVER/DESKTOP-DIC4SEB:user-server:8085 with status DOWN (replication=true)
[cms] 17:35:00.734 [http-nio-8081-exec-8] INFO  com.netflix.eureka.registry.AbstractInstanceRegistry[330] - Cancelled instance USER-SERVER/DESKTOP-DIC4SEB:user-server:8085 (replication=false)
[cms] 17:35:01.252 [http-nio-8081-exec-1] INFO  com.netflix.eureka.resources.InstanceResource[288] - Not Found (Cancel): USER-SERVER - DESKTOP-DIC4SEB:user-server:8085
[cms] 17:35:33.267 [Eureka-EvictionTimer] INFO  com.netflix.eureka.registry.AbstractInstanceRegistry[1250] - Running the evict task with compensationTime 0ms
[cms] 17:35:53.733 [Thread-14] INFO  org.springframework.cloud.netflix.eureka.serviceregistry.EurekaServiceRegistry[65] - Unregistering application EUREKA-SERVER with eureka with status DOWN
[cms] 17:35:53.952 [Thread-14] INFO  com.netflix.eureka.DefaultEurekaServerContext[76] - Shutting down ...
[cms] 17:35:54.053 [Thread-14] INFO  com.netflix.eureka.DefaultEurekaServerContext[79] - Shut down
[cms] 17:35:54.115 [Thread-14] INFO  org.springframework.scheduling.concurrent.ThreadPoolTaskExecutor[208] - Shutting down ExecutorService 'applicationTaskExecutor'
[cms] 17:35:54.293 [Thread-14] INFO  com.netflix.discovery.DiscoveryClient[888] - Shutting down DiscoveryClient ...
[cms] 17:35:54.299 [Thread-14] INFO  com.netflix.discovery.DiscoveryClient[911] - Completed shut down of DiscoveryClient
[cms] 17:37:35.675 [main] INFO  org.springframework.context.support.PostProcessorRegistrationDelegate$BeanPostProcessorChecker[330] - Bean 'org.springframework.cloud.autoconfigure.ConfigurationPropertiesRebinderAutoConfiguration' of type [org.springframework.cloud.autoconfigure.ConfigurationPropertiesRebinderAutoConfiguration$$EnhancerBySpringCGLIB$$136772a1] is not eligible for getting processed by all BeanPostProcessors (for example: not eligible for auto-proxying)
[cms] 17:37:37.610 [main] INFO  com.white.eurekaserver.EurekaServerApplication[679] - The following profiles are active: dev
[cms] 17:37:43.254 [main] INFO  org.springframework.cloud.context.scope.GenericScope[294] - BeanFactory id=8f74c3b2-6ec2-3fa6-9522-e7d289815d83
[cms] 17:37:43.703 [main] INFO  org.springframework.context.support.PostProcessorRegistrationDelegate$BeanPostProcessorChecker[330] - Bean 'org.springframework.cloud.autoconfigure.ConfigurationPropertiesRebinderAutoConfiguration' of type [org.springframework.cloud.autoconfigure.ConfigurationPropertiesRebinderAutoConfiguration$$EnhancerBySpringCGLIB$$136772a1] is not eligible for getting processed by all BeanPostProcessors (for example: not eligible for auto-proxying)
[cms] 17:37:45.875 [main] INFO  org.springframework.boot.web.embedded.tomcat.TomcatWebServer[90] - Tomcat initialized with port(s): 8081 (http)
[cms] 17:37:45.955 [main] INFO  org.apache.catalina.core.StandardService[173] - Starting service [Tomcat]
[cms] 17:37:45.958 [main] INFO  org.apache.catalina.core.StandardEngine[173] - Starting Servlet engine: [Apache Tomcat/9.0.17]
[cms] 17:37:46.273 [main] INFO  org.apache.catalina.core.ContainerBase.[Tomcat].[localhost].[/][173] - Initializing Spring embedded WebApplicationContext
[cms] 17:37:46.277 [main] INFO  org.springframework.web.context.ContextLoader[296] - Root WebApplicationContext: initialization completed in 8641 ms
[cms] 17:37:46.658 [main] INFO  com.netflix.config.sources.URLConfigurationSource[122] - To enable URLs as dynamic configuration sources, define System property archaius.configurationSource.additionalUrls or make config.properties available on classpath.
[cms] 17:37:46.705 [main] INFO  com.netflix.config.DynamicPropertyFactory[281] - DynamicPropertyFactory is initialized with configuration sources: com.netflix.config.ConcurrentCompositeConfiguration@6091941f
[cms] 17:37:51.984 [main] INFO  com.sun.jersey.server.impl.application.WebApplicationImpl[815] - Initiating Jersey application, version 'Jersey: 1.19.1 03/11/2016 02:08 PM'
[cms] 17:37:52.218 [main] INFO  com.netflix.discovery.provider.DiscoveryJerseyProvider[70] - Using JSON encoding codec LegacyJacksonJson
[cms] 17:37:52.223 [main] INFO  com.netflix.discovery.provider.DiscoveryJerseyProvider[71] - Using JSON decoding codec LegacyJacksonJson
[cms] 17:37:52.750 [main] INFO  com.netflix.discovery.provider.DiscoveryJerseyProvider[80] - Using XML encoding codec XStreamXml
[cms] 17:37:52.818 [main] INFO  com.netflix.discovery.provider.DiscoveryJerseyProvider[81] - Using XML decoding codec XStreamXml
[cms] 17:37:55.677 [main] INFO  com.netflix.config.sources.URLConfigurationSource[122] - To enable URLs as dynamic configuration sources, define System property archaius.configurationSource.additionalUrls or make config.properties available on classpath.
[cms] 17:37:57.714 [main] INFO  org.springframework.scheduling.concurrent.ThreadPoolTaskExecutor[171] - Initializing ExecutorService 'applicationTaskExecutor'
[cms] 17:38:03.793 [main] INFO  org.springframework.cloud.netflix.eureka.InstanceInfoFactory[71] - Setting initial instance status as: STARTING
[cms] 17:38:03.902 [main] INFO  com.netflix.discovery.DiscoveryClient[349] - Initializing Eureka in region us-east-1
[cms] 17:38:03.905 [main] INFO  com.netflix.discovery.DiscoveryClient[352] - Client configured to neither register nor query for data.
[cms] 17:38:03.949 [main] INFO  com.netflix.discovery.DiscoveryClient[365] - Discovery Client initialized at timestamp 1570613883945 with initial instances count: 0
[cms] 17:38:04.074 [main] INFO  com.netflix.eureka.DefaultEurekaServerContext[63] - Initializing ...
[cms] 17:38:04.082 [main] INFO  com.netflix.eureka.cluster.PeerEurekaNodes[188] - Adding new peer nodes [http://127.0.0.1:8081/eureka/]
[cms] 17:38:05.266 [main] INFO  com.netflix.discovery.provider.DiscoveryJerseyProvider[70] - Using JSON encoding codec LegacyJacksonJson
[cms] 17:38:05.271 [main] INFO  com.netflix.discovery.provider.DiscoveryJerseyProvider[71] - Using JSON decoding codec LegacyJacksonJson
[cms] 17:38:05.274 [main] INFO  com.netflix.discovery.provider.DiscoveryJerseyProvider[80] - Using XML encoding codec XStreamXml
[cms] 17:38:05.276 [main] INFO  com.netflix.discovery.provider.DiscoveryJerseyProvider[81] - Using XML decoding codec XStreamXml
[cms] 17:38:05.528 [main] INFO  com.netflix.eureka.cluster.PeerEurekaNodes[110] - Replica node URL:  http://127.0.0.1:8081/eureka/
[cms] 17:38:05.549 [main] INFO  com.netflix.eureka.registry.AbstractInstanceRegistry[151] - Finished initializing remote region registries. All known remote regions: []
[cms] 17:38:05.557 [main] INFO  com.netflix.eureka.DefaultEurekaServerContext[70] - Initialized
[cms] 17:38:05.586 [main] INFO  org.springframework.boot.actuate.endpoint.web.EndpointLinksResolver[59] - Exposing 2 endpoint(s) beneath base path '/actuator'
[cms] 17:38:05.836 [main] INFO  org.springframework.cloud.netflix.eureka.serviceregistry.EurekaServiceRegistry[42] - Registering application EUREKA-SERVER with eureka with status UP
[cms] 17:38:05.870 [Thread-12] INFO  org.springframework.cloud.netflix.eureka.server.EurekaServerBootstrap[109] - Setting the eureka configuration..
[cms] 17:38:06.184 [Thread-12] INFO  org.springframework.cloud.netflix.eureka.server.EurekaServerBootstrap[114] - Eureka data center value eureka.datacenter is not set, defaulting to default
[cms] 17:38:06.198 [Thread-12] INFO  org.springframework.cloud.netflix.eureka.server.EurekaServerBootstrap[128] - Eureka environment value eureka.environment is not set, defaulting to test
[cms] 17:38:06.301 [Thread-12] INFO  org.springframework.cloud.netflix.eureka.server.EurekaServerBootstrap[184] - isAws returned false
[cms] 17:38:06.377 [Thread-12] INFO  org.springframework.cloud.netflix.eureka.server.EurekaServerBootstrap[152] - Initialized server context
[cms] 17:38:06.381 [http-nio-8081-exec-1] INFO  org.apache.catalina.core.ContainerBase.[Tomcat].[localhost].[/][173] - Initializing Spring DispatcherServlet 'dispatcherServlet'
[cms] 17:38:06.384 [http-nio-8081-exec-1] INFO  org.springframework.web.servlet.DispatcherServlet[524] - Initializing Servlet 'dispatcherServlet'
[cms] 17:38:06.382 [Thread-12] INFO  com.netflix.eureka.registry.PeerAwareInstanceRegistryImpl[241] - Got 1 instances from neighboring DS node
[cms] 17:38:06.391 [Thread-12] INFO  com.netflix.eureka.registry.PeerAwareInstanceRegistryImpl[242] - Renew threshold is: 1
[cms] 17:38:06.404 [Thread-12] INFO  com.netflix.eureka.registry.PeerAwareInstanceRegistryImpl[253] - Changing status to UP
[cms] 17:38:06.410 [http-nio-8081-exec-1] INFO  org.springframework.web.servlet.DispatcherServlet[546] - Completed initialization in 24 ms
[cms] 17:38:06.422 [Thread-12] INFO  org.springframework.cloud.netflix.eureka.server.EurekaServerInitializerConfiguration[72] - Started Eureka Server
[cms] 17:38:06.488 [main] INFO  org.springframework.boot.web.embedded.tomcat.TomcatWebServer[204] - Tomcat started on port(s): 8081 (http) with context path ''
[cms] 17:38:06.510 [main] INFO  org.springframework.cloud.netflix.eureka.serviceregistry.EurekaAutoServiceRegistration[141] - Updating port to 8081
[cms] 17:38:06.514 [main] INFO  com.white.eurekaserver.EurekaServerApplication[59] - Started EurekaServerApplication in 36.06 seconds (JVM running for 66.023)
[cms] 17:38:16.815 [http-nio-8081-exec-2] INFO  com.netflix.eureka.registry.AbstractInstanceRegistry[266] - Registered instance CONFIG-SERVER/DESKTOP-DIC4SEB:config-server:8082 with status UP (replication=false)
[cms] 17:38:17.583 [http-nio-8081-exec-3] INFO  com.netflix.eureka.registry.AbstractInstanceRegistry[266] - Registered instance CONFIG-SERVER/DESKTOP-DIC4SEB:config-server:8082 with status UP (replication=true)
[cms] 17:39:06.409 [Eureka-EvictionTimer] INFO  com.netflix.eureka.registry.AbstractInstanceRegistry[1250] - Running the evict task with compensationTime 0ms
[cms] 17:40:06.409 [Eureka-EvictionTimer] INFO  com.netflix.eureka.registry.AbstractInstanceRegistry[1250] - Running the evict task with compensationTime 0ms
[cms] 17:41:06.410 [Eureka-EvictionTimer] INFO  com.netflix.eureka.registry.AbstractInstanceRegistry[1250] - Running the evict task with compensationTime 1ms
[cms] 17:42:06.410 [Eureka-EvictionTimer] INFO  com.netflix.eureka.registry.AbstractInstanceRegistry[1250] - Running the evict task with compensationTime 0ms
[cms] 17:43:06.411 [Eureka-EvictionTimer] INFO  com.netflix.eureka.registry.AbstractInstanceRegistry[1250] - Running the evict task with compensationTime 0ms
[cms] 17:43:51.969 [http-nio-8081-exec-10] INFO  com.netflix.eureka.registry.AbstractInstanceRegistry[266] - Registered instance USER-SERVER/DESKTOP-DIC4SEB:user-server:8085 with status UP (replication=false)
[cms] 17:43:52.491 [http-nio-8081-exec-1] INFO  com.netflix.eureka.registry.AbstractInstanceRegistry[266] - Registered instance USER-SERVER/DESKTOP-DIC4SEB:user-server:8085 with status UP (replication=true)
[cms] 17:44:06.412 [Eureka-EvictionTimer] INFO  com.netflix.eureka.registry.AbstractInstanceRegistry[1250] - Running the evict task with compensationTime 0ms
[cms] 17:45:06.412 [Eureka-EvictionTimer] INFO  com.netflix.eureka.registry.AbstractInstanceRegistry[1250] - Running the evict task with compensationTime 0ms
[cms] 17:46:06.412 [Eureka-EvictionTimer] INFO  com.netflix.eureka.registry.AbstractInstanceRegistry[1250] - Running the evict task with compensationTime 0ms
[cms] 17:47:06.413 [Eureka-EvictionTimer] INFO  com.netflix.eureka.registry.AbstractInstanceRegistry[1250] - Running the evict task with compensationTime 0ms
[cms] 17:48:06.413 [Eureka-EvictionTimer] INFO  com.netflix.eureka.registry.AbstractInstanceRegistry[1250] - Running the evict task with compensationTime 0ms
[cms] 17:49:06.413 [Eureka-EvictionTimer] INFO  com.netflix.eureka.registry.AbstractInstanceRegistry[1250] - Running the evict task with compensationTime 0ms
[cms] 17:50:06.413 [Eureka-EvictionTimer] INFO  com.netflix.eureka.registry.AbstractInstanceRegistry[1250] - Running the evict task with compensationTime 0ms
[cms] 17:50:37.939 [http-nio-8081-exec-4] INFO  com.netflix.eureka.registry.AbstractInstanceRegistry[266] - Registered instance USER-SERVER/DESKTOP-DIC4SEB:user-server:8085 with status DOWN (replication=false)
[cms] 17:50:38.459 [http-nio-8081-exec-5] INFO  com.netflix.eureka.registry.AbstractInstanceRegistry[266] - Registered instance USER-SERVER/DESKTOP-DIC4SEB:user-server:8085 with status DOWN (replication=true)
[cms] 17:50:41.151 [http-nio-8081-exec-6] INFO  com.netflix.eureka.registry.AbstractInstanceRegistry[330] - Cancelled instance USER-SERVER/DESKTOP-DIC4SEB:user-server:8085 (replication=false)
[cms] 17:50:41.707 [http-nio-8081-exec-8] INFO  com.netflix.eureka.resources.InstanceResource[288] - Not Found (Cancel): USER-SERVER - DESKTOP-DIC4SEB:user-server:8085
[cms] 17:51:06.413 [Eureka-EvictionTimer] INFO  com.netflix.eureka.registry.AbstractInstanceRegistry[1250] - Running the evict task with compensationTime 0ms
[cms] 17:52:06.413 [Eureka-EvictionTimer] INFO  com.netflix.eureka.registry.AbstractInstanceRegistry[1250] - Running the evict task with compensationTime 0ms
[cms] 17:53:05.567 [ReplicaAwareInstanceRegistry - RenewalThresholdUpdater] INFO  com.netflix.eureka.registry.PeerAwareInstanceRegistryImpl[539] - Current renewal threshold is : 3
[cms] 17:53:06.414 [Eureka-EvictionTimer] INFO  com.netflix.eureka.registry.AbstractInstanceRegistry[1250] - Running the evict task with compensationTime 0ms
[cms] 17:54:06.414 [Eureka-EvictionTimer] INFO  com.netflix.eureka.registry.AbstractInstanceRegistry[1250] - Running the evict task with compensationTime 0ms
[cms] 17:55:06.425 [Eureka-EvictionTimer] INFO  com.netflix.eureka.registry.AbstractInstanceRegistry[1250] - Running the evict task with compensationTime 11ms
[cms] 17:55:48.237 [http-nio-8081-exec-3] INFO  com.netflix.eureka.registry.AbstractInstanceRegistry[266] - Registered instance USER-SERVER/DESKTOP-DIC4SEB:user-server:8085 with status UP (replication=false)
[cms] 17:55:48.802 [http-nio-8081-exec-4] INFO  com.netflix.eureka.registry.AbstractInstanceRegistry[266] - Registered instance USER-SERVER/DESKTOP-DIC4SEB:user-server:8085 with status UP (replication=true)
[cms] 17:55:54.993 [http-nio-8081-exec-5] INFO  com.netflix.eureka.registry.AbstractInstanceRegistry[266] - Registered instance USER-SERVER/DESKTOP-DIC4SEB:user-server:8085 with status DOWN (replication=false)
[cms] 17:55:55.515 [http-nio-8081-exec-6] INFO  com.netflix.eureka.registry.AbstractInstanceRegistry[266] - Registered instance USER-SERVER/DESKTOP-DIC4SEB:user-server:8085 with status DOWN (replication=true)
[cms] 17:55:58.069 [http-nio-8081-exec-7] INFO  com.netflix.eureka.registry.AbstractInstanceRegistry[330] - Cancelled instance USER-SERVER/DESKTOP-DIC4SEB:user-server:8085 (replication=false)
[cms] 17:55:58.601 [http-nio-8081-exec-9] INFO  com.netflix.eureka.resources.InstanceResource[288] - Not Found (Cancel): USER-SERVER - DESKTOP-DIC4SEB:user-server:8085
[cms] 17:56:06.430 [Eureka-EvictionTimer] INFO  com.netflix.eureka.registry.AbstractInstanceRegistry[1250] - Running the evict task with compensationTime 4ms
[cms] 17:57:06.430 [Eureka-EvictionTimer] INFO  com.netflix.eureka.registry.AbstractInstanceRegistry[1250] - Running the evict task with compensationTime 0ms
[cms] 17:58:06.431 [Eureka-EvictionTimer] INFO  com.netflix.eureka.registry.AbstractInstanceRegistry[1250] - Running the evict task with compensationTime 0ms
[cms] 17:58:38.768 [http-nio-8081-exec-1] INFO  com.netflix.eureka.registry.AbstractInstanceRegistry[266] - Registered instance USER-SERVER/DESKTOP-DIC4SEB:user-server:8085 with status UP (replication=false)
[cms] 17:58:39.309 [http-nio-8081-exec-2] INFO  com.netflix.eureka.registry.AbstractInstanceRegistry[266] - Registered instance USER-SERVER/DESKTOP-DIC4SEB:user-server:8085 with status UP (replication=true)
[cms] 17:59:06.431 [Eureka-EvictionTimer] INFO  com.netflix.eureka.registry.AbstractInstanceRegistry[1250] - Running the evict task with compensationTime 0ms
[cms] 18:00:06.431 [Eureka-EvictionTimer] INFO  com.netflix.eureka.registry.AbstractInstanceRegistry[1250] - Running the evict task with compensationTime 0ms
[cms] 18:01:06.443 [Eureka-EvictionTimer] INFO  com.netflix.eureka.registry.AbstractInstanceRegistry[1250] - Running the evict task with compensationTime 13ms
[cms] 18:02:06.443 [Eureka-EvictionTimer] INFO  com.netflix.eureka.registry.AbstractInstanceRegistry[1250] - Running the evict task with compensationTime 0ms
[cms] 18:03:06.470 [Eureka-EvictionTimer] INFO  com.netflix.eureka.registry.AbstractInstanceRegistry[1250] - Running the evict task with compensationTime 26ms
[cms] 18:04:06.470 [Eureka-EvictionTimer] INFO  com.netflix.eureka.registry.AbstractInstanceRegistry[1250] - Running the evict task with compensationTime 0ms
[cms] 18:04:09.146 [http-nio-8081-exec-9] INFO  com.netflix.eureka.registry.AbstractInstanceRegistry[266] - Registered instance CONFIG-SERVER/DESKTOP-DIC4SEB:config-server:8082 with status DOWN (replication=false)
[cms] 18:04:09.420 [http-nio-8081-exec-10] INFO  com.netflix.eureka.registry.AbstractInstanceRegistry[266] - Registered instance CONFIG-SERVER/DESKTOP-DIC4SEB:config-server:8082 with status DOWN (replication=true)
[cms] 18:04:10.683 [Thread-14] INFO  org.springframework.cloud.netflix.eureka.serviceregistry.EurekaServiceRegistry[65] - Unregistering application EUREKA-SERVER with eureka with status DOWN
[cms] 18:04:10.870 [Thread-14] INFO  com.netflix.eureka.DefaultEurekaServerContext[76] - Shutting down ...
[cms] 18:04:10.914 [Thread-14] INFO  com.netflix.eureka.DefaultEurekaServerContext[79] - Shut down
[cms] 18:04:10.950 [Thread-14] INFO  org.springframework.scheduling.concurrent.ThreadPoolTaskExecutor[208] - Shutting down ExecutorService 'applicationTaskExecutor'
[cms] 18:04:11.039 [Thread-14] INFO  com.netflix.discovery.DiscoveryClient[888] - Shutting down DiscoveryClient ...
[cms] 18:04:11.042 [Thread-14] INFO  com.netflix.discovery.DiscoveryClient[911] - Completed shut down of DiscoveryClient
