[cms] 17:51:27.111 [main] INFO  org.springframework.context.support.PostProcessorRegistrationDelegate$BeanPostProcessorChecker[330] - Bean 'org.springframework.cloud.autoconfigure.ConfigurationPropertiesRebinderAutoConfiguration' of type [org.springframework.cloud.autoconfigure.ConfigurationPropertiesRebinderAutoConfiguration$$EnhancerBySpringCGLIB$$da5f60bb] is not eligible for getting processed by all BeanPostProcessors (for example: not eligible for auto-proxying)
[cms] 17:51:28.461 [main] INFO  org.springframework.cloud.netflix.eureka.InstanceInfoFactory[71] - Setting initial instance status as: STARTING
[cms] 17:51:28.738 [main] INFO  com.netflix.discovery.DiscoveryClient[349] - Initializing Eureka in region us-east-1
[cms] 17:51:30.246 [main] INFO  com.netflix.discovery.provider.DiscoveryJerseyProvider[70] - Using JSON encoding codec LegacyJacksonJson
[cms] 17:51:30.252 [main] INFO  com.netflix.discovery.provider.DiscoveryJerseyProvider[71] - Using JSON decoding codec LegacyJacksonJson
[cms] 17:51:30.982 [main] INFO  com.netflix.discovery.provider.DiscoveryJerseyProvider[80] - Using XML encoding codec XStreamXml
[cms] 17:51:30.996 [main] INFO  com.netflix.discovery.provider.DiscoveryJerseyProvider[81] - Using XML decoding codec XStreamXml
[cms] 17:51:32.244 [main] INFO  com.netflix.discovery.shared.resolver.aws.ConfigClusterResolver[43] - Resolving eureka endpoints via configuration
[cms] 17:51:33.063 [main] INFO  com.netflix.discovery.DiscoveryClient[958] - Disable delta property : false
[cms] 17:51:33.066 [main] INFO  com.netflix.discovery.DiscoveryClient[959] - Single vip registry refresh property : null
[cms] 17:51:33.069 [main] INFO  com.netflix.discovery.DiscoveryClient[960] - Force full registry fetch : false
[cms] 17:51:33.070 [main] INFO  com.netflix.discovery.DiscoveryClient[961] - Application is null : false
[cms] 17:51:33.073 [main] INFO  com.netflix.discovery.DiscoveryClient[962] - Registered Applications size is zero : true
[cms] 17:51:33.076 [main] INFO  com.netflix.discovery.DiscoveryClient[964] - Application version is -1: true
[cms] 17:51:33.078 [main] INFO  com.netflix.discovery.DiscoveryClient[1047] - Getting all instance registry info from the eureka server
[cms] 17:51:33.754 [main] INFO  com.netflix.discovery.DiscoveryClient[1056] - The response status is 200
[cms] 17:51:33.764 [main] INFO  com.netflix.discovery.DiscoveryClient[1317] - Not registering with Eureka server per configuration
[cms] 17:51:33.780 [main] INFO  com.netflix.discovery.DiscoveryClient[449] - Discovery Client initialized at timestamp 1560937893775 with initial instances count: 3
[cms] 17:51:35.923 [main] INFO  org.springframework.cloud.config.client.ConfigServicePropertySourceLocator[205] - Fetching config from server at : http://192.168.1.104:8082/
[cms] 17:51:38.966 [main] INFO  org.springframework.cloud.config.client.ConfigServicePropertySourceLocator[149] - Located environment: name=user-server, profiles=[dev], label=null, version=5b12f6c7ec0292ffedc5e39d0b7cfabbf4b08bb5, state=null
[cms] 17:51:38.971 [main] INFO  org.springframework.cloud.bootstrap.config.PropertySourceBootstrapConfiguration[98] - Located property source: CompositePropertySource {name='configService', propertySources=[MapPropertySource {name='configClient'}, MapPropertySource {name='https://github.com/white211/SpringcloudConfig//user-server/user-server-dev.yml'}, MapPropertySource {name='https://github.com/white211/SpringcloudConfig//user-server/application.yml'}]}
[cms] 17:51:39.167 [main] INFO  com.white.userserver.UserServerApplication[679] - The following profiles are active: dev
[cms] 17:51:41.157 [main] INFO  org.springframework.data.repository.config.RepositoryConfigurationDelegate[126] - Bootstrapping Spring Data repositories in DEFAULT mode.
[cms] 17:51:41.223 [main] INFO  org.springframework.data.repository.config.RepositoryConfigurationDelegate[182] - Finished Spring Data repository scanning in 57ms. Found 0 repository interfaces.
[cms] 17:51:42.066 [main] INFO  org.springframework.cloud.context.scope.GenericScope[294] - BeanFactory id=677ff15b-b2e2-33d4-9a7d-96f4e303c372
[cms] 17:51:42.480 [main] INFO  org.springframework.context.support.PostProcessorRegistrationDelegate$BeanPostProcessorChecker[330] - Bean 'org.springframework.transaction.annotation.ProxyTransactionManagementConfiguration' of type [org.springframework.transaction.annotation.ProxyTransactionManagementConfiguration$$EnhancerBySpringCGLIB$$be455dbe] is not eligible for getting processed by all BeanPostProcessors (for example: not eligible for auto-proxying)
[cms] 17:51:42.607 [main] INFO  org.springframework.context.support.PostProcessorRegistrationDelegate$BeanPostProcessorChecker[330] - Bean 'org.springframework.cloud.autoconfigure.ConfigurationPropertiesRebinderAutoConfiguration' of type [org.springframework.cloud.autoconfigure.ConfigurationPropertiesRebinderAutoConfiguration$$EnhancerBySpringCGLIB$$da5f60bb] is not eligible for getting processed by all BeanPostProcessors (for example: not eligible for auto-proxying)
[cms] 17:51:43.445 [main] INFO  org.springframework.boot.web.embedded.tomcat.TomcatWebServer[90] - Tomcat initialized with port(s): 8085 (http)
[cms] 17:51:43.548 [main] INFO  org.apache.catalina.core.StandardService[173] - Starting service [Tomcat]
[cms] 17:51:43.553 [main] INFO  org.apache.catalina.core.StandardEngine[173] - Starting Servlet engine: [Apache Tomcat/9.0.17]
[cms] 17:51:44.002 [main] INFO  org.apache.catalina.core.ContainerBase.[Tomcat].[localhost].[/][173] - Initializing Spring embedded WebApplicationContext
[cms] 17:51:44.006 [main] INFO  org.springframework.web.context.ContextLoader[296] - Root WebApplicationContext: initialization completed in 4815 ms
[cms] 17:51:44.327 [main] INFO  com.netflix.config.sources.URLConfigurationSource[122] - To enable URLs as dynamic configuration sources, define System property archaius.configurationSource.additionalUrls or make config.properties available on classpath.
[cms] 17:51:44.416 [main] INFO  com.netflix.config.DynamicPropertyFactory[281] - DynamicPropertyFactory is initialized with configuration sources: com.netflix.config.ConcurrentCompositeConfiguration@25cbc6c
[cms] 17:51:46.406 [main] INFO  org.springframework.boot.actuate.endpoint.web.ServletEndpointRegistrar[78] - Registered '/actuator/jolokia' to jolokia-actuator-endpoint
[cms] 17:51:47.054 [main] INFO  com.zaxxer.hikari.HikariDataSource[110] - user - Starting...
[cms] 17:51:47.418 [main] INFO  com.zaxxer.hikari.HikariDataSource[123] - user - Start completed.
[cms] 17:51:48.595 [main] INFO  com.netflix.config.sources.URLConfigurationSource[122] - To enable URLs as dynamic configuration sources, define System property archaius.configurationSource.additionalUrls or make config.properties available on classpath.
[cms] 17:51:49.223 [main] INFO  org.springframework.scheduling.concurrent.ThreadPoolTaskExecutor[171] - Initializing ExecutorService 'applicationTaskExecutor'
[cms] 17:51:53.611 [main] INFO  com.netflix.discovery.DiscoveryClient[888] - Shutting down DiscoveryClient ...
[cms] 17:51:53.630 [main] INFO  com.netflix.discovery.DiscoveryClient[911] - Completed shut down of DiscoveryClient
[cms] 17:51:53.668 [main] INFO  org.springframework.boot.actuate.endpoint.web.EndpointLinksResolver[59] - Exposing 21 endpoint(s) beneath base path '/actuator'
[cms] 17:51:54.245 [main] INFO  org.springframework.cloud.netflix.eureka.InstanceInfoFactory[71] - Setting initial instance status as: STARTING
[cms] 17:51:54.267 [main] INFO  com.netflix.discovery.DiscoveryClient[349] - Initializing Eureka in region us-east-1
[cms] 17:51:54.281 [main] INFO  com.netflix.discovery.provider.DiscoveryJerseyProvider[70] - Using JSON encoding codec LegacyJacksonJson
[cms] 17:51:54.287 [main] INFO  com.netflix.discovery.provider.DiscoveryJerseyProvider[71] - Using JSON decoding codec LegacyJacksonJson
[cms] 17:51:54.293 [main] INFO  com.netflix.discovery.provider.DiscoveryJerseyProvider[80] - Using XML encoding codec XStreamXml
[cms] 17:51:54.302 [main] INFO  com.netflix.discovery.provider.DiscoveryJerseyProvider[81] - Using XML decoding codec XStreamXml
[cms] 17:51:54.549 [main] INFO  com.netflix.discovery.shared.resolver.aws.ConfigClusterResolver[43] - Resolving eureka endpoints via configuration
[cms] 17:51:54.561 [main] INFO  com.netflix.discovery.DiscoveryClient[958] - Disable delta property : false
[cms] 17:51:54.565 [main] INFO  com.netflix.discovery.DiscoveryClient[959] - Single vip registry refresh property : null
[cms] 17:51:54.568 [main] INFO  com.netflix.discovery.DiscoveryClient[960] - Force full registry fetch : false
[cms] 17:51:54.570 [main] INFO  com.netflix.discovery.DiscoveryClient[961] - Application is null : false
[cms] 17:51:54.576 [main] INFO  com.netflix.discovery.DiscoveryClient[962] - Registered Applications size is zero : true
[cms] 17:51:54.584 [main] INFO  com.netflix.discovery.DiscoveryClient[964] - Application version is -1: true
[cms] 17:51:54.586 [main] INFO  com.netflix.discovery.DiscoveryClient[1047] - Getting all instance registry info from the eureka server
[cms] 17:51:54.686 [main] INFO  com.netflix.discovery.DiscoveryClient[1056] - The response status is 200
[cms] 17:51:54.698 [main] INFO  com.netflix.discovery.DiscoveryClient[1270] - Starting heartbeat executor: renew interval is: 30
[cms] 17:51:54.705 [main] INFO  com.netflix.discovery.InstanceInfoReplicator[60] - InstanceInfoReplicator onDemand update allowed rate per min is 4
[cms] 17:51:54.709 [main] INFO  com.netflix.discovery.DiscoveryClient[449] - Discovery Client initialized at timestamp 1560937914709 with initial instances count: 3
[cms] 17:51:54.715 [main] INFO  org.springframework.cloud.netflix.eureka.serviceregistry.EurekaServiceRegistry[42] - Registering application USER-SERVER with eureka with status UP
[cms] 17:51:54.718 [main] INFO  com.netflix.discovery.DiscoveryClient[1305] - Saw local status change event StatusChangeEvent [timestamp=1560937914718, current=UP, previous=STARTING]
[cms] 17:51:54.758 [DiscoveryClient-InstanceInfoReplicator-0] INFO  com.netflix.discovery.DiscoveryClient[826] - DiscoveryClient_USER-SERVER/DESKTOP-DIC4SEB:user-server:8085: registering service...
[cms] 17:51:54.834 [main] INFO  org.springframework.boot.web.embedded.tomcat.TomcatWebServer[204] - Tomcat started on port(s): 8085 (http) with context path ''
[cms] 17:51:54.856 [main] INFO  org.springframework.cloud.netflix.eureka.serviceregistry.EurekaAutoServiceRegistration[141] - Updating port to 8085
[cms] 17:51:54.872 [main] INFO  com.white.userserver.UserServerApplication[59] - Started UserServerApplication in 31.736 seconds (JVM running for 130.256)
[cms] 17:51:54.951 [main] INFO  com.white.userserver.config.SystemUrlConfig[37] - 初始化url数据
[cms] 17:51:55.001 [DiscoveryClient-InstanceInfoReplicator-0] INFO  com.netflix.discovery.DiscoveryClient[835] - DiscoveryClient_USER-SERVER/DESKTOP-DIC4SEB:user-server:8085 - registration status: 204
[cms] 17:51:55.651 [main] INFO  com.white.userserver.config.SystemUrlConfig[46] - 初始话url数据条数5
[cms] 17:52:28.893 [http-nio-8085-exec-1] INFO  org.apache.catalina.core.ContainerBase.[Tomcat].[localhost].[/][173] - Initializing Spring DispatcherServlet 'dispatcherServlet'
[cms] 17:52:28.896 [http-nio-8085-exec-1] INFO  org.springframework.web.servlet.DispatcherServlet[524] - Initializing Servlet 'dispatcherServlet'
[cms] 17:52:28.924 [http-nio-8085-exec-1] INFO  org.springframework.web.servlet.DispatcherServlet[546] - Completed initialization in 26 ms
[cms] 17:52:29.105 [http-nio-8085-exec-1] INFO  org.springframework.amqp.rabbit.connection.CachingConnectionFactory[460] - Attempting to connect to: [localhost:5672]
[cms] 17:52:29.474 [http-nio-8085-exec-1] INFO  org.springframework.amqp.rabbit.connection.CachingConnectionFactory[496] - Created new connection: rabbitConnectionFactory#1608a703:0/SimpleConnection@2eba8db6 [delegate=amqp://guest@127.0.0.1:5672/, localPort= 60714]
[cms] 17:52:30.864 [http-nio-8085-exec-1] INFO  org.springframework.cloud.config.client.ConfigServicePropertySourceLocator[205] - Fetching config from server at : http://192.168.1.104:8082/
[cms] 17:52:33.480 [http-nio-8085-exec-1] INFO  org.springframework.cloud.config.client.ConfigServicePropertySourceLocator[149] - Located environment: name=user-server, profiles=[dev], label=null, version=5b12f6c7ec0292ffedc5e39d0b7cfabbf4b08bb5, state=null
[cms] 17:56:54.631 [AsyncResolver-bootstrap-executor-0] INFO  com.netflix.discovery.shared.resolver.aws.ConfigClusterResolver[43] - Resolving eureka endpoints via configuration
[cms] 17:57:45.211 [http-nio-8085-exec-4] INFO  org.springframework.cloud.config.client.ConfigServicePropertySourceLocator[205] - Fetching config from server at : http://192.168.1.104:8082/
[cms] 17:57:48.355 [http-nio-8085-exec-4] INFO  org.springframework.cloud.config.client.ConfigServicePropertySourceLocator[149] - Located environment: name=user-server, profiles=[dev], label=null, version=5b12f6c7ec0292ffedc5e39d0b7cfabbf4b08bb5, state=null
[cms] 18:01:54.645 [AsyncResolver-bootstrap-executor-0] INFO  com.netflix.discovery.shared.resolver.aws.ConfigClusterResolver[43] - Resolving eureka endpoints via configuration
[cms] 18:03:05.239 [http-nio-8085-exec-7] INFO  org.springframework.cloud.config.client.ConfigServicePropertySourceLocator[205] - Fetching config from server at : http://192.168.1.104:8082/
[cms] 18:03:07.604 [http-nio-8085-exec-7] INFO  org.springframework.cloud.config.client.ConfigServicePropertySourceLocator[149] - Located environment: name=user-server, profiles=[dev], label=null, version=8461fa464177051c90e663f44adda2f52b948f6d, state=null
[cms] 18:06:54.663 [AsyncResolver-bootstrap-executor-0] INFO  com.netflix.discovery.shared.resolver.aws.ConfigClusterResolver[43] - Resolving eureka endpoints via configuration
[cms] 18:08:05.327 [http-nio-8085-exec-8] INFO  org.springframework.cloud.config.client.ConfigServicePropertySourceLocator[205] - Fetching config from server at : http://192.168.1.104:8082/
[cms] 18:08:07.628 [http-nio-8085-exec-8] INFO  org.springframework.cloud.config.client.ConfigServicePropertySourceLocator[149] - Located environment: name=user-server, profiles=[dev], label=null, version=8461fa464177051c90e663f44adda2f52b948f6d, state=null
[cms] 18:11:54.681 [AsyncResolver-bootstrap-executor-0] INFO  com.netflix.discovery.shared.resolver.aws.ConfigClusterResolver[43] - Resolving eureka endpoints via configuration
[cms] 18:13:22.257 [Thread-7] INFO  org.springframework.cloud.netflix.eureka.serviceregistry.EurekaServiceRegistry[65] - Unregistering application USER-SERVER with eureka with status DOWN
[cms] 18:13:22.300 [DiscoveryClient-InstanceInfoReplicator-0] INFO  com.netflix.discovery.DiscoveryClient[826] - DiscoveryClient_USER-SERVER/DESKTOP-DIC4SEB:user-server:8085: registering service...
[cms] 18:13:22.325 [DiscoveryClient-InstanceInfoReplicator-0] INFO  com.netflix.discovery.DiscoveryClient[835] - DiscoveryClient_USER-SERVER/DESKTOP-DIC4SEB:user-server:8085 - registration status: 204
[cms] 18:13:22.512 [Thread-7] INFO  org.springframework.scheduling.concurrent.ThreadPoolTaskExecutor[208] - Shutting down ExecutorService 'applicationTaskExecutor'
[cms] 18:13:22.682 [Thread-7] INFO  com.netflix.discovery.DiscoveryClient[888] - Shutting down DiscoveryClient ...
[cms] 18:13:25.686 [Thread-7] INFO  com.netflix.discovery.DiscoveryClient[922] - Unregistering ...
[cms] 18:13:25.704 [Thread-7] INFO  com.netflix.discovery.DiscoveryClient[924] - DiscoveryClient_USER-SERVER/DESKTOP-DIC4SEB:user-server:8085 - deregister  status: 200
[cms] 18:13:25.743 [Thread-7] INFO  com.netflix.discovery.DiscoveryClient[911] - Completed shut down of DiscoveryClient
[cms] 18:13:25.746 [Thread-7] INFO  com.zaxxer.hikari.HikariDataSource[350] - user - Shutdown initiated...
[cms] 18:13:25.778 [Thread-7] INFO  com.zaxxer.hikari.HikariDataSource[352] - user - Shutdown completed.
[cms] 18:16:41.251 [main] INFO  org.springframework.context.support.PostProcessorRegistrationDelegate$BeanPostProcessorChecker[330] - Bean 'org.springframework.cloud.autoconfigure.ConfigurationPropertiesRebinderAutoConfiguration' of type [org.springframework.cloud.autoconfigure.ConfigurationPropertiesRebinderAutoConfiguration$$EnhancerBySpringCGLIB$$5123af9] is not eligible for getting processed by all BeanPostProcessors (for example: not eligible for auto-proxying)
[cms] 18:16:42.500 [main] INFO  org.springframework.cloud.netflix.eureka.InstanceInfoFactory[71] - Setting initial instance status as: STARTING
[cms] 18:16:42.645 [main] INFO  com.netflix.discovery.DiscoveryClient[349] - Initializing Eureka in region us-east-1
[cms] 18:16:44.081 [main] INFO  com.netflix.discovery.provider.DiscoveryJerseyProvider[70] - Using JSON encoding codec LegacyJacksonJson
[cms] 18:16:44.083 [main] INFO  com.netflix.discovery.provider.DiscoveryJerseyProvider[71] - Using JSON decoding codec LegacyJacksonJson
[cms] 18:16:44.654 [main] INFO  com.netflix.discovery.provider.DiscoveryJerseyProvider[80] - Using XML encoding codec XStreamXml
[cms] 18:16:44.663 [main] INFO  com.netflix.discovery.provider.DiscoveryJerseyProvider[81] - Using XML decoding codec XStreamXml
[cms] 18:16:46.072 [main] INFO  com.netflix.discovery.shared.resolver.aws.ConfigClusterResolver[43] - Resolving eureka endpoints via configuration
[cms] 18:16:47.663 [main] INFO  com.netflix.discovery.DiscoveryClient[958] - Disable delta property : false
[cms] 18:16:47.673 [main] INFO  com.netflix.discovery.DiscoveryClient[959] - Single vip registry refresh property : null
[cms] 18:16:47.740 [main] INFO  com.netflix.discovery.DiscoveryClient[960] - Force full registry fetch : false
[cms] 18:16:47.783 [main] INFO  com.netflix.discovery.DiscoveryClient[961] - Application is null : false
[cms] 18:16:47.829 [main] INFO  com.netflix.discovery.DiscoveryClient[962] - Registered Applications size is zero : true
[cms] 18:16:47.831 [main] INFO  com.netflix.discovery.DiscoveryClient[964] - Application version is -1: true
[cms] 18:16:47.834 [main] INFO  com.netflix.discovery.DiscoveryClient[1047] - Getting all instance registry info from the eureka server
[cms] 18:16:48.665 [main] INFO  com.netflix.discovery.DiscoveryClient[1056] - The response status is 200
[cms] 18:16:48.690 [main] INFO  com.netflix.discovery.DiscoveryClient[1317] - Not registering with Eureka server per configuration
[cms] 18:16:48.743 [main] INFO  com.netflix.discovery.DiscoveryClient[449] - Discovery Client initialized at timestamp 1560939408728 with initial instances count: 3
[cms] 18:16:51.331 [main] INFO  org.springframework.cloud.config.client.ConfigServicePropertySourceLocator[205] - Fetching config from server at : http://192.168.1.104:8082/
[cms] 18:16:54.464 [main] INFO  org.springframework.cloud.config.client.ConfigServicePropertySourceLocator[149] - Located environment: name=user-server, profiles=[dev], label=null, version=8461fa464177051c90e663f44adda2f52b948f6d, state=null
[cms] 18:16:54.468 [main] INFO  org.springframework.cloud.bootstrap.config.PropertySourceBootstrapConfiguration[98] - Located property source: CompositePropertySource {name='configService', propertySources=[MapPropertySource {name='configClient'}, MapPropertySource {name='https://github.com/white211/SpringcloudConfig//user-server/user-server-dev.yml'}, MapPropertySource {name='https://github.com/white211/SpringcloudConfig//user-server/application.yml'}]}
[cms] 18:16:54.892 [main] INFO  com.white.userserver.UserServerApplication[679] - The following profiles are active: dev
[cms] 18:16:57.699 [main] INFO  org.springframework.data.repository.config.RepositoryConfigurationDelegate[126] - Bootstrapping Spring Data repositories in DEFAULT mode.
[cms] 18:16:57.762 [main] INFO  org.springframework.data.repository.config.RepositoryConfigurationDelegate[182] - Finished Spring Data repository scanning in 48ms. Found 0 repository interfaces.
[cms] 18:16:59.217 [main] INFO  org.springframework.cloud.context.scope.GenericScope[294] - BeanFactory id=677ff15b-b2e2-33d4-9a7d-96f4e303c372
[cms] 18:16:59.941 [main] INFO  org.springframework.context.support.PostProcessorRegistrationDelegate$BeanPostProcessorChecker[330] - Bean 'org.springframework.transaction.annotation.ProxyTransactionManagementConfiguration' of type [org.springframework.transaction.annotation.ProxyTransactionManagementConfiguration$$EnhancerBySpringCGLIB$$e8f837fc] is not eligible for getting processed by all BeanPostProcessors (for example: not eligible for auto-proxying)
[cms] 18:17:00.206 [main] INFO  org.springframework.context.support.PostProcessorRegistrationDelegate$BeanPostProcessorChecker[330] - Bean 'org.springframework.cloud.autoconfigure.ConfigurationPropertiesRebinderAutoConfiguration' of type [org.springframework.cloud.autoconfigure.ConfigurationPropertiesRebinderAutoConfiguration$$EnhancerBySpringCGLIB$$5123af9] is not eligible for getting processed by all BeanPostProcessors (for example: not eligible for auto-proxying)
[cms] 18:17:02.007 [main] INFO  org.springframework.boot.web.embedded.tomcat.TomcatWebServer[90] - Tomcat initialized with port(s): 8085 (http)
[cms] 18:17:02.151 [main] INFO  org.apache.catalina.core.StandardService[173] - Starting service [Tomcat]
[cms] 18:17:02.156 [main] INFO  org.apache.catalina.core.StandardEngine[173] - Starting Servlet engine: [Apache Tomcat/9.0.17]
[cms] 18:17:02.629 [main] INFO  org.apache.catalina.core.ContainerBase.[Tomcat].[localhost].[/][173] - Initializing Spring embedded WebApplicationContext
[cms] 18:17:02.673 [main] INFO  org.springframework.web.context.ContextLoader[296] - Root WebApplicationContext: initialization completed in 7751 ms
[cms] 18:17:03.095 [main] INFO  com.netflix.config.sources.URLConfigurationSource[122] - To enable URLs as dynamic configuration sources, define System property archaius.configurationSource.additionalUrls or make config.properties available on classpath.
[cms] 18:17:03.182 [main] INFO  com.netflix.config.DynamicPropertyFactory[281] - DynamicPropertyFactory is initialized with configuration sources: com.netflix.config.ConcurrentCompositeConfiguration@3e069475
[cms] 18:17:07.604 [main] INFO  org.springframework.boot.actuate.endpoint.web.ServletEndpointRegistrar[78] - Registered '/actuator/jolokia' to jolokia-actuator-endpoint
[cms] 18:17:09.410 [main] INFO  com.zaxxer.hikari.HikariDataSource[110] - user - Starting...
[cms] 18:17:10.177 [main] INFO  com.zaxxer.hikari.HikariDataSource[123] - user - Start completed.
[cms] 18:17:12.141 [main] INFO  com.netflix.config.sources.URLConfigurationSource[122] - To enable URLs as dynamic configuration sources, define System property archaius.configurationSource.additionalUrls or make config.properties available on classpath.
[cms] 18:17:13.252 [main] INFO  org.springframework.scheduling.concurrent.ThreadPoolTaskExecutor[171] - Initializing ExecutorService 'applicationTaskExecutor'
[cms] 18:17:21.711 [main] INFO  com.netflix.discovery.DiscoveryClient[888] - Shutting down DiscoveryClient ...
[cms] 18:17:21.743 [main] INFO  com.netflix.discovery.DiscoveryClient[911] - Completed shut down of DiscoveryClient
[cms] 18:17:21.774 [main] INFO  org.springframework.boot.actuate.endpoint.web.EndpointLinksResolver[59] - Exposing 21 endpoint(s) beneath base path '/actuator'
[cms] 18:17:22.251 [main] INFO  org.springframework.cloud.netflix.eureka.InstanceInfoFactory[71] - Setting initial instance status as: STARTING
[cms] 18:17:22.267 [main] INFO  com.netflix.discovery.DiscoveryClient[349] - Initializing Eureka in region us-east-1
[cms] 18:17:22.282 [main] INFO  com.netflix.discovery.provider.DiscoveryJerseyProvider[70] - Using JSON encoding codec LegacyJacksonJson
[cms] 18:17:22.287 [main] INFO  com.netflix.discovery.provider.DiscoveryJerseyProvider[71] - Using JSON decoding codec LegacyJacksonJson
[cms] 18:17:22.289 [main] INFO  com.netflix.discovery.provider.DiscoveryJerseyProvider[80] - Using XML encoding codec XStreamXml
[cms] 18:17:22.291 [main] INFO  com.netflix.discovery.provider.DiscoveryJerseyProvider[81] - Using XML decoding codec XStreamXml
[cms] 18:17:23.571 [main] INFO  com.netflix.discovery.shared.resolver.aws.ConfigClusterResolver[43] - Resolving eureka endpoints via configuration
[cms] 18:17:23.667 [main] INFO  com.netflix.discovery.DiscoveryClient[958] - Disable delta property : false
[cms] 18:17:23.682 [main] INFO  com.netflix.discovery.DiscoveryClient[959] - Single vip registry refresh property : null
[cms] 18:17:23.686 [main] INFO  com.netflix.discovery.DiscoveryClient[960] - Force full registry fetch : false
[cms] 18:17:23.702 [main] INFO  com.netflix.discovery.DiscoveryClient[961] - Application is null : false
[cms] 18:17:23.726 [main] INFO  com.netflix.discovery.DiscoveryClient[962] - Registered Applications size is zero : true
[cms] 18:17:23.759 [main] INFO  com.netflix.discovery.DiscoveryClient[964] - Application version is -1: true
[cms] 18:17:23.760 [main] INFO  com.netflix.discovery.DiscoveryClient[1047] - Getting all instance registry info from the eureka server
[cms] 18:17:23.777 [main] INFO  com.netflix.discovery.DiscoveryClient[1056] - The response status is 200
[cms] 18:17:23.780 [main] INFO  com.netflix.discovery.DiscoveryClient[1270] - Starting heartbeat executor: renew interval is: 30
[cms] 18:17:23.787 [main] INFO  com.netflix.discovery.InstanceInfoReplicator[60] - InstanceInfoReplicator onDemand update allowed rate per min is 4
[cms] 18:17:23.790 [main] INFO  com.netflix.discovery.DiscoveryClient[449] - Discovery Client initialized at timestamp 1560939443790 with initial instances count: 3
[cms] 18:17:23.794 [main] INFO  org.springframework.cloud.netflix.eureka.serviceregistry.EurekaServiceRegistry[42] - Registering application USER-SERVER with eureka with status UP
[cms] 18:17:23.795 [main] INFO  com.netflix.discovery.DiscoveryClient[1305] - Saw local status change event StatusChangeEvent [timestamp=1560939443795, current=UP, previous=STARTING]
[cms] 18:17:23.811 [DiscoveryClient-InstanceInfoReplicator-0] INFO  com.netflix.discovery.DiscoveryClient[826] - DiscoveryClient_USER-SERVER/DESKTOP-DIC4SEB:user-server:8085: registering service...
[cms] 18:17:23.939 [main] INFO  org.springframework.boot.web.embedded.tomcat.TomcatWebServer[204] - Tomcat started on port(s): 8085 (http) with context path ''
[cms] 18:17:24.307 [main] INFO  org.springframework.cloud.netflix.eureka.serviceregistry.EurekaAutoServiceRegistration[141] - Updating port to 8085
[cms] 18:17:24.390 [DiscoveryClient-InstanceInfoReplicator-0] INFO  com.netflix.discovery.DiscoveryClient[835] - DiscoveryClient_USER-SERVER/DESKTOP-DIC4SEB:user-server:8085 - registration status: 204
[cms] 18:17:24.469 [main] INFO  com.white.userserver.UserServerApplication[59] - Started UserServerApplication in 46.765 seconds (JVM running for 129.382)
[cms] 18:17:24.544 [main] INFO  com.white.userserver.config.SystemUrlConfig[37] - 初始化url数据
[cms] 18:17:25.310 [main] INFO  com.white.userserver.config.SystemUrlConfig[46] - 初始话url数据条数5
[cms] 18:20:10.046 [http-nio-8085-exec-10] INFO  org.apache.catalina.core.ContainerBase.[Tomcat].[localhost].[/][173] - Initializing Spring DispatcherServlet 'dispatcherServlet'
[cms] 18:20:10.061 [http-nio-8085-exec-10] INFO  org.springframework.web.servlet.DispatcherServlet[524] - Initializing Servlet 'dispatcherServlet'
[cms] 18:20:10.225 [http-nio-8085-exec-10] INFO  org.springframework.web.servlet.DispatcherServlet[546] - Completed initialization in 164 ms
[cms] 18:21:17.410 [Thread-7] INFO  org.springframework.cloud.netflix.eureka.serviceregistry.EurekaServiceRegistry[65] - Unregistering application USER-SERVER with eureka with status DOWN
[cms] 18:21:17.453 [DiscoveryClient-InstanceInfoReplicator-0] INFO  com.netflix.discovery.DiscoveryClient[826] - DiscoveryClient_USER-SERVER/DESKTOP-DIC4SEB:user-server:8085: registering service...
[cms] 18:21:17.478 [DiscoveryClient-InstanceInfoReplicator-0] INFO  com.netflix.discovery.DiscoveryClient[835] - DiscoveryClient_USER-SERVER/DESKTOP-DIC4SEB:user-server:8085 - registration status: 204
[cms] 18:21:17.532 [Thread-7] INFO  org.springframework.scheduling.concurrent.ThreadPoolTaskExecutor[208] - Shutting down ExecutorService 'applicationTaskExecutor'
[cms] 18:21:17.581 [Thread-7] INFO  com.netflix.discovery.DiscoveryClient[888] - Shutting down DiscoveryClient ...
[cms] 18:21:20.588 [Thread-7] INFO  com.netflix.discovery.DiscoveryClient[922] - Unregistering ...
[cms] 18:21:20.601 [Thread-7] INFO  org.apache.http.impl.client.DefaultHttpClient[690] - I/O exception (org.apache.http.NoHttpResponseException) caught when processing request to {}->http://127.0.0.1:8081: The target server failed to respond
[cms] 18:21:20.603 [Thread-7] INFO  org.apache.http.impl.client.DefaultHttpClient[700] - Retrying request to {}->http://127.0.0.1:8081
[cms] 18:21:20.919 [Thread-7] INFO  org.apache.http.impl.client.DefaultHttpClient[690] - I/O exception (java.net.SocketException) caught when processing request to {}->http://127.0.0.1:8081: Connection reset
[cms] 18:21:20.922 [Thread-7] INFO  org.apache.http.impl.client.DefaultHttpClient[700] - Retrying request to {}->http://127.0.0.1:8081
[cms] 18:21:23.185 [Thread-7] INFO  com.netflix.discovery.DiscoveryClient[911] - Completed shut down of DiscoveryClient
[cms] 18:21:23.321 [Thread-7] INFO  com.zaxxer.hikari.HikariDataSource[350] - user - Shutdown initiated...
[cms] 18:21:23.611 [Thread-7] INFO  com.zaxxer.hikari.HikariDataSource[352] - user - Shutdown completed.
[cms] 19:24:55.117 [main] INFO  org.springframework.context.support.PostProcessorRegistrationDelegate$BeanPostProcessorChecker[330] - Bean 'org.springframework.cloud.autoconfigure.ConfigurationPropertiesRebinderAutoConfiguration' of type [org.springframework.cloud.autoconfigure.ConfigurationPropertiesRebinderAutoConfiguration$$EnhancerBySpringCGLIB$$f2f35dec] is not eligible for getting processed by all BeanPostProcessors (for example: not eligible for auto-proxying)
[cms] 19:24:57.217 [main] INFO  org.springframework.cloud.commons.util.InetUtils[170] - Cannot determine local hostname
[cms] 19:24:57.271 [main] INFO  org.springframework.cloud.netflix.eureka.InstanceInfoFactory[71] - Setting initial instance status as: STARTING
[cms] 19:24:57.395 [main] INFO  com.netflix.discovery.DiscoveryClient[349] - Initializing Eureka in region us-east-1
[cms] 19:24:58.783 [main] INFO  com.netflix.discovery.provider.DiscoveryJerseyProvider[70] - Using JSON encoding codec LegacyJacksonJson
[cms] 19:24:58.786 [main] INFO  com.netflix.discovery.provider.DiscoveryJerseyProvider[71] - Using JSON decoding codec LegacyJacksonJson
[cms] 19:24:59.191 [main] INFO  com.netflix.discovery.provider.DiscoveryJerseyProvider[80] - Using XML encoding codec XStreamXml
[cms] 19:24:59.195 [main] INFO  com.netflix.discovery.provider.DiscoveryJerseyProvider[81] - Using XML decoding codec XStreamXml
[cms] 19:24:59.966 [main] INFO  com.netflix.discovery.shared.resolver.aws.ConfigClusterResolver[43] - Resolving eureka endpoints via configuration
[cms] 19:25:00.779 [main] INFO  com.netflix.discovery.DiscoveryClient[958] - Disable delta property : false
[cms] 19:25:00.781 [main] INFO  com.netflix.discovery.DiscoveryClient[959] - Single vip registry refresh property : null
[cms] 19:25:00.782 [main] INFO  com.netflix.discovery.DiscoveryClient[960] - Force full registry fetch : false
[cms] 19:25:00.784 [main] INFO  com.netflix.discovery.DiscoveryClient[961] - Application is null : false
[cms] 19:25:00.785 [main] INFO  com.netflix.discovery.DiscoveryClient[962] - Registered Applications size is zero : true
[cms] 19:25:00.786 [main] INFO  com.netflix.discovery.DiscoveryClient[964] - Application version is -1: true
[cms] 19:25:00.788 [main] INFO  com.netflix.discovery.DiscoveryClient[1047] - Getting all instance registry info from the eureka server
[cms] 19:25:01.113 [main] INFO  com.netflix.discovery.DiscoveryClient[1056] - The response status is 200
[cms] 19:25:01.118 [main] INFO  com.netflix.discovery.DiscoveryClient[1317] - Not registering with Eureka server per configuration
[cms] 19:25:01.126 [main] INFO  com.netflix.discovery.DiscoveryClient[449] - Discovery Client initialized at timestamp 1560943501124 with initial instances count: 1
[cms] 19:25:04.148 [main] INFO  org.springframework.cloud.config.client.ConfigServicePropertySourceLocator[205] - Fetching config from server at : http://10.0.75.1:8082/
[cms] 19:25:08.396 [main] INFO  org.springframework.cloud.config.client.ConfigServicePropertySourceLocator[149] - Located environment: name=user-server, profiles=[dev], label=null, version=8461fa464177051c90e663f44adda2f52b948f6d, state=null
[cms] 19:25:08.399 [main] INFO  org.springframework.cloud.bootstrap.config.PropertySourceBootstrapConfiguration[98] - Located property source: CompositePropertySource {name='configService', propertySources=[MapPropertySource {name='configClient'}, MapPropertySource {name='https://github.com/white211/SpringcloudConfig//user-server/user-server-dev.yml'}, MapPropertySource {name='https://github.com/white211/SpringcloudConfig//user-server/application.yml'}]}
[cms] 19:25:08.742 [main] INFO  com.white.userserver.UserServerApplication[679] - The following profiles are active: dev
[cms] 19:25:11.100 [main] INFO  org.springframework.data.repository.config.RepositoryConfigurationDelegate[126] - Bootstrapping Spring Data repositories in DEFAULT mode.
[cms] 19:25:11.238 [main] INFO  org.springframework.data.repository.config.RepositoryConfigurationDelegate[182] - Finished Spring Data repository scanning in 93ms. Found 0 repository interfaces.
[cms] 19:25:12.178 [main] INFO  org.springframework.cloud.context.scope.GenericScope[294] - BeanFactory id=677ff15b-b2e2-33d4-9a7d-96f4e303c372
[cms] 19:25:12.492 [main] INFO  org.springframework.context.support.PostProcessorRegistrationDelegate$BeanPostProcessorChecker[330] - Bean 'org.springframework.transaction.annotation.ProxyTransactionManagementConfiguration' of type [org.springframework.transaction.annotation.ProxyTransactionManagementConfiguration$$EnhancerBySpringCGLIB$$d6d95aef] is not eligible for getting processed by all BeanPostProcessors (for example: not eligible for auto-proxying)
[cms] 19:25:12.571 [main] INFO  org.springframework.context.support.PostProcessorRegistrationDelegate$BeanPostProcessorChecker[330] - Bean 'org.springframework.cloud.autoconfigure.ConfigurationPropertiesRebinderAutoConfiguration' of type [org.springframework.cloud.autoconfigure.ConfigurationPropertiesRebinderAutoConfiguration$$EnhancerBySpringCGLIB$$f2f35dec] is not eligible for getting processed by all BeanPostProcessors (for example: not eligible for auto-proxying)
[cms] 19:25:13.381 [main] INFO  org.springframework.boot.web.embedded.tomcat.TomcatWebServer[90] - Tomcat initialized with port(s): 8085 (http)
[cms] 19:25:13.462 [main] INFO  org.apache.catalina.core.StandardService[173] - Starting service [Tomcat]
[cms] 19:25:13.465 [main] INFO  org.apache.catalina.core.StandardEngine[173] - Starting Servlet engine: [Apache Tomcat/9.0.17]
[cms] 19:25:13.831 [main] INFO  org.apache.catalina.core.ContainerBase.[Tomcat].[localhost].[/][173] - Initializing Spring embedded WebApplicationContext
[cms] 19:25:13.834 [main] INFO  org.springframework.web.context.ContextLoader[296] - Root WebApplicationContext: initialization completed in 5065 ms
[cms] 19:25:14.054 [main] INFO  com.netflix.config.sources.URLConfigurationSource[122] - To enable URLs as dynamic configuration sources, define System property archaius.configurationSource.additionalUrls or make config.properties available on classpath.
[cms] 19:25:14.096 [main] INFO  com.netflix.config.DynamicPropertyFactory[281] - DynamicPropertyFactory is initialized with configuration sources: com.netflix.config.ConcurrentCompositeConfiguration@a062141
[cms] 19:25:16.373 [main] INFO  org.springframework.boot.actuate.endpoint.web.ServletEndpointRegistrar[78] - Registered '/actuator/jolokia' to jolokia-actuator-endpoint
[cms] 19:25:19.634 [main] INFO  com.zaxxer.hikari.HikariDataSource[110] - user - Starting...
[cms] 19:25:20.480 [main] INFO  com.zaxxer.hikari.HikariDataSource[123] - user - Start completed.
[cms] 19:25:22.420 [main] INFO  com.netflix.config.sources.URLConfigurationSource[122] - To enable URLs as dynamic configuration sources, define System property archaius.configurationSource.additionalUrls or make config.properties available on classpath.
[cms] 19:25:24.148 [main] INFO  org.springframework.scheduling.concurrent.ThreadPoolTaskExecutor[171] - Initializing ExecutorService 'applicationTaskExecutor'
[cms] 19:25:33.420 [main] INFO  org.springframework.cloud.commons.util.InetUtils[170] - Cannot determine local hostname
[cms] 19:25:36.418 [main] INFO  org.springframework.cloud.commons.util.InetUtils[170] - Cannot determine local hostname
[cms] 19:25:36.663 [main] INFO  com.netflix.discovery.DiscoveryClient[888] - Shutting down DiscoveryClient ...
[cms] 19:25:36.687 [main] INFO  com.netflix.discovery.DiscoveryClient[911] - Completed shut down of DiscoveryClient
[cms] 19:25:36.729 [main] INFO  org.springframework.boot.actuate.endpoint.web.EndpointLinksResolver[59] - Exposing 21 endpoint(s) beneath base path '/actuator'
[cms] 19:25:37.161 [main] INFO  org.springframework.cloud.netflix.eureka.InstanceInfoFactory[71] - Setting initial instance status as: STARTING
[cms] 19:25:37.176 [main] INFO  com.netflix.discovery.DiscoveryClient[349] - Initializing Eureka in region us-east-1
[cms] 19:25:37.211 [main] INFO  com.netflix.discovery.provider.DiscoveryJerseyProvider[70] - Using JSON encoding codec LegacyJacksonJson
[cms] 19:25:37.221 [main] INFO  com.netflix.discovery.provider.DiscoveryJerseyProvider[71] - Using JSON decoding codec LegacyJacksonJson
[cms] 19:25:37.224 [main] INFO  com.netflix.discovery.provider.DiscoveryJerseyProvider[80] - Using XML encoding codec XStreamXml
[cms] 19:25:37.229 [main] INFO  com.netflix.discovery.provider.DiscoveryJerseyProvider[81] - Using XML decoding codec XStreamXml
[cms] 19:25:37.403 [main] INFO  com.netflix.discovery.shared.resolver.aws.ConfigClusterResolver[43] - Resolving eureka endpoints via configuration
[cms] 19:25:37.413 [main] INFO  com.netflix.discovery.DiscoveryClient[958] - Disable delta property : false
[cms] 19:25:37.419 [main] INFO  com.netflix.discovery.DiscoveryClient[959] - Single vip registry refresh property : null
[cms] 19:25:37.421 [main] INFO  com.netflix.discovery.DiscoveryClient[960] - Force full registry fetch : false
[cms] 19:25:37.423 [main] INFO  com.netflix.discovery.DiscoveryClient[961] - Application is null : false
[cms] 19:25:37.426 [main] INFO  com.netflix.discovery.DiscoveryClient[962] - Registered Applications size is zero : true
[cms] 19:25:37.436 [main] INFO  com.netflix.discovery.DiscoveryClient[964] - Application version is -1: true
[cms] 19:25:37.443 [main] INFO  com.netflix.discovery.DiscoveryClient[1047] - Getting all instance registry info from the eureka server
[cms] 19:25:37.457 [main] INFO  com.netflix.discovery.DiscoveryClient[1056] - The response status is 200
[cms] 19:25:37.460 [main] INFO  com.netflix.discovery.DiscoveryClient[1270] - Starting heartbeat executor: renew interval is: 30
[cms] 19:25:37.466 [main] INFO  com.netflix.discovery.InstanceInfoReplicator[60] - InstanceInfoReplicator onDemand update allowed rate per min is 4
[cms] 19:25:37.469 [main] INFO  com.netflix.discovery.DiscoveryClient[449] - Discovery Client initialized at timestamp 1560943537469 with initial instances count: 1
[cms] 19:25:37.473 [main] INFO  org.springframework.cloud.netflix.eureka.serviceregistry.EurekaServiceRegistry[42] - Registering application USER-SERVER with eureka with status UP
[cms] 19:25:37.475 [main] INFO  com.netflix.discovery.DiscoveryClient[1305] - Saw local status change event StatusChangeEvent [timestamp=1560943537475, current=UP, previous=STARTING]
[cms] 19:25:37.510 [DiscoveryClient-InstanceInfoReplicator-0] INFO  com.netflix.discovery.DiscoveryClient[826] - DiscoveryClient_USER-SERVER/localhost:user-server:8085: registering service...
[cms] 19:25:37.583 [main] INFO  org.springframework.boot.web.embedded.tomcat.TomcatWebServer[204] - Tomcat started on port(s): 8085 (http) with context path ''
[cms] 19:25:37.596 [main] INFO  org.springframework.cloud.netflix.eureka.serviceregistry.EurekaAutoServiceRegistration[141] - Updating port to 8085
[cms] 19:25:37.606 [main] INFO  com.white.userserver.UserServerApplication[59] - Started UserServerApplication in 47.491 seconds (JVM running for 155.411)
[cms] 19:25:37.620 [DiscoveryClient-InstanceInfoReplicator-0] INFO  com.netflix.discovery.DiscoveryClient[835] - DiscoveryClient_USER-SERVER/localhost:user-server:8085 - registration status: 204
[cms] 19:25:37.646 [main] INFO  com.white.userserver.config.SystemUrlConfig[37] - 初始化url数据
[cms] 19:25:40.328 [main] INFO  com.white.userserver.config.SystemUrlConfig[46] - 初始话url数据条数5
[cms] 19:29:03.163 [http-nio-8085-exec-10] INFO  org.apache.catalina.core.ContainerBase.[Tomcat].[localhost].[/][173] - Initializing Spring DispatcherServlet 'dispatcherServlet'
[cms] 19:29:03.191 [http-nio-8085-exec-10] INFO  org.springframework.web.servlet.DispatcherServlet[524] - Initializing Servlet 'dispatcherServlet'
[cms] 19:29:03.353 [http-nio-8085-exec-10] INFO  org.springframework.web.servlet.DispatcherServlet[546] - Completed initialization in 101 ms
[cms] 19:30:37.467 [AsyncResolver-bootstrap-executor-0] INFO  com.netflix.discovery.shared.resolver.aws.ConfigClusterResolver[43] - Resolving eureka endpoints via configuration
[cms] 19:35:07.889 [DiscoveryClient-CacheRefreshExecutor-0] INFO  org.apache.http.impl.client.DefaultHttpClient[690] - I/O exception (org.apache.http.NoHttpResponseException) caught when processing request to {}->http://127.0.0.1:8081: The target server failed to respond
[cms] 19:35:07.896 [DiscoveryClient-CacheRefreshExecutor-0] INFO  org.apache.http.impl.client.DefaultHttpClient[700] - Retrying request to {}->http://127.0.0.1:8081
[cms] 19:35:30.825 [Thread-7] INFO  org.springframework.cloud.netflix.eureka.serviceregistry.EurekaServiceRegistry[65] - Unregistering application USER-SERVER with eureka with status DOWN
[cms] 19:35:30.832 [DiscoveryClient-InstanceInfoReplicator-0] INFO  com.netflix.discovery.DiscoveryClient[826] - DiscoveryClient_USER-SERVER/localhost:user-server:8085: registering service...
[cms] 19:35:30.874 [Thread-7] INFO  org.springframework.scheduling.concurrent.ThreadPoolTaskExecutor[208] - Shutting down ExecutorService 'applicationTaskExecutor'
[cms] 19:35:30.907 [Thread-7] INFO  com.netflix.discovery.DiscoveryClient[888] - Shutting down DiscoveryClient ...
[cms] 19:35:31.862 [Thread-7] INFO  com.netflix.discovery.DiscoveryClient[922] - Unregistering ...
[cms] 19:35:32.957 [Thread-7] INFO  com.netflix.discovery.DiscoveryClient[911] - Completed shut down of DiscoveryClient
[cms] 19:35:32.966 [Thread-7] INFO  com.zaxxer.hikari.HikariDataSource[350] - user - Shutdown initiated...
[cms] 19:35:33.001 [Thread-7] INFO  com.zaxxer.hikari.HikariDataSource[352] - user - Shutdown completed.
[cms] 22:25:30.878 [main] INFO  org.springframework.context.support.PostProcessorRegistrationDelegate$BeanPostProcessorChecker[330] - Bean 'org.springframework.cloud.autoconfigure.ConfigurationPropertiesRebinderAutoConfiguration' of type [org.springframework.cloud.autoconfigure.ConfigurationPropertiesRebinderAutoConfiguration$$EnhancerBySpringCGLIB$$c86fde19] is not eligible for getting processed by all BeanPostProcessors (for example: not eligible for auto-proxying)
[cms] 22:25:34.323 [main] INFO  org.springframework.cloud.commons.util.InetUtils[170] - Cannot determine local hostname
[cms] 22:25:34.360 [main] INFO  org.springframework.cloud.netflix.eureka.InstanceInfoFactory[71] - Setting initial instance status as: STARTING
[cms] 22:25:34.609 [main] INFO  com.netflix.discovery.DiscoveryClient[349] - Initializing Eureka in region us-east-1
[cms] 22:25:38.420 [main] INFO  com.netflix.discovery.provider.DiscoveryJerseyProvider[70] - Using JSON encoding codec LegacyJacksonJson
[cms] 22:25:38.482 [main] INFO  com.netflix.discovery.provider.DiscoveryJerseyProvider[71] - Using JSON decoding codec LegacyJacksonJson
[cms] 22:25:39.358 [main] INFO  com.netflix.discovery.provider.DiscoveryJerseyProvider[80] - Using XML encoding codec XStreamXml
[cms] 22:25:39.368 [main] INFO  com.netflix.discovery.provider.DiscoveryJerseyProvider[81] - Using XML decoding codec XStreamXml
[cms] 22:25:40.324 [main] INFO  com.netflix.discovery.shared.resolver.aws.ConfigClusterResolver[43] - Resolving eureka endpoints via configuration
[cms] 22:25:41.406 [main] INFO  com.netflix.discovery.DiscoveryClient[958] - Disable delta property : false
[cms] 22:25:41.427 [main] INFO  com.netflix.discovery.DiscoveryClient[959] - Single vip registry refresh property : null
[cms] 22:25:41.435 [main] INFO  com.netflix.discovery.DiscoveryClient[960] - Force full registry fetch : false
[cms] 22:25:41.443 [main] INFO  com.netflix.discovery.DiscoveryClient[961] - Application is null : false
[cms] 22:25:41.448 [main] INFO  com.netflix.discovery.DiscoveryClient[962] - Registered Applications size is zero : true
[cms] 22:25:41.451 [main] INFO  com.netflix.discovery.DiscoveryClient[964] - Application version is -1: true
[cms] 22:25:41.455 [main] INFO  com.netflix.discovery.DiscoveryClient[1047] - Getting all instance registry info from the eureka server
[cms] 22:25:42.684 [main] INFO  com.netflix.discovery.DiscoveryClient[1056] - The response status is 200
[cms] 22:25:42.693 [main] INFO  com.netflix.discovery.DiscoveryClient[1317] - Not registering with Eureka server per configuration
[cms] 22:25:42.711 [main] INFO  com.netflix.discovery.DiscoveryClient[449] - Discovery Client initialized at timestamp 1560954342706 with initial instances count: 0
[cms] 22:25:46.563 [main] INFO  org.springframework.cloud.config.client.ConfigServicePropertySourceLocator[205] - Fetching config from server at : http://localhost:8888
[cms] 22:25:49.302 [main] INFO  org.springframework.cloud.config.client.ConfigServicePropertySourceLocator[227] - Connect Timeout Exception on Url - http://localhost:8888. Will be trying the next url if available
[cms] 22:25:49.328 [main] INFO  com.white.userserver.UserServerApplication[679] - The following profiles are active: dev
[cms] 22:25:53.164 [main] INFO  org.springframework.data.repository.config.RepositoryConfigurationDelegate[126] - Bootstrapping Spring Data repositories in DEFAULT mode.
[cms] 22:25:53.307 [main] INFO  org.springframework.data.repository.config.RepositoryConfigurationDelegate[182] - Finished Spring Data repository scanning in 104ms. Found 0 repository interfaces.
[cms] 22:25:54.575 [main] INFO  org.springframework.cloud.context.scope.GenericScope[294] - BeanFactory id=ba1fe821-b88a-31f0-a5ed-6d8469472d5c
[cms] 22:25:55.242 [main] INFO  org.springframework.context.support.PostProcessorRegistrationDelegate$BeanPostProcessorChecker[330] - Bean 'org.springframework.transaction.annotation.ProxyTransactionManagementConfiguration' of type [org.springframework.transaction.annotation.ProxyTransactionManagementConfiguration$$EnhancerBySpringCGLIB$$ac55db1c] is not eligible for getting processed by all BeanPostProcessors (for example: not eligible for auto-proxying)
[cms] 22:25:55.524 [main] INFO  org.springframework.context.support.PostProcessorRegistrationDelegate$BeanPostProcessorChecker[330] - Bean 'org.springframework.cloud.autoconfigure.ConfigurationPropertiesRebinderAutoConfiguration' of type [org.springframework.cloud.autoconfigure.ConfigurationPropertiesRebinderAutoConfiguration$$EnhancerBySpringCGLIB$$c86fde19] is not eligible for getting processed by all BeanPostProcessors (for example: not eligible for auto-proxying)
[cms] 22:25:56.879 [main] INFO  org.springframework.boot.web.embedded.tomcat.TomcatWebServer[90] - Tomcat initialized with port(s): 8080 (http)
[cms] 22:25:57.215 [main] INFO  org.apache.catalina.core.StandardService[173] - Starting service [Tomcat]
[cms] 22:25:57.359 [main] INFO  org.apache.catalina.core.StandardEngine[173] - Starting Servlet engine: [Apache Tomcat/9.0.17]
[cms] 22:25:58.474 [main] INFO  org.apache.catalina.core.ContainerBase.[Tomcat].[localhost].[/][173] - Initializing Spring embedded WebApplicationContext
[cms] 22:25:58.494 [main] INFO  org.springframework.web.context.ContextLoader[296] - Root WebApplicationContext: initialization completed in 9137 ms
[cms] 22:25:58.924 [main] INFO  com.netflix.config.sources.URLConfigurationSource[122] - To enable URLs as dynamic configuration sources, define System property archaius.configurationSource.additionalUrls or make config.properties available on classpath.
[cms] 22:25:59.133 [main] INFO  com.netflix.config.DynamicPropertyFactory[281] - DynamicPropertyFactory is initialized with configuration sources: com.netflix.config.ConcurrentCompositeConfiguration@1311fdc2
[cms] 22:26:00.661 [main] INFO  org.apache.catalina.core.StandardService[173] - Stopping service [Tomcat]
[cms] 22:26:00.842 [main] INFO  org.springframework.boot.autoconfigure.logging.ConditionEvaluationReportLoggingListener[142] - 

Error starting ApplicationContext. To display the conditions report re-run your application with 'debug' enabled.
[cms] 22:26:00.883 [main] INFO  com.netflix.discovery.DiscoveryClient[888] - Shutting down DiscoveryClient ...
[cms] 22:26:04.174 [main] INFO  com.netflix.discovery.DiscoveryClient[911] - Completed shut down of DiscoveryClient
[cms] 23:24:49.776 [main] INFO  org.springframework.context.support.PostProcessorRegistrationDelegate$BeanPostProcessorChecker[330] - Bean 'org.springframework.cloud.autoconfigure.ConfigurationPropertiesRebinderAutoConfiguration' of type [org.springframework.cloud.autoconfigure.ConfigurationPropertiesRebinderAutoConfiguration$$EnhancerBySpringCGLIB$$c0aa584b] is not eligible for getting processed by all BeanPostProcessors (for example: not eligible for auto-proxying)
[cms] 23:24:52.320 [main] INFO  org.springframework.cloud.netflix.eureka.InstanceInfoFactory[71] - Setting initial instance status as: STARTING
[cms] 23:24:52.502 [main] INFO  com.netflix.discovery.DiscoveryClient[349] - Initializing Eureka in region us-east-1
[cms] 23:24:57.082 [main] INFO  com.netflix.discovery.provider.DiscoveryJerseyProvider[70] - Using JSON encoding codec LegacyJacksonJson
[cms] 23:24:57.085 [main] INFO  com.netflix.discovery.provider.DiscoveryJerseyProvider[71] - Using JSON decoding codec LegacyJacksonJson
[cms] 23:24:57.636 [main] INFO  com.netflix.discovery.provider.DiscoveryJerseyProvider[80] - Using XML encoding codec XStreamXml
[cms] 23:24:57.642 [main] INFO  com.netflix.discovery.provider.DiscoveryJerseyProvider[81] - Using XML decoding codec XStreamXml
[cms] 23:24:59.834 [main] INFO  com.netflix.discovery.shared.resolver.aws.ConfigClusterResolver[43] - Resolving eureka endpoints via configuration
[cms] 23:25:01.659 [main] INFO  com.netflix.discovery.DiscoveryClient[958] - Disable delta property : false
[cms] 23:25:01.671 [main] INFO  com.netflix.discovery.DiscoveryClient[959] - Single vip registry refresh property : null
[cms] 23:25:01.955 [main] INFO  com.netflix.discovery.DiscoveryClient[960] - Force full registry fetch : false
[cms] 23:25:02.072 [main] INFO  com.netflix.discovery.DiscoveryClient[961] - Application is null : false
[cms] 23:25:02.131 [main] INFO  com.netflix.discovery.DiscoveryClient[962] - Registered Applications size is zero : true
[cms] 23:25:02.151 [main] INFO  com.netflix.discovery.DiscoveryClient[964] - Application version is -1: true
[cms] 23:25:02.189 [main] INFO  com.netflix.discovery.DiscoveryClient[1047] - Getting all instance registry info from the eureka server
[cms] 23:25:03.281 [main] INFO  com.netflix.discovery.DiscoveryClient[1056] - The response status is 200
[cms] 23:25:03.291 [main] INFO  com.netflix.discovery.DiscoveryClient[1317] - Not registering with Eureka server per configuration
[cms] 23:25:03.338 [main] INFO  com.netflix.discovery.DiscoveryClient[449] - Discovery Client initialized at timestamp 1560957903329 with initial instances count: 1
[cms] 23:25:11.768 [main] INFO  org.springframework.cloud.config.client.ConfigServicePropertySourceLocator[205] - Fetching config from server at : http://192.168.43.54:8082/
[cms] 23:25:16.252 [main] INFO  org.springframework.cloud.config.client.ConfigServicePropertySourceLocator[149] - Located environment: name=user-server, profiles=[dev], label=null, version=8461fa464177051c90e663f44adda2f52b948f6d, state=null
[cms] 23:25:16.255 [main] INFO  org.springframework.cloud.bootstrap.config.PropertySourceBootstrapConfiguration[98] - Located property source: CompositePropertySource {name='configService', propertySources=[MapPropertySource {name='configClient'}, MapPropertySource {name='https://github.com/white211/SpringcloudConfig//user-server/user-server-dev.yml'}, MapPropertySource {name='https://github.com/white211/SpringcloudConfig//user-server/application.yml'}]}
[cms] 23:25:16.431 [main] INFO  com.white.userserver.UserServerApplication[679] - The following profiles are active: dev
[cms] 23:25:18.636 [main] INFO  org.springframework.data.repository.config.RepositoryConfigurationDelegate[126] - Bootstrapping Spring Data repositories in DEFAULT mode.
[cms] 23:25:18.745 [main] INFO  org.springframework.data.repository.config.RepositoryConfigurationDelegate[182] - Finished Spring Data repository scanning in 92ms. Found 0 repository interfaces.
[cms] 23:25:19.871 [main] INFO  org.springframework.cloud.context.scope.GenericScope[294] - BeanFactory id=677ff15b-b2e2-33d4-9a7d-96f4e303c372
[cms] 23:25:20.262 [main] INFO  org.springframework.context.support.PostProcessorRegistrationDelegate$BeanPostProcessorChecker[330] - Bean 'org.springframework.transaction.annotation.ProxyTransactionManagementConfiguration' of type [org.springframework.transaction.annotation.ProxyTransactionManagementConfiguration$$EnhancerBySpringCGLIB$$a490554e] is not eligible for getting processed by all BeanPostProcessors (for example: not eligible for auto-proxying)
[cms] 23:25:20.373 [main] INFO  org.springframework.context.support.PostProcessorRegistrationDelegate$BeanPostProcessorChecker[330] - Bean 'org.springframework.cloud.autoconfigure.ConfigurationPropertiesRebinderAutoConfiguration' of type [org.springframework.cloud.autoconfigure.ConfigurationPropertiesRebinderAutoConfiguration$$EnhancerBySpringCGLIB$$c0aa584b] is not eligible for getting processed by all BeanPostProcessors (for example: not eligible for auto-proxying)
[cms] 23:25:21.778 [main] INFO  org.springframework.boot.web.embedded.tomcat.TomcatWebServer[90] - Tomcat initialized with port(s): 8085 (http)
[cms] 23:25:21.834 [main] INFO  org.apache.catalina.core.StandardService[173] - Starting service [Tomcat]
[cms] 23:25:21.844 [main] INFO  org.apache.catalina.core.StandardEngine[173] - Starting Servlet engine: [Apache Tomcat/9.0.17]
[cms] 23:25:22.083 [main] INFO  org.apache.catalina.core.ContainerBase.[Tomcat].[localhost].[/][173] - Initializing Spring embedded WebApplicationContext
[cms] 23:25:22.086 [main] INFO  org.springframework.web.context.ContextLoader[296] - Root WebApplicationContext: initialization completed in 5634 ms
[cms] 23:25:22.362 [main] INFO  com.netflix.config.sources.URLConfigurationSource[122] - To enable URLs as dynamic configuration sources, define System property archaius.configurationSource.additionalUrls or make config.properties available on classpath.
[cms] 23:25:22.426 [main] INFO  com.netflix.config.DynamicPropertyFactory[281] - DynamicPropertyFactory is initialized with configuration sources: com.netflix.config.ConcurrentCompositeConfiguration@3313a5da
[cms] 23:25:24.460 [main] INFO  org.springframework.boot.actuate.endpoint.web.ServletEndpointRegistrar[78] - Registered '/actuator/jolokia' to jolokia-actuator-endpoint
[cms] 23:25:26.983 [main] INFO  com.zaxxer.hikari.HikariDataSource[110] - user - Starting...
[cms] 23:25:27.575 [main] INFO  com.zaxxer.hikari.HikariDataSource[123] - user - Start completed.
[cms] 23:25:28.698 [main] INFO  com.netflix.config.sources.URLConfigurationSource[122] - To enable URLs as dynamic configuration sources, define System property archaius.configurationSource.additionalUrls or make config.properties available on classpath.
[cms] 23:25:29.541 [main] INFO  org.springframework.scheduling.concurrent.ThreadPoolTaskExecutor[171] - Initializing ExecutorService 'applicationTaskExecutor'
[cms] 23:25:35.713 [main] INFO  com.netflix.discovery.DiscoveryClient[888] - Shutting down DiscoveryClient ...
[cms] 23:25:35.772 [main] INFO  com.netflix.discovery.DiscoveryClient[911] - Completed shut down of DiscoveryClient
[cms] 23:25:35.840 [main] INFO  org.springframework.boot.actuate.endpoint.web.EndpointLinksResolver[59] - Exposing 21 endpoint(s) beneath base path '/actuator'
[cms] 23:25:36.395 [main] INFO  org.springframework.cloud.netflix.eureka.InstanceInfoFactory[71] - Setting initial instance status as: STARTING
[cms] 23:25:36.431 [main] INFO  com.netflix.discovery.DiscoveryClient[349] - Initializing Eureka in region us-east-1
[cms] 23:25:36.451 [main] INFO  com.netflix.discovery.provider.DiscoveryJerseyProvider[70] - Using JSON encoding codec LegacyJacksonJson
[cms] 23:25:36.456 [main] INFO  com.netflix.discovery.provider.DiscoveryJerseyProvider[71] - Using JSON decoding codec LegacyJacksonJson
[cms] 23:25:36.465 [main] INFO  com.netflix.discovery.provider.DiscoveryJerseyProvider[80] - Using XML encoding codec XStreamXml
[cms] 23:25:36.472 [main] INFO  com.netflix.discovery.provider.DiscoveryJerseyProvider[81] - Using XML decoding codec XStreamXml
[cms] 23:25:36.669 [main] INFO  com.netflix.discovery.shared.resolver.aws.ConfigClusterResolver[43] - Resolving eureka endpoints via configuration
[cms] 23:25:36.676 [main] INFO  com.netflix.discovery.DiscoveryClient[958] - Disable delta property : false
[cms] 23:25:36.678 [main] INFO  com.netflix.discovery.DiscoveryClient[959] - Single vip registry refresh property : null
[cms] 23:25:36.681 [main] INFO  com.netflix.discovery.DiscoveryClient[960] - Force full registry fetch : false
[cms] 23:25:36.682 [main] INFO  com.netflix.discovery.DiscoveryClient[961] - Application is null : false
[cms] 23:25:36.685 [main] INFO  com.netflix.discovery.DiscoveryClient[962] - Registered Applications size is zero : true
[cms] 23:25:36.693 [main] INFO  com.netflix.discovery.DiscoveryClient[964] - Application version is -1: true
[cms] 23:25:36.702 [main] INFO  com.netflix.discovery.DiscoveryClient[1047] - Getting all instance registry info from the eureka server
[cms] 23:25:36.724 [main] INFO  com.netflix.discovery.DiscoveryClient[1056] - The response status is 200
[cms] 23:25:36.729 [main] INFO  com.netflix.discovery.DiscoveryClient[1270] - Starting heartbeat executor: renew interval is: 30
[cms] 23:25:36.739 [main] INFO  com.netflix.discovery.InstanceInfoReplicator[60] - InstanceInfoReplicator onDemand update allowed rate per min is 4
[cms] 23:25:36.744 [main] INFO  com.netflix.discovery.DiscoveryClient[449] - Discovery Client initialized at timestamp 1560957936743 with initial instances count: 2
[cms] 23:25:36.748 [main] INFO  org.springframework.cloud.netflix.eureka.serviceregistry.EurekaServiceRegistry[42] - Registering application USER-SERVER with eureka with status UP
[cms] 23:25:36.754 [main] INFO  com.netflix.discovery.DiscoveryClient[1305] - Saw local status change event StatusChangeEvent [timestamp=1560957936754, current=UP, previous=STARTING]
[cms] 23:25:36.767 [DiscoveryClient-InstanceInfoReplicator-0] INFO  com.netflix.discovery.DiscoveryClient[826] - DiscoveryClient_USER-SERVER/DESKTOP-DIC4SEB:user-server:8085: registering service...
[cms] 23:25:36.958 [main] INFO  org.springframework.boot.web.embedded.tomcat.TomcatWebServer[204] - Tomcat started on port(s): 8085 (http) with context path ''
[cms] 23:25:36.964 [main] INFO  org.springframework.cloud.netflix.eureka.serviceregistry.EurekaAutoServiceRegistration[141] - Updating port to 8085
[cms] 23:25:36.967 [DiscoveryClient-InstanceInfoReplicator-0] INFO  com.netflix.discovery.DiscoveryClient[835] - DiscoveryClient_USER-SERVER/DESKTOP-DIC4SEB:user-server:8085 - registration status: 204
[cms] 23:25:36.977 [main] INFO  com.white.userserver.UserServerApplication[59] - Started UserServerApplication in 56.253 seconds (JVM running for 97.129)
[cms] 23:25:37.035 [main] INFO  com.white.userserver.config.SystemUrlConfig[37] - 初始化url数据
[cms] 23:25:37.759 [main] INFO  com.white.userserver.config.SystemUrlConfig[46] - 初始话url数据条数5
[cms] 23:30:36.711 [AsyncResolver-bootstrap-executor-0] INFO  com.netflix.discovery.shared.resolver.aws.ConfigClusterResolver[43] - Resolving eureka endpoints via configuration
[cms] 23:35:36.715 [AsyncResolver-bootstrap-executor-0] INFO  com.netflix.discovery.shared.resolver.aws.ConfigClusterResolver[43] - Resolving eureka endpoints via configuration
[cms] 23:40:36.719 [AsyncResolver-bootstrap-executor-0] INFO  com.netflix.discovery.shared.resolver.aws.ConfigClusterResolver[43] - Resolving eureka endpoints via configuration
[cms] 23:44:03.510 [Thread-7] INFO  org.springframework.cloud.netflix.eureka.serviceregistry.EurekaServiceRegistry[65] - Unregistering application USER-SERVER with eureka with status DOWN
[cms] 23:44:03.530 [DiscoveryClient-InstanceInfoReplicator-0] INFO  com.netflix.discovery.DiscoveryClient[826] - DiscoveryClient_USER-SERVER/DESKTOP-DIC4SEB:user-server:8085: registering service...
[cms] 23:44:03.588 [DiscoveryClient-InstanceInfoReplicator-0] INFO  com.netflix.discovery.DiscoveryClient[835] - DiscoveryClient_USER-SERVER/DESKTOP-DIC4SEB:user-server:8085 - registration status: 204
[cms] 23:44:03.788 [Thread-7] INFO  org.springframework.scheduling.concurrent.ThreadPoolTaskExecutor[208] - Shutting down ExecutorService 'applicationTaskExecutor'
[cms] 23:44:03.868 [Thread-7] INFO  com.netflix.discovery.DiscoveryClient[888] - Shutting down DiscoveryClient ...
[cms] 23:44:06.884 [Thread-7] INFO  com.netflix.discovery.DiscoveryClient[922] - Unregistering ...
[cms] 23:44:07.013 [Thread-7] INFO  com.netflix.discovery.DiscoveryClient[924] - DiscoveryClient_USER-SERVER/DESKTOP-DIC4SEB:user-server:8085 - deregister  status: 200
[cms] 23:44:07.248 [Thread-7] INFO  com.netflix.discovery.DiscoveryClient[911] - Completed shut down of DiscoveryClient
[cms] 23:44:07.356 [Thread-7] INFO  com.zaxxer.hikari.HikariDataSource[350] - user - Shutdown initiated...
[cms] 23:44:07.490 [Thread-7] INFO  com.zaxxer.hikari.HikariDataSource[352] - user - Shutdown completed.
