[cms] 12:43:54.693 [main] INFO  org.springframework.context.support.PostProcessorRegistrationDelegate$BeanPostProcessorChecker[330] - Bean 'org.springframework.cloud.autoconfigure.ConfigurationPropertiesRebinderAutoConfiguration' of type [org.springframework.cloud.autoconfigure.ConfigurationPropertiesRebinderAutoConfiguration$$EnhancerBySpringCGLIB$$49efddf8] is not eligible for getting processed by all BeanPostProcessors (for example: not eligible for auto-proxying)
[cms] 12:43:55.904 [main] INFO  org.springframework.cloud.netflix.eureka.InstanceInfoFactory[71] - Setting initial instance status as: STARTING
[cms] 12:43:56.067 [main] INFO  com.netflix.discovery.DiscoveryClient[349] - Initializing Eureka in region us-east-1
[cms] 12:43:57.803 [main] INFO  com.netflix.discovery.provider.DiscoveryJerseyProvider[70] - Using JSON encoding codec LegacyJacksonJson
[cms] 12:43:57.806 [main] INFO  com.netflix.discovery.provider.DiscoveryJerseyProvider[71] - Using JSON decoding codec LegacyJacksonJson
[cms] 12:43:58.108 [main] INFO  com.netflix.discovery.provider.DiscoveryJerseyProvider[80] - Using XML encoding codec XStreamXml
[cms] 12:43:58.112 [main] INFO  com.netflix.discovery.provider.DiscoveryJerseyProvider[81] - Using XML decoding codec XStreamXml
[cms] 12:43:58.678 [main] INFO  com.netflix.discovery.shared.resolver.aws.ConfigClusterResolver[43] - Resolving eureka endpoints via configuration
[cms] 12:43:59.394 [main] INFO  com.netflix.discovery.DiscoveryClient[958] - Disable delta property : false
[cms] 12:43:59.396 [main] INFO  com.netflix.discovery.DiscoveryClient[959] - Single vip registry refresh property : null
[cms] 12:43:59.398 [main] INFO  com.netflix.discovery.DiscoveryClient[960] - Force full registry fetch : false
[cms] 12:43:59.399 [main] INFO  com.netflix.discovery.DiscoveryClient[961] - Application is null : false
[cms] 12:43:59.401 [main] INFO  com.netflix.discovery.DiscoveryClient[962] - Registered Applications size is zero : true
[cms] 12:43:59.403 [main] INFO  com.netflix.discovery.DiscoveryClient[964] - Application version is -1: true
[cms] 12:43:59.404 [main] INFO  com.netflix.discovery.DiscoveryClient[1047] - Getting all instance registry info from the eureka server
[cms] 12:43:59.758 [main] INFO  com.netflix.discovery.DiscoveryClient[1056] - The response status is 200
[cms] 12:43:59.766 [main] INFO  com.netflix.discovery.DiscoveryClient[1317] - Not registering with Eureka server per configuration
[cms] 12:43:59.777 [main] INFO  com.netflix.discovery.DiscoveryClient[449] - Discovery Client initialized at timestamp 1557636239774 with initial instances count: 2
[cms] 12:44:01.978 [main] INFO  org.springframework.cloud.config.client.ConfigServicePropertySourceLocator[205] - Fetching config from server at : http://192.168.1.102:8082/
[cms] 12:44:06.436 [main] INFO  org.springframework.cloud.config.client.ConfigServicePropertySourceLocator[149] - Located environment: name=user-server, profiles=[dev], label=null, version=21d304fa9f0ee30bdcfe66f2d4ad5fe108eefe63, state=null
[cms] 12:44:06.440 [main] INFO  org.springframework.cloud.bootstrap.config.PropertySourceBootstrapConfiguration[98] - Located property source: CompositePropertySource {name='configService', propertySources=[MapPropertySource {name='configClient'}, MapPropertySource {name='https://github.com/white211/SpringcloudConfig//user-server/user-server-dev.yml'}, MapPropertySource {name='https://github.com/white211/SpringcloudConfig//user-server/application.yml'}]}
[cms] 12:44:06.691 [main] INFO  com.white.userserver.UserServerApplication[679] - The following profiles are active: dev
[cms] 12:44:08.912 [main] INFO  org.springframework.data.repository.config.RepositoryConfigurationDelegate[126] - Bootstrapping Spring Data repositories in DEFAULT mode.
[cms] 12:44:08.987 [main] INFO  org.springframework.data.repository.config.RepositoryConfigurationDelegate[182] - Finished Spring Data repository scanning in 62ms. Found 0 repository interfaces.
[cms] 12:44:09.756 [main] INFO  org.springframework.cloud.context.scope.GenericScope[294] - BeanFactory id=677ff15b-b2e2-33d4-9a7d-96f4e303c372
[cms] 12:44:10.172 [main] INFO  org.springframework.context.support.PostProcessorRegistrationDelegate$BeanPostProcessorChecker[330] - Bean 'org.springframework.transaction.annotation.ProxyTransactionManagementConfiguration' of type [org.springframework.transaction.annotation.ProxyTransactionManagementConfiguration$$EnhancerBySpringCGLIB$$2dd5dafb] is not eligible for getting processed by all BeanPostProcessors (for example: not eligible for auto-proxying)
[cms] 12:44:10.311 [main] INFO  org.springframework.context.support.PostProcessorRegistrationDelegate$BeanPostProcessorChecker[330] - Bean 'org.springframework.cloud.autoconfigure.ConfigurationPropertiesRebinderAutoConfiguration' of type [org.springframework.cloud.autoconfigure.ConfigurationPropertiesRebinderAutoConfiguration$$EnhancerBySpringCGLIB$$49efddf8] is not eligible for getting processed by all BeanPostProcessors (for example: not eligible for auto-proxying)
[cms] 12:44:11.263 [main] INFO  org.springframework.boot.web.embedded.tomcat.TomcatWebServer[90] - Tomcat initialized with port(s): 8085 (http)
[cms] 12:44:11.341 [main] INFO  org.apache.catalina.core.StandardService[173] - Starting service [Tomcat]
[cms] 12:44:11.343 [main] INFO  org.apache.catalina.core.StandardEngine[173] - Starting Servlet engine: [Apache Tomcat/9.0.17]
[cms] 12:44:11.660 [main] INFO  org.apache.catalina.core.ContainerBase.[Tomcat].[localhost].[/][173] - Initializing Spring embedded WebApplicationContext
[cms] 12:44:11.664 [main] INFO  org.springframework.web.context.ContextLoader[296] - Root WebApplicationContext: initialization completed in 4942 ms
[cms] 12:44:11.960 [main] INFO  com.netflix.config.sources.URLConfigurationSource[122] - To enable URLs as dynamic configuration sources, define System property archaius.configurationSource.additionalUrls or make config.properties available on classpath.
[cms] 12:44:12.023 [main] INFO  com.netflix.config.DynamicPropertyFactory[281] - DynamicPropertyFactory is initialized with configuration sources: com.netflix.config.ConcurrentCompositeConfiguration@2f16d828
[cms] 12:44:14.332 [main] INFO  org.springframework.boot.actuate.endpoint.web.ServletEndpointRegistrar[78] - Registered '/actuator/jolokia' to jolokia-actuator-endpoint
[cms] 12:44:15.233 [main] INFO  com.zaxxer.hikari.HikariDataSource[110] - user - Starting...
[cms] 12:44:16.114 [main] INFO  com.zaxxer.hikari.HikariDataSource[123] - user - Start completed.
[cms] 12:44:18.225 [main] INFO  com.netflix.config.sources.URLConfigurationSource[122] - To enable URLs as dynamic configuration sources, define System property archaius.configurationSource.additionalUrls or make config.properties available on classpath.
[cms] 12:44:19.097 [main] INFO  org.springframework.scheduling.concurrent.ThreadPoolTaskExecutor[171] - Initializing ExecutorService 'applicationTaskExecutor'
[cms] 12:44:27.503 [main] INFO  com.netflix.discovery.DiscoveryClient[888] - Shutting down DiscoveryClient ...
[cms] 12:44:27.683 [main] INFO  com.netflix.discovery.DiscoveryClient[911] - Completed shut down of DiscoveryClient
[cms] 12:44:27.825 [main] INFO  org.springframework.boot.actuate.endpoint.web.EndpointLinksResolver[59] - Exposing 21 endpoint(s) beneath base path '/actuator'
[cms] 12:44:29.757 [main] INFO  org.springframework.cloud.netflix.eureka.InstanceInfoFactory[71] - Setting initial instance status as: STARTING
[cms] 12:44:29.845 [main] INFO  com.netflix.discovery.DiscoveryClient[349] - Initializing Eureka in region us-east-1
[cms] 12:44:29.963 [main] INFO  com.netflix.discovery.provider.DiscoveryJerseyProvider[70] - Using JSON encoding codec LegacyJacksonJson
[cms] 12:44:29.975 [main] INFO  com.netflix.discovery.provider.DiscoveryJerseyProvider[71] - Using JSON decoding codec LegacyJacksonJson
[cms] 12:44:30.006 [main] INFO  com.netflix.discovery.provider.DiscoveryJerseyProvider[80] - Using XML encoding codec XStreamXml
[cms] 12:44:30.024 [main] INFO  com.netflix.discovery.provider.DiscoveryJerseyProvider[81] - Using XML decoding codec XStreamXml
[cms] 12:44:30.334 [main] INFO  com.netflix.discovery.shared.resolver.aws.ConfigClusterResolver[43] - Resolving eureka endpoints via configuration
[cms] 12:44:30.351 [main] INFO  com.netflix.discovery.DiscoveryClient[958] - Disable delta property : false
[cms] 12:44:30.449 [main] INFO  com.netflix.discovery.DiscoveryClient[959] - Single vip registry refresh property : null
[cms] 12:44:30.612 [main] INFO  com.netflix.discovery.DiscoveryClient[960] - Force full registry fetch : false
[cms] 12:44:30.669 [main] INFO  com.netflix.discovery.DiscoveryClient[961] - Application is null : false
[cms] 12:44:30.703 [main] INFO  com.netflix.discovery.DiscoveryClient[962] - Registered Applications size is zero : true
[cms] 12:44:30.710 [main] INFO  com.netflix.discovery.DiscoveryClient[964] - Application version is -1: true
[cms] 12:44:30.722 [main] INFO  com.netflix.discovery.DiscoveryClient[1047] - Getting all instance registry info from the eureka server
[cms] 12:44:30.814 [main] INFO  com.netflix.discovery.DiscoveryClient[1056] - The response status is 200
[cms] 12:44:31.337 [main] INFO  com.netflix.discovery.DiscoveryClient[1270] - Starting heartbeat executor: renew interval is: 30
[cms] 12:44:31.496 [main] INFO  com.netflix.discovery.InstanceInfoReplicator[60] - InstanceInfoReplicator onDemand update allowed rate per min is 4
[cms] 12:44:31.595 [main] INFO  com.netflix.discovery.DiscoveryClient[449] - Discovery Client initialized at timestamp 1557636271595 with initial instances count: 2
[cms] 12:44:31.709 [main] INFO  org.springframework.cloud.netflix.eureka.serviceregistry.EurekaServiceRegistry[42] - Registering application USER-SERVER with eureka with status UP
[cms] 12:44:31.909 [main] INFO  com.netflix.discovery.DiscoveryClient[1305] - Saw local status change event StatusChangeEvent [timestamp=1557636271909, current=UP, previous=STARTING]
[cms] 12:44:32.575 [DiscoveryClient-InstanceInfoReplicator-0] INFO  com.netflix.discovery.DiscoveryClient[826] - DiscoveryClient_USER-SERVER/DESKTOP-DIC4SEB:user-server:8085: registering service...
[cms] 12:44:33.165 [DiscoveryClient-InstanceInfoReplicator-0] INFO  com.netflix.discovery.DiscoveryClient[835] - DiscoveryClient_USER-SERVER/DESKTOP-DIC4SEB:user-server:8085 - registration status: 204
[cms] 12:44:33.047 [main] INFO  org.springframework.boot.web.embedded.tomcat.TomcatWebServer[204] - Tomcat started on port(s): 8085 (http) with context path ''
[cms] 12:44:33.190 [main] INFO  org.springframework.cloud.netflix.eureka.serviceregistry.EurekaAutoServiceRegistration[141] - Updating port to 8085
[cms] 12:44:33.219 [main] INFO  com.white.userserver.UserServerApplication[59] - Started UserServerApplication in 42.563 seconds (JVM running for 73.463)
[cms] 12:44:33.378 [main] INFO  com.white.userserver.config.SystemUrlConfig[37] - 初始化url数据
[cms] 12:44:34.779 [main] INFO  com.white.userserver.config.SystemUrlConfig[46] - 初始话url数据条数5
[cms] 12:45:06.802 [http-nio-8085-exec-10] INFO  org.apache.catalina.core.ContainerBase.[Tomcat].[localhost].[/][173] - Initializing Spring DispatcherServlet 'dispatcherServlet'
[cms] 12:45:06.806 [http-nio-8085-exec-10] INFO  org.springframework.web.servlet.DispatcherServlet[524] - Initializing Servlet 'dispatcherServlet'
[cms] 12:45:06.834 [http-nio-8085-exec-10] INFO  org.springframework.web.servlet.DispatcherServlet[546] - Completed initialization in 26 ms
[cms] 12:45:06.950 [http-nio-8085-exec-10] INFO  org.springframework.amqp.rabbit.connection.CachingConnectionFactory[460] - Attempting to connect to: [localhost:5672]
[cms] 12:45:07.154 [http-nio-8085-exec-10] INFO  org.springframework.amqp.rabbit.connection.CachingConnectionFactory[496] - Created new connection: rabbitConnectionFactory#6595af31:0/SimpleConnection@5c1658a1 [delegate=amqp://guest@127.0.0.1:5672/, localPort= 60578]
[cms] 12:45:08.447 [http-nio-8085-exec-10] INFO  org.springframework.cloud.config.client.ConfigServicePropertySourceLocator[205] - Fetching config from server at : http://192.168.1.102:8082/
[cms] 12:45:11.370 [http-nio-8085-exec-10] INFO  org.springframework.cloud.config.client.ConfigServicePropertySourceLocator[149] - Located environment: name=user-server, profiles=[dev], label=null, version=21d304fa9f0ee30bdcfe66f2d4ad5fe108eefe63, state=null
[cms] 12:49:30.908 [AsyncResolver-bootstrap-executor-0] INFO  com.netflix.discovery.shared.resolver.aws.ConfigClusterResolver[43] - Resolving eureka endpoints via configuration
[cms] 12:50:12.558 [http-nio-8085-exec-3] INFO  org.springframework.cloud.config.client.ConfigServicePropertySourceLocator[205] - Fetching config from server at : http://192.168.1.102:8082/
[cms] 12:50:15.574 [http-nio-8085-exec-3] INFO  org.springframework.cloud.config.client.ConfigServicePropertySourceLocator[149] - Located environment: name=user-server, profiles=[dev], label=null, version=21d304fa9f0ee30bdcfe66f2d4ad5fe108eefe63, state=null
[cms] 12:53:04.713 [Thread-7] INFO  org.springframework.cloud.netflix.eureka.serviceregistry.EurekaServiceRegistry[65] - Unregistering application USER-SERVER with eureka with status DOWN
[cms] 12:53:04.719 [DiscoveryClient-InstanceInfoReplicator-0] INFO  com.netflix.discovery.DiscoveryClient[826] - DiscoveryClient_USER-SERVER/DESKTOP-DIC4SEB:user-server:8085: registering service...
[cms] 12:53:04.745 [DiscoveryClient-InstanceInfoReplicator-0] INFO  com.netflix.discovery.DiscoveryClient[835] - DiscoveryClient_USER-SERVER/DESKTOP-DIC4SEB:user-server:8085 - registration status: 204
[cms] 12:53:04.762 [Thread-7] INFO  org.springframework.scheduling.concurrent.ThreadPoolTaskExecutor[208] - Shutting down ExecutorService 'applicationTaskExecutor'
[cms] 12:53:04.831 [Thread-7] INFO  com.netflix.discovery.DiscoveryClient[888] - Shutting down DiscoveryClient ...
[cms] 17:59:14.736 [main] INFO  org.springframework.context.support.PostProcessorRegistrationDelegate$BeanPostProcessorChecker[330] - Bean 'org.springframework.cloud.autoconfigure.ConfigurationPropertiesRebinderAutoConfiguration' of type [org.springframework.cloud.autoconfigure.ConfigurationPropertiesRebinderAutoConfiguration$$EnhancerBySpringCGLIB$$4ec0689c] is not eligible for getting processed by all BeanPostProcessors (for example: not eligible for auto-proxying)
[cms] 17:59:16.508 [main] INFO  org.springframework.cloud.netflix.eureka.InstanceInfoFactory[71] - Setting initial instance status as: STARTING
[cms] 17:59:16.745 [main] INFO  com.netflix.discovery.DiscoveryClient[349] - Initializing Eureka in region us-east-1
[cms] 17:59:18.713 [main] INFO  com.netflix.discovery.provider.DiscoveryJerseyProvider[70] - Using JSON encoding codec LegacyJacksonJson
[cms] 17:59:18.716 [main] INFO  com.netflix.discovery.provider.DiscoveryJerseyProvider[71] - Using JSON decoding codec LegacyJacksonJson
[cms] 17:59:19.007 [main] INFO  com.netflix.discovery.provider.DiscoveryJerseyProvider[80] - Using XML encoding codec XStreamXml
[cms] 17:59:19.010 [main] INFO  com.netflix.discovery.provider.DiscoveryJerseyProvider[81] - Using XML decoding codec XStreamXml
[cms] 17:59:19.595 [main] INFO  com.netflix.discovery.shared.resolver.aws.ConfigClusterResolver[43] - Resolving eureka endpoints via configuration
[cms] 17:59:20.374 [main] INFO  com.netflix.discovery.DiscoveryClient[958] - Disable delta property : false
[cms] 17:59:20.376 [main] INFO  com.netflix.discovery.DiscoveryClient[959] - Single vip registry refresh property : null
[cms] 17:59:20.379 [main] INFO  com.netflix.discovery.DiscoveryClient[960] - Force full registry fetch : false
[cms] 17:59:20.380 [main] INFO  com.netflix.discovery.DiscoveryClient[961] - Application is null : false
[cms] 17:59:20.383 [main] INFO  com.netflix.discovery.DiscoveryClient[962] - Registered Applications size is zero : true
[cms] 17:59:20.384 [main] INFO  com.netflix.discovery.DiscoveryClient[964] - Application version is -1: true
[cms] 17:59:20.386 [main] INFO  com.netflix.discovery.DiscoveryClient[1047] - Getting all instance registry info from the eureka server
[cms] 17:59:20.825 [main] INFO  com.netflix.discovery.DiscoveryClient[1056] - The response status is 200
[cms] 17:59:20.841 [main] INFO  com.netflix.discovery.DiscoveryClient[1317] - Not registering with Eureka server per configuration
[cms] 17:59:20.855 [main] INFO  com.netflix.discovery.DiscoveryClient[449] - Discovery Client initialized at timestamp 1557655160851 with initial instances count: 2
[cms] 17:59:23.302 [main] INFO  org.springframework.cloud.config.client.ConfigServicePropertySourceLocator[205] - Fetching config from server at : http://192.168.1.102:8082/
[cms] 17:59:26.448 [main] INFO  org.springframework.cloud.config.client.ConfigServicePropertySourceLocator[149] - Located environment: name=user-server, profiles=[dev], label=null, version=1650cc91b6a2ba1e7071f729e2d066ffaceba496, state=null
[cms] 17:59:26.604 [main] INFO  org.springframework.cloud.bootstrap.config.PropertySourceBootstrapConfiguration[98] - Located property source: CompositePropertySource {name='configService', propertySources=[MapPropertySource {name='configClient'}, MapPropertySource {name='https://github.com/white211/SpringcloudConfig//user-server/user-server-dev.yml'}, MapPropertySource {name='https://github.com/white211/SpringcloudConfig//user-server/application.yml'}]}
[cms] 17:59:26.960 [main] INFO  com.white.userserver.UserServerApplication[679] - The following profiles are active: dev
[cms] 17:59:30.045 [main] INFO  org.springframework.data.repository.config.RepositoryConfigurationDelegate[126] - Bootstrapping Spring Data repositories in DEFAULT mode.
[cms] 17:59:30.273 [main] INFO  org.springframework.data.repository.config.RepositoryConfigurationDelegate[182] - Finished Spring Data repository scanning in 212ms. Found 0 repository interfaces.
[cms] 17:59:31.628 [main] INFO  org.springframework.cloud.context.scope.GenericScope[294] - BeanFactory id=677ff15b-b2e2-33d4-9a7d-96f4e303c372
[cms] 17:59:32.095 [main] INFO  org.springframework.context.support.PostProcessorRegistrationDelegate$BeanPostProcessorChecker[330] - Bean 'org.springframework.transaction.annotation.ProxyTransactionManagementConfiguration' of type [org.springframework.transaction.annotation.ProxyTransactionManagementConfiguration$$EnhancerBySpringCGLIB$$32a6659f] is not eligible for getting processed by all BeanPostProcessors (for example: not eligible for auto-proxying)
[cms] 17:59:32.211 [main] INFO  org.springframework.context.support.PostProcessorRegistrationDelegate$BeanPostProcessorChecker[330] - Bean 'org.springframework.cloud.autoconfigure.ConfigurationPropertiesRebinderAutoConfiguration' of type [org.springframework.cloud.autoconfigure.ConfigurationPropertiesRebinderAutoConfiguration$$EnhancerBySpringCGLIB$$4ec0689c] is not eligible for getting processed by all BeanPostProcessors (for example: not eligible for auto-proxying)
[cms] 17:59:33.547 [main] INFO  org.springframework.boot.web.embedded.tomcat.TomcatWebServer[90] - Tomcat initialized with port(s): 8085 (http)
[cms] 17:59:33.705 [main] INFO  org.apache.catalina.core.StandardService[173] - Starting service [Tomcat]
[cms] 17:59:33.713 [main] INFO  org.apache.catalina.core.StandardEngine[173] - Starting Servlet engine: [Apache Tomcat/9.0.17]
[cms] 17:59:34.195 [main] INFO  org.apache.catalina.core.ContainerBase.[Tomcat].[localhost].[/][173] - Initializing Spring embedded WebApplicationContext
[cms] 17:59:34.208 [main] INFO  org.springframework.web.context.ContextLoader[296] - Root WebApplicationContext: initialization completed in 7197 ms
[cms] 17:59:34.556 [main] INFO  com.netflix.config.sources.URLConfigurationSource[122] - To enable URLs as dynamic configuration sources, define System property archaius.configurationSource.additionalUrls or make config.properties available on classpath.
[cms] 17:59:34.601 [main] INFO  com.netflix.config.DynamicPropertyFactory[281] - DynamicPropertyFactory is initialized with configuration sources: com.netflix.config.ConcurrentCompositeConfiguration@38cd7fb6
[cms] 17:59:37.249 [main] INFO  org.springframework.boot.actuate.endpoint.web.ServletEndpointRegistrar[78] - Registered '/actuator/jolokia' to jolokia-actuator-endpoint
[cms] 17:59:38.517 [main] INFO  com.zaxxer.hikari.HikariDataSource[110] - user - Starting...
[cms] 17:59:39.296 [main] INFO  com.zaxxer.hikari.HikariDataSource[123] - user - Start completed.
[cms] 17:59:41.638 [main] INFO  com.netflix.config.sources.URLConfigurationSource[122] - To enable URLs as dynamic configuration sources, define System property archaius.configurationSource.additionalUrls or make config.properties available on classpath.
[cms] 17:59:42.971 [main] INFO  org.springframework.scheduling.concurrent.ThreadPoolTaskExecutor[171] - Initializing ExecutorService 'applicationTaskExecutor'
[cms] 17:59:50.536 [main] INFO  com.netflix.discovery.DiscoveryClient[888] - Shutting down DiscoveryClient ...
[cms] 17:59:50.568 [main] INFO  com.netflix.discovery.DiscoveryClient[911] - Completed shut down of DiscoveryClient
[cms] 17:59:50.614 [main] INFO  org.springframework.boot.actuate.endpoint.web.EndpointLinksResolver[59] - Exposing 21 endpoint(s) beneath base path '/actuator'
[cms] 17:59:50.979 [main] INFO  org.springframework.cloud.netflix.eureka.InstanceInfoFactory[71] - Setting initial instance status as: STARTING
[cms] 17:59:51.008 [main] INFO  com.netflix.discovery.DiscoveryClient[349] - Initializing Eureka in region us-east-1
[cms] 17:59:51.032 [main] INFO  com.netflix.discovery.provider.DiscoveryJerseyProvider[70] - Using JSON encoding codec LegacyJacksonJson
[cms] 17:59:51.037 [main] INFO  com.netflix.discovery.provider.DiscoveryJerseyProvider[71] - Using JSON decoding codec LegacyJacksonJson
[cms] 17:59:51.043 [main] INFO  com.netflix.discovery.provider.DiscoveryJerseyProvider[80] - Using XML encoding codec XStreamXml
[cms] 17:59:51.047 [main] INFO  com.netflix.discovery.provider.DiscoveryJerseyProvider[81] - Using XML decoding codec XStreamXml
[cms] 17:59:51.264 [main] INFO  com.netflix.discovery.shared.resolver.aws.ConfigClusterResolver[43] - Resolving eureka endpoints via configuration
[cms] 17:59:51.269 [main] INFO  com.netflix.discovery.DiscoveryClient[958] - Disable delta property : false
[cms] 17:59:51.272 [main] INFO  com.netflix.discovery.DiscoveryClient[959] - Single vip registry refresh property : null
[cms] 17:59:51.277 [main] INFO  com.netflix.discovery.DiscoveryClient[960] - Force full registry fetch : false
[cms] 17:59:51.280 [main] INFO  com.netflix.discovery.DiscoveryClient[961] - Application is null : false
[cms] 17:59:51.283 [main] INFO  com.netflix.discovery.DiscoveryClient[962] - Registered Applications size is zero : true
[cms] 17:59:51.286 [main] INFO  com.netflix.discovery.DiscoveryClient[964] - Application version is -1: true
[cms] 17:59:51.288 [main] INFO  com.netflix.discovery.DiscoveryClient[1047] - Getting all instance registry info from the eureka server
[cms] 17:59:51.322 [main] INFO  com.netflix.discovery.DiscoveryClient[1056] - The response status is 200
[cms] 17:59:51.324 [main] INFO  com.netflix.discovery.DiscoveryClient[1270] - Starting heartbeat executor: renew interval is: 30
[cms] 17:59:51.331 [main] INFO  com.netflix.discovery.InstanceInfoReplicator[60] - InstanceInfoReplicator onDemand update allowed rate per min is 4
[cms] 17:59:51.335 [main] INFO  com.netflix.discovery.DiscoveryClient[449] - Discovery Client initialized at timestamp 1557655191335 with initial instances count: 2
[cms] 17:59:51.339 [main] INFO  org.springframework.cloud.netflix.eureka.serviceregistry.EurekaServiceRegistry[42] - Registering application USER-SERVER with eureka with status UP
[cms] 17:59:51.341 [main] INFO  com.netflix.discovery.DiscoveryClient[1305] - Saw local status change event StatusChangeEvent [timestamp=1557655191341, current=UP, previous=STARTING]
[cms] 17:59:51.364 [DiscoveryClient-InstanceInfoReplicator-0] INFO  com.netflix.discovery.DiscoveryClient[826] - DiscoveryClient_USER-SERVER/DESKTOP-DIC4SEB:user-server:8085: registering service...
[cms] 17:59:51.481 [main] INFO  org.springframework.boot.web.embedded.tomcat.TomcatWebServer[204] - Tomcat started on port(s): 8085 (http) with context path ''
[cms] 17:59:51.488 [DiscoveryClient-InstanceInfoReplicator-0] INFO  com.netflix.discovery.DiscoveryClient[835] - DiscoveryClient_USER-SERVER/DESKTOP-DIC4SEB:user-server:8085 - registration status: 204
[cms] 17:59:51.489 [main] INFO  org.springframework.cloud.netflix.eureka.serviceregistry.EurekaAutoServiceRegistration[141] - Updating port to 8085
[cms] 17:59:51.500 [main] INFO  com.white.userserver.UserServerApplication[59] - Started UserServerApplication in 41.196 seconds (JVM running for 93.694)
[cms] 17:59:51.539 [main] INFO  com.white.userserver.config.SystemUrlConfig[37] - 初始化url数据
[cms] 17:59:52.351 [main] INFO  com.white.userserver.config.SystemUrlConfig[46] - 初始话url数据条数5
[cms] 18:00:15.191 [http-nio-8085-exec-10] INFO  org.apache.catalina.core.ContainerBase.[Tomcat].[localhost].[/][173] - Initializing Spring DispatcherServlet 'dispatcherServlet'
[cms] 18:00:15.193 [http-nio-8085-exec-10] INFO  org.springframework.web.servlet.DispatcherServlet[524] - Initializing Servlet 'dispatcherServlet'
[cms] 18:00:15.213 [http-nio-8085-exec-10] INFO  org.springframework.web.servlet.DispatcherServlet[546] - Completed initialization in 19 ms
[cms] 18:00:15.293 [http-nio-8085-exec-10] INFO  org.springframework.amqp.rabbit.connection.CachingConnectionFactory[460] - Attempting to connect to: [localhost:5672]
[cms] 18:00:15.439 [http-nio-8085-exec-10] INFO  org.springframework.amqp.rabbit.connection.CachingConnectionFactory[496] - Created new connection: rabbitConnectionFactory#1eac593d:0/SimpleConnection@434618c4 [delegate=amqp://guest@127.0.0.1:5672/, localPort= 52212]
[cms] 18:00:16.908 [http-nio-8085-exec-10] INFO  org.springframework.cloud.config.client.ConfigServicePropertySourceLocator[205] - Fetching config from server at : http://192.168.1.102:8082/
[cms] 18:00:20.713 [http-nio-8085-exec-10] INFO  org.springframework.cloud.config.client.ConfigServicePropertySourceLocator[149] - Located environment: name=user-server, profiles=[dev], label=null, version=1650cc91b6a2ba1e7071f729e2d066ffaceba496, state=null
[cms] 18:03:06.295 [Thread-7] INFO  org.springframework.cloud.netflix.eureka.serviceregistry.EurekaServiceRegistry[65] - Unregistering application USER-SERVER with eureka with status DOWN
[cms] 18:03:06.300 [DiscoveryClient-InstanceInfoReplicator-0] INFO  com.netflix.discovery.DiscoveryClient[826] - DiscoveryClient_USER-SERVER/DESKTOP-DIC4SEB:user-server:8085: registering service...
[cms] 18:03:06.323 [DiscoveryClient-InstanceInfoReplicator-0] INFO  com.netflix.discovery.DiscoveryClient[835] - DiscoveryClient_USER-SERVER/DESKTOP-DIC4SEB:user-server:8085 - registration status: 204
[cms] 18:03:06.341 [Thread-7] INFO  org.springframework.scheduling.concurrent.ThreadPoolTaskExecutor[208] - Shutting down ExecutorService 'applicationTaskExecutor'
[cms] 18:03:06.402 [Thread-7] INFO  com.netflix.discovery.DiscoveryClient[888] - Shutting down DiscoveryClient ...
[cms] 18:03:09.405 [Thread-7] INFO  com.netflix.discovery.DiscoveryClient[922] - Unregistering ...
[cms] 18:03:09.643 [Thread-7] INFO  com.netflix.discovery.DiscoveryClient[924] - DiscoveryClient_USER-SERVER/DESKTOP-DIC4SEB:user-server:8085 - deregister  status: 200
[cms] 18:03:09.666 [Thread-7] INFO  com.netflix.discovery.DiscoveryClient[911] - Completed shut down of DiscoveryClient
[cms] 18:03:09.671 [Thread-7] INFO  com.zaxxer.hikari.HikariDataSource[350] - user - Shutdown initiated...
[cms] 18:03:09.699 [Thread-7] INFO  com.zaxxer.hikari.HikariDataSource[352] - user - Shutdown completed.
[cms] 18:16:33.995 [main] INFO  org.springframework.context.support.PostProcessorRegistrationDelegate$BeanPostProcessorChecker[330] - Bean 'org.springframework.cloud.autoconfigure.ConfigurationPropertiesRebinderAutoConfiguration' of type [org.springframework.cloud.autoconfigure.ConfigurationPropertiesRebinderAutoConfiguration$$EnhancerBySpringCGLIB$$81332498] is not eligible for getting processed by all BeanPostProcessors (for example: not eligible for auto-proxying)
[cms] 18:16:35.247 [main] INFO  org.springframework.cloud.netflix.eureka.InstanceInfoFactory[71] - Setting initial instance status as: STARTING
[cms] 18:16:35.411 [main] INFO  com.netflix.discovery.DiscoveryClient[349] - Initializing Eureka in region us-east-1
[cms] 18:16:37.229 [main] INFO  com.netflix.discovery.provider.DiscoveryJerseyProvider[70] - Using JSON encoding codec LegacyJacksonJson
[cms] 18:16:37.231 [main] INFO  com.netflix.discovery.provider.DiscoveryJerseyProvider[71] - Using JSON decoding codec LegacyJacksonJson
[cms] 18:16:37.611 [main] INFO  com.netflix.discovery.provider.DiscoveryJerseyProvider[80] - Using XML encoding codec XStreamXml
[cms] 18:16:37.614 [main] INFO  com.netflix.discovery.provider.DiscoveryJerseyProvider[81] - Using XML decoding codec XStreamXml
[cms] 18:16:38.252 [main] INFO  com.netflix.discovery.shared.resolver.aws.ConfigClusterResolver[43] - Resolving eureka endpoints via configuration
[cms] 18:16:38.995 [main] INFO  com.netflix.discovery.DiscoveryClient[958] - Disable delta property : false
[cms] 18:16:38.997 [main] INFO  com.netflix.discovery.DiscoveryClient[959] - Single vip registry refresh property : null
[cms] 18:16:39.000 [main] INFO  com.netflix.discovery.DiscoveryClient[960] - Force full registry fetch : false
[cms] 18:16:39.002 [main] INFO  com.netflix.discovery.DiscoveryClient[961] - Application is null : false
[cms] 18:16:39.004 [main] INFO  com.netflix.discovery.DiscoveryClient[962] - Registered Applications size is zero : true
[cms] 18:16:39.006 [main] INFO  com.netflix.discovery.DiscoveryClient[964] - Application version is -1: true
[cms] 18:16:39.008 [main] INFO  com.netflix.discovery.DiscoveryClient[1047] - Getting all instance registry info from the eureka server
[cms] 18:16:39.512 [main] INFO  com.netflix.discovery.DiscoveryClient[1056] - The response status is 200
[cms] 18:16:39.518 [main] INFO  com.netflix.discovery.DiscoveryClient[1317] - Not registering with Eureka server per configuration
[cms] 18:16:39.531 [main] INFO  com.netflix.discovery.DiscoveryClient[449] - Discovery Client initialized at timestamp 1557656199528 with initial instances count: 2
[cms] 18:16:42.269 [main] INFO  org.springframework.cloud.config.client.ConfigServicePropertySourceLocator[205] - Fetching config from server at : http://192.168.1.102:8082/
[cms] 18:16:45.131 [main] INFO  org.springframework.cloud.config.client.ConfigServicePropertySourceLocator[149] - Located environment: name=user-server, profiles=[dev], label=null, version=1650cc91b6a2ba1e7071f729e2d066ffaceba496, state=null
[cms] 18:16:45.134 [main] INFO  org.springframework.cloud.bootstrap.config.PropertySourceBootstrapConfiguration[98] - Located property source: CompositePropertySource {name='configService', propertySources=[MapPropertySource {name='configClient'}, MapPropertySource {name='https://github.com/white211/SpringcloudConfig//user-server/user-server-dev.yml'}, MapPropertySource {name='https://github.com/white211/SpringcloudConfig//user-server/application.yml'}]}
[cms] 18:16:45.322 [main] INFO  com.white.userserver.UserServerApplication[679] - The following profiles are active: dev
