[cms] 11:58:26.107 [main] INFO  org.springframework.context.support.PostProcessorRegistrationDelegate$BeanPostProcessorChecker[330] - Bean 'org.springframework.cloud.autoconfigure.ConfigurationPropertiesRebinderAutoConfiguration' of type [org.springframework.cloud.autoconfigure.ConfigurationPropertiesRebinderAutoConfiguration$$EnhancerBySpringCGLIB$$b9f1dfa5] is not eligible for getting processed by all BeanPostProcessors (for example: not eligible for auto-proxying)
[cms] 11:58:27.575 [main] INFO  org.springframework.cloud.netflix.eureka.InstanceInfoFactory[71] - Setting initial instance status as: STARTING
[cms] 11:58:27.739 [main] INFO  com.netflix.discovery.DiscoveryClient[349] - Initializing Eureka in region us-east-1
[cms] 11:58:30.137 [main] INFO  com.netflix.discovery.provider.DiscoveryJerseyProvider[70] - Using JSON encoding codec LegacyJacksonJson
[cms] 11:58:30.143 [main] INFO  com.netflix.discovery.provider.DiscoveryJerseyProvider[71] - Using JSON decoding codec LegacyJacksonJson
[cms] 11:58:30.790 [main] INFO  com.netflix.discovery.provider.DiscoveryJerseyProvider[80] - Using XML encoding codec XStreamXml
[cms] 11:58:30.820 [main] INFO  com.netflix.discovery.provider.DiscoveryJerseyProvider[81] - Using XML decoding codec XStreamXml
[cms] 11:58:32.037 [main] INFO  com.netflix.discovery.shared.resolver.aws.ConfigClusterResolver[43] - Resolving eureka endpoints via configuration
[cms] 11:58:33.174 [main] INFO  com.netflix.discovery.DiscoveryClient[958] - Disable delta property : false
[cms] 11:58:33.199 [main] INFO  com.netflix.discovery.DiscoveryClient[959] - Single vip registry refresh property : null
[cms] 11:58:33.217 [main] INFO  com.netflix.discovery.DiscoveryClient[960] - Force full registry fetch : false
[cms] 11:58:33.237 [main] INFO  com.netflix.discovery.DiscoveryClient[961] - Application is null : false
[cms] 11:58:33.251 [main] INFO  com.netflix.discovery.DiscoveryClient[962] - Registered Applications size is zero : true
[cms] 11:58:33.253 [main] INFO  com.netflix.discovery.DiscoveryClient[964] - Application version is -1: true
[cms] 11:58:33.259 [main] INFO  com.netflix.discovery.DiscoveryClient[1047] - Getting all instance registry info from the eureka server
[cms] 11:58:34.082 [main] INFO  com.netflix.discovery.DiscoveryClient[1056] - The response status is 200
[cms] 11:58:34.091 [main] INFO  com.netflix.discovery.DiscoveryClient[1317] - Not registering with Eureka server per configuration
[cms] 11:58:34.109 [main] INFO  com.netflix.discovery.DiscoveryClient[449] - Discovery Client initialized at timestamp 1556942314105 with initial instances count: 2
[cms] 11:58:36.564 [main] INFO  org.springframework.cloud.config.client.ConfigServicePropertySourceLocator[205] - Fetching config from server at : http://192.168.1.100:8082/
[cms] 11:58:41.006 [main] INFO  org.springframework.cloud.config.client.ConfigServicePropertySourceLocator[149] - Located environment: name=user-server, profiles=[dev], label=null, version=6a70c56a8ba47a7f1ef6d948c47194af1c9db11d, state=null
[cms] 11:58:41.052 [main] INFO  org.springframework.cloud.bootstrap.config.PropertySourceBootstrapConfiguration[98] - Located property source: CompositePropertySource {name='configService', propertySources=[MapPropertySource {name='configClient'}, MapPropertySource {name='https://github.com/white211/SpringcloudConfig//user-server/user-server-dev.yml'}, MapPropertySource {name='https://github.com/white211/SpringcloudConfig//user-server/application.yml'}]}
[cms] 11:58:41.383 [main] INFO  com.white.userserver.UserServerApplication[679] - The following profiles are active: dev
[cms] 11:58:46.337 [main] INFO  org.springframework.data.repository.config.RepositoryConfigurationDelegate[126] - Bootstrapping Spring Data repositories in DEFAULT mode.
[cms] 11:58:46.777 [main] INFO  org.springframework.data.repository.config.RepositoryConfigurationDelegate[182] - Finished Spring Data repository scanning in 172ms. Found 0 repository interfaces.
[cms] 11:58:48.162 [main] INFO  org.springframework.cloud.context.scope.GenericScope[294] - BeanFactory id=677ff15b-b2e2-33d4-9a7d-96f4e303c372
[cms] 11:58:48.644 [main] INFO  org.springframework.context.support.PostProcessorRegistrationDelegate$BeanPostProcessorChecker[330] - Bean 'org.springframework.transaction.annotation.ProxyTransactionManagementConfiguration' of type [org.springframework.transaction.annotation.ProxyTransactionManagementConfiguration$$EnhancerBySpringCGLIB$$9dd7dca8] is not eligible for getting processed by all BeanPostProcessors (for example: not eligible for auto-proxying)
[cms] 11:58:48.806 [main] INFO  org.springframework.context.support.PostProcessorRegistrationDelegate$BeanPostProcessorChecker[330] - Bean 'org.springframework.cloud.autoconfigure.ConfigurationPropertiesRebinderAutoConfiguration' of type [org.springframework.cloud.autoconfigure.ConfigurationPropertiesRebinderAutoConfiguration$$EnhancerBySpringCGLIB$$b9f1dfa5] is not eligible for getting processed by all BeanPostProcessors (for example: not eligible for auto-proxying)
[cms] 11:58:50.087 [main] INFO  org.springframework.boot.web.embedded.tomcat.TomcatWebServer[90] - Tomcat initialized with port(s): 8085 (http)
[cms] 11:58:50.205 [main] INFO  org.apache.catalina.core.StandardService[173] - Starting service [Tomcat]
[cms] 11:58:50.218 [main] INFO  org.apache.catalina.core.StandardEngine[173] - Starting Servlet engine: [Apache Tomcat/9.0.17]
[cms] 11:58:50.783 [main] INFO  org.apache.catalina.core.ContainerBase.[Tomcat].[localhost].[/][173] - Initializing Spring embedded WebApplicationContext
[cms] 11:58:50.788 [main] INFO  org.springframework.web.context.ContextLoader[296] - Root WebApplicationContext: initialization completed in 9364 ms
[cms] 11:58:51.206 [main] INFO  com.netflix.config.sources.URLConfigurationSource[122] - To enable URLs as dynamic configuration sources, define System property archaius.configurationSource.additionalUrls or make config.properties available on classpath.
[cms] 11:58:51.261 [main] INFO  com.netflix.config.DynamicPropertyFactory[281] - DynamicPropertyFactory is initialized with configuration sources: com.netflix.config.ConcurrentCompositeConfiguration@3a6cd1f4
[cms] 11:58:53.699 [main] INFO  org.springframework.boot.actuate.endpoint.web.ServletEndpointRegistrar[78] - Registered '/actuator/jolokia' to jolokia-actuator-endpoint
[cms] 11:58:54.370 [main] INFO  com.zaxxer.hikari.HikariDataSource[110] - user - Starting...
[cms] 11:58:54.945 [main] INFO  com.zaxxer.hikari.HikariDataSource[123] - user - Start completed.
[cms] 11:58:56.461 [main] INFO  com.netflix.config.sources.URLConfigurationSource[122] - To enable URLs as dynamic configuration sources, define System property archaius.configurationSource.additionalUrls or make config.properties available on classpath.
[cms] 11:58:57.110 [main] INFO  org.springframework.scheduling.concurrent.ThreadPoolTaskExecutor[171] - Initializing ExecutorService 'applicationTaskExecutor'
[cms] 11:59:01.644 [main] INFO  com.netflix.discovery.DiscoveryClient[888] - Shutting down DiscoveryClient ...
[cms] 11:59:01.667 [main] INFO  com.netflix.discovery.DiscoveryClient[911] - Completed shut down of DiscoveryClient
[cms] 11:59:01.701 [main] INFO  org.springframework.boot.actuate.endpoint.web.EndpointLinksResolver[59] - Exposing 21 endpoint(s) beneath base path '/actuator'
[cms] 11:59:02.106 [main] INFO  org.springframework.cloud.netflix.eureka.InstanceInfoFactory[71] - Setting initial instance status as: STARTING
[cms] 11:59:02.122 [main] INFO  com.netflix.discovery.DiscoveryClient[349] - Initializing Eureka in region us-east-1
[cms] 11:59:02.132 [main] INFO  com.netflix.discovery.provider.DiscoveryJerseyProvider[70] - Using JSON encoding codec LegacyJacksonJson
[cms] 11:59:02.136 [main] INFO  com.netflix.discovery.provider.DiscoveryJerseyProvider[71] - Using JSON decoding codec LegacyJacksonJson
[cms] 11:59:02.142 [main] INFO  com.netflix.discovery.provider.DiscoveryJerseyProvider[80] - Using XML encoding codec XStreamXml
[cms] 11:59:02.144 [main] INFO  com.netflix.discovery.provider.DiscoveryJerseyProvider[81] - Using XML decoding codec XStreamXml
[cms] 11:59:02.335 [main] INFO  com.netflix.discovery.shared.resolver.aws.ConfigClusterResolver[43] - Resolving eureka endpoints via configuration
[cms] 11:59:02.339 [main] INFO  com.netflix.discovery.DiscoveryClient[958] - Disable delta property : false
[cms] 11:59:02.342 [main] INFO  com.netflix.discovery.DiscoveryClient[959] - Single vip registry refresh property : null
[cms] 11:59:02.344 [main] INFO  com.netflix.discovery.DiscoveryClient[960] - Force full registry fetch : false
[cms] 11:59:02.345 [main] INFO  com.netflix.discovery.DiscoveryClient[961] - Application is null : false
[cms] 11:59:02.349 [main] INFO  com.netflix.discovery.DiscoveryClient[962] - Registered Applications size is zero : true
[cms] 11:59:02.352 [main] INFO  com.netflix.discovery.DiscoveryClient[964] - Application version is -1: true
[cms] 11:59:02.354 [main] INFO  com.netflix.discovery.DiscoveryClient[1047] - Getting all instance registry info from the eureka server
[cms] 11:59:02.379 [main] INFO  com.netflix.discovery.DiscoveryClient[1056] - The response status is 200
[cms] 11:59:02.387 [main] INFO  com.netflix.discovery.DiscoveryClient[1270] - Starting heartbeat executor: renew interval is: 30
[cms] 11:59:02.493 [main] INFO  com.netflix.discovery.InstanceInfoReplicator[60] - InstanceInfoReplicator onDemand update allowed rate per min is 4
[cms] 11:59:02.504 [main] INFO  com.netflix.discovery.DiscoveryClient[449] - Discovery Client initialized at timestamp 1556942342504 with initial instances count: 2
[cms] 11:59:02.513 [main] INFO  org.springframework.cloud.netflix.eureka.serviceregistry.EurekaServiceRegistry[42] - Registering application USER-SERVER with eureka with status UP
[cms] 11:59:02.519 [main] INFO  com.netflix.discovery.DiscoveryClient[1305] - Saw local status change event StatusChangeEvent [timestamp=1556942342519, current=UP, previous=STARTING]
[cms] 11:59:02.534 [DiscoveryClient-InstanceInfoReplicator-0] INFO  com.netflix.discovery.DiscoveryClient[826] - DiscoveryClient_USER-SERVER/host.docker.internal:user-server:8085: registering service...
[cms] 11:59:02.683 [main] INFO  org.springframework.boot.web.embedded.tomcat.TomcatWebServer[204] - Tomcat started on port(s): 8085 (http) with context path ''
[cms] 11:59:02.689 [main] INFO  org.springframework.cloud.netflix.eureka.serviceregistry.EurekaAutoServiceRegistration[141] - Updating port to 8085
[cms] 11:59:02.718 [main] INFO  com.white.userserver.UserServerApplication[59] - Started UserServerApplication in 42.586 seconds (JVM running for 151.024)
[cms] 11:59:02.808 [DiscoveryClient-InstanceInfoReplicator-0] INFO  com.netflix.discovery.DiscoveryClient[835] - DiscoveryClient_USER-SERVER/host.docker.internal:user-server:8085 - registration status: 204
[cms] 11:59:02.813 [main] INFO  com.white.userserver.config.SystemUrlConfig[37] - 初始化url数据
[cms] 11:59:04.504 [main] INFO  org.springframework.boot.autoconfigure.logging.ConditionEvaluationReportLoggingListener[142] - 

Error starting ApplicationContext. To display the conditions report re-run your application with 'debug' enabled.
[cms] 11:59:04.510 [main] INFO  org.springframework.cloud.netflix.eureka.serviceregistry.EurekaServiceRegistry[65] - Unregistering application USER-SERVER with eureka with status DOWN
[cms] 11:59:04.516 [DiscoveryClient-InstanceInfoReplicator-0] INFO  com.netflix.discovery.DiscoveryClient[826] - DiscoveryClient_USER-SERVER/host.docker.internal:user-server:8085: registering service...
[cms] 11:59:04.540 [DiscoveryClient-InstanceInfoReplicator-0] INFO  com.netflix.discovery.DiscoveryClient[835] - DiscoveryClient_USER-SERVER/host.docker.internal:user-server:8085 - registration status: 204
[cms] 11:59:04.551 [main] INFO  org.springframework.scheduling.concurrent.ThreadPoolTaskExecutor[208] - Shutting down ExecutorService 'applicationTaskExecutor'
[cms] 11:59:04.587 [main] INFO  com.netflix.discovery.DiscoveryClient[888] - Shutting down DiscoveryClient ...
[cms] 11:59:07.592 [main] INFO  com.netflix.discovery.DiscoveryClient[922] - Unregistering ...
[cms] 11:59:07.612 [main] INFO  com.netflix.discovery.DiscoveryClient[924] - DiscoveryClient_USER-SERVER/host.docker.internal:user-server:8085 - deregister  status: 200
[cms] 11:59:07.628 [main] INFO  com.netflix.discovery.DiscoveryClient[911] - Completed shut down of DiscoveryClient
[cms] 11:59:07.636 [main] INFO  com.zaxxer.hikari.HikariDataSource[350] - user - Shutdown initiated...
[cms] 11:59:07.658 [main] INFO  com.zaxxer.hikari.HikariDataSource[352] - user - Shutdown completed.
