[cms] 12:11:00.289 [main] INFO  org.springframework.context.support.PostProcessorRegistrationDelegate$BeanPostProcessorChecker[330] - Bean 'org.springframework.cloud.autoconfigure.ConfigurationPropertiesRebinderAutoConfiguration' of type [org.springframework.cloud.autoconfigure.ConfigurationPropertiesRebinderAutoConfiguration$$EnhancerBySpringCGLIB$$7497bf8e] is not eligible for getting processed by all BeanPostProcessors (for example: not eligible for auto-proxying)
[cms] 12:11:05.009 [main] INFO  org.springframework.cloud.netflix.eureka.InstanceInfoFactory[71] - Setting initial instance status as: STARTING
[cms] 12:11:05.378 [main] INFO  com.netflix.discovery.DiscoveryClient[349] - Initializing Eureka in region us-east-1
[cms] 12:11:12.061 [main] INFO  com.netflix.discovery.provider.DiscoveryJerseyProvider[70] - Using JSON encoding codec LegacyJacksonJson
[cms] 12:11:12.087 [main] INFO  com.netflix.discovery.provider.DiscoveryJerseyProvider[71] - Using JSON decoding codec LegacyJacksonJson
[cms] 12:11:13.606 [main] INFO  com.netflix.discovery.provider.DiscoveryJerseyProvider[80] - Using XML encoding codec XStreamXml
[cms] 12:11:13.622 [main] INFO  com.netflix.discovery.provider.DiscoveryJerseyProvider[81] - Using XML decoding codec XStreamXml
[cms] 12:11:16.825 [main] INFO  com.netflix.discovery.shared.resolver.aws.ConfigClusterResolver[43] - Resolving eureka endpoints via configuration
[cms] 12:11:21.377 [main] INFO  com.netflix.discovery.DiscoveryClient[958] - Disable delta property : false
[cms] 12:11:21.391 [main] INFO  com.netflix.discovery.DiscoveryClient[959] - Single vip registry refresh property : null
[cms] 12:11:21.415 [main] INFO  com.netflix.discovery.DiscoveryClient[960] - Force full registry fetch : false
[cms] 12:11:21.446 [main] INFO  com.netflix.discovery.DiscoveryClient[961] - Application is null : false
[cms] 12:11:21.496 [main] INFO  com.netflix.discovery.DiscoveryClient[962] - Registered Applications size is zero : true
[cms] 12:11:21.513 [main] INFO  com.netflix.discovery.DiscoveryClient[964] - Application version is -1: true
[cms] 12:11:21.560 [main] INFO  com.netflix.discovery.DiscoveryClient[1047] - Getting all instance registry info from the eureka server
[cms] 12:11:23.340 [main] INFO  com.netflix.discovery.DiscoveryClient[1056] - The response status is 200
[cms] 12:11:23.529 [main] INFO  com.netflix.discovery.DiscoveryClient[1317] - Not registering with Eureka server per configuration
[cms] 12:11:23.678 [main] INFO  com.netflix.discovery.DiscoveryClient[449] - Discovery Client initialized at timestamp 1557720683659 with initial instances count: 2
[cms] 12:11:29.389 [main] INFO  org.springframework.cloud.config.client.ConfigServicePropertySourceLocator[205] - Fetching config from server at : http://192.168.1.104:8082/
[cms] 12:11:50.274 [main] INFO  org.springframework.cloud.config.client.ConfigServicePropertySourceLocator[149] - Located environment: name=resource-server, profiles=[dev], label=null, version=647963d3f3e68db59b417dd109ca8a7c1022c6d0, state=null
[cms] 12:11:50.403 [main] INFO  org.springframework.cloud.bootstrap.config.PropertySourceBootstrapConfiguration[98] - Located property source: CompositePropertySource {name='configService', propertySources=[MapPropertySource {name='configClient'}, MapPropertySource {name='https://github.com/white211/SpringcloudConfig//resource-server/resource-server-dev.yml'}, MapPropertySource {name='https://github.com/white211/SpringcloudConfig//resource-server/application.yml'}]}
[cms] 12:11:52.117 [main] INFO  com.white.resourceserver.ResourceServerApplication[679] - The following profiles are active: dev
[cms] 12:12:07.585 [main] INFO  org.springframework.data.repository.config.RepositoryConfigurationDelegate[126] - Bootstrapping Spring Data repositories in DEFAULT mode.
[cms] 12:12:07.931 [main] INFO  org.springframework.data.repository.config.RepositoryConfigurationDelegate[182] - Finished Spring Data repository scanning in 205ms. Found 0 repository interfaces.
[cms] 12:12:11.543 [main] INFO  org.springframework.cloud.context.scope.GenericScope[294] - BeanFactory id=363641d3-0110-3a62-a8d0-5a7bd8058cdf
[cms] 12:12:13.032 [main] INFO  org.springframework.context.support.PostProcessorRegistrationDelegate$BeanPostProcessorChecker[330] - Bean 'org.springframework.transaction.annotation.ProxyTransactionManagementConfiguration' of type [org.springframework.transaction.annotation.ProxyTransactionManagementConfiguration$$EnhancerBySpringCGLIB$$587dbc91] is not eligible for getting processed by all BeanPostProcessors (for example: not eligible for auto-proxying)
[cms] 12:12:14.135 [main] INFO  org.springframework.context.support.PostProcessorRegistrationDelegate$BeanPostProcessorChecker[330] - Bean 'org.springframework.cloud.autoconfigure.ConfigurationPropertiesRebinderAutoConfiguration' of type [org.springframework.cloud.autoconfigure.ConfigurationPropertiesRebinderAutoConfiguration$$EnhancerBySpringCGLIB$$7497bf8e] is not eligible for getting processed by all BeanPostProcessors (for example: not eligible for auto-proxying)
[cms] 12:12:18.528 [main] INFO  org.springframework.boot.web.embedded.tomcat.TomcatWebServer[90] - Tomcat initialized with port(s): 8087 (http)
[cms] 12:12:19.016 [main] INFO  org.apache.catalina.core.StandardService[173] - Starting service [Tomcat]
[cms] 12:12:19.270 [main] INFO  org.apache.catalina.core.StandardEngine[173] - Starting Servlet engine: [Apache Tomcat/9.0.17]
[cms] 12:12:20.831 [main] INFO  org.apache.catalina.core.ContainerBase.[Tomcat].[localhost].[/][173] - Initializing Spring embedded WebApplicationContext
[cms] 12:12:21.048 [main] INFO  org.springframework.web.context.ContextLoader[296] - Root WebApplicationContext: initialization completed in 28810 ms
[cms] 12:12:22.461 [main] INFO  com.netflix.config.sources.URLConfigurationSource[122] - To enable URLs as dynamic configuration sources, define System property archaius.configurationSource.additionalUrls or make config.properties available on classpath.
[cms] 12:12:22.576 [main] INFO  com.netflix.config.DynamicPropertyFactory[281] - DynamicPropertyFactory is initialized with configuration sources: com.netflix.config.ConcurrentCompositeConfiguration@de7b41f
[cms] 12:12:35.542 [main] INFO  org.springframework.boot.actuate.endpoint.web.ServletEndpointRegistrar[78] - Registered '/actuator/jolokia' to jolokia-actuator-endpoint
[cms] 12:12:45.993 [main] INFO  com.zaxxer.hikari.HikariDataSource[110] - resource - Starting...
[cms] 12:12:46.865 [main] INFO  com.zaxxer.hikari.HikariDataSource[123] - resource - Start completed.
[cms] 12:12:49.980 [main] INFO  com.netflix.config.sources.URLConfigurationSource[122] - To enable URLs as dynamic configuration sources, define System property archaius.configurationSource.additionalUrls or make config.properties available on classpath.
[cms] 12:12:51.813 [main] INFO  org.springframework.scheduling.concurrent.ThreadPoolTaskExecutor[171] - Initializing ExecutorService 'applicationTaskExecutor'
[cms] 12:13:07.459 [main] INFO  com.netflix.discovery.DiscoveryClient[888] - Shutting down DiscoveryClient ...
[cms] 12:13:07.544 [main] INFO  com.netflix.discovery.DiscoveryClient[911] - Completed shut down of DiscoveryClient
[cms] 12:13:07.596 [main] INFO  org.springframework.boot.actuate.endpoint.web.EndpointLinksResolver[59] - Exposing 21 endpoint(s) beneath base path '/actuator'
[cms] 12:13:08.297 [main] INFO  org.springframework.cloud.netflix.eureka.InstanceInfoFactory[71] - Setting initial instance status as: STARTING
[cms] 12:13:08.367 [main] INFO  com.netflix.discovery.DiscoveryClient[349] - Initializing Eureka in region us-east-1
[cms] 12:13:08.580 [main] INFO  com.netflix.discovery.provider.DiscoveryJerseyProvider[70] - Using JSON encoding codec LegacyJacksonJson
[cms] 12:13:08.633 [main] INFO  com.netflix.discovery.provider.DiscoveryJerseyProvider[71] - Using JSON decoding codec LegacyJacksonJson
[cms] 12:13:08.642 [main] INFO  com.netflix.discovery.provider.DiscoveryJerseyProvider[80] - Using XML encoding codec XStreamXml
[cms] 12:13:08.649 [main] INFO  com.netflix.discovery.provider.DiscoveryJerseyProvider[81] - Using XML decoding codec XStreamXml
[cms] 12:13:08.982 [main] INFO  com.netflix.discovery.shared.resolver.aws.ConfigClusterResolver[43] - Resolving eureka endpoints via configuration
[cms] 12:13:09.030 [main] INFO  com.netflix.discovery.DiscoveryClient[958] - Disable delta property : false
[cms] 12:13:09.067 [main] INFO  com.netflix.discovery.DiscoveryClient[959] - Single vip registry refresh property : null
[cms] 12:13:09.098 [main] INFO  com.netflix.discovery.DiscoveryClient[960] - Force full registry fetch : false
[cms] 12:13:09.135 [main] INFO  com.netflix.discovery.DiscoveryClient[961] - Application is null : false
[cms] 12:13:09.187 [main] INFO  com.netflix.discovery.DiscoveryClient[962] - Registered Applications size is zero : true
[cms] 12:13:09.210 [main] INFO  com.netflix.discovery.DiscoveryClient[964] - Application version is -1: true
[cms] 12:13:09.215 [main] INFO  com.netflix.discovery.DiscoveryClient[1047] - Getting all instance registry info from the eureka server
[cms] 12:13:09.299 [main] INFO  com.netflix.discovery.DiscoveryClient[1056] - The response status is 200
[cms] 12:13:09.328 [main] INFO  com.netflix.discovery.DiscoveryClient[1270] - Starting heartbeat executor: renew interval is: 30
[cms] 12:13:09.366 [main] INFO  com.netflix.discovery.InstanceInfoReplicator[60] - InstanceInfoReplicator onDemand update allowed rate per min is 4
[cms] 12:13:09.377 [main] INFO  com.netflix.discovery.DiscoveryClient[449] - Discovery Client initialized at timestamp 1557720789377 with initial instances count: 3
[cms] 12:13:09.483 [main] INFO  org.springframework.cloud.netflix.eureka.serviceregistry.EurekaServiceRegistry[42] - Registering application RESOURCE-SERVER with eureka with status UP
[cms] 12:13:09.496 [main] INFO  com.netflix.discovery.DiscoveryClient[1305] - Saw local status change event StatusChangeEvent [timestamp=1557720789496, current=UP, previous=STARTING]
[cms] 12:13:09.515 [DiscoveryClient-InstanceInfoReplicator-0] INFO  com.netflix.discovery.DiscoveryClient[826] - DiscoveryClient_RESOURCE-SERVER/DESKTOP-DIC4SEB:resource-server:8087: registering service...
[cms] 12:13:09.919 [main] INFO  org.springframework.boot.web.embedded.tomcat.TomcatWebServer[204] - Tomcat started on port(s): 8087 (http) with context path ''
[cms] 12:13:09.984 [main] INFO  org.springframework.cloud.netflix.eureka.serviceregistry.EurekaAutoServiceRegistration[141] - Updating port to 8087
[cms] 12:13:10.025 [main] INFO  com.white.resourceserver.ResourceServerApplication[59] - Started ResourceServerApplication in 148.272 seconds (JVM running for 395.946)
[cms] 12:13:10.193 [DiscoveryClient-InstanceInfoReplicator-0] INFO  com.netflix.discovery.DiscoveryClient[835] - DiscoveryClient_RESOURCE-SERVER/DESKTOP-DIC4SEB:resource-server:8087 - registration status: 204
[cms] 12:13:16.345 [http-nio-8087-exec-2] INFO  org.apache.catalina.core.ContainerBase.[Tomcat].[localhost].[/][173] - Initializing Spring DispatcherServlet 'dispatcherServlet'
[cms] 12:13:16.350 [http-nio-8087-exec-2] INFO  org.springframework.web.servlet.DispatcherServlet[524] - Initializing Servlet 'dispatcherServlet'
[cms] 12:13:16.462 [http-nio-8087-exec-2] INFO  org.springframework.web.servlet.DispatcherServlet[546] - Completed initialization in 102 ms
[cms] 12:13:37.907 [http-nio-8087-exec-8] INFO  org.springframework.amqp.rabbit.connection.CachingConnectionFactory[460] - Attempting to connect to: [localhost:5672]
[cms] 12:13:38.166 [http-nio-8087-exec-8] INFO  org.springframework.amqp.rabbit.connection.CachingConnectionFactory[496] - Created new connection: rabbitConnectionFactory#12f5a51f:0/SimpleConnection@59f3b464 [delegate=amqp://guest@127.0.0.1:5672/, localPort= 62612]
[cms] 12:13:40.083 [http-nio-8087-exec-8] INFO  org.springframework.cloud.config.client.ConfigServicePropertySourceLocator[205] - Fetching config from server at : http://192.168.1.104:8082/
[cms] 12:13:43.114 [http-nio-8087-exec-8] INFO  org.springframework.cloud.config.client.ConfigServicePropertySourceLocator[149] - Located environment: name=resource-server, profiles=[dev], label=null, version=647963d3f3e68db59b417dd109ca8a7c1022c6d0, state=null
[cms] 12:16:37.817 [Thread-7] INFO  org.springframework.cloud.netflix.eureka.serviceregistry.EurekaServiceRegistry[65] - Unregistering application RESOURCE-SERVER with eureka with status DOWN
[cms] 12:16:37.912 [DiscoveryClient-InstanceInfoReplicator-0] INFO  com.netflix.discovery.DiscoveryClient[826] - DiscoveryClient_RESOURCE-SERVER/DESKTOP-DIC4SEB:resource-server:8087: registering service...
[cms] 12:16:37.987 [DiscoveryClient-InstanceInfoReplicator-0] INFO  com.netflix.discovery.DiscoveryClient[835] - DiscoveryClient_RESOURCE-SERVER/DESKTOP-DIC4SEB:resource-server:8087 - registration status: 204
[cms] 12:16:38.007 [Thread-7] INFO  org.springframework.scheduling.concurrent.ThreadPoolTaskExecutor[208] - Shutting down ExecutorService 'applicationTaskExecutor'
[cms] 12:16:38.123 [Thread-7] INFO  com.netflix.discovery.DiscoveryClient[888] - Shutting down DiscoveryClient ...
