[cms] 17:00:18.339 [main] WARN  org.springframework.boot.actuate.endpoint.EndpointId[135] - Endpoint ID 'service-registry' contains invalid characters, please migrate to a valid format.
[cms] 17:00:18.742 [main] WARN  org.mybatis.spring.mapper.ClassPathMapperScanner[44] - No MyBatis mapper was found in '[com.niushibang.report.mapper]' package. Please check your configuration.
[cms] 17:00:22.076 [main] WARN  com.netflix.config.sources.URLConfigurationSource[121] - No URLs will be polled as dynamic configuration sources.
[cms] 17:00:24.097 [main] WARN  org.springframework.boot.web.servlet.context.AnnotationConfigServletWebServerApplicationContext[557] - Exception encountered during context initialization - cancelling refresh attempt: org.springframework.beans.factory.UnsatisfiedDependencyException: Error creating bean with name 'tbUserServiceImpl': Unsatisfied dependency expressed through field 'baseMapper'; nested exception is org.springframework.beans.factory.NoSuchBeanDefinitionException: No qualifying bean of type 'com.white.report.mapper.TbUserMapper' available: expected at least 1 bean which qualifies as autowire candidate. Dependency annotations: {@org.springframework.beans.factory.annotation.Autowired(required=true)}
[cms] 17:04:47.843 [main] WARN  org.springframework.boot.actuate.endpoint.EndpointId[135] - Endpoint ID 'service-registry' contains invalid characters, please migrate to a valid format.
[cms] 17:04:48.160 [main] WARN  org.mybatis.spring.mapper.ClassPathMapperScanner[44] - No MyBatis mapper was found in '[com.niushibang.report.mapper]' package. Please check your configuration.
[cms] 17:04:51.426 [main] WARN  com.netflix.config.sources.URLConfigurationSource[121] - No URLs will be polled as dynamic configuration sources.
[cms] 17:04:53.682 [main] WARN  org.springframework.boot.web.servlet.context.AnnotationConfigServletWebServerApplicationContext[557] - Exception encountered during context initialization - cancelling refresh attempt: org.springframework.beans.factory.UnsatisfiedDependencyException: Error creating bean with name 'tbUserServiceImpl': Unsatisfied dependency expressed through field 'baseMapper'; nested exception is org.springframework.beans.factory.NoSuchBeanDefinitionException: No qualifying bean of type 'com.white.report.mapper.TbUserMapper' available: expected at least 1 bean which qualifies as autowire candidate. Dependency annotations: {@org.springframework.beans.factory.annotation.Autowired(required=true)}
[cms] 17:07:33.397 [main] WARN  org.springframework.boot.actuate.endpoint.EndpointId[135] - Endpoint ID 'service-registry' contains invalid characters, please migrate to a valid format.
[cms] 17:07:33.587 [main] WARN  org.mybatis.spring.mapper.ClassPathMapperScanner[44] - No MyBatis mapper was found in '[com.niushibang.report.mapper]' package. Please check your configuration.
[cms] 17:07:36.886 [main] WARN  com.netflix.config.sources.URLConfigurationSource[121] - No URLs will be polled as dynamic configuration sources.
[cms] 17:07:38.925 [main] WARN  com.netflix.config.sources.URLConfigurationSource[121] - No URLs will be polled as dynamic configuration sources.
[cms] 17:07:57.442 [Thread-7] WARN  com.netflix.discovery.DiscoveryClient[1303] - Saw local status change event StatusChangeEvent [timestamp=1573549677441, current=DOWN, previous=UP]
[cms] 17:11:51.172 [main] WARN  org.springframework.boot.actuate.endpoint.EndpointId[135] - Endpoint ID 'service-registry' contains invalid characters, please migrate to a valid format.
[cms] 17:11:51.538 [main] WARN  org.mybatis.spring.mapper.ClassPathMapperScanner[44] - No MyBatis mapper was found in '[com.niushibang.report.mapper]' package. Please check your configuration.
[cms] 17:11:54.367 [main] WARN  com.netflix.config.sources.URLConfigurationSource[121] - No URLs will be polled as dynamic configuration sources.
[cms] 17:11:56.551 [main] WARN  com.netflix.config.sources.URLConfigurationSource[121] - No URLs will be polled as dynamic configuration sources.
[cms] 17:12:02.473 [main] WARN  org.springframework.boot.web.servlet.context.AnnotationConfigServletWebServerApplicationContext[557] - Exception encountered during context initialization - cancelling refresh attempt: org.springframework.beans.factory.BeanCreationException: Error creating bean with name 'sqlSessionFactory' defined in class path resource [com/baomidou/mybatisplus/autoconfigure/MybatisPlusAutoConfiguration.class]: Bean instantiation via factory method failed; nested exception is org.springframework.beans.BeanInstantiationException: Failed to instantiate [org.apache.ibatis.session.SqlSessionFactory]: Factory method 'sqlSessionFactory' threw exception; nested exception is org.springframework.core.NestedIOException: Failed to parse mapping resource: 'file [C:\microservice\report\target\classes\mybatis\mapper\TbUserMapper.xml]'; nested exception is org.apache.ibatis.builder.BuilderException: Error parsing Mapper XML. The XML location is 'file [C:\microservice\report\target\classes\mybatis\mapper\TbUserMapper.xml]'. Cause: org.apache.ibatis.builder.BuilderException: Error resolving class. Cause: org.apache.ibatis.type.TypeException: Could not resolve type alias 'com.niushibang.report.pojo.entity.TbUser'.  Cause: java.lang.ClassNotFoundException: Cannot find class: com.niushibang.report.pojo.entity.TbUser
[cms] 17:15:15.781 [main] WARN  org.springframework.boot.actuate.endpoint.EndpointId[135] - Endpoint ID 'service-registry' contains invalid characters, please migrate to a valid format.
[cms] 17:15:15.989 [main] WARN  org.mybatis.spring.mapper.ClassPathMapperScanner[44] - No MyBatis mapper was found in '[com.niushibang.report.mapper]' package. Please check your configuration.
[cms] 17:15:18.631 [main] WARN  com.netflix.config.sources.URLConfigurationSource[121] - No URLs will be polled as dynamic configuration sources.
[cms] 17:15:20.268 [main] WARN  org.springframework.boot.web.servlet.context.AnnotationConfigServletWebServerApplicationContext[557] - Exception encountered during context initialization - cancelling refresh attempt: org.springframework.beans.factory.UnsatisfiedDependencyException: Error creating bean with name 'tbUserServiceImpl': Unsatisfied dependency expressed through field 'baseMapper'; nested exception is org.springframework.beans.factory.NoSuchBeanDefinitionException: No qualifying bean of type 'com.white.report.mapper.TbUserMapper' available: expected at least 1 bean which qualifies as autowire candidate. Dependency annotations: {@org.springframework.beans.factory.annotation.Autowired(required=true)}
[cms] 17:18:43.137 [main] WARN  org.springframework.boot.actuate.endpoint.EndpointId[135] - Endpoint ID 'service-registry' contains invalid characters, please migrate to a valid format.
[cms] 17:18:45.902 [main] WARN  com.netflix.config.sources.URLConfigurationSource[121] - No URLs will be polled as dynamic configuration sources.
[cms] 17:18:48.714 [main] WARN  com.netflix.config.sources.URLConfigurationSource[121] - No URLs will be polled as dynamic configuration sources.
[cms] 17:19:27.625 [Thread-7] WARN  com.netflix.discovery.DiscoveryClient[1303] - Saw local status change event StatusChangeEvent [timestamp=1573550367625, current=DOWN, previous=UP]
