[cms] 23:38:22.632 [main] INFO  org.springframework.context.support.PostProcessorRegistrationDelegate$BeanPostProcessorChecker[330] - Bean 'org.springframework.cloud.autoconfigure.ConfigurationPropertiesRebinderAutoConfiguration' of type [org.springframework.cloud.autoconfigure.ConfigurationPropertiesRebinderAutoConfiguration$$EnhancerBySpringCGLIB$$8070b68a] is not eligible for getting processed by all BeanPostProcessors (for example: not eligible for auto-proxying)
[cms] 23:38:25.642 [main] INFO  com.white.adminserver.AdminServerApplication[679] - The following profiles are active: dev
[cms] 23:38:29.158 [main] INFO  org.springframework.cloud.context.scope.GenericScope[294] - BeanFactory id=cbf82344-4e4d-38c2-b97a-4a759a7c4b31
[cms] 23:38:29.777 [main] INFO  org.springframework.context.support.PostProcessorRegistrationDelegate$BeanPostProcessorChecker[330] - Bean 'org.springframework.cloud.autoconfigure.ConfigurationPropertiesRebinderAutoConfiguration' of type [org.springframework.cloud.autoconfigure.ConfigurationPropertiesRebinderAutoConfiguration$$EnhancerBySpringCGLIB$$8070b68a] is not eligible for getting processed by all BeanPostProcessors (for example: not eligible for auto-proxying)
[cms] 23:38:31.310 [main] INFO  org.springframework.boot.web.embedded.tomcat.TomcatWebServer[90] - Tomcat initialized with port(s): 8083 (http)
[cms] 23:38:31.393 [main] INFO  org.apache.catalina.core.StandardService[173] - Starting service [Tomcat]
[cms] 23:38:31.399 [main] INFO  org.apache.catalina.core.StandardEngine[173] - Starting Servlet engine: [Apache Tomcat/9.0.17]
[cms] 23:38:31.824 [main] INFO  org.apache.catalina.core.ContainerBase.[Tomcat].[localhost].[/][173] - Initializing Spring embedded WebApplicationContext
[cms] 23:38:31.833 [main] INFO  org.springframework.web.context.ContextLoader[296] - Root WebApplicationContext: initialization completed in 6152 ms
[cms] 23:38:32.074 [main] INFO  com.netflix.config.sources.URLConfigurationSource[122] - To enable URLs as dynamic configuration sources, define System property archaius.configurationSource.additionalUrls or make config.properties available on classpath.
[cms] 23:38:32.105 [main] INFO  com.netflix.config.DynamicPropertyFactory[281] - DynamicPropertyFactory is initialized with configuration sources: com.netflix.config.ConcurrentCompositeConfiguration@403ce01e
[cms] 23:38:34.532 [main] INFO  org.springframework.cloud.commons.util.InetUtils[170] - Cannot determine local hostname
[cms] 23:38:35.384 [main] INFO  org.springframework.boot.actuate.endpoint.web.ServletEndpointRegistrar[78] - Registered '/actuator/jolokia' to jolokia-actuator-endpoint
[cms] 23:38:36.309 [main] INFO  com.netflix.config.sources.URLConfigurationSource[122] - To enable URLs as dynamic configuration sources, define System property archaius.configurationSource.additionalUrls or make config.properties available on classpath.
[cms] 23:38:37.579 [main] INFO  org.springframework.scheduling.concurrent.ThreadPoolTaskExecutor[171] - Initializing ExecutorService 'applicationTaskExecutor'
[cms] 23:38:46.819 [main] INFO  org.springframework.cloud.commons.util.InetUtils[170] - Cannot determine local hostname
[cms] 23:38:47.310 [main] INFO  org.springframework.boot.actuate.endpoint.web.EndpointLinksResolver[59] - Exposing 20 endpoint(s) beneath base path '/actuator'
[cms] 23:38:47.848 [main] INFO  org.springframework.cloud.netflix.eureka.InstanceInfoFactory[71] - Setting initial instance status as: STARTING
[cms] 23:38:48.094 [main] INFO  com.netflix.discovery.DiscoveryClient[349] - Initializing Eureka in region us-east-1
[cms] 23:38:50.183 [main] INFO  com.netflix.discovery.provider.DiscoveryJerseyProvider[70] - Using JSON encoding codec LegacyJacksonJson
[cms] 23:38:50.187 [main] INFO  com.netflix.discovery.provider.DiscoveryJerseyProvider[71] - Using JSON decoding codec LegacyJacksonJson
[cms] 23:38:50.778 [main] INFO  com.netflix.discovery.provider.DiscoveryJerseyProvider[80] - Using XML encoding codec XStreamXml
[cms] 23:38:50.780 [main] INFO  com.netflix.discovery.provider.DiscoveryJerseyProvider[81] - Using XML decoding codec XStreamXml
[cms] 23:38:51.277 [main] INFO  com.netflix.discovery.shared.resolver.aws.ConfigClusterResolver[43] - Resolving eureka endpoints via configuration
[cms] 23:38:52.487 [main] INFO  com.netflix.discovery.DiscoveryClient[958] - Disable delta property : false
[cms] 23:38:52.490 [main] INFO  com.netflix.discovery.DiscoveryClient[959] - Single vip registry refresh property : null
[cms] 23:38:52.492 [main] INFO  com.netflix.discovery.DiscoveryClient[960] - Force full registry fetch : false
[cms] 23:38:52.495 [main] INFO  com.netflix.discovery.DiscoveryClient[961] - Application is null : false
[cms] 23:38:52.497 [main] INFO  com.netflix.discovery.DiscoveryClient[962] - Registered Applications size is zero : true
[cms] 23:38:52.500 [main] INFO  com.netflix.discovery.DiscoveryClient[964] - Application version is -1: true
[cms] 23:38:52.501 [main] INFO  com.netflix.discovery.DiscoveryClient[1047] - Getting all instance registry info from the eureka server
[cms] 23:38:53.016 [main] INFO  com.netflix.discovery.DiscoveryClient[1056] - The response status is 200
[cms] 23:38:53.023 [main] INFO  com.netflix.discovery.DiscoveryClient[1270] - Starting heartbeat executor: renew interval is: 30
[cms] 23:38:53.031 [main] INFO  com.netflix.discovery.InstanceInfoReplicator[60] - InstanceInfoReplicator onDemand update allowed rate per min is 4
[cms] 23:38:53.039 [main] INFO  com.netflix.discovery.DiscoveryClient[449] - Discovery Client initialized at timestamp 1556379533037 with initial instances count: 1
[cms] 23:38:53.048 [main] INFO  org.springframework.cloud.netflix.eureka.serviceregistry.EurekaServiceRegistry[42] - Registering application ADMIN-SERVER with eureka with status UP
[cms] 23:38:53.053 [main] INFO  com.netflix.discovery.DiscoveryClient[1305] - Saw local status change event StatusChangeEvent [timestamp=1556379533053, current=UP, previous=STARTING]
[cms] 23:38:53.079 [DiscoveryClient-InstanceInfoReplicator-0] INFO  com.netflix.discovery.DiscoveryClient[826] - DiscoveryClient_ADMIN-SERVER/localhost:admin-server:8083: registering service...
[cms] 23:38:53.223 [DiscoveryClient-InstanceInfoReplicator-0] INFO  com.netflix.discovery.DiscoveryClient[835] - DiscoveryClient_ADMIN-SERVER/localhost:admin-server:8083 - registration status: 204
[cms] 23:38:55.072 [main] INFO  org.springframework.boot.web.embedded.tomcat.TomcatWebServer[204] - Tomcat started on port(s): 8083 (http) with context path ''
[cms] 23:38:55.075 [main] INFO  org.springframework.cloud.netflix.eureka.serviceregistry.EurekaAutoServiceRegistration[141] - Updating port to 8083
[cms] 23:38:55.079 [main] INFO  com.white.adminserver.AdminServerApplication[59] - Started AdminServerApplication in 37.971 seconds (JVM running for 66.483)
[cms] 23:39:23.187 [http-nio-8083-exec-1] INFO  org.apache.catalina.core.ContainerBase.[Tomcat].[localhost].[/][173] - Initializing Spring DispatcherServlet 'dispatcherServlet'
[cms] 23:39:23.190 [http-nio-8083-exec-1] INFO  org.springframework.web.servlet.DispatcherServlet[524] - Initializing Servlet 'dispatcherServlet'
[cms] 23:39:23.221 [http-nio-8083-exec-1] INFO  org.springframework.web.servlet.DispatcherServlet[546] - Completed initialization in 28 ms
[cms] 23:43:52.506 [AsyncResolver-bootstrap-executor-0] INFO  com.netflix.discovery.shared.resolver.aws.ConfigClusterResolver[43] - Resolving eureka endpoints via configuration
[cms] 23:48:52.511 [AsyncResolver-bootstrap-executor-0] INFO  com.netflix.discovery.shared.resolver.aws.ConfigClusterResolver[43] - Resolving eureka endpoints via configuration
[cms] 23:53:52.514 [AsyncResolver-bootstrap-executor-0] INFO  com.netflix.discovery.shared.resolver.aws.ConfigClusterResolver[43] - Resolving eureka endpoints via configuration
[cms] 23:58:52.517 [AsyncResolver-bootstrap-executor-0] INFO  com.netflix.discovery.shared.resolver.aws.ConfigClusterResolver[43] - Resolving eureka endpoints via configuration
