[cms] 00:15:32.309 [main] INFO  org.springframework.context.support.PostProcessorRegistrationDelegate$BeanPostProcessorChecker[330] - Bean 'org.springframework.cloud.autoconfigure.ConfigurationPropertiesRebinderAutoConfiguration' of type [org.springframework.cloud.autoconfigure.ConfigurationPropertiesRebinderAutoConfiguration$$EnhancerBySpringCGLIB$$d251afdf] is not eligible for getting processed by all BeanPostProcessors (for example: not eligible for auto-proxying)
[cms] 00:15:36.506 [main] INFO  com.white.adminserver.AdminServerApplication[679] - The following profiles are active: dev
[cms] 00:15:42.078 [main] INFO  org.springframework.cloud.context.scope.GenericScope[294] - BeanFactory id=cbf82344-4e4d-38c2-b97a-4a759a7c4b31
[cms] 00:15:42.513 [main] INFO  org.springframework.context.support.PostProcessorRegistrationDelegate$BeanPostProcessorChecker[330] - Bean 'org.springframework.cloud.autoconfigure.ConfigurationPropertiesRebinderAutoConfiguration' of type [org.springframework.cloud.autoconfigure.ConfigurationPropertiesRebinderAutoConfiguration$$EnhancerBySpringCGLIB$$d251afdf] is not eligible for getting processed by all BeanPostProcessors (for example: not eligible for auto-proxying)
[cms] 00:15:45.855 [main] INFO  org.springframework.boot.web.embedded.tomcat.TomcatWebServer[90] - Tomcat initialized with port(s): 8083 (http)
[cms] 00:15:45.941 [main] INFO  org.apache.catalina.core.StandardService[173] - Starting service [Tomcat]
[cms] 00:15:45.944 [main] INFO  org.apache.catalina.core.StandardEngine[173] - Starting Servlet engine: [Apache Tomcat/9.0.17]
[cms] 00:15:46.559 [main] INFO  org.apache.catalina.core.ContainerBase.[Tomcat].[localhost].[/][173] - Initializing Spring embedded WebApplicationContext
[cms] 00:15:46.623 [main] INFO  org.springframework.web.context.ContextLoader[296] - Root WebApplicationContext: initialization completed in 10036 ms
[cms] 00:15:47.091 [main] INFO  com.netflix.config.sources.URLConfigurationSource[122] - To enable URLs as dynamic configuration sources, define System property archaius.configurationSource.additionalUrls or make config.properties available on classpath.
[cms] 00:15:47.148 [main] INFO  com.netflix.config.DynamicPropertyFactory[281] - DynamicPropertyFactory is initialized with configuration sources: com.netflix.config.ConcurrentCompositeConfiguration@5b1422f0
[cms] 00:15:52.257 [main] INFO  org.springframework.boot.actuate.endpoint.web.ServletEndpointRegistrar[78] - Registered '/actuator/jolokia' to jolokia-actuator-endpoint
[cms] 00:21:56.532 [main] INFO  org.springframework.context.support.PostProcessorRegistrationDelegate$BeanPostProcessorChecker[330] - Bean 'org.springframework.cloud.autoconfigure.ConfigurationPropertiesRebinderAutoConfiguration' of type [org.springframework.cloud.autoconfigure.ConfigurationPropertiesRebinderAutoConfiguration$$EnhancerBySpringCGLIB$$709a356] is not eligible for getting processed by all BeanPostProcessors (for example: not eligible for auto-proxying)
[cms] 00:22:01.825 [main] INFO  com.white.adminserver.AdminServerApplication[679] - The following profiles are active: dev
[cms] 00:22:09.341 [main] INFO  org.springframework.cloud.context.scope.GenericScope[294] - BeanFactory id=cbf82344-4e4d-38c2-b97a-4a759a7c4b31
[cms] 00:22:10.075 [main] INFO  org.springframework.context.support.PostProcessorRegistrationDelegate$BeanPostProcessorChecker[330] - Bean 'org.springframework.cloud.autoconfigure.ConfigurationPropertiesRebinderAutoConfiguration' of type [org.springframework.cloud.autoconfigure.ConfigurationPropertiesRebinderAutoConfiguration$$EnhancerBySpringCGLIB$$709a356] is not eligible for getting processed by all BeanPostProcessors (for example: not eligible for auto-proxying)
[cms] 00:22:15.085 [main] INFO  org.springframework.boot.web.embedded.tomcat.TomcatWebServer[90] - Tomcat initialized with port(s): 8083 (http)
[cms] 00:22:15.217 [main] INFO  org.apache.catalina.core.StandardService[173] - Starting service [Tomcat]
[cms] 00:22:15.233 [main] INFO  org.apache.catalina.core.StandardEngine[173] - Starting Servlet engine: [Apache Tomcat/9.0.17]
[cms] 00:22:16.264 [main] INFO  org.apache.catalina.core.ContainerBase.[Tomcat].[localhost].[/][173] - Initializing Spring embedded WebApplicationContext
[cms] 00:22:16.264 [main] INFO  org.springframework.web.context.ContextLoader[296] - Root WebApplicationContext: initialization completed in 14392 ms
[cms] 00:22:17.014 [main] INFO  com.netflix.config.sources.URLConfigurationSource[122] - To enable URLs as dynamic configuration sources, define System property archaius.configurationSource.additionalUrls or make config.properties available on classpath.
[cms] 00:22:17.123 [main] INFO  com.netflix.config.DynamicPropertyFactory[281] - DynamicPropertyFactory is initialized with configuration sources: com.netflix.config.ConcurrentCompositeConfiguration@55f965a8
[cms] 00:22:22.165 [main] INFO  org.springframework.cloud.commons.util.InetUtils[170] - Cannot determine local hostname
[cms] 00:22:24.336 [main] INFO  org.springframework.boot.actuate.endpoint.web.ServletEndpointRegistrar[78] - Registered '/actuator/jolokia' to jolokia-actuator-endpoint
[cms] 00:22:32.856 [main] INFO  com.netflix.config.sources.URLConfigurationSource[122] - To enable URLs as dynamic configuration sources, define System property archaius.configurationSource.additionalUrls or make config.properties available on classpath.
[cms] 00:22:35.667 [main] INFO  org.springframework.scheduling.concurrent.ThreadPoolTaskExecutor[171] - Initializing ExecutorService 'applicationTaskExecutor'
[cms] 00:22:44.725 [main] INFO  org.springframework.boot.actuate.endpoint.web.EndpointLinksResolver[59] - Exposing 20 endpoint(s) beneath base path '/actuator'
[cms] 00:22:45.459 [main] INFO  org.springframework.cloud.netflix.eureka.InstanceInfoFactory[71] - Setting initial instance status as: STARTING
[cms] 00:22:45.725 [main] INFO  com.netflix.discovery.DiscoveryClient[349] - Initializing Eureka in region us-east-1
[cms] 00:22:47.393 [main] INFO  com.netflix.discovery.provider.DiscoveryJerseyProvider[70] - Using JSON encoding codec LegacyJacksonJson
[cms] 00:22:47.393 [main] INFO  com.netflix.discovery.provider.DiscoveryJerseyProvider[71] - Using JSON decoding codec LegacyJacksonJson
[cms] 00:22:48.055 [main] INFO  com.netflix.discovery.provider.DiscoveryJerseyProvider[80] - Using XML encoding codec XStreamXml
[cms] 00:22:48.055 [main] INFO  com.netflix.discovery.provider.DiscoveryJerseyProvider[81] - Using XML decoding codec XStreamXml
[cms] 00:22:49.299 [main] INFO  com.netflix.discovery.shared.resolver.aws.ConfigClusterResolver[43] - Resolving eureka endpoints via configuration
[cms] 00:22:50.992 [main] INFO  com.netflix.discovery.DiscoveryClient[958] - Disable delta property : false
[cms] 00:22:51.054 [main] INFO  com.netflix.discovery.DiscoveryClient[959] - Single vip registry refresh property : null
[cms] 00:22:51.054 [main] INFO  com.netflix.discovery.DiscoveryClient[960] - Force full registry fetch : false
[cms] 00:22:51.054 [main] INFO  com.netflix.discovery.DiscoveryClient[961] - Application is null : false
[cms] 00:22:51.070 [main] INFO  com.netflix.discovery.DiscoveryClient[962] - Registered Applications size is zero : true
[cms] 00:22:51.070 [main] INFO  com.netflix.discovery.DiscoveryClient[964] - Application version is -1: true
[cms] 00:22:51.070 [main] INFO  com.netflix.discovery.DiscoveryClient[1047] - Getting all instance registry info from the eureka server
[cms] 00:22:51.768 [main] INFO  com.netflix.discovery.DiscoveryClient[1056] - The response status is 200
[cms] 00:22:51.783 [main] INFO  com.netflix.discovery.DiscoveryClient[1270] - Starting heartbeat executor: renew interval is: 30
[cms] 00:22:51.783 [main] INFO  com.netflix.discovery.InstanceInfoReplicator[60] - InstanceInfoReplicator onDemand update allowed rate per min is 4
[cms] 00:22:51.799 [main] INFO  com.netflix.discovery.DiscoveryClient[449] - Discovery Client initialized at timestamp 1556468571799 with initial instances count: 1
[cms] 00:22:51.799 [main] INFO  org.springframework.cloud.netflix.eureka.serviceregistry.EurekaServiceRegistry[42] - Registering application ADMIN-SERVER with eureka with status UP
[cms] 00:22:51.799 [main] INFO  com.netflix.discovery.DiscoveryClient[1305] - Saw local status change event StatusChangeEvent [timestamp=1556468571799, current=UP, previous=STARTING]
[cms] 00:22:51.908 [DiscoveryClient-InstanceInfoReplicator-0] INFO  com.netflix.discovery.DiscoveryClient[826] - DiscoveryClient_ADMIN-SERVER/localhost:admin-server:8083: registering service...
[cms] 00:22:52.064 [main] INFO  org.springframework.boot.web.embedded.tomcat.TomcatWebServer[204] - Tomcat started on port(s): 8083 (http) with context path ''
[cms] 00:22:52.080 [main] INFO  org.springframework.cloud.netflix.eureka.serviceregistry.EurekaAutoServiceRegistration[141] - Updating port to 8083
[cms] 00:22:52.080 [main] INFO  com.white.adminserver.AdminServerApplication[59] - Started AdminServerApplication in 66.594 seconds (JVM running for 113.489)
[cms] 00:22:52.127 [DiscoveryClient-InstanceInfoReplicator-0] INFO  com.netflix.discovery.DiscoveryClient[835] - DiscoveryClient_ADMIN-SERVER/localhost:admin-server:8083 - registration status: 204
[cms] 00:23:22.838 [http-nio-8083-exec-9] INFO  org.apache.catalina.core.ContainerBase.[Tomcat].[localhost].[/][173] - Initializing Spring DispatcherServlet 'dispatcherServlet'
[cms] 00:23:22.842 [http-nio-8083-exec-9] INFO  org.springframework.web.servlet.DispatcherServlet[524] - Initializing Servlet 'dispatcherServlet'
[cms] 00:23:22.863 [http-nio-8083-exec-9] INFO  org.springframework.web.servlet.DispatcherServlet[546] - Completed initialization in 16 ms
[cms] 00:27:34.423 [main] INFO  org.springframework.context.support.PostProcessorRegistrationDelegate$BeanPostProcessorChecker[330] - Bean 'org.springframework.cloud.autoconfigure.ConfigurationPropertiesRebinderAutoConfiguration' of type [org.springframework.cloud.autoconfigure.ConfigurationPropertiesRebinderAutoConfiguration$$EnhancerBySpringCGLIB$$153b62a4] is not eligible for getting processed by all BeanPostProcessors (for example: not eligible for auto-proxying)
[cms] 00:27:39.302 [main] INFO  com.white.adminserver.AdminServerApplication[679] - The following profiles are active: dev
[cms] 00:28:01.642 [main] INFO  org.springframework.cloud.context.scope.GenericScope[294] - BeanFactory id=cbf82344-4e4d-38c2-b97a-4a759a7c4b31
[cms] 00:28:03.133 [main] INFO  org.springframework.context.support.PostProcessorRegistrationDelegate$BeanPostProcessorChecker[330] - Bean 'org.springframework.cloud.autoconfigure.ConfigurationPropertiesRebinderAutoConfiguration' of type [org.springframework.cloud.autoconfigure.ConfigurationPropertiesRebinderAutoConfiguration$$EnhancerBySpringCGLIB$$153b62a4] is not eligible for getting processed by all BeanPostProcessors (for example: not eligible for auto-proxying)
[cms] 00:28:09.012 [main] INFO  org.springframework.boot.web.embedded.tomcat.TomcatWebServer[90] - Tomcat initialized with port(s): 8083 (http)
[cms] 00:28:09.350 [main] INFO  org.apache.catalina.core.StandardService[173] - Starting service [Tomcat]
[cms] 00:28:09.574 [main] INFO  org.apache.catalina.core.StandardEngine[173] - Starting Servlet engine: [Apache Tomcat/9.0.17]
[cms] 00:28:11.641 [main] INFO  org.apache.catalina.core.ContainerBase.[Tomcat].[localhost].[/][173] - Initializing Spring embedded WebApplicationContext
[cms] 00:28:11.832 [main] INFO  org.springframework.web.context.ContextLoader[296] - Root WebApplicationContext: initialization completed in 32466 ms
[cms] 00:28:12.886 [main] INFO  com.netflix.config.sources.URLConfigurationSource[122] - To enable URLs as dynamic configuration sources, define System property archaius.configurationSource.additionalUrls or make config.properties available on classpath.
[cms] 00:28:13.140 [main] INFO  com.netflix.config.DynamicPropertyFactory[281] - DynamicPropertyFactory is initialized with configuration sources: com.netflix.config.ConcurrentCompositeConfiguration@1a090bee
[cms] 00:28:20.799 [main] INFO  org.springframework.cloud.commons.util.InetUtils[170] - Cannot determine local hostname
[cms] 00:28:25.026 [main] INFO  org.springframework.boot.actuate.endpoint.web.ServletEndpointRegistrar[78] - Registered '/actuator/jolokia' to jolokia-actuator-endpoint
[cms] 00:28:28.700 [main] INFO  com.netflix.config.sources.URLConfigurationSource[122] - To enable URLs as dynamic configuration sources, define System property archaius.configurationSource.additionalUrls or make config.properties available on classpath.
[cms] 00:28:34.968 [main] INFO  org.springframework.scheduling.concurrent.ThreadPoolTaskExecutor[171] - Initializing ExecutorService 'applicationTaskExecutor'
[cms] 00:28:45.572 [main] INFO  org.springframework.cloud.commons.util.InetUtils[170] - Cannot determine local hostname
[cms] 00:28:47.871 [main] INFO  org.springframework.boot.actuate.endpoint.web.EndpointLinksResolver[59] - Exposing 20 endpoint(s) beneath base path '/actuator'
[cms] 00:28:49.130 [main] INFO  org.springframework.cloud.netflix.eureka.InstanceInfoFactory[71] - Setting initial instance status as: STARTING
[cms] 00:28:49.397 [main] INFO  com.netflix.discovery.DiscoveryClient[349] - Initializing Eureka in region us-east-1
[cms] 00:28:51.489 [main] INFO  com.netflix.discovery.provider.DiscoveryJerseyProvider[70] - Using JSON encoding codec LegacyJacksonJson
[cms] 00:28:51.489 [main] INFO  com.netflix.discovery.provider.DiscoveryJerseyProvider[71] - Using JSON decoding codec LegacyJacksonJson
[cms] 00:28:51.923 [main] INFO  com.netflix.discovery.provider.DiscoveryJerseyProvider[80] - Using XML encoding codec XStreamXml
[cms] 00:28:51.923 [main] INFO  com.netflix.discovery.provider.DiscoveryJerseyProvider[81] - Using XML decoding codec XStreamXml
[cms] 00:28:52.688 [main] INFO  com.netflix.discovery.shared.resolver.aws.ConfigClusterResolver[43] - Resolving eureka endpoints via configuration
[cms] 00:28:53.819 [main] INFO  com.netflix.discovery.DiscoveryClient[958] - Disable delta property : false
[cms] 00:28:53.825 [main] INFO  com.netflix.discovery.DiscoveryClient[959] - Single vip registry refresh property : null
[cms] 00:28:53.829 [main] INFO  com.netflix.discovery.DiscoveryClient[960] - Force full registry fetch : false
[cms] 00:28:53.831 [main] INFO  com.netflix.discovery.DiscoveryClient[961] - Application is null : false
[cms] 00:28:53.833 [main] INFO  com.netflix.discovery.DiscoveryClient[962] - Registered Applications size is zero : true
[cms] 00:28:53.838 [main] INFO  com.netflix.discovery.DiscoveryClient[964] - Application version is -1: true
[cms] 00:28:53.840 [main] INFO  com.netflix.discovery.DiscoveryClient[1047] - Getting all instance registry info from the eureka server
[cms] 00:28:54.319 [main] INFO  com.netflix.discovery.DiscoveryClient[1056] - The response status is 200
[cms] 00:28:54.325 [main] INFO  com.netflix.discovery.DiscoveryClient[1270] - Starting heartbeat executor: renew interval is: 30
[cms] 00:28:54.338 [main] INFO  com.netflix.discovery.InstanceInfoReplicator[60] - InstanceInfoReplicator onDemand update allowed rate per min is 4
[cms] 00:28:54.347 [main] INFO  com.netflix.discovery.DiscoveryClient[449] - Discovery Client initialized at timestamp 1556468934345 with initial instances count: 0
[cms] 00:28:54.356 [main] INFO  org.springframework.cloud.netflix.eureka.serviceregistry.EurekaServiceRegistry[42] - Registering application ADMIN-SERVER with eureka with status UP
[cms] 00:28:54.362 [main] INFO  com.netflix.discovery.DiscoveryClient[1305] - Saw local status change event StatusChangeEvent [timestamp=1556468934362, current=UP, previous=STARTING]
[cms] 00:28:54.382 [DiscoveryClient-InstanceInfoReplicator-0] INFO  com.netflix.discovery.DiscoveryClient[826] - DiscoveryClient_ADMIN-SERVER/localhost:admin-server:8083: registering service...
[cms] 00:28:54.852 [main] INFO  org.springframework.boot.web.embedded.tomcat.TomcatWebServer[204] - Tomcat started on port(s): 8083 (http) with context path ''
[cms] 00:28:54.955 [main] INFO  org.springframework.cloud.netflix.eureka.serviceregistry.EurekaAutoServiceRegistration[141] - Updating port to 8083
[cms] 00:28:54.997 [main] INFO  com.white.adminserver.AdminServerApplication[59] - Started AdminServerApplication in 91.84 seconds (JVM running for 148.617)
[cms] 00:28:55.191 [DiscoveryClient-InstanceInfoReplicator-0] INFO  com.netflix.discovery.DiscoveryClient[835] - DiscoveryClient_ADMIN-SERVER/localhost:admin-server:8083 - registration status: 204
[cms] 00:29:24.326 [DiscoveryClient-CacheRefreshExecutor-0] INFO  com.netflix.discovery.DiscoveryClient[958] - Disable delta property : false
[cms] 00:29:24.328 [DiscoveryClient-CacheRefreshExecutor-0] INFO  com.netflix.discovery.DiscoveryClient[959] - Single vip registry refresh property : null
[cms] 00:29:24.330 [DiscoveryClient-CacheRefreshExecutor-0] INFO  com.netflix.discovery.DiscoveryClient[960] - Force full registry fetch : false
[cms] 00:29:24.330 [DiscoveryClient-CacheRefreshExecutor-0] INFO  com.netflix.discovery.DiscoveryClient[961] - Application is null : false
[cms] 00:29:24.331 [DiscoveryClient-CacheRefreshExecutor-0] INFO  com.netflix.discovery.DiscoveryClient[962] - Registered Applications size is zero : true
[cms] 00:29:24.333 [DiscoveryClient-CacheRefreshExecutor-0] INFO  com.netflix.discovery.DiscoveryClient[964] - Application version is -1: false
[cms] 00:29:24.342 [DiscoveryClient-CacheRefreshExecutor-0] INFO  com.netflix.discovery.DiscoveryClient[1047] - Getting all instance registry info from the eureka server
[cms] 00:29:24.448 [DiscoveryClient-CacheRefreshExecutor-0] INFO  com.netflix.discovery.DiscoveryClient[1056] - The response status is 200
[cms] 00:29:25.820 [http-nio-8083-exec-10] INFO  org.apache.catalina.core.ContainerBase.[Tomcat].[localhost].[/][173] - Initializing Spring DispatcherServlet 'dispatcherServlet'
[cms] 00:29:25.822 [http-nio-8083-exec-10] INFO  org.springframework.web.servlet.DispatcherServlet[524] - Initializing Servlet 'dispatcherServlet'
[cms] 00:29:25.842 [http-nio-8083-exec-10] INFO  org.springframework.web.servlet.DispatcherServlet[546] - Completed initialization in 18 ms
[cms] 00:33:53.868 [AsyncResolver-bootstrap-executor-0] INFO  com.netflix.discovery.shared.resolver.aws.ConfigClusterResolver[43] - Resolving eureka endpoints via configuration
[cms] 00:36:18.872 [reactor-http-nio-2] INFO  de.codecentric.boot.admin.server.services.StatusUpdater[127] - Couldn't retrieve status for Instance(id=2438ebd67f8a, version=2, registration=Registration(name=USER-SERVER, managementUrl=http://localhost:8085/actuator, healthUrl=http://localhost:8085/actuator/health, serviceUrl=http://localhost:8085/, source=discovery), registered=true, statusInfo=StatusInfo(status=DOWN, details={hystrix={status=UP}, clientConfigServer={status=UP, details={propertySources=[configClient, https://github.com/white211/SpringcloudConfig//user-server/user-server-dev.yml, https://github.com/white211/SpringcloudConfig//user-server/application.yml]}}, diskSpace={status=UP, details={total=120038879232, free=23588458496, threshold=10485760}}, rabbit={status=UP, details={version=3.7.14}}, elasticsearchRest={status=DOWN, details={error=java.net.ConnectException: Connection refused: no further information}}, refreshScope={status=UP}, discoveryComposite={status=UP, details={discoveryClient={status=UP, details={services=[config-server, admin-server, user-server]}}, eureka={description=Remote status from Eureka server, status=UNKNOWN, details={applications={CONFIG-SERVER=1, ADMIN-SERVER=1}}}}}, db={status=UP, details={database=MySQL, hello=1}}}), statusTimestamp=2019-04-28T16:33:35.167Z, info=Info(values={}), endpoints=Endpoints(endpoints={httptrace=Endpoint(id=httptrace, url=http://localhost:8085/actuator/httptrace), caches=Endpoint(id=caches, url=http://localhost:8085/actuator/caches), loggers=Endpoint(id=loggers, url=http://localhost:8085/actuator/loggers), health=Endpoint(id=health, url=http://localhost:8085/actuator/health), refresh=Endpoint(id=refresh, url=http://localhost:8085/actuator/refresh), env=Endpoint(id=env, url=http://localhost:8085/actuator/env), heapdump=Endpoint(id=heapdump, url=http://localhost:8085/actuator/heapdump), features=Endpoint(id=features, url=http://localhost:8085/actuator/features), scheduledtasks=Endpoint(id=scheduledtasks, url=http://localhost:8085/actuator/scheduledtasks), mappings=Endpoint(id=mappings, url=http://localhost:8085/actuator/mappings), archaius=Endpoint(id=archaius, url=http://localhost:8085/actuator/archaius), beans=Endpoint(id=beans, url=http://localhost:8085/actuator/beans), configprops=Endpoint(id=configprops, url=http://localhost:8085/actuator/configprops), threaddump=Endpoint(id=threaddump, url=http://localhost:8085/actuator/threaddump), metrics=Endpoint(id=metrics, url=http://localhost:8085/actuator/metrics), conditions=Endpoint(id=conditions, url=http://localhost:8085/actuator/conditions), auditevents=Endpoint(id=auditevents, url=http://localhost:8085/actuator/auditevents), shutdown=Endpoint(id=shutdown, url=http://localhost:8085/actuator/shutdown), service-registry=Endpoint(id=service-registry, url=http://localhost:8085/actuator/service-registry), info=Endpoint(id=info, url=http://localhost:8085/actuator/info), jolokia=Endpoint(id=jolokia, url=http://localhost:8085/actuator/jolokia)}), buildVersion=null, tags=Tags(values={}))
reactor.netty.http.client.PrematureCloseException: Connection prematurely closed BEFORE response
[cms] 00:36:55.951 [DiscoveryClient-CacheRefreshExecutor-0] INFO  de.codecentric.boot.admin.server.cloud.discovery.InstanceDiscoveryListener[119] - Instance (2438ebd67f8a) missing in DiscoveryClient services 
[cms] 00:38:53.880 [AsyncResolver-bootstrap-executor-0] INFO  com.netflix.discovery.shared.resolver.aws.ConfigClusterResolver[43] - Resolving eureka endpoints via configuration
[cms] 00:43:53.885 [AsyncResolver-bootstrap-executor-0] INFO  com.netflix.discovery.shared.resolver.aws.ConfigClusterResolver[43] - Resolving eureka endpoints via configuration
[cms] 00:48:03.717 [reactor-http-nio-4] INFO  de.codecentric.boot.admin.server.services.InfoUpdater[87] - Couldn't retrieve info for Instance(id=bb11cdca1802, version=2, registration=Registration(name=GATEWAY-SERVER, managementUrl=http://localhost:8084/actuator, healthUrl=http://localhost:8084/actuator/health, serviceUrl=http://localhost:8084/, source=discovery), registered=true, statusInfo=StatusInfo(status=DOWN, details={hystrix={status=UP}, clientConfigServer={status=UP, details={propertySources=[configClient, https://github.com/white211/SpringcloudConfig//gateway-server/gateway-server-dev.yml, https://github.com/white211/SpringcloudConfig//gateway-server/application.yml]}}, diskSpace={status=UP, details={total=120038879232, free=23687299072, threshold=10485760}}, rabbit={status=UP, details={version=3.7.14}}, elasticsearchRest={status=DOWN, details={error=java.net.ConnectException: Timeout connecting to [localhost/127.0.0.1:9200]}}, refreshScope={status=UP}, discoveryComposite={status=UP, details={discoveryClient={status=UP, details={services=[config-server, admin-server, gateway-server]}}, eureka={description=Eureka discovery client has not yet successfully connected to a Eureka server, status=UP, details={applications={CONFIG-SERVER=1, ADMIN-SERVER=1}}}}}}), statusTimestamp=2019-04-28T16:48:02.023Z, info=Info(values={}), endpoints=Endpoints(endpoints={httptrace=Endpoint(id=httptrace, url=http://localhost:8084/actuator/trace), caches=Endpoint(id=caches, url=http://localhost:8084/actuator/caches), loggers=Endpoint(id=loggers, url=http://localhost:8084/actuator/loggers), flyway=Endpoint(id=flyway, url=http://localhost:8084/actuator/flyway), logfile=Endpoint(id=logfile, url=http://localhost:8084/actuator/logfile), refresh=Endpoint(id=refresh, url=http://localhost:8084/actuator/refresh), health=Endpoint(id=health, url=http://localhost:8084/actuator/health), env=Endpoint(id=env, url=http://localhost:8084/actuator/env), liquibase=Endpoint(id=liquibase, url=http://localhost:8084/actuator/liquibase), heapdump=Endpoint(id=heapdump, url=http://localhost:8084/actuator/heapdump), mappings=Endpoint(id=mappings, url=http://localhost:8084/actuator/mappings), scheduledtasks=Endpoint(id=scheduledtasks, url=http://localhost:8084/actuator/scheduledtasks), beans=Endpoint(id=beans, url=http://localhost:8084/actuator/beans), configprops=Endpoint(id=configprops, url=http://localhost:8084/actuator/configprops), threaddump=Endpoint(id=threaddump, url=http://localhost:8084/actuator/dump), metrics=Endpoint(id=metrics, url=http://localhost:8084/actuator/metrics), auditevents=Endpoint(id=auditevents, url=http://localhost:8084/actuator/auditevents), jolokia=Endpoint(id=jolokia, url=http://localhost:8084/actuator/jolokia), info=Endpoint(id=info, url=http://localhost:8084/actuator/info)}), buildVersion=null, tags=Tags(values={})): 302 FOUND
[cms] 00:48:13.382 [reactor-http-nio-1] INFO  de.codecentric.boot.admin.server.services.StatusUpdater[127] - Couldn't retrieve status for Instance(id=bb11cdca1802, version=2, registration=Registration(name=GATEWAY-SERVER, managementUrl=http://localhost:8084/actuator, healthUrl=http://localhost:8084/actuator/health, serviceUrl=http://localhost:8084/, source=discovery), registered=true, statusInfo=StatusInfo(status=DOWN, details={hystrix={status=UP}, clientConfigServer={status=UP, details={propertySources=[configClient, https://github.com/white211/SpringcloudConfig//gateway-server/gateway-server-dev.yml, https://github.com/white211/SpringcloudConfig//gateway-server/application.yml]}}, diskSpace={status=UP, details={total=120038879232, free=23687299072, threshold=10485760}}, rabbit={status=UP, details={version=3.7.14}}, elasticsearchRest={status=DOWN, details={error=java.net.ConnectException: Timeout connecting to [localhost/127.0.0.1:9200]}}, refreshScope={status=UP}, discoveryComposite={status=UP, details={discoveryClient={status=UP, details={services=[config-server, admin-server, gateway-server]}}, eureka={description=Eureka discovery client has not yet successfully connected to a Eureka server, status=UP, details={applications={CONFIG-SERVER=1, ADMIN-SERVER=1}}}}}}), statusTimestamp=2019-04-28T16:48:02.023Z, info=Info(values={}), endpoints=Endpoints(endpoints={httptrace=Endpoint(id=httptrace, url=http://localhost:8084/actuator/trace), caches=Endpoint(id=caches, url=http://localhost:8084/actuator/caches), loggers=Endpoint(id=loggers, url=http://localhost:8084/actuator/loggers), flyway=Endpoint(id=flyway, url=http://localhost:8084/actuator/flyway), logfile=Endpoint(id=logfile, url=http://localhost:8084/actuator/logfile), refresh=Endpoint(id=refresh, url=http://localhost:8084/actuator/refresh), health=Endpoint(id=health, url=http://localhost:8084/actuator/health), env=Endpoint(id=env, url=http://localhost:8084/actuator/env), liquibase=Endpoint(id=liquibase, url=http://localhost:8084/actuator/liquibase), heapdump=Endpoint(id=heapdump, url=http://localhost:8084/actuator/heapdump), mappings=Endpoint(id=mappings, url=http://localhost:8084/actuator/mappings), scheduledtasks=Endpoint(id=scheduledtasks, url=http://localhost:8084/actuator/scheduledtasks), beans=Endpoint(id=beans, url=http://localhost:8084/actuator/beans), configprops=Endpoint(id=configprops, url=http://localhost:8084/actuator/configprops), threaddump=Endpoint(id=threaddump, url=http://localhost:8084/actuator/dump), metrics=Endpoint(id=metrics, url=http://localhost:8084/actuator/metrics), auditevents=Endpoint(id=auditevents, url=http://localhost:8084/actuator/auditevents), jolokia=Endpoint(id=jolokia, url=http://localhost:8084/actuator/jolokia), info=Endpoint(id=info, url=http://localhost:8084/actuator/info)}), buildVersion=null, tags=Tags(values={}))
io.netty.channel.AbstractChannel$AnnotatedConnectException: Connection refused: no further information: localhost/127.0.0.1:8084
	at sun.nio.ch.SocketChannelImpl.checkConnect(Native Method)
	at sun.nio.ch.SocketChannelImpl.finishConnect(SocketChannelImpl.java:717)
	at io.netty.channel.socket.nio.NioSocketChannel.doFinishConnect(NioSocketChannel.java:327)
	at io.netty.channel.nio.AbstractNioChannel$AbstractNioUnsafe.finishConnect(AbstractNioChannel.java:340)
	at io.netty.channel.nio.NioEventLoop.processSelectedKey(NioEventLoop.java:665)
	at io.netty.channel.nio.NioEventLoop.processSelectedKeysOptimized(NioEventLoop.java:612)
	at io.netty.channel.nio.NioEventLoop.processSelectedKeys(NioEventLoop.java:529)
	at io.netty.channel.nio.NioEventLoop.run(NioEventLoop.java:491)
	at io.netty.util.concurrent.SingleThreadEventExecutor$5.run(SingleThreadEventExecutor.java:905)
	at java.lang.Thread.run(Thread.java:748)
Caused by: java.net.ConnectException: Connection refused: no further information
	... 10 common frames omitted
[cms] 00:48:53.889 [AsyncResolver-bootstrap-executor-0] INFO  com.netflix.discovery.shared.resolver.aws.ConfigClusterResolver[43] - Resolving eureka endpoints via configuration
[cms] 00:48:56.526 [DiscoveryClient-CacheRefreshExecutor-0] INFO  de.codecentric.boot.admin.server.cloud.discovery.InstanceDiscoveryListener[119] - Instance (bb11cdca1802) missing in DiscoveryClient services 
[cms] 00:53:53.961 [AsyncResolver-bootstrap-executor-0] INFO  com.netflix.discovery.shared.resolver.aws.ConfigClusterResolver[43] - Resolving eureka endpoints via configuration
[cms] 00:58:54.332 [AsyncResolver-bootstrap-executor-0] INFO  com.netflix.discovery.shared.resolver.aws.ConfigClusterResolver[43] - Resolving eureka endpoints via configuration
[cms] 01:03:54.344 [AsyncResolver-bootstrap-executor-0] INFO  com.netflix.discovery.shared.resolver.aws.ConfigClusterResolver[43] - Resolving eureka endpoints via configuration
