[cms] 12:07:03.751 [main] INFO  org.springframework.context.support.PostProcessorRegistrationDelegate$BeanPostProcessorChecker[330] - Bean 'org.springframework.cloud.autoconfigure.ConfigurationPropertiesRebinderAutoConfiguration' of type [org.springframework.cloud.autoconfigure.ConfigurationPropertiesRebinderAutoConfiguration$$EnhancerBySpringCGLIB$$c77d1c83] is not eligible for getting processed by all BeanPostProcessors (for example: not eligible for auto-proxying)
[cms] 12:07:20.164 [main] INFO  com.white.adminserver.AdminServerApplication[679] - The following profiles are active: dev
[cms] 12:07:33.686 [main] INFO  org.springframework.cloud.context.scope.GenericScope[294] - BeanFactory id=cbf82344-4e4d-38c2-b97a-4a759a7c4b31
[cms] 12:07:35.434 [main] INFO  org.springframework.context.support.PostProcessorRegistrationDelegate$BeanPostProcessorChecker[330] - Bean 'org.springframework.cloud.autoconfigure.ConfigurationPropertiesRebinderAutoConfiguration' of type [org.springframework.cloud.autoconfigure.ConfigurationPropertiesRebinderAutoConfiguration$$EnhancerBySpringCGLIB$$c77d1c83] is not eligible for getting processed by all BeanPostProcessors (for example: not eligible for auto-proxying)
[cms] 12:07:47.685 [main] INFO  org.springframework.boot.web.embedded.tomcat.TomcatWebServer[90] - Tomcat initialized with port(s): 8083 (http)
[cms] 12:07:48.755 [main] INFO  org.apache.catalina.core.StandardService[173] - Starting service [Tomcat]
[cms] 12:07:49.023 [main] INFO  org.apache.catalina.core.StandardEngine[173] - Starting Servlet engine: [Apache Tomcat/9.0.17]
[cms] 12:07:51.354 [main] INFO  org.apache.catalina.core.ContainerBase.[Tomcat].[localhost].[/][173] - Initializing Spring embedded WebApplicationContext
[cms] 12:07:51.601 [main] INFO  org.springframework.web.context.ContextLoader[296] - Root WebApplicationContext: initialization completed in 31369 ms
[cms] 12:07:53.228 [main] INFO  com.netflix.config.sources.URLConfigurationSource[122] - To enable URLs as dynamic configuration sources, define System property archaius.configurationSource.additionalUrls or make config.properties available on classpath.
[cms] 12:07:53.310 [main] INFO  com.netflix.config.DynamicPropertyFactory[281] - DynamicPropertyFactory is initialized with configuration sources: com.netflix.config.ConcurrentCompositeConfiguration@b29f58c
[cms] 12:08:12.014 [main] INFO  org.springframework.boot.actuate.endpoint.web.ServletEndpointRegistrar[78] - Registered '/actuator/jolokia' to jolokia-actuator-endpoint
[cms] 12:08:21.045 [main] INFO  com.netflix.config.sources.URLConfigurationSource[122] - To enable URLs as dynamic configuration sources, define System property archaius.configurationSource.additionalUrls or make config.properties available on classpath.
[cms] 12:08:25.508 [main] INFO  org.springframework.scheduling.concurrent.ThreadPoolTaskExecutor[171] - Initializing ExecutorService 'applicationTaskExecutor'
[cms] 12:08:50.114 [main] INFO  org.springframework.boot.actuate.endpoint.web.EndpointLinksResolver[59] - Exposing 20 endpoint(s) beneath base path '/actuator'
[cms] 12:08:50.586 [main] INFO  org.springframework.cloud.netflix.eureka.InstanceInfoFactory[71] - Setting initial instance status as: STARTING
[cms] 12:08:51.064 [main] INFO  com.netflix.discovery.DiscoveryClient[349] - Initializing Eureka in region us-east-1
[cms] 12:08:55.561 [main] INFO  com.netflix.discovery.provider.DiscoveryJerseyProvider[70] - Using JSON encoding codec LegacyJacksonJson
[cms] 12:08:55.633 [main] INFO  com.netflix.discovery.provider.DiscoveryJerseyProvider[71] - Using JSON decoding codec LegacyJacksonJson
[cms] 12:08:57.122 [main] INFO  com.netflix.discovery.provider.DiscoveryJerseyProvider[80] - Using XML encoding codec XStreamXml
[cms] 12:08:57.133 [main] INFO  com.netflix.discovery.provider.DiscoveryJerseyProvider[81] - Using XML decoding codec XStreamXml
[cms] 12:08:58.932 [main] INFO  com.netflix.discovery.shared.resolver.aws.ConfigClusterResolver[43] - Resolving eureka endpoints via configuration
[cms] 12:09:02.572 [main] INFO  com.netflix.discovery.DiscoveryClient[958] - Disable delta property : false
[cms] 12:09:02.585 [main] INFO  com.netflix.discovery.DiscoveryClient[959] - Single vip registry refresh property : null
[cms] 12:09:02.595 [main] INFO  com.netflix.discovery.DiscoveryClient[960] - Force full registry fetch : false
[cms] 12:09:02.607 [main] INFO  com.netflix.discovery.DiscoveryClient[961] - Application is null : false
[cms] 12:09:02.627 [main] INFO  com.netflix.discovery.DiscoveryClient[962] - Registered Applications size is zero : true
[cms] 12:09:02.640 [main] INFO  com.netflix.discovery.DiscoveryClient[964] - Application version is -1: true
[cms] 12:09:02.647 [main] INFO  com.netflix.discovery.DiscoveryClient[1047] - Getting all instance registry info from the eureka server
[cms] 12:09:03.835 [main] INFO  com.netflix.discovery.DiscoveryClient[1056] - The response status is 200
[cms] 12:09:03.846 [main] INFO  com.netflix.discovery.DiscoveryClient[1270] - Starting heartbeat executor: renew interval is: 30
[cms] 12:09:03.899 [main] INFO  com.netflix.discovery.InstanceInfoReplicator[60] - InstanceInfoReplicator onDemand update allowed rate per min is 4
[cms] 12:09:03.939 [main] INFO  com.netflix.discovery.DiscoveryClient[449] - Discovery Client initialized at timestamp 1557720543928 with initial instances count: 0
[cms] 12:09:03.953 [main] INFO  org.springframework.cloud.netflix.eureka.serviceregistry.EurekaServiceRegistry[42] - Registering application ADMIN-SERVER with eureka with status UP
[cms] 12:09:03.966 [main] INFO  com.netflix.discovery.DiscoveryClient[1305] - Saw local status change event StatusChangeEvent [timestamp=1557720543966, current=UP, previous=STARTING]
[cms] 12:09:04.027 [DiscoveryClient-InstanceInfoReplicator-0] INFO  com.netflix.discovery.DiscoveryClient[826] - DiscoveryClient_ADMIN-SERVER/DESKTOP-DIC4SEB:admin-server:8083: registering service...
[cms] 12:09:04.269 [main] INFO  org.springframework.boot.web.embedded.tomcat.TomcatWebServer[204] - Tomcat started on port(s): 8083 (http) with context path ''
[cms] 12:09:04.325 [main] INFO  org.springframework.cloud.netflix.eureka.serviceregistry.EurekaAutoServiceRegistration[141] - Updating port to 8083
[cms] 12:09:04.331 [main] INFO  com.white.adminserver.AdminServerApplication[59] - Started AdminServerApplication in 135.065 seconds (JVM running for 250.705)
[cms] 12:09:05.379 [DiscoveryClient-InstanceInfoReplicator-0] INFO  com.netflix.discovery.DiscoveryClient[835] - DiscoveryClient_ADMIN-SERVER/DESKTOP-DIC4SEB:admin-server:8083 - registration status: 204
[cms] 12:09:33.851 [DiscoveryClient-CacheRefreshExecutor-0] INFO  com.netflix.discovery.DiscoveryClient[958] - Disable delta property : false
[cms] 12:09:33.858 [DiscoveryClient-CacheRefreshExecutor-0] INFO  com.netflix.discovery.DiscoveryClient[959] - Single vip registry refresh property : null
[cms] 12:09:33.868 [DiscoveryClient-CacheRefreshExecutor-0] INFO  com.netflix.discovery.DiscoveryClient[960] - Force full registry fetch : false
[cms] 12:09:33.869 [DiscoveryClient-CacheRefreshExecutor-0] INFO  com.netflix.discovery.DiscoveryClient[961] - Application is null : false
[cms] 12:09:33.871 [DiscoveryClient-CacheRefreshExecutor-0] INFO  com.netflix.discovery.DiscoveryClient[962] - Registered Applications size is zero : true
[cms] 12:09:33.873 [DiscoveryClient-CacheRefreshExecutor-0] INFO  com.netflix.discovery.DiscoveryClient[964] - Application version is -1: false
[cms] 12:09:33.875 [DiscoveryClient-CacheRefreshExecutor-0] INFO  com.netflix.discovery.DiscoveryClient[1047] - Getting all instance registry info from the eureka server
[cms] 12:09:34.075 [DiscoveryClient-CacheRefreshExecutor-0] INFO  com.netflix.discovery.DiscoveryClient[1056] - The response status is 200
[cms] 12:09:37.562 [http-nio-8083-exec-10] INFO  org.apache.catalina.core.ContainerBase.[Tomcat].[localhost].[/][173] - Initializing Spring DispatcherServlet 'dispatcherServlet'
[cms] 12:09:37.572 [http-nio-8083-exec-10] INFO  org.springframework.web.servlet.DispatcherServlet[524] - Initializing Servlet 'dispatcherServlet'
[cms] 12:09:37.604 [http-nio-8083-exec-10] INFO  org.springframework.web.servlet.DispatcherServlet[546] - Completed initialization in 29 ms
[cms] 12:13:38.998 [reactor-http-nio-4] INFO  de.codecentric.boot.admin.server.services.StatusUpdater[127] - Couldn't retrieve status for Instance(id=7b33f13c0d19, version=0, registration=Registration(name=USER-SERVER, managementUrl=http://DESKTOP-DIC4SEB:8085/actuator, healthUrl=http://DESKTOP-DIC4SEB:8085/actuator/health, serviceUrl=http://DESKTOP-DIC4SEB:8085/, source=discovery), registered=true, statusInfo=StatusInfo(status=UNKNOWN, details={}), statusTimestamp=2019-05-13T04:13:37.818Z, info=Info(values={}), endpoints=Endpoints(endpoints={health=Endpoint(id=health, url=http://DESKTOP-DIC4SEB:8085/actuator/health)}), buildVersion=null, tags=Tags(values={}))
io.netty.channel.AbstractChannel$AnnotatedConnectException: Connection refused: no further information: DESKTOP-DIC4SEB/10.0.75.1:8085
	at sun.nio.ch.SocketChannelImpl.checkConnect(Native Method)
	at sun.nio.ch.SocketChannelImpl.finishConnect(SocketChannelImpl.java:717)
	at io.netty.channel.socket.nio.NioSocketChannel.doFinishConnect(NioSocketChannel.java:327)
	at io.netty.channel.nio.AbstractNioChannel$AbstractNioUnsafe.finishConnect(AbstractNioChannel.java:340)
	at io.netty.channel.nio.NioEventLoop.processSelectedKey(NioEventLoop.java:665)
	at io.netty.channel.nio.NioEventLoop.processSelectedKeysOptimized(NioEventLoop.java:612)
	at io.netty.channel.nio.NioEventLoop.processSelectedKeys(NioEventLoop.java:529)
	at io.netty.channel.nio.NioEventLoop.run(NioEventLoop.java:491)
	at io.netty.util.concurrent.SingleThreadEventExecutor$5.run(SingleThreadEventExecutor.java:905)
	at java.lang.Thread.run(Thread.java:748)
Caused by: java.net.ConnectException: Connection refused: no further information
	... 10 common frames omitted
[cms] 12:14:02.673 [AsyncResolver-bootstrap-executor-0] INFO  com.netflix.discovery.shared.resolver.aws.ConfigClusterResolver[43] - Resolving eureka endpoints via configuration
[cms] 12:14:07.857 [DiscoveryClient-CacheRefreshExecutor-0] INFO  de.codecentric.boot.admin.server.cloud.discovery.InstanceDiscoveryListener[119] - Instance (7b33f13c0d19) missing in DiscoveryClient services 
[cms] 12:16:55.236 [reactor-http-nio-2] INFO  de.codecentric.boot.admin.server.services.StatusUpdater[127] - Couldn't retrieve status for Instance(id=0f5e824f8485, version=2, registration=Registration(name=RESOURCE-SERVER, managementUrl=http://DESKTOP-DIC4SEB:8087/actuator, healthUrl=http://DESKTOP-DIC4SEB:8087/actuator/health, serviceUrl=http://DESKTOP-DIC4SEB:8087/, source=discovery), registered=true, statusInfo=StatusInfo(status=DOWN, details={hystrix={status=UP}, clientConfigServer={status=UP, details={propertySources=[configClient, https://github.com/white211/SpringcloudConfig//resource-server/resource-server-dev.yml, https://github.com/white211/SpringcloudConfig//resource-server/application.yml]}}, diskSpace={status=UP, details={total=120038879232, free=13062774784, threshold=10485760}}, rabbit={status=UP, details={version=3.7.14}}, elasticsearchRest={status=DOWN, details={error=java.net.ConnectException: Timeout connecting to [localhost/127.0.0.1:9200]}}, refreshScope={status=UP}, discoveryComposite={status=UP, details={discoveryClient={status=UP, details={services=[order-server, config-server, admin-server, user-server, resource-server]}}, eureka={description=Remote status from Eureka server, status=UNKNOWN, details={applications={CONFIG-SERVER=1, ADMIN-SERVER=1}}}}}, db={status=UP, details={database=MySQL, hello=1}}}), statusTimestamp=2019-05-13T04:13:43.334Z, info=Info(values={}), endpoints=Endpoints(endpoints={httptrace=Endpoint(id=httptrace, url=http://DESKTOP-DIC4SEB:8087/actuator/httptrace), caches=Endpoint(id=caches, url=http://DESKTOP-DIC4SEB:8087/actuator/caches), loggers=Endpoint(id=loggers, url=http://DESKTOP-DIC4SEB:8087/actuator/loggers), health=Endpoint(id=health, url=http://DESKTOP-DIC4SEB:8087/actuator/health), refresh=Endpoint(id=refresh, url=http://DESKTOP-DIC4SEB:8087/actuator/refresh), env=Endpoint(id=env, url=http://DESKTOP-DIC4SEB:8087/actuator/env), heapdump=Endpoint(id=heapdump, url=http://DESKTOP-DIC4SEB:8087/actuator/heapdump), features=Endpoint(id=features, url=http://DESKTOP-DIC4SEB:8087/actuator/features), scheduledtasks=Endpoint(id=scheduledtasks, url=http://DESKTOP-DIC4SEB:8087/actuator/scheduledtasks), mappings=Endpoint(id=mappings, url=http://DESKTOP-DIC4SEB:8087/actuator/mappings), archaius=Endpoint(id=archaius, url=http://DESKTOP-DIC4SEB:8087/actuator/archaius), beans=Endpoint(id=beans, url=http://DESKTOP-DIC4SEB:8087/actuator/beans), configprops=Endpoint(id=configprops, url=http://DESKTOP-DIC4SEB:8087/actuator/configprops), threaddump=Endpoint(id=threaddump, url=http://DESKTOP-DIC4SEB:8087/actuator/threaddump), metrics=Endpoint(id=metrics, url=http://DESKTOP-DIC4SEB:8087/actuator/metrics), conditions=Endpoint(id=conditions, url=http://DESKTOP-DIC4SEB:8087/actuator/conditions), auditevents=Endpoint(id=auditevents, url=http://DESKTOP-DIC4SEB:8087/actuator/auditevents), shutdown=Endpoint(id=shutdown, url=http://DESKTOP-DIC4SEB:8087/actuator/shutdown), service-registry=Endpoint(id=service-registry, url=http://DESKTOP-DIC4SEB:8087/actuator/service-registry), info=Endpoint(id=info, url=http://DESKTOP-DIC4SEB:8087/actuator/info), jolokia=Endpoint(id=jolokia, url=http://DESKTOP-DIC4SEB:8087/actuator/jolokia)}), buildVersion=null, tags=Tags(values={}))
io.netty.channel.AbstractChannel$AnnotatedConnectException: Connection refused: no further information: DESKTOP-DIC4SEB/10.0.75.1:8087
	at sun.nio.ch.SocketChannelImpl.checkConnect(Native Method)
	at sun.nio.ch.SocketChannelImpl.finishConnect(SocketChannelImpl.java:717)
	at io.netty.channel.socket.nio.NioSocketChannel.doFinishConnect(NioSocketChannel.java:327)
	at io.netty.channel.nio.AbstractNioChannel$AbstractNioUnsafe.finishConnect(AbstractNioChannel.java:340)
	at io.netty.channel.nio.NioEventLoop.processSelectedKey(NioEventLoop.java:665)
	at io.netty.channel.nio.NioEventLoop.processSelectedKeysOptimized(NioEventLoop.java:612)
	at io.netty.channel.nio.NioEventLoop.processSelectedKeys(NioEventLoop.java:529)
	at io.netty.channel.nio.NioEventLoop.run(NioEventLoop.java:491)
	at io.netty.util.concurrent.SingleThreadEventExecutor$5.run(SingleThreadEventExecutor.java:905)
	at java.lang.Thread.run(Thread.java:748)
Caused by: java.net.ConnectException: Connection refused: no further information
	... 10 common frames omitted
[cms] 12:17:07.983 [DiscoveryClient-CacheRefreshExecutor-0] INFO  de.codecentric.boot.admin.server.cloud.discovery.InstanceDiscoveryListener[119] - Instance (0f5e824f8485) missing in DiscoveryClient services 
[cms] 12:19:02.678 [AsyncResolver-bootstrap-executor-0] INFO  com.netflix.discovery.shared.resolver.aws.ConfigClusterResolver[43] - Resolving eureka endpoints via configuration
[cms] 12:24:02.681 [AsyncResolver-bootstrap-executor-0] INFO  com.netflix.discovery.shared.resolver.aws.ConfigClusterResolver[43] - Resolving eureka endpoints via configuration
[cms] 12:29:02.685 [AsyncResolver-bootstrap-executor-0] INFO  com.netflix.discovery.shared.resolver.aws.ConfigClusterResolver[43] - Resolving eureka endpoints via configuration
[cms] 12:34:02.688 [AsyncResolver-bootstrap-executor-0] INFO  com.netflix.discovery.shared.resolver.aws.ConfigClusterResolver[43] - Resolving eureka endpoints via configuration
[cms] 12:39:02.692 [AsyncResolver-bootstrap-executor-0] INFO  com.netflix.discovery.shared.resolver.aws.ConfigClusterResolver[43] - Resolving eureka endpoints via configuration
[cms] 12:44:02.697 [AsyncResolver-bootstrap-executor-0] INFO  com.netflix.discovery.shared.resolver.aws.ConfigClusterResolver[43] - Resolving eureka endpoints via configuration
[cms] 12:49:02.703 [AsyncResolver-bootstrap-executor-0] INFO  com.netflix.discovery.shared.resolver.aws.ConfigClusterResolver[43] - Resolving eureka endpoints via configuration
[cms] 12:54:02.708 [AsyncResolver-bootstrap-executor-0] INFO  com.netflix.discovery.shared.resolver.aws.ConfigClusterResolver[43] - Resolving eureka endpoints via configuration
[cms] 12:59:02.714 [AsyncResolver-bootstrap-executor-0] INFO  com.netflix.discovery.shared.resolver.aws.ConfigClusterResolver[43] - Resolving eureka endpoints via configuration
[cms] 12:59:08.938 [DiscoveryClient-CacheRefreshExecutor-0] INFO  de.codecentric.boot.admin.server.cloud.discovery.InstanceDiscoveryListener[119] - Instance (9dc6a12325f5) missing in DiscoveryClient services 
[cms] 13:04:02.722 [AsyncResolver-bootstrap-executor-0] INFO  com.netflix.discovery.shared.resolver.aws.ConfigClusterResolver[43] - Resolving eureka endpoints via configuration
[cms] 13:09:02.726 [AsyncResolver-bootstrap-executor-0] INFO  com.netflix.discovery.shared.resolver.aws.ConfigClusterResolver[43] - Resolving eureka endpoints via configuration
[cms] 13:14:02.732 [AsyncResolver-bootstrap-executor-0] INFO  com.netflix.discovery.shared.resolver.aws.ConfigClusterResolver[43] - Resolving eureka endpoints via configuration
[cms] 13:19:02.737 [AsyncResolver-bootstrap-executor-0] INFO  com.netflix.discovery.shared.resolver.aws.ConfigClusterResolver[43] - Resolving eureka endpoints via configuration
[cms] 13:20:39.687 [DiscoveryClient-CacheRefreshExecutor-0] INFO  de.codecentric.boot.admin.server.cloud.discovery.InstanceDiscoveryListener[119] - Instance (9dc6a12325f5) missing in DiscoveryClient services 
[cms] 13:24:02.740 [AsyncResolver-bootstrap-executor-0] INFO  com.netflix.discovery.shared.resolver.aws.ConfigClusterResolver[43] - Resolving eureka endpoints via configuration
[cms] 13:29:02.744 [AsyncResolver-bootstrap-executor-0] INFO  com.netflix.discovery.shared.resolver.aws.ConfigClusterResolver[43] - Resolving eureka endpoints via configuration
[cms] 13:34:02.748 [AsyncResolver-bootstrap-executor-0] INFO  com.netflix.discovery.shared.resolver.aws.ConfigClusterResolver[43] - Resolving eureka endpoints via configuration
[cms] 13:39:02.757 [AsyncResolver-bootstrap-executor-0] INFO  com.netflix.discovery.shared.resolver.aws.ConfigClusterResolver[43] - Resolving eureka endpoints via configuration
[cms] 13:42:31.437 [Thread-7] INFO  org.springframework.cloud.netflix.eureka.serviceregistry.EurekaServiceRegistry[65] - Unregistering application ADMIN-SERVER with eureka with status DOWN
[cms] 13:42:31.463 [DiscoveryClient-InstanceInfoReplicator-0] INFO  com.netflix.discovery.DiscoveryClient[826] - DiscoveryClient_ADMIN-SERVER/DESKTOP-DIC4SEB:admin-server:8083: registering service...
[cms] 13:42:31.489 [DiscoveryClient-InstanceInfoReplicator-0] INFO  com.netflix.discovery.DiscoveryClient[835] - DiscoveryClient_ADMIN-SERVER/DESKTOP-DIC4SEB:admin-server:8083 - registration status: 204
[cms] 13:42:31.730 [Thread-7] INFO  org.springframework.scheduling.concurrent.ThreadPoolTaskExecutor[208] - Shutting down ExecutorService 'applicationTaskExecutor'
[cms] 13:42:31.811 [Thread-7] INFO  com.netflix.discovery.DiscoveryClient[888] - Shutting down DiscoveryClient ...
[cms] 13:42:34.817 [Thread-7] INFO  com.netflix.discovery.DiscoveryClient[922] - Unregistering ...
[cms] 13:42:34.868 [Thread-7] INFO  com.netflix.discovery.DiscoveryClient[924] - DiscoveryClient_ADMIN-SERVER/DESKTOP-DIC4SEB:admin-server:8083 - deregister  status: 200
[cms] 13:42:34.941 [Thread-7] INFO  com.netflix.discovery.DiscoveryClient[911] - Completed shut down of DiscoveryClient
