[cms] 16:13:05.137 [main] ERROR org.apache.velocity.loader[352] - ResourceManager: unable to find resource 'templates/controller.vm' in any resource loader.
[cms] 16:13:05.157 [main] ERROR com.baomidou.mybatisplus.generator.engine.AbstractTemplateEngine[131] - 无法创建文件，请检查配置信息！
org.apache.velocity.exception.ResourceNotFoundException: Unable to find resource 'templates/controller.vm'
	at org.apache.velocity.runtime.resource.ResourceManagerImpl.loadResource(ResourceManagerImpl.java:462)
	at org.apache.velocity.runtime.resource.ResourceManagerImpl.getResource(ResourceManagerImpl.java:343)
	at org.apache.velocity.runtime.RuntimeInstance.getTemplate(RuntimeInstance.java:1554)
	at org.apache.velocity.app.VelocityEngine.getTemplate(VelocityEngine.java:320)
	at com.baomidou.mybatisplus.generator.engine.VelocityTemplateEngine.writer(VelocityTemplateEngine.java:65)
	at com.baomidou.mybatisplus.generator.engine.AbstractTemplateEngine.batchOutput(AbstractTemplateEngine.java:126)
	at com.baomidou.mybatisplus.generator.AutoGenerator.execute(AutoGenerator.java:102)
	at com.white.userserver.util.mp.CodeGenerator.main(CodeGenerator.java:176)
[cms] 16:15:22.194 [main] ERROR org.apache.velocity.parser[141] - templates/controller.vm: Encountered "?if_exists})\n */\n// @RequestMapping(\"/example\")\n" at line 21, column 51.
Was expecting one of:
    "[" ...
    "}" ...
    
[cms] 16:15:22.204 [main] ERROR org.apache.velocity.loader[357] - ResourceManager: parse exception: Encountered "?if_exists})\n */\n// @RequestMapping(\"/example\")\n" at templates/controller.vm[line 21, column 51]
Was expecting one of:
    "[" ...
    "}" ...
    
[cms] 16:15:22.208 [main] ERROR com.baomidou.mybatisplus.generator.engine.AbstractTemplateEngine[131] - 无法创建文件，请检查配置信息！
org.apache.velocity.exception.ParseErrorException: Encountered "?if_exists})\n */\n// @RequestMapping(\"/example\")\n" at templates/controller.vm[line 21, column 51]
Was expecting one of:
    "[" ...
    "}" ...
    
	at org.apache.velocity.Template.process(Template.java:155)
	at org.apache.velocity.runtime.resource.ResourceManagerImpl.loadResource(ResourceManagerImpl.java:426)
	at org.apache.velocity.runtime.resource.ResourceManagerImpl.getResource(ResourceManagerImpl.java:343)
	at org.apache.velocity.runtime.RuntimeInstance.getTemplate(RuntimeInstance.java:1554)
	at org.apache.velocity.app.VelocityEngine.getTemplate(VelocityEngine.java:320)
	at com.baomidou.mybatisplus.generator.engine.VelocityTemplateEngine.writer(VelocityTemplateEngine.java:65)
	at com.baomidou.mybatisplus.generator.engine.AbstractTemplateEngine.batchOutput(AbstractTemplateEngine.java:126)
	at com.baomidou.mybatisplus.generator.AutoGenerator.execute(AutoGenerator.java:102)
	at com.white.userserver.util.mp.CodeGenerator.main(CodeGenerator.java:176)
[cms] 16:20:36.562 [main] ERROR org.apache.velocity.loader[352] - ResourceManager: unable to find resource 'templates/controller.vm' in any resource loader.
[cms] 16:20:36.576 [main] ERROR com.baomidou.mybatisplus.generator.engine.AbstractTemplateEngine[131] - 无法创建文件，请检查配置信息！
org.apache.velocity.exception.ResourceNotFoundException: Unable to find resource 'templates/controller.vm'
	at org.apache.velocity.runtime.resource.ResourceManagerImpl.loadResource(ResourceManagerImpl.java:462)
	at org.apache.velocity.runtime.resource.ResourceManagerImpl.getResource(ResourceManagerImpl.java:343)
	at org.apache.velocity.runtime.RuntimeInstance.getTemplate(RuntimeInstance.java:1554)
	at org.apache.velocity.app.VelocityEngine.getTemplate(VelocityEngine.java:320)
	at com.baomidou.mybatisplus.generator.engine.VelocityTemplateEngine.writer(VelocityTemplateEngine.java:65)
	at com.baomidou.mybatisplus.generator.engine.AbstractTemplateEngine.batchOutput(AbstractTemplateEngine.java:126)
	at com.baomidou.mybatisplus.generator.AutoGenerator.execute(AutoGenerator.java:102)
	at com.white.userserver.util.mp.CodeGenerator.main(CodeGenerator.java:176)
[cms] 16:22:40.649 [main] ERROR org.apache.velocity.loader[352] - ResourceManager: unable to find resource 'templates/controller.vm' in any resource loader.
[cms] 16:22:40.689 [main] ERROR com.baomidou.mybatisplus.generator.engine.AbstractTemplateEngine[131] - 无法创建文件，请检查配置信息！
org.apache.velocity.exception.ResourceNotFoundException: Unable to find resource 'templates/controller.vm'
	at org.apache.velocity.runtime.resource.ResourceManagerImpl.loadResource(ResourceManagerImpl.java:462)
	at org.apache.velocity.runtime.resource.ResourceManagerImpl.getResource(ResourceManagerImpl.java:343)
	at org.apache.velocity.runtime.RuntimeInstance.getTemplate(RuntimeInstance.java:1554)
	at org.apache.velocity.app.VelocityEngine.getTemplate(VelocityEngine.java:320)
	at com.baomidou.mybatisplus.generator.engine.VelocityTemplateEngine.writer(VelocityTemplateEngine.java:65)
	at com.baomidou.mybatisplus.generator.engine.AbstractTemplateEngine.batchOutput(AbstractTemplateEngine.java:126)
	at com.baomidou.mybatisplus.generator.AutoGenerator.execute(AutoGenerator.java:102)
	at com.white.userserver.util.mp.CodeGenerator.main(CodeGenerator.java:176)
[cms] 16:28:25.208 [main] ERROR org.apache.velocity.loader[352] - ResourceManager: unable to find resource 'templates/controller.vm' in any resource loader.
[cms] 16:28:25.221 [main] ERROR com.baomidou.mybatisplus.generator.engine.AbstractTemplateEngine[131] - 无法创建文件，请检查配置信息！
org.apache.velocity.exception.ResourceNotFoundException: Unable to find resource 'templates/controller.vm'
	at org.apache.velocity.runtime.resource.ResourceManagerImpl.loadResource(ResourceManagerImpl.java:462)
	at org.apache.velocity.runtime.resource.ResourceManagerImpl.getResource(ResourceManagerImpl.java:343)
	at org.apache.velocity.runtime.RuntimeInstance.getTemplate(RuntimeInstance.java:1554)
	at org.apache.velocity.app.VelocityEngine.getTemplate(VelocityEngine.java:320)
	at com.baomidou.mybatisplus.generator.engine.VelocityTemplateEngine.writer(VelocityTemplateEngine.java:65)
	at com.baomidou.mybatisplus.generator.engine.AbstractTemplateEngine.batchOutput(AbstractTemplateEngine.java:126)
	at com.baomidou.mybatisplus.generator.AutoGenerator.execute(AutoGenerator.java:102)
	at com.white.userserver.util.mp.CodeGenerator.main(CodeGenerator.java:176)
[cms] 16:49:18.719 [main] ERROR org.apache.velocity.parser[141] - /templates/controller.java.ftl: Encountered "?if_exists})\n */\n// @RequestMapping(\"/example\")\n" at line 21, column 51.
Was expecting one of:
    "[" ...
    "}" ...
    
[cms] 16:49:18.734 [main] ERROR org.apache.velocity.loader[357] - ResourceManager: parse exception: Encountered "?if_exists})\n */\n// @RequestMapping(\"/example\")\n" at /templates/controller.java.ftl[line 21, column 51]
Was expecting one of:
    "[" ...
    "}" ...
    
[cms] 16:49:18.739 [main] ERROR com.baomidou.mybatisplus.generator.engine.AbstractTemplateEngine[131] - 无法创建文件，请检查配置信息！
org.apache.velocity.exception.ParseErrorException: Encountered "?if_exists})\n */\n// @RequestMapping(\"/example\")\n" at /templates/controller.java.ftl[line 21, column 51]
Was expecting one of:
    "[" ...
    "}" ...
    
	at org.apache.velocity.Template.process(Template.java:155)
	at org.apache.velocity.runtime.resource.ResourceManagerImpl.loadResource(ResourceManagerImpl.java:426)
	at org.apache.velocity.runtime.resource.ResourceManagerImpl.getResource(ResourceManagerImpl.java:343)
	at org.apache.velocity.runtime.RuntimeInstance.getTemplate(RuntimeInstance.java:1554)
	at org.apache.velocity.app.VelocityEngine.getTemplate(VelocityEngine.java:320)
	at com.baomidou.mybatisplus.generator.engine.VelocityTemplateEngine.writer(VelocityTemplateEngine.java:65)
	at com.baomidou.mybatisplus.generator.engine.AbstractTemplateEngine.batchOutput(AbstractTemplateEngine.java:81)
	at com.baomidou.mybatisplus.generator.AutoGenerator.execute(AutoGenerator.java:102)
	at com.white.userserver.util.mp.CodeGenerator.main(CodeGenerator.java:186)
[cms] 16:50:25.387 [main] ERROR org.apache.velocity.parser[141] - /templates/controller.java.ftl: Encountered "column" at line 42, column 10.
Was expecting one of:
    "(" ...
    <WHITESPACE> ...
    <NEWLINE> ...
    
[cms] 16:50:25.403 [main] ERROR org.apache.velocity.loader[357] - ResourceManager: parse exception: Encountered "column" at /templates/controller.java.ftl[line 42, column 10]
Was expecting one of:
    "(" ...
    <WHITESPACE> ...
    <NEWLINE> ...
    
[cms] 16:50:25.407 [main] ERROR com.baomidou.mybatisplus.generator.engine.AbstractTemplateEngine[131] - 无法创建文件，请检查配置信息！
org.apache.velocity.exception.ParseErrorException: Encountered "column" at /templates/controller.java.ftl[line 42, column 10]
Was expecting one of:
    "(" ...
    <WHITESPACE> ...
    <NEWLINE> ...
    
	at org.apache.velocity.Template.process(Template.java:155)
	at org.apache.velocity.runtime.resource.ResourceManagerImpl.loadResource(ResourceManagerImpl.java:426)
	at org.apache.velocity.runtime.resource.ResourceManagerImpl.getResource(ResourceManagerImpl.java:343)
	at org.apache.velocity.runtime.RuntimeInstance.getTemplate(RuntimeInstance.java:1554)
	at org.apache.velocity.app.VelocityEngine.getTemplate(VelocityEngine.java:320)
	at com.baomidou.mybatisplus.generator.engine.VelocityTemplateEngine.writer(VelocityTemplateEngine.java:65)
	at com.baomidou.mybatisplus.generator.engine.AbstractTemplateEngine.batchOutput(AbstractTemplateEngine.java:81)
	at com.baomidou.mybatisplus.generator.AutoGenerator.execute(AutoGenerator.java:102)
	at com.white.userserver.util.mp.CodeGenerator.main(CodeGenerator.java:186)
[cms] 16:56:19.648 [main] ERROR org.apache.velocity.parser[141] - /templates/controller.java.ftl: Encountered "column" at line 42, column 10.
Was expecting one of:
    "(" ...
    <WHITESPACE> ...
    <NEWLINE> ...
    
[cms] 16:56:19.673 [main] ERROR org.apache.velocity.loader[357] - ResourceManager: parse exception: Encountered "column" at /templates/controller.java.ftl[line 42, column 10]
Was expecting one of:
    "(" ...
    <WHITESPACE> ...
    <NEWLINE> ...
    
[cms] 16:56:19.679 [main] ERROR com.baomidou.mybatisplus.generator.engine.AbstractTemplateEngine[131] - 无法创建文件，请检查配置信息！
org.apache.velocity.exception.ParseErrorException: Encountered "column" at /templates/controller.java.ftl[line 42, column 10]
Was expecting one of:
    "(" ...
    <WHITESPACE> ...
    <NEWLINE> ...
    
	at org.apache.velocity.Template.process(Template.java:155)
	at org.apache.velocity.runtime.resource.ResourceManagerImpl.loadResource(ResourceManagerImpl.java:426)
	at org.apache.velocity.runtime.resource.ResourceManagerImpl.getResource(ResourceManagerImpl.java:343)
	at org.apache.velocity.runtime.RuntimeInstance.getTemplate(RuntimeInstance.java:1554)
	at org.apache.velocity.app.VelocityEngine.getTemplate(VelocityEngine.java:320)
	at com.baomidou.mybatisplus.generator.engine.VelocityTemplateEngine.writer(VelocityTemplateEngine.java:65)
	at com.baomidou.mybatisplus.generator.engine.AbstractTemplateEngine.batchOutput(AbstractTemplateEngine.java:81)
	at com.baomidou.mybatisplus.generator.AutoGenerator.execute(AutoGenerator.java:102)
	at com.white.userserver.util.mp.CodeGenerator.main(CodeGenerator.java:186)
[cms] 16:58:08.122 [main] ERROR org.apache.velocity.parser[141] - /templates/controller.java.ftl: Encountered "column" at line 43, column 10.
Was expecting one of:
    "(" ...
    <WHITESPACE> ...
    <NEWLINE> ...
    
[cms] 16:58:08.138 [main] ERROR org.apache.velocity.loader[357] - ResourceManager: parse exception: Encountered "column" at /templates/controller.java.ftl[line 43, column 10]
Was expecting one of:
    "(" ...
    <WHITESPACE> ...
    <NEWLINE> ...
    
[cms] 16:58:08.141 [main] ERROR com.baomidou.mybatisplus.generator.engine.AbstractTemplateEngine[131] - 无法创建文件，请检查配置信息！
org.apache.velocity.exception.ParseErrorException: Encountered "column" at /templates/controller.java.ftl[line 43, column 10]
Was expecting one of:
    "(" ...
    <WHITESPACE> ...
    <NEWLINE> ...
    
	at org.apache.velocity.Template.process(Template.java:155)
	at org.apache.velocity.runtime.resource.ResourceManagerImpl.loadResource(ResourceManagerImpl.java:426)
	at org.apache.velocity.runtime.resource.ResourceManagerImpl.getResource(ResourceManagerImpl.java:343)
	at org.apache.velocity.runtime.RuntimeInstance.getTemplate(RuntimeInstance.java:1554)
	at org.apache.velocity.app.VelocityEngine.getTemplate(VelocityEngine.java:320)
	at com.baomidou.mybatisplus.generator.engine.VelocityTemplateEngine.writer(VelocityTemplateEngine.java:65)
	at com.baomidou.mybatisplus.generator.engine.AbstractTemplateEngine.batchOutput(AbstractTemplateEngine.java:81)
	at com.baomidou.mybatisplus.generator.AutoGenerator.execute(AutoGenerator.java:102)
	at com.white.userserver.util.mp.CodeGenerator.main(CodeGenerator.java:186)
[cms] 17:03:03.448 [main] ERROR org.apache.velocity.parser[141] - /templates/controller.java.ftl: Encountered "column" at line 42, column 11.
Was expecting one of:
    "[" ...
    "{" ...
    "(" ...
    <WHITESPACE> ...
    <NEWLINE> ...
    <STRING_LITERAL> ...
    "true" ...
    "false" ...
    "-" ...
    <LOGICAL_NOT> ...
    <INTEGER_LITERAL> ...
    <FLOATING_POINT_LITERAL> ...
    <IDENTIFIER> ...
    "{" ...
    
[cms] 17:03:03.464 [main] ERROR org.apache.velocity.loader[357] - ResourceManager: parse exception: Encountered "column" at /templates/controller.java.ftl[line 42, column 11]
Was expecting one of:
    "[" ...
    "{" ...
    "(" ...
    <WHITESPACE> ...
    <NEWLINE> ...
    <STRING_LITERAL> ...
    "true" ...
    "false" ...
    "-" ...
    <LOGICAL_NOT> ...
    <INTEGER_LITERAL> ...
    <FLOATING_POINT_LITERAL> ...
    <IDENTIFIER> ...
    "{" ...
    
[cms] 17:03:03.471 [main] ERROR com.baomidou.mybatisplus.generator.engine.AbstractTemplateEngine[131] - 无法创建文件，请检查配置信息！
org.apache.velocity.exception.ParseErrorException: Encountered "column" at /templates/controller.java.ftl[line 42, column 11]
Was expecting one of:
    "[" ...
    "{" ...
    "(" ...
    <WHITESPACE> ...
    <NEWLINE> ...
    <STRING_LITERAL> ...
    "true" ...
    "false" ...
    "-" ...
    <LOGICAL_NOT> ...
    <INTEGER_LITERAL> ...
    <FLOATING_POINT_LITERAL> ...
    <IDENTIFIER> ...
    "{" ...
    
	at org.apache.velocity.Template.process(Template.java:155)
	at org.apache.velocity.runtime.resource.ResourceManagerImpl.loadResource(ResourceManagerImpl.java:426)
	at org.apache.velocity.runtime.resource.ResourceManagerImpl.getResource(ResourceManagerImpl.java:343)
	at org.apache.velocity.runtime.RuntimeInstance.getTemplate(RuntimeInstance.java:1554)
	at org.apache.velocity.app.VelocityEngine.getTemplate(VelocityEngine.java:320)
	at com.baomidou.mybatisplus.generator.engine.VelocityTemplateEngine.writer(VelocityTemplateEngine.java:65)
	at com.baomidou.mybatisplus.generator.engine.AbstractTemplateEngine.batchOutput(AbstractTemplateEngine.java:81)
	at com.baomidou.mybatisplus.generator.AutoGenerator.execute(AutoGenerator.java:102)
	at com.white.userserver.util.mp.CodeGenerator.main(CodeGenerator.java:186)
[cms] 17:06:06.989 [main] ERROR org.apache.velocity.parser[141] - /templates/controller.java.ftl: Encountered "column" at line 42, column 14.
Was expecting one of:
    "(" ...
    <WHITESPACE> ...
    <NEWLINE> ...
    
[cms] 17:06:07.011 [main] ERROR org.apache.velocity.loader[357] - ResourceManager: parse exception: Encountered "column" at /templates/controller.java.ftl[line 42, column 14]
Was expecting one of:
    "(" ...
    <WHITESPACE> ...
    <NEWLINE> ...
    
[cms] 17:06:07.025 [main] ERROR com.baomidou.mybatisplus.generator.engine.AbstractTemplateEngine[131] - 无法创建文件，请检查配置信息！
org.apache.velocity.exception.ParseErrorException: Encountered "column" at /templates/controller.java.ftl[line 42, column 14]
Was expecting one of:
    "(" ...
    <WHITESPACE> ...
    <NEWLINE> ...
    
	at org.apache.velocity.Template.process(Template.java:155)
	at org.apache.velocity.runtime.resource.ResourceManagerImpl.loadResource(ResourceManagerImpl.java:426)
	at org.apache.velocity.runtime.resource.ResourceManagerImpl.getResource(ResourceManagerImpl.java:343)
	at org.apache.velocity.runtime.RuntimeInstance.getTemplate(RuntimeInstance.java:1554)
	at org.apache.velocity.app.VelocityEngine.getTemplate(VelocityEngine.java:320)
	at com.baomidou.mybatisplus.generator.engine.VelocityTemplateEngine.writer(VelocityTemplateEngine.java:65)
	at com.baomidou.mybatisplus.generator.engine.AbstractTemplateEngine.batchOutput(AbstractTemplateEngine.java:81)
	at com.baomidou.mybatisplus.generator.AutoGenerator.execute(AutoGenerator.java:102)
	at com.white.userserver.util.mp.CodeGenerator.main(CodeGenerator.java:186)
[cms] 17:07:30.388 [main] ERROR org.apache.velocity.parser[141] - /templates/controller.java.ftl: Encountered "column" at line 42, column 14.
Was expecting one of:
    "(" ...
    <WHITESPACE> ...
    <NEWLINE> ...
    
[cms] 17:07:30.414 [main] ERROR org.apache.velocity.loader[357] - ResourceManager: parse exception: Encountered "column" at /templates/controller.java.ftl[line 42, column 14]
Was expecting one of:
    "(" ...
    <WHITESPACE> ...
    <NEWLINE> ...
    
[cms] 17:07:30.418 [main] ERROR com.baomidou.mybatisplus.generator.engine.AbstractTemplateEngine[131] - 无法创建文件，请检查配置信息！
org.apache.velocity.exception.ParseErrorException: Encountered "column" at /templates/controller.java.ftl[line 42, column 14]
Was expecting one of:
    "(" ...
    <WHITESPACE> ...
    <NEWLINE> ...
    
	at org.apache.velocity.Template.process(Template.java:155)
	at org.apache.velocity.runtime.resource.ResourceManagerImpl.loadResource(ResourceManagerImpl.java:426)
	at org.apache.velocity.runtime.resource.ResourceManagerImpl.getResource(ResourceManagerImpl.java:343)
	at org.apache.velocity.runtime.RuntimeInstance.getTemplate(RuntimeInstance.java:1554)
	at org.apache.velocity.app.VelocityEngine.getTemplate(VelocityEngine.java:320)
	at com.baomidou.mybatisplus.generator.engine.VelocityTemplateEngine.writer(VelocityTemplateEngine.java:65)
	at com.baomidou.mybatisplus.generator.engine.AbstractTemplateEngine.batchOutput(AbstractTemplateEngine.java:81)
	at com.baomidou.mybatisplus.generator.AutoGenerator.execute(AutoGenerator.java:102)
	at com.white.userserver.util.mp.CodeGenerator.main(CodeGenerator.java:186)
[cms] 17:08:46.536 [main] ERROR org.apache.velocity.parser[141] - /templates/controller.java.ftl: Encountered "column" at line 42, column 14.
Was expecting one of:
    "(" ...
    <WHITESPACE> ...
    <NEWLINE> ...
    
[cms] 17:08:46.561 [main] ERROR org.apache.velocity.loader[357] - ResourceManager: parse exception: Encountered "column" at /templates/controller.java.ftl[line 42, column 14]
Was expecting one of:
    "(" ...
    <WHITESPACE> ...
    <NEWLINE> ...
    
[cms] 17:08:46.570 [main] ERROR com.baomidou.mybatisplus.generator.engine.AbstractTemplateEngine[131] - 无法创建文件，请检查配置信息！
org.apache.velocity.exception.ParseErrorException: Encountered "column" at /templates/controller.java.ftl[line 42, column 14]
Was expecting one of:
    "(" ...
    <WHITESPACE> ...
    <NEWLINE> ...
    
	at org.apache.velocity.Template.process(Template.java:155)
	at org.apache.velocity.runtime.resource.ResourceManagerImpl.loadResource(ResourceManagerImpl.java:426)
	at org.apache.velocity.runtime.resource.ResourceManagerImpl.getResource(ResourceManagerImpl.java:343)
	at org.apache.velocity.runtime.RuntimeInstance.getTemplate(RuntimeInstance.java:1554)
	at org.apache.velocity.app.VelocityEngine.getTemplate(VelocityEngine.java:320)
	at com.baomidou.mybatisplus.generator.engine.VelocityTemplateEngine.writer(VelocityTemplateEngine.java:65)
	at com.baomidou.mybatisplus.generator.engine.AbstractTemplateEngine.batchOutput(AbstractTemplateEngine.java:81)
	at com.baomidou.mybatisplus.generator.AutoGenerator.execute(AutoGenerator.java:102)
	at com.white.userserver.util.mp.CodeGenerator.main(CodeGenerator.java:186)
[cms] 17:09:37.640 [main] ERROR org.apache.velocity.parser[141] - /templates/controller.java.ftl: Encountered "column" at line 42, column 14.
Was expecting one of:
    "(" ...
    <WHITESPACE> ...
    <NEWLINE> ...
    
[cms] 17:09:37.661 [main] ERROR org.apache.velocity.loader[357] - ResourceManager: parse exception: Encountered "column" at /templates/controller.java.ftl[line 42, column 14]
Was expecting one of:
    "(" ...
    <WHITESPACE> ...
    <NEWLINE> ...
    
[cms] 17:09:37.665 [main] ERROR com.baomidou.mybatisplus.generator.engine.AbstractTemplateEngine[131] - 无法创建文件，请检查配置信息！
org.apache.velocity.exception.ParseErrorException: Encountered "column" at /templates/controller.java.ftl[line 42, column 14]
Was expecting one of:
    "(" ...
    <WHITESPACE> ...
    <NEWLINE> ...
    
	at org.apache.velocity.Template.process(Template.java:155)
	at org.apache.velocity.runtime.resource.ResourceManagerImpl.loadResource(ResourceManagerImpl.java:426)
	at org.apache.velocity.runtime.resource.ResourceManagerImpl.getResource(ResourceManagerImpl.java:343)
	at org.apache.velocity.runtime.RuntimeInstance.getTemplate(RuntimeInstance.java:1554)
	at org.apache.velocity.app.VelocityEngine.getTemplate(VelocityEngine.java:320)
	at com.baomidou.mybatisplus.generator.engine.VelocityTemplateEngine.writer(VelocityTemplateEngine.java:65)
	at com.baomidou.mybatisplus.generator.engine.AbstractTemplateEngine.batchOutput(AbstractTemplateEngine.java:81)
	at com.baomidou.mybatisplus.generator.AutoGenerator.execute(AutoGenerator.java:102)
	at com.white.userserver.util.mp.CodeGenerator.main(CodeGenerator.java:186)
[cms] 17:12:09.790 [main] ERROR org.apache.velocity.parser[141] - /templates/controller.java.ftl: Encountered "column" at line 42, column 10.
Was expecting one of:
    "(" ...
    <WHITESPACE> ...
    <NEWLINE> ...
    
[cms] 17:12:09.818 [main] ERROR org.apache.velocity.loader[357] - ResourceManager: parse exception: Encountered "column" at /templates/controller.java.ftl[line 42, column 10]
Was expecting one of:
    "(" ...
    <WHITESPACE> ...
    <NEWLINE> ...
    
[cms] 17:12:09.826 [main] ERROR com.baomidou.mybatisplus.generator.engine.AbstractTemplateEngine[131] - 无法创建文件，请检查配置信息！
org.apache.velocity.exception.ParseErrorException: Encountered "column" at /templates/controller.java.ftl[line 42, column 10]
Was expecting one of:
    "(" ...
    <WHITESPACE> ...
    <NEWLINE> ...
    
	at org.apache.velocity.Template.process(Template.java:155)
	at org.apache.velocity.runtime.resource.ResourceManagerImpl.loadResource(ResourceManagerImpl.java:426)
	at org.apache.velocity.runtime.resource.ResourceManagerImpl.getResource(ResourceManagerImpl.java:343)
	at org.apache.velocity.runtime.RuntimeInstance.getTemplate(RuntimeInstance.java:1554)
	at org.apache.velocity.app.VelocityEngine.getTemplate(VelocityEngine.java:320)
	at com.baomidou.mybatisplus.generator.engine.VelocityTemplateEngine.writer(VelocityTemplateEngine.java:65)
	at com.baomidou.mybatisplus.generator.engine.AbstractTemplateEngine.batchOutput(AbstractTemplateEngine.java:81)
	at com.baomidou.mybatisplus.generator.AutoGenerator.execute(AutoGenerator.java:102)
	at com.white.userserver.util.mp.CodeGenerator.main(CodeGenerator.java:186)
