[cms] 10:05:45.889 [main] ERROR org.apache.velocity.parser[141] - /templates/controller.java.ftl: Encountered "column" at line 42, column 10.
Was expecting one of:
    "(" ...
    <WHITESPACE> ...
    <NEWLINE> ...
    
[cms] 10:05:45.906 [main] ERROR org.apache.velocity.loader[357] - ResourceManager: parse exception: Encountered "column" at /templates/controller.java.ftl[line 42, column 10]
Was expecting one of:
    "(" ...
    <WHITESPACE> ...
    <NEWLINE> ...
    
[cms] 10:05:45.913 [main] ERROR com.baomidou.mybatisplus.generator.engine.AbstractTemplateEngine[131] - 无法创建文件，请检查配置信息！
org.apache.velocity.exception.ParseErrorException: Encountered "column" at /templates/controller.java.ftl[line 42, column 10]
Was expecting one of:
    "(" ...
    <WHITESPACE> ...
    <NEWLINE> ...
    
	at org.apache.velocity.Template.process(Template.java:155)
	at org.apache.velocity.runtime.resource.ResourceManagerImpl.loadResource(ResourceManagerImpl.java:426)
	at org.apache.velocity.runtime.resource.ResourceManagerImpl.getResource(ResourceManagerImpl.java:343)
	at org.apache.velocity.runtime.RuntimeInstance.getTemplate(RuntimeInstance.java:1554)
	at org.apache.velocity.app.VelocityEngine.getTemplate(VelocityEngine.java:320)
	at com.baomidou.mybatisplus.generator.engine.VelocityTemplateEngine.writer(VelocityTemplateEngine.java:65)
	at com.baomidou.mybatisplus.generator.engine.AbstractTemplateEngine.batchOutput(AbstractTemplateEngine.java:81)
	at com.baomidou.mybatisplus.generator.AutoGenerator.execute(AutoGenerator.java:102)
	at com.white.userserver.util.mp.CodeGenerator.main(CodeGenerator.java:186)
[cms] 10:10:43.798 [main] ERROR org.apache.velocity.parser[141] - /templates/controller.java.ftl: Encountered "column11" at line 42, column 10.
Was expecting one of:
    "(" ...
    <WHITESPACE> ...
    <NEWLINE> ...
    
[cms] 10:10:43.814 [main] ERROR org.apache.velocity.loader[357] - ResourceManager: parse exception: Encountered "column11" at /templates/controller.java.ftl[line 42, column 10]
Was expecting one of:
    "(" ...
    <WHITESPACE> ...
    <NEWLINE> ...
    
[cms] 10:10:43.821 [main] ERROR com.baomidou.mybatisplus.generator.engine.AbstractTemplateEngine[131] - 无法创建文件，请检查配置信息！
org.apache.velocity.exception.ParseErrorException: Encountered "column11" at /templates/controller.java.ftl[line 42, column 10]
Was expecting one of:
    "(" ...
    <WHITESPACE> ...
    <NEWLINE> ...
    
	at org.apache.velocity.Template.process(Template.java:155)
	at org.apache.velocity.runtime.resource.ResourceManagerImpl.loadResource(ResourceManagerImpl.java:426)
	at org.apache.velocity.runtime.resource.ResourceManagerImpl.getResource(ResourceManagerImpl.java:343)
	at org.apache.velocity.runtime.RuntimeInstance.getTemplate(RuntimeInstance.java:1554)
	at org.apache.velocity.app.VelocityEngine.getTemplate(VelocityEngine.java:320)
	at com.baomidou.mybatisplus.generator.engine.VelocityTemplateEngine.writer(VelocityTemplateEngine.java:65)
	at com.baomidou.mybatisplus.generator.engine.AbstractTemplateEngine.batchOutput(AbstractTemplateEngine.java:81)
	at com.baomidou.mybatisplus.generator.AutoGenerator.execute(AutoGenerator.java:102)
	at com.white.userserver.util.mp.CodeGenerator.main(CodeGenerator.java:186)
